ARM GAS  /var/folders/nz/mg232qzd5vg5_0nfk_8jw8mc0000gn/T//ccrYX68y.s 			page 1


   1              		.syntax unified
   2              		.cpu cortex-m3
   3              		.fpu softvfp
   4              		.eabi_attribute 20, 1
   5              		.eabi_attribute 21, 1
   6              		.eabi_attribute 23, 3
   7              		.eabi_attribute 24, 1
   8              		.eabi_attribute 25, 1
   9              		.eabi_attribute 26, 1
  10              		.eabi_attribute 30, 2
  11              		.eabi_attribute 34, 1
  12              		.eabi_attribute 18, 4
  13              		.thumb
  14              		.file	"board.c"
  15              		.text
  16              	.Ltext0:
  17              		.section	.gnu.lto_.profile.a111e0e55486a46d,"",%progbits
  18 0000 789C6366 		.ascii	"x\234cf```a\200\000F\006>f\000\000\223\000\032"
  18      60606061 
  18      80004606 
  18      3E660000 
  18      93001A
  19              		.text
  20              		.section	.gnu.lto_.jmpfuncs.a111e0e55486a46d,"",%progbits
  21 0000 789C6366 		.ascii	"x\234cf\300\0168\2414\023\210`\004b\000\001S\000\020"
  21      C00E38A1 
  21      34138860 
  21      04620001 
  21      530010
  22              		.text
  23              		.section	.gnu.lto_.inline.a111e0e55486a46d,"",%progbits
  24 0000 789C6366 		.ascii	"x\234cf\300\016\264\2414\023\003\003\013\017#\210b`"
  24      C00EB4A1 
  24      34130303 
  24      0B0F2388 
  24      6260
  25 0012 5B200FA2 		.ascii	"[ \017\242\030\030\271@\004\0033\023\2520\003\000,\231"
  25      1818B940 
  25      04033313 
  25      AA300300 
  25      2C99
  26 0024 01E6     		.ascii	"\001\346"
  27              		.text
  28              		.section	.gnu.lto_.pureconst.a111e0e55486a46d,"",%progbits
  29 0000 789C6366 		.ascii	"x\234cf```e\200\000&\006\011F\006\000\000\331\000$"
  29      60606065 
  29      80002606 
  29      09460600 
  29      00D90024 
  30              		.text
  31              		.section	.gnu.lto___early_init.a111e0e55486a46d,"",%progbits
  32 0000 789C6366 		.ascii	"x\234cf\300\004R@\274\020\210M\200\230\221\231\201\221"
  32      C0045240 
  32      BC10884D 
  32      80989199 
  32      8191
  33 0012 69C23906 		.ascii	"i\3029\006\206F\016&FF\020\203\201\221\241\236\211\261"
ARM GAS  /var/folders/nz/mg232qzd5vg5_0nfk_8jw8mc0000gn/T//ccrYX68y.s 			page 2


  33      86460E26 
  33      46461083 
  33      8191A19E 
  33      89B1
  34 0024 9EF125D3 		.ascii	"\236\361%\323G&\306\011\007V\317\340V_\332\320\320\360"
  34      4726C609 
  34      0756CFE0 
  34      565FDAD0 
  34      D0F0
  35 0036 A1E97463 		.ascii	"\241\351tc\300\001\306\237L\014\014\237\231 \3460.g"
  35      C001C69F 
  35      4C0C0C9F 
  35      9920E630 
  35      2E67
  36 0048 5467002A 		.ascii	"Tg\000*\372\330\362\367:7[\013P\221\000D\216q\005#\033"
  36      FAD8F2F7 
  36      3A375B0B 
  36      50910044 
  36      8E710523 
  37 005d 23905E2F 		.ascii	"#\220^/t\240\341\377\377\307s\366h330<\001\312\200\314"
  37      74A0E1FF 
  37      FFC773F6 
  37      68333330 
  37      3C01CA80 
  38 0072 7FCAC404 		.ascii	"\177\312\304\004\242\231\35706\037\330\312\013R\012"
  38      A299EF30 
  38      361FD8CA 
  38      0B520A
  39 0081 3263DEE5 		.ascii	"2c\336\345\276uL\265\277\033:\0328~21~f\002jg\\\311"
  39      BE754CB5 
  39      BF1B3A1A 
  39      387E3231 
  39      7E66026A 
  40 0098 58CBF013 		.ascii	"X\313\360\023\250\372\036c\343\201\355\254`\225\014"
  40      A8FA1E63 
  40      E381EDAC 
  40      60950C
  41 00a7 20731841 		.ascii	" s\030A\372\201\246\0319gd&e\372\007\353\347\027\353"
  41      FA81A619 
  41      39676426 
  41      65FA07EB 
  41      E717EB
  42 00ba 6724E6E8 		.ascii	"g$\346\350'\345'\026\245\024\353\007\207\370\032\033"
  42      27E52716 
  42      A514EB07 
  42      87F81A1B 
  43 00ca B9191A18 		.ascii	"\271\031\032\030;[\304\373z\372y\372:\372@\244\364\222"
  43      3B5BC4FB 
  43      7AFA79FA 
  43      3AFA40A4 
  43      F492
  44 00dc 1900D500 		.ascii	"\031\000\325\000I\240"
  44      49A0
  45              		.text
  46              		.section	.gnu.lto_boardInit.a111e0e55486a46d,"",%progbits
  47 0000 789C6366 		.ascii	"x\234cf\300\004R@\\\002\304&@\314\310\314\300\3104\341"
  47      C0045240 
ARM GAS  /var/folders/nz/mg232qzd5vg5_0nfk_8jw8mc0000gn/T//ccrYX68y.s 			page 3


  47      5C02C426 
  47      40CCC8CC 
  47      C0C834E1 
  48 0014 1C034323 		.ascii	"\034\003C#\007\023##\210\301\300\310P\317\304X\317\370"
  48      07132323 
  48      88C1C0C8 
  48      50CFC458 
  48      CFF8
  49 0026 92E92313 		.ascii	"\222\351#\023\343\204\003\253gp\253/mhh\370\320t\266"
  49      E38403AB 
  49      6770AB2F 
  49      6D6868F8 
  49      D074B6
  50 0039 31E000E3 		.ascii	"1\340\000\343O&\006\206\317L\020s\030\2273\2523\000"
  50      4F260686 
  50      CF4C1073 
  50      189733AA 
  50      3300
  51 004b 157D6CF9 		.ascii	"\025}l\371{\235\233\255\005\250H\000\"\307\270\202\221"
  51      7B9D9BAD 
  51      05A84800 
  51      22C7B882 
  51      91
  52 005c 8D1148AF 		.ascii	"\215\021H\257\027:\320\360\377\377\342\351st\201\242"
  52      173AD0F0 
  52      FFFFE2E9 
  52      737481A2 
  53 006c 4F801864 		.ascii	"O\200\030d\376S&&\020\315|\217\221\021\244\016d\320"
  53      FE532626 
  53      10CD7C8F 
  53      9111A40E 
  53      64D0
  54 007e 13264690 		.ascii	"\023&F\220\020P\201\221sFfR\246\177\260~~\261~Fb\216"
  54      10508191 
  54      73466652 
  54      A67FB07E 
  54      7EB17E46 
  55 0094 7E527E62 		.ascii	"~R~bQJ\261~p\210\257\261\221\233\241\201\261\263E\274"
  55      514AB17E 
  55      7088AFB1 
  55      919BA181 
  55      B1B345BC 
  56 00a8 AFA79FA7 		.ascii	"\257\247\237\247\257\243\017DJ/\231\001\000\323\011"
  56      AFA30F44 
  56      4A2F9901 
  56      00D309
  57 00b7 38C1     		.ascii	"8\301"
  58              		.text
  59              		.section	.gnu.lto_.symbol_nodes.a111e0e55486a46d,"",%progbits
  60 0000 789C6366 		.ascii	"x\234cf``pa\200\002\246\333\214\365\014\014\023\316"
  60      60607061 
  60      8002A6DB 
  60      8CF50C0C 
  60      13CE
  61 0012 3130D4D7 		.ascii	"10\324\3273\314[\300\301\300t\207\261\236\021Y\200\365"
  61      33CC5BC0 
  61      C1C07487 
ARM GAS  /var/folders/nz/mg232qzd5vg5_0nfk_8jw8mc0000gn/T//ccrYX68y.s 			page 4


  61      B19E1159 
  61      80F5
  62 0024 1623C342 		.ascii	"\026#\303B\246z\006\306\273\214\365L\020\011\206\206"
  62      A67A06C6 
  62      BB8CF54C 
  62      10098686 
  63 0034 060E0666 		.ascii	"\006\016\006f \\\362\340\037#\003\000\243\235\023\030"
  63      205CF2E0 
  63      1F230300 
  63      A39D1318 
  64              		.text
  65              		.section	.gnu.lto_.refs.a111e0e55486a46d,"",%progbits
  66 0000 789C6366 		.ascii	"x\234cf```d\200\002\000\000=\000\005"
  66      60606064 
  66      80020000 
  66      3D0005
  67              		.text
  68              		.section	.gnu.lto_.decls.a111e0e55486a46d,"",%progbits
  69 0000 789CA555 		.ascii	"x\234\245U}LSW\024\177\247\267\264\2456j$Q\343\037\223"
  69      7D4C5357 
  69      147FA7B7 
  69      B4A5366A 
  69      2451E31F 
  70 0015 6146CC22 		.ascii	"aF\314\"<\204\315\270d\331d\270)\011j\023\267\277\374"
  70      3C84CDB8 
  70      64D964B8 
  70      29096A13 
  70      B7BFFC
  71 0028 E359DB2A 		.ascii	"\343Y\333*\315j\313\332\262\350\177WQ\007\316\0150\352"
  71      CD6ACBDA 
  71      B2E87F57 
  71      5107CE0D 
  71      30EA
  72 003a DC9CA30E 		.ascii	"\334\234\243\016\220)\025;es\212\343C\021\353\007\333"
  72      9029153B 
  72      65738AE3 
  72      4311EB07 
  72      DB
  73 004b 7088BA31 		.ascii	"p\210\2721[\021\020\247f\235s\003'\332\235{_?\260\242"
  73      5B1110A7 
  73      669D7303 
  73      27DA9D7B 
  73      5F3FB0A2 
  74 005f FBBAC97D 		.ascii	"\373\272\311}\347\235{\316\371\235s\177\367\274\373"
  74      E79D7BCE 
  74      F99D737F 
  74      F7BCFB
  75 006e 88200865 		.ascii	"\210 \010e8C8&jP\202 \020\324\365Bl0\335\203\263\016"
  75      38433826 
  75      6A508220 
  75      10D4F542 
  75      6C30DD83 
  76 0084 A71727BA 		.ascii	"\247\027'\272\010\327\204\207\207G\210\305\015\340\334"
  76      08D78487 
  76      874788C5 
  76      0DE0DC
  77 0093 135E5784 		.ascii	"\023^W\204m^\341\321Q\027\306\212\344\202\360Z\374\370"
ARM GAS  /var/folders/nz/mg232qzd5vg5_0nfk_8jw8mc0000gn/T//ccrYX68y.s 			page 5


  77      6D5EE1D1 
  77      5117C68A 
  77      E482F05A 
  77      FCF8
  78 00a5 550187EB 		.ascii	"U\001\207\353\356\264\217\031P\300Xm2S\217l\366mW\241"
  78      EEB48F19 
  78      50C0586D 
  78      32538F6C 
  78      F66D57A1 
  79 00b9 AAD32A99 		.ascii	"\252\323*\231\332p\257\247S9i+\305QVD\307+A?\021j`\012"
  79      DA70AFA7 
  79      5339692B 
  79      C5515644 
  79      C72B413F 
  80 00d1 7C065310 		.ascii	"|\006S\020u\017L\302\347\022\245\214t\254\374\366- "
  80      750F4CC2 
  80      E712A58C 
  80      74ACFCF6 
  80      2D20
  81 00e3 0A60EF95 		.ascii	"\012`\357\225\333\257tjg\354\305\260b\332<\004\261t"
  81      DBAF746A 
  81      67ECC5B0 
  81      62DA3C04 
  81      B174
  82 00f5 1BBB6A5E 		.ascii	"\033\273j^J\376\204\272\275\301:\357%\035\365\321\346"
  82      4AFE84BA 
  82      BDC13AEF 
  82      251DF5D1 
  82      E6
  83 0106 50E8658E 		.ascii	"P\350e\216\004{\201@-\314\340\365\342\273\\\270\007"
  83      047B8140 
  83      2DCCE0F5 
  83      E2BB5CB8 
  83      07
  84 0117 92316A6F 		.ascii	"\2221joE\351y5\311\345\320\236;\215\207\325\010\341"
  84      45E97935 
  84      C9E5D09E 
  84      3B8D87D5 
  84      08E1
  85 0129 F5BA070E 		.ascii	"\365\272\007\016\3209\353\350p(D8\300\276\021\000\373"
  85      D039EBE8 
  85      70284438 
  85      C0BE1100 
  85      FB
  86 013a 2200751C 		.ascii	"\"\000u\034\240\246\246k_\002Y\314\001\256\027\005\202"
  86      A0A6A66B 
  86      5F0259CC 
  86      01AE1705 
  86      82
  87 014b 2A0408D0 		.ascii	"*\004\010\320\340\331\2537\262\313\213\312\252h \024"
  87      E0D9AB37 
  87      B2CB8BCA 
  87      AA682014 
  88 015b 9A2A57B1 		.ascii	"\232*W\261\177\004\310\376\010\210\227\203|\3205\330"
  88      7F04C8FE 
  88      08889783 
  88      7CD035D8 
ARM GAS  /var/folders/nz/mg232qzd5vg5_0nfk_8jw8mc0000gn/T//ccrYX68y.s 			page 6


  89 016b 4F385501 		.ascii	"O8U\001\302\200\206\350\220O\303\271z\221\251\336\246"
  89      C28086E8 
  89      904FC3B9 
  89      7A91A9DE 
  89      A6
  90 017c DA92446E 		.ascii	"\332\222Dn^\312\324\301\365\301\022-\267\352\230\352"
  90      5ECAD4C1 
  90      F5C1122D 
  90      B7EA98EA 
  91 018c 6F6CE857 		.ascii	"ol\350W\221-\300Khj\034j\323\222\032Y\331T\0348\245"
  91      912DC04B 
  91      686A1C6A 
  91      D3921A59 
  91      D9541C38 
  92 01a1 255E5959 		.ascii	"%^YY\263\273a\223\032\243\236\326r\272\374;\356V%r\225"
  92      B3BB6193 
  92      1AA39ED6 
  92      72BAFC3B 
  92      EE562572 
  93 01b6 B5D1385C 		.ascii	"\265\3218\\R\370\372i\345XH\325V!\271\301{\325=\363"
  93      52F8FA69 
  93      E55848D5 
  93      5621B9C1 
  93      7BD53DF3 
  94 01ca 8BE81C68 		.ascii	"\213\350\034h\000-\034\212V\316\243\331(\246t-;\270"
  94      002D1C8A 
  94      56CEA3D9 
  94      28A6742D 
  94      3BB8
  95 01dc 44DF5821 		.ascii	"D\337X!znp\004R\321\203\373\302W\270x\030\027\021\370"
  95      7A6E7004 
  95      52D183FB 
  95      C257B878 
  95      181711F8 
  96 01f0 C470E3BA 		.ascii	"\304p\343\272\004\320\246\216\036\364\365(A\274\204"
  96      04D0A68E 
  96      1EF4F528 
  96      41BC84
  97 01ff FD259B27 		.ascii	"\375%\233'R\252\204\243X\302\227\261\022\260\242\350"
  97      52AA84A3 
  97      58C297B1 
  97      12B0A2E8 
  98 020f A1D7BB3D 		.ascii	"\241\327\273='\011c\216)\277\027\225\372U\344\246\254"
  98      2709638E 
  98      29BF1795 
  98      FA55E4A6 
  98      AC
  99 0220 FC36D882 		.ascii	"\3746\330\202\347\022\224\225\252\255\333<\011\2341"
  99      E7129495 
  99      AAADDB3C 
  99      099C31
 100 022f 0DAA0937 		.ascii	"\015\252\0117z\336\351\325BJRJJ\252\033K\012\336<\363"
 100      7ADEE9D5 
 100      424A524A 
 100      4AAA1B4B 
 100      0ADE3CF3 
 101 0243 C7FCCD45 		.ascii	"\307\374\315E\264j2O\325\210\251\216CR\254\300\351\254"
ARM GAS  /var/folders/nz/mg232qzd5vg5_0nfk_8jw8mc0000gn/T//ccrYX68y.s 			page 7


 101      B46A324F 
 101      D588A98E 
 101      4352ACC0 
 101      E9AC
 102 0255 239FC587 		.ascii	"#\237\305\207P\316\333\225\3229.\001\016\242\271\236"
 102      50CEDB95 
 102      D2392E01 
 102      0EA2B99E 
 103 0265 372B73C6 		.ascii	"7+s\306\332\240\0157r\014R\340\004\316VH\34152|\367"
 103      DAA00D37 
 103      720C52E0 
 103      04CE5648 
 103      E135327C 
 104 027a E54A952F 		.ascii	"\345J\225/\203c7\307c\267@\024\234\273vG]\233F-\243"
 104      836337C7 
 104      63B74014 
 104      9CBB7647 
 104      5D9B462D 
 105 028f 86F9737A 		.ascii	"\206\371sz\002\027+U\024\230\213\020i\253\010-\212\015"
 105      02172B55 
 105      14988B10 
 105      69AB082D 
 105      8A0D
 106 02a1 15EDB50A 		.ascii	"\025\355\265\012HM\342~~\243\006|\010\364E\214B\026"
 106      484DE27E 
 106      7EA3067C 
 106      08F4458C 
 106      4216
 107 02b3 C4C7681B 		.ascii	"\304\307h\033\202\223\270\217'\355\011\011=\177\277"
 107      8293B88F 
 107      27ED0909 
 107      3D7FBF
 108 02c2 FD29524D 		.ascii	"\375)RM8\271\201\373e\365\011\304#+[N\227/%\007\345"
 108      38B981FB 
 108      65F509C4 
 108      232B5B4E 
 108      972F2507 
 109 02d7 F70F07CF 		.ascii	"\367\017\007\317\266\215\343\254O\346\237\227\247l\233"
 109      B68DE3AC 
 109      4FE69F97 
 109      A76C9B
 110 02e6 9A1C916D 		.ascii	"\232\034\221m\221\313A'_\016\327\233\256\037\035CZd"
 110      91CB4127 
 110      5F0ED79B 
 110      AE1F1D43 
 110      5A64
 111 02f8 9B7FD07F 		.ascii	"\233\177\320\177L\315m\031\250\252\037\370K\327\003"
 111      4CCD6D19 
 111      A8AA1FF8 
 111      4BD703
 112 0307 E061E148 		.ascii	"\340a\341H\035Y\360\347X\360\001\316_G\270\332\013X"
 112      1D59F0E7 
 112      58F001CE 
 112      5F47B8DA 
 112      0B58
 113 0319 6D17567A 		.ascii	"m\027Vz\016\347\3678;q\236\217\235\004\015\014W.\244"
 113      0EE7F738 
ARM GAS  /var/folders/nz/mg232qzd5vg5_0nfk_8jw8mc0000gn/T//ccrYX68y.s 			page 8


 113      3B719E8F 
 113      9D040D0C 
 113      572EA4
 114 032c C82FA3E3 		.ascii	"\310/\243\3434\322\301\342\242\333\226\217B&\2309\273"
 114      34D2C1E2 
 114      A2DB968F 
 114      42269839 
 114      BB
 115 033d 1F4C0BBB 		.ascii	"\037L\013\273\236\211w=\373\320\251Qw\3613a\317\366"
 115      9E89773D 
 115      FBD0A951 
 115      77F13361 
 115      CFF6
 116 034f 78CF6FE2 		.ascii	"x\317o\342A\337\215\270~\033\357\372]\034\350\237\221"
 116      41DF8DB8 
 116      7E1BEFFA 
 116      5D1CE89F 
 116      91
 117 0360 F4A7E23D 		.ascii	"\364\247\342=c\015\311\017x\2107B\307(\215\000\273\356"
 117      630DC90F 
 117      78883742 
 117      C7288D00 
 117      BBEE
 118 0372 780EA989 		.ascii	"x\016\251\211\217\363\252\010uwt\022H\032\225C\370\001"
 118      8FF3AA08 
 118      75777412 
 118      481A9543 
 118      F801
 119 0384 A9FB2734 		.ascii	"\251\373'4\362\214;\315\032\270\204\316\027c-\325\021"
 119      F28C3BCD 
 119      1AB884CE 
 119      17632DD5 
 119      11
 120 0395 6929CCBA 		.ascii	"i)\314\272nWIcbR8\215\373qi\204\307\346@\210\013\327"
 120      6E574963 
 120      6252388D 
 120      FB716984 
 120      C7E64088 
 121 03ab 7A2B0839 		.ascii	"z+\0109'7\304\311\341[\037+\247\366\221\235T\303\215"
 121      2737C4C9 
 121      E15B1F2B 
 121      A7F6919D 
 121      54C38D
 122 03be A5E5CD07 		.ascii	"\245\345\315\007\225\374\356*.\377\264\225}\322\020"
 122      95FCEE2A 
 122      2EFFB495 
 122      7DD210
 123 03cd DAF1F35D 		.ascii	"\332\361\363]\315\254zZ\354\236\3149c=\213\027\011\357"
 123      CDAC7A5A 
 123      EC9ECC39 
 123      633D8B17 
 123      09EF
 124 03df DBCB285B 		.ascii	"\333\313([e\371/]w\036\017\315\016\347\351i\341y\336"
 124      65F92F5D 
 124      771E0FCD 
 124      0EE7E969 
 124      E179DE
ARM GAS  /var/folders/nz/mg232qzd5vg5_0nfk_8jw8mc0000gn/T//ccrYX68y.s 			page 9


 125 03f2 EF7BEF23 		.ascii	"\357{\357#\325\337\004_\221\203k\253\273\373\344\013"
 125      D5DF045F 
 125      91836BAB 
 125      BBFBE40B 
 126 0402 B7B52C5C 		.ascii	"\267\265,\\\345/\301\312\3221\217\211\276\372\237\253"
 126      E52FC1CA 
 126      D2318F89 
 126      BEFA9FAB 
 127 0412 6C3BB7A1 		.ascii	"l;\267\241Ov\235\016?\242+\243\325\017\2638\265\001"
 127      4F769D0E 
 127      3FA22BA3 
 127      D50FB338 
 127      B501
 128 0424 948CDE1E 		.ascii	"\224\214\336\036\224\214\342^\224H3\364\301,\376\035"
 128      948CE25E 
 128      944833F4 
 128      C12CFE1D 
 129 0434 57F496C0 		.ascii	"W\364\226\300\264]\324\353\016\326\335\256\2025\324"
 129      B45DD4EB 
 129      0ED6DDAE 
 129      8235D4
 130 0443 BD9652FC 		.ascii	"\275\226R\374o\002\007\352\226\217w\304\207\306V~\002"
 130      6F0207EA 
 130      968F77C4 
 130      87C6567E 
 130      02
 131 0454 FCA1F563 		.ascii	"\374\241\365c<\\\203i\210qy{\363F\245nc\354n\347\177"
 131      3C5C8369 
 131      8871797B 
 131      F346A56E 
 131      63EC6EE7 
 132 0469 BBD8BF7C 		.ascii	"\273\330\277|\000t\374W\307\244N\222\314\006\207u\265"
 132      0074FC57 
 132      C7A44E92 
 132      CC068775 
 132      B5
 133 047a 64B1595C 		.ascii	"d\261Y\\\252y\013\337H\316\0212s\362-\313,\213\026\213"
 133      AA790BDF 
 133      48CE1132 
 133      73F22DCB 
 133      2C8B168B 
 134 048e 76A7986F 		.ascii	"v\247\230o\260\212\313\354\006\207\311).~}AV\346k33"
 134      B08ACBEC 
 134      0687C929 
 134      2E7E7D41 
 134      56E66B33 
 135 04a3 B272664B 		.ascii	"\262rfK\013r\027\346.\310\316\223M\351F!\221\277\344"
 135      0B7217E6 
 135      2EC8CE93 
 135      4DE94621 
 135      91BFE4
 136 04b6 22C678A7 		.ascii	"\"\306x\247keV\246d\264\332\215orP1\016\255\300\356"
 136      6B6556A6 
 136      64B4DA8D 
 136      6F725031 
 136      0EADC0EE 
 137 04ca 7085C122 		.ascii	"p\205\301\"\220\253V1\213d\265\232\322\363\205\0112"
ARM GAS  /var/folders/nz/mg232qzd5vg5_0nfk_8jw8mc0000gn/T//ccrYX68y.s 			page 10


 137      90AB5631 
 137      8B64B59A 
 137      D2F38509 
 137      32
 138 04db C08A028B 		.ascii	"\300\212\002\213]r\232]\205\005\222KSh\261\271p\315"
 138      5D729A5D 
 138      8505924B 
 138      5368B1B9 
 138      70CD
 139 04ed A595A4C8 		.ascii	"\245\225\244\310\353\022\261\320\351\0201\013B\332\013"
 139      EB12B1D0 
 139      E910310B 
 139      42DA0B
 140 04fc 5CE20AA3 		.ascii	"\\\342\012\2431\315\340X\231f\263\333\314if\3032K\332"
 140      31CDE058 
 140      9966B3DB 
 140      CC6966C3 
 140      324BDA
 141 050f 73D20B69 		.ascii	"s\322\013i\231\0313\237\177+K|\310 ZlFk\241\311,\256"
 141      9919339F 
 141      7F2B4B7C 
 141      C8205A6C 
 141      466BA1C9 
 142 0525 3418F32D 		.ascii	"4\030\363-6\263(\231\314\313\015\205V\227\344Z]`vb\011"
 142      36B32899 
 142      CCCB0D85 
 142      5697E45A 
 142      5D607662 
 143 053a FAFF8FED 		.ascii	"\372\377\217\355\\\355\024%\247\313\204\325\" \261\233"
 143      5CED1425 
 143      A7CB84D5 
 143      2220B19B 
 144 054a 1CC4E8B0 		.ascii	"\034\304\350\260\342\314\317x\002\037yys\305y\372\334"
 144      E2CCCF78 
 144      021F7979 
 144      73C579FA 
 144      DC
 145 055b 456FCF14 		.ascii	"Eo\317\024\013\242\204\250\364\331s\015.\203J\377\212"
 145      0BA284A8 
 145      F4D9730D 
 145      2E834AFF 
 145      8A
 146 056c 2C726431 		.ascii	",rd1W\026\2572\221\250\317\316\313\261\333\226[VL`q"
 146      5716AF32 
 146      91A8CFCE 
 146      CBB1DB96 
 146      5B564C60 
 147 0581 91FD18F9 		.ascii	"\221\375\030\371\322\224t\207\335\204N\351\217\232\376"
 147      D2947487 
 147      DD844EE9 
 147      8F9AFE
 148 0590 02C7A122 		.ascii	"\002\307\241\"\360"
 148      F0
 149              		.text
 150              		.section	.gnu.lto_.symtab.a111e0e55486a46d,"",%progbits
 151 0000 5F5F6561 		.ascii	"__early_init\000\000\000\000\000\000\000\000\000\000"
 151      726C795F 
ARM GAS  /var/folders/nz/mg232qzd5vg5_0nfk_8jw8mc0000gn/T//ccrYX68y.s 			page 11


 151      696E6974 
 151      00000000 
 151      00000000 
 152 0016 0000AC00 		.ascii	"\000\000\254\000\000\000boardInit\000\000\000\000\000"
 152      0000626F 
 152      61726449 
 152      6E697400 
 152      00000000 
 153 002a 00000000 		.ascii	"\000\000\000\000\000\000\000\256\000\000\000pal_def"
 153      000000AE 
 153      00000070 
 153      616C5F64 
 153      6566
 154 003c 61756C74 		.ascii	"ault_config\000\000\000\000\000\000\000\000\000\000"
 154      5F636F6E 
 154      66696700 
 154      00000000 
 154      00000000 
 155 0051 0000E700 		.ascii	"\000\000\347\000\000\000stm32_clock_init\000\000\002"
 155      00007374 
 155      6D33325F 
 155      636C6F63 
 155      6B5F696E 
 156 006a 00000000 		.ascii	"\000\000\000\000\000\000\000\000\000\260\000\000\000"
 156      00000000 
 156      00B00000 
 156      00
 157              		.text
 158              		.section	.gnu.lto_.opts,"",%progbits
 159 0000 272D666E 		.ascii	"'-fno-trapv' '-mcpu=cortex-m3' '-mno-thumb-interwor"
 159      6F2D7472 
 159      61707627 
 159      20272D6D 
 159      6370753D 
 160 0033 6B272027 		.ascii	"k' '-mthumb' '-ggdb' '-O2' '-fomit-frame-pointer' '"
 160      2D6D7468 
 160      756D6227 
 160      20272D67 
 160      67646227 
 161 0066 2D66616C 		.ascii	"-falign-functions=16' '-ffunction-sections' '-fdata"
 161      69676E2D 
 161      66756E63 
 161      74696F6E 
 161      733D3136 
 162 0099 2D736563 		.ascii	"-sections' '-fno-common' '-flto'\000"
 162      74696F6E 
 162      73272027 
 162      2D666E6F 
 162      2D636F6D 
 163              		.text
 164              		.comm	__gnu_lto_v1,1,1
 165              		.comm	__gnu_lto_slim,1,1
 166              		.ident	"GCC: (GNU Tools for ARM Embedded Processors) 4.9.3 20150529 (release) [ARM/embedded-4_9-br
ARM GAS  /var/folders/nz/mg232qzd5vg5_0nfk_8jw8mc0000gn/T//ccrYX68y.s 			page 12


DEFINED SYMBOLS
                            *ABS*:0000000000000000 board.c
                            *COM*:0000000000000001 __gnu_lto_v1
                            *COM*:0000000000000001 __gnu_lto_slim

NO UNDEFINED SYMBOLS
