ARM GAS  /var/folders/nz/mg232qzd5vg5_0nfk_8jw8mc0000gn/T//cc1JaPle.s 			page 1


   1              		.syntax unified
   2              		.cpu cortex-m3
   3              		.fpu softvfp
   4              		.eabi_attribute 20, 1
   5              		.eabi_attribute 21, 1
   6              		.eabi_attribute 23, 3
   7              		.eabi_attribute 24, 1
   8              		.eabi_attribute 25, 1
   9              		.eabi_attribute 26, 1
  10              		.eabi_attribute 30, 2
  11              		.eabi_attribute 34, 1
  12              		.eabi_attribute 18, 4
  13              		.thumb
  14              		.file	"chcore_v7m.c"
  15              		.text
  16              	.Ltext0:
  17              		.section	.gnu.lto_.profile.cbdf1bc94e14513,"",%progbits
  18 0000 789C6366 		.ascii	"x\234cf```a\200\000F\006C\031\000\000\362\000V"
  18      60606061 
  18      80004606 
  18      43190000 
  18      F20056
  19              		.text
  20              		.section	.gnu.lto_.jmpfuncs.cbdf1bc94e14513,"",%progbits
  21 0000 789C6366 		.ascii	"x\234cf\300\016x\24143\214`\001b\000\002\024\000\033"
  21      C00E78A1 
  21      34338C60 
  21      01620002 
  21      14001B
  22              		.text
  23              		.section	.gnu.lto_.inline.cbdf1bc94e14513,"",%progbits
  24 0000 789C6366 		.ascii	"x\234cf\300\016\334\24043\003\003\277\030#\003\223\310"
  24      C00EDCA0 
  24      34330303 
  24      BF182303 
  24      93C8
  25 0012 851E4606 		.ascii	"\205\036F\006\266\005\362L A&n\260\014\0277P\202gN$"
  25      B605F24C 
  25      2041266E 
  25      B00C1737 
  25      5082674E 
  26 0027 5C9C910B 		.ascii	"\\\234\221\013H\2600pr\200\304\037\304\302\305\031\000"
  26      48B03070 
  26      7280C41F 
  26      C4C2C519 
  26      00
  27 0038 005306D0 		.ascii	"\000S\006\320"
  28              		.text
  29              		.section	.gnu.lto_.pureconst.cbdf1bc94e14513,"",%progbits
  30 0000 789C6366 		.ascii	"x\234cf```g\200\000f\006+f+\026+\000\002\350\000\303"
  30      60606067 
  30      80006606 
  30      2B662B16 
  30      2B0002E8 
  31              		.text
  32              		.section	.gnu.lto__port_irq_epilogue.part.0.cbdf1bc94e14513,"",%progbits
  33 0000 789C9D54 		.ascii	"x\234\235T\337oSU\034?\337s\356\275-m\267\031\037\014"
ARM GAS  /var/folders/nz/mg232qzd5vg5_0nfk_8jw8mc0000gn/T//cc1JaPle.s 			page 2


  33      DF6F5355 
  33      1C3FDF73 
  33      EEBD2D6D 
  33      B7191F0C 
  34 0014 E243972C 		.ascii	"\342C\227,d1\031\\\302\213/\032c\026M|h \353\037`\344"
  34      6431195C 
  34      C28B2F1A 
  34      63164D7C 
  34      6820EB1F 
  35 002a 5AB346B6 		.ascii	"Z\263F\2666mg\366 \341\264+n\030\035\277\024f\314t\272"
  35      366D67F6 
  35      20E1B42B 
  35      6E181DBF 
  35      1466CC74 
  36 003f 10DDAA5B 		.ascii	"\020\335\252[A\005\006\350\252l2\207T\011\331\030\214"
  36      410506E8 
  36      AA6C3287 
  36      5409D918 
  36      8C
  37 0050 6D75D914 		.ascii	"mu\331\024\023\320\301\024v%\243~\277\247\2059\330\203"
  37      13D0C114 
  37      7625A37E 
  37      BFA78539 
  37      D883
  38 0062 B149CFB9 		.ascii	"\261I\317\271\347{\276\237\363\375\234\317\347{\257"
  38      E77BBE9F 
  38      F3FD9CCF 
  38      E77BAF
  39 0071 600FFE9E 		.ascii	"`\017\376\236\305\377\006\235\261N\234\301\301\300\330"
  39      C5FF069D 
  39      B14E9CC1 
  39      C1C0D8
  40 0080 9DC50703 		.ascii	"\235\305\007\003\270\2329\027-\225L\2724\032=\002t\212"
  40      B89A3917 
  40      2D954CBA 
  40      341A3D02 
  40      748A
  41 0092 C69DDADD 		.ascii	"\306\235\332\335\007\035\200\036\030\260\355\006\027"
  41      071D801E 
  41      18B0ED06 
  41      17
  42 009f 9A0EDBE1 		.ascii	"\232\016\333\3417~\235\303\356L\252\315]yPJ9\367Q\377"
  42      377E9DC3 
  42      EE4CAACD 
  42      5D79504A 
  42      39F751FF 
  43 00b3 EA1DAB6D 		.ascii	"\352\035\253m\316\330</T\204\217\241\222a\316\365\344"
  43      CED83C2F 
  43      54848FA1 
  43      9261CEF5 
  43      E4
  44 00c4 E205B791 		.ascii	"\342\005\267\221\304\234\207\012{\360\011\326eL\340"
  44      C49C870A 
  44      7BF009D6 
  44      654CE0
  45 00d3 5ED7E5BF 		.ascii	"^\327\345\2772\245\302\004\312\353\353\371\363\254\373"
  45      32A5C204 
ARM GAS  /var/folders/nz/mg232qzd5vg5_0nfk_8jw8mc0000gn/T//cc1JaPle.s 			page 3


  45      CAEBEBF9 
  45      F3ACFB
  46 00e2 0AB73994 		.ascii	"\012\2679\224\323\362\370\336\2416\203\226\\\243\345"
  46      D3F2F8DE 
  46      A1368396 
  46      5CA3E5
  47 00f1 CF37FEB8 		.ascii	"\3177\376\270\006\025\037J\231\230\373\375\330\370#"
  47      06151F4A 
  47      9998FBFD 
  47      D8F823
  48 0100 EFCA8EC4 		.ascii	"\357\312\216\304\036\231\317?\0156\027\320\005\002O"
  48      1E99CF3F 
  48      0D3617D0 
  48      05024F
  49 010f 866E5803 		.ascii	"\206nX\003)XS\2741|\012\025\010\374%\365v\263N\3007"
  49      295853BC 
  49      317C0A15 
  49      08FC25F5 
  49      76B34EC0 
  50 0124 90E29867 		.ascii	"\220\342\230g\307\220L\346\362y/\302\330\012\230\317"
  50      C7904CE6 
  50      F2792FC2 
  50      D80A98CF 
  51 0134 1466FFC8 		.ascii	"\024f\377\310Y\247\010*Vo]\230\316\225\251\272\271;"
  51      59A7082A 
  51      566F5D98 
  51      CE95A9BA 
  51      B93B
  52 0146 9D598FBC 		.ascii	"\235Y\217\274\007\327\240g\305\252\275P\321\373\260"
  52      07D7A067 
  52      C5AABD50 
  52      D1FBB0
  53 0155 446ABF66 		.ascii	"Dj\277f\327z@\261\340**\324\2501\233\353:\016\006c3"
  53      D77A40B1 
  53      E02A2AD4 
  53      A8319BEB 
  53      3A0E0663 
  54 016a A806C93A 		.ascii	"\250\006\311:\203\013\234\305,\347j\036\207\370\364"
  54      830B9CC5 
  54      2CE76A1E 
  54      87F8F4
  55 0179 847D442C 		.ascii	"\204}D,\027\217\320J;\266\\\325\334`\3479\215A\032\214"
  55      178FD04A 
  55      3BB65CD5 
  55      DC60E739 
  55      8D411A8C 
  56 018d 790EF709 		.ascii	"y\016\367\011N\325\031\034\"\014\034\306\021e\257\307"
  56      4ED5191C 
  56      220C1CC6 
  56      1165AFC7 
  57 019d 8C7D2777 		.ascii	"\214}'w\365\227y_k\227m\3456w\020\346\352\302\371\001"
  57      F597795F 
  57      6B976DE5 
  57      367710E6 
  57      EAC2F901 
  58 01b1 87867CE0 		.ascii	"\207\206|\340s\360\252\002\037\244\245\355\306\010|"
  58      73F0AA02 
ARM GAS  /var/folders/nz/mg232qzd5vg5_0nfk_8jw8mc0000gn/T//cc1JaPle.s 			page 4


  58      1FA4A5ED 
  58      C6087C
  59 01c0 01DA2D3C 		.ascii	"\001\332-<\230\301\227\240\261QH\344\210\032\235F\207"
  59      98C197A0 
  59      B15148E4 
  59      881A9D46 
  59      87
  60 01d1 D3CE2548 		.ascii	"\323\316%H\2145\037h\0354\210\303-\316)6\012\234V\304"
  60      8C351F68 
  60      1D3488C3 
  60      2DCE2936 
  60      0A9C56C4 
  61 01e5 192398D2 		.ascii	"\031#\230\322\324\366\372h\327\306B\206\300\020V\270"
  61      D4F6FA68 
  61      D7C64286 
  61      C01056B8 
  62 01f5 B2736861 		.ascii	"\262sha\225r\030\025\315\22718\202*.\003\012:{n.\233"
  62      95721815 
  62      CD973138 
  62      822A2E03 
  62      0A3A7B6E 
  63 020b D0298690 		.ascii	"\320)\206\220Kc}\213\016\202h\005\010\265P\357\236\264"
  63      4B637D8B 
  63      0E826805 
  63      08B550EF 
  63      9EB4
  64 021d 6887F7E2 		.ascii	"h\207\367\342R:m\356\304\243\341(\271AW\030\331\277"
  64      523A6DEE 
  64      C4A3E128 
  64      B9415718 
  64      D9BF
  65 022f 58B22E85 		.ascii	"X\262.\205Bd\036\265\371*8\006\355pCu'\364\301:L\330"
  65      42641EB5 
  65      F92A3806 
  65      ED704375 
  65      27F4C13A 
  66 0245 DB77F14D 		.ascii	"\333w\361M\027\035\347\302\034'\203\343\010\304\212"
  66      171DE7C2 
  66      1C2783E3 
  66      08C48A
  67 0254 93CD93DD 		.ascii	"\223\315\223\335\256\002U\215H\0249!\240\365t|X\023"
  67      AE02558D 
  67      48143921 
  67      A0F5747C 
  67      5813
  68 0266 1294CE13 		.ascii	"\022\224\316\023?$\203\205\316\370\373T \223\354\220"
  68      3F248385 
  68      CEF8FB54 
  68      2093EC90 
  69 0276 77F279D5 		.ascii	"w\362y\325\216'Vl\214\223t#\215\215Cbz\342\332\321\345"
  69      8E27566C 
  69      8C937423 
  69      8D8D4362 
  69      7AE2DAD1 
  70 028b E6E666BB 		.ascii	"\346\346f\273\037\247\204\242\215\374\376\367\006\276"
  70      1FA784A2 
  70      8DFCFEF7 
ARM GAS  /var/folders/nz/mg232qzd5vg5_0nfk_8jw8mc0000gn/T//cc1JaPle.s 			page 5


  70      06BE
  71 0299 52167E4D 		.ascii	"R\026~M/\016\260]\200\333SW\027\366\011o;\024Lt\023"
  71      2F0EB05D 
  71      80DB5357 
  71      17F6096F 
  71      3B144C74 
  72 02ae E29DF1DB 		.ascii	"\342\235\361\333q\2272\261\377\256\211?\245w\352db\206"
  72      719732B1 
  72      FFAE893F 
  72      A577EA64 
  72      6286
  73 02c0 4CD470E7 		.ascii	"L\324p\347\033\3200\236=4p\330\341\355\200\177u@.}p"
  73      1BD0309E 
  73      3D3470D8 
  73      E1ED807F 
  73      75402E7D 
  74 02d5 1014F85B 		.ascii	"\020\024\370[\002\303)t\37324e\246\206=\005)tLz\377"
  74      02C32974 
  74      FB323465 
  74      A6863D05 
  74      29744C7A 
  75 02ea 7C6B0FDF 		.ascii	"|k\017\337v[\266\220\326\236y\324\206\301\000l\303v"
  75      765BB690 
  75      D69E79D4 
  75      86C1006C 
  75      C376
  76 02fc 2E612390 		.ascii	".a#\220\274\330\264e)wj\346\307sN\022\227\230\017\026"
  76      BCD8B465 
  76      29776AE6 
  76      C7734E12 
  76      97980F16 
  77 0310 75984548 		.ascii	"u\230EHK\245@\221o6gS\233\213\262\3767\017\037#\017"
  77      4BA54091 
  77      6F366753 
  77      9B8BB2FE 
  77      370F1F23 
  78 0325 BF531E02 		.ascii	"\277S\036\002\011zZy\270D)\363\244\315K\347\325-\207"
  78      097A5A79 
  78      B84429F3 
  78      A4CD4BE7 
  78      D52D87
  79 0338 901315D3 		.ascii	"\220\023\025\323\356\025\273\371\177\212}\277Tlx\345"
  79      EE15BBF9 
  79      7F8A7DBF 
  79      546C78E5 
  80 0348 62F84585 		.ascii	"b\370E\2053\305b\272zy'!\2369pF5\014]x\006\341\030F"
  80      33C562BA 
  80      7A792721 
  80      9E397046 
  80      350C5D78 
  81 0360 5DABAA6B 		.ascii	"]\253\252k\203[\202\233\374f(jZ\241\272\272P\275\031"
  81      835B829B 
  81      FC66286A 
  81      5AA1BABA 
  81      50BD19
  82 0373 0E456251 		.ascii	"\016EbQ\363\231\032_\265\257\321\264j\255P$\360\302"
  82      F3991A5F 
ARM GAS  /var/folders/nz/mg232qzd5vg5_0nfk_8jw8mc0000gn/T//cc1JaPle.s 			page 6


  82      B5AFD1B4 
  82      6AAD5024 
  82      F0C2
  83 0385 AB4FD4AD 		.ascii	"\253O\324\255\267\230\021\011D\033\266\3066>\210\011"
  83      B7981109 
  83      441BB6C6 
  83      363E8809 
  84 0395 34C6CC6A 		.ascii	"4\306\314j\237\377y\277\031\254\267\2666\274\0240\025"
  84      9FFF79BF 
  84      19ACB7B6 
  84      36BC1430 
  84      15
  85 03a6 CCAA7BAE 		.ascii	"\314\252{\256\241\336Z_\3134+\326\030.\361\325\370\313"
  85      A1DE5A5F 
  85      CB342BD6 
  85      182EF1D5 
  85      F8CB
  86 03b8 D76EA82A 		.ascii	"\327n\250*\017G\303.&\236\212\260\322X(\274\351\345"
  86      0F47C32E 
  86      269E8AB0 
  86      D25828BC 
  86      E9E5
  87 03ca CD9190E5 		.ascii	"\315\221\220\345\217\275h\275R\342\363\327\320f\025"
  87      8FBD68BD 
  87      52E2F3D7 
  87      D06615
  88 03d9 66B9188F 		.ascii	"f\271\030\2170\021\015\263\177\000\035\"\011,"
  88      30110DB3 
  88      7F001D22 
  88      092C
  89              		.text
  90              		.section	.gnu.lto__port_irq_epilogue.cbdf1bc94e14513,"",%progbits
  91 0000 789C9553 		.ascii	"x\234\225S[OSY\024\336\337>\247\245\224f\206\314\003"
  91      5B4F5359 
  91      14DEDF3E 
  91      A7A59466 
  91      86CC03
  92 0013 31BCD0C4 		.ascii	"1\274\320\304\030\243Q\217\361A^&1\023\022\023\037\210"
  92      18A3518F 
  92      F1415E26 
  92      31131213 
  92      1F88
  93 0025 89FC002F 		.ascii	"\211\374\000/\265\006\022KI\001\203\017\206]Z\306yP"
  93      B506124B 
  93      4901830F 
  93      865D5AC6 
  93      7950
  94 0037 62501435 		.ascii	"bP\0245\210\027\274\242( \216T\024\274\023\242\250\031"
  94      8817BCA2 
  94      28208E54 
  94      14BC13A2 
  94      A819
  95 0049 1C239AA1 		.ascii	"\034#\232\241\"\030\211\230(\365Bc\264\256\265[\215"
  95      22188998 
  95      28F54263 
  95      B4AEB55B 
  95      8D
ARM GAS  /var/folders/nz/mg232qzd5vg5_0nfk_8jw8mc0000gn/T//cc1JaPle.s 			page 7


  96 005a A093CC34 		.ascii	"\240\223\3144\351\331\373\354\365\255\365\255\375\255"
  96      E9D9FBEC 
  96      F5ADF5AD 
  96      FDAD
  97 0068 EF18E2FB 		.ascii	"\357\030\342\373\337\257\364\237k\012\321A+\354\002"
  97      DFAFF49F 
  97      6B0AD141 
  97      2BEC02
  98 0077 725BBF10 		.ascii	"r[\277\020A\207\224\306@\226PN\263+W(\227\001\033\037"
  98      418794C6 
  98      4096504E 
  98      B32B5728 
  98      97011B1F 
  99 008b C34CAE41 		.ascii	"\303L\256A\207\015\340\215\200\250\224\206iC%\306\344"
  99      870DE08D 
  99      80A89486 
  99      694325C6 
  99      E4
 100 009c 6B896D3D 		.ascii	"k\211m=\315\365\031\263\017+\245^\035\354\236Q=#.\205"
 100      CDF519B3 
 100      0F2BA55E 
 100      1DEC9E51 
 100      3D232E85 
 101 00b0 88C92411 		.ascii	"\210\311$\021\216b\266 \314\353\360\307\007\031\366"
 101      8E62B620 
 101      CCEBF0C7 
 101      0719F6
 102 00bf 30613293 		.ascii	"0a2\2231\034\203\035\264\236\376\245G%\022O\033\307"
 102      311C831D 
 102      B49EFEA5 
 102      4725124F 
 102      1BC7
 103 00d1 1F9A0E43 		.ascii	"\037\232\016C\304%L~\0101B &\033\225\222W\343oTer\241"
 103      C4254C7E 
 103      08314220 
 103      261B9592 
 103      57E36F54 
 104 00e8 58B3DA61 		.ascii	"X\263\332a\030\026x\337\331\362\346v\306s\031\227\322"
 104      181678DF 
 104      D9F2E676 
 104      C6731997 
 104      D2
 105 00f9 CDAF91DA 		.ascii	"\315\257\221\332\336z;\277\032&\277\276\0308p\3309\363"
 105      DE7A3BBF 
 105      1A26BFBE 
 105      183870D8 
 105      39F3
 106 010b 805255AF 		.ascii	"\200RU\257^\326>[U\033RM\264M,\311\211K\023\307aP\033"
 106      5ED63E5B 
 106      551B524D 
 106      B44D2CC9 
 106      894B13C7 
 107 0122 38816C34 		.ascii	"8\201l4#;\245\012Nb&%>\331\372\266\035\\\307t\013\234"
 107      233BA50A 
 107      4E622625 
 107      3ED9FAB6 
 107      1D5CC774 
ARM GAS  /var/folders/nz/mg232qzd5vg5_0nfk_8jw8mc0000gn/T//cc1JaPle.s 			page 8


 108 0138 A2E82354 		.ascii	"\242\350#T\015\327m~Vo\237r\221h\270R\337\"&1\365\206"
 108      0DD76D7E 
 108      566F9F72 
 108      9168B852 
 108      DF222631 
 109 014e D1C1B17E 		.ascii	"\321\301\261~\010\264pHN\015\365\264\255c\022\201\323"
 109      08B47048 
 109      4E0DF5B4 
 109      AD631281 
 109      D3
 110 015f 1C34A62B 		.ascii	"\0344\246+\20334\014\201V\226\006\242\016\024\036\032"
 110      8333340C 
 110      81569606 
 110      A20E141E 
 110      1A
 111 0170 9FDC6EE4 		.ascii	"\237\334n\344\034A\203\252w\307\245\2153\352\036}\010"
 111      1C4183AA 
 111      77C7A58D 
 111      33EA1E7D 
 111      08
 112 0181 3A4DD207 		.ascii	":M\322\007m\310\021|\262\247z\327n\027\235\240\235\206"
 112      6DC8117C 
 112      B2A77AD7 
 112      6E179DA0 
 112      9D86
 113 0193 C51D0B9C 		.ascii	"\305\035\013\234\205I\201\276\315\373\337\2319\307S"
 113      854981BE 
 113      CDFBDF99 
 113      39C753
 114 01a2 D976C6DE 		.ascii	"\331v\306\336\035\277\021I\327\331\035\234\215s\244"
 114      1DBF1149 
 114      D7D91D9C 
 114      8D73A4
 115 01b1 F820AE9C 		.ascii	"\370 \256\234\353\034k\\\314\327y/\015\026o\242f\310"
 115      EB1C6B5C 
 115      CCD7792F 
 115      0D166FA2 
 115      66C8
 116 01c3 C91AA4A9 		.ascii	"\311\032\244\251\301\220\372\211\023\207F\356\334s\350"
 116      C190FA89 
 116      138746EE 
 116      DC73E8
 117 01d2 23CDD9DA 		.ascii	"#\315\331\332\227\350s5`/\342\322\201?I\307\363\314"
 117      97E87335 
 117      602FE2D2 
 117      813F49C7 
 117      F3CC
 118 01e4 4B819A58 		.ascii	"K\201\232X\357\223\364\371\315*L\221tt\242\001\023\332"
 118      EF93F4F9 
 118      CD2A4C91 
 118      7474A201 
 118      13DA
 119 01f6 0C88603E 		.ascii	"\014\210`>1\205&\177\037\220I\"3\311\025\215\334j\324"
 119      3185267F 
 119      1F904922 
 119      33C9158D 
 119      DC6AD4
ARM GAS  /var/folders/nz/mg232qzd5vg5_0nfk_8jw8mc0000gn/T//cc1JaPle.s 			page 9


 120 0209 85C1125C 		.ascii	"\205\301\022\\\2402\367\021~\030\312N\201\010\021<r"
 120      A032F711 
 120      7E18CA4E 
 120      8108113C 
 120      72
 121 021a 614B9A46 		.ascii	"aK\232FP\231\256\324\274FI\277\201,\3431B\231\214d\352"
 121      5099AED4 
 121      BC4649BF 
 121      812CE331 
 121      42998C64 
 122 022f 7D7FD5B4 		.ascii	"}\177\325\264\310M\037\324\037\312\021\227\316\230$"
 122      C84D1FD4 
 122      1FCA1197 
 122      CE9824
 123 023e 87E32236 		.ascii	"\207\343\"6\221\2432t\202)\272r\277:\351[\177L\3747"
 123      91A33274 
 123      8229BA72 
 123      BF3AE95B 
 123      7F4CFC37 
 124 0252 7F5CD2FE 		.ascii	"\177\\\322\376\370*\004\227\357\376w\1774\265#e\020"
 124      F82A0497 
 124      EFFE777F 
 124      34B52365 
 124      10
 125 0263 DB748374 		.ascii	"\333t\203t\334\241P\017\207\354\323\0142\271\216Y\004"
 125      DCA1500F 
 125      87ECD30C 
 125      32B98E59 
 125      04
 126 0274 2EFFD820 		.ascii	".\377\330 W\264A\256~c\220\246\227\321\210\375\313\354"
 126      57B441AE 
 126      7E6390A6 
 126      97D188FD 
 126      CBEC
 127 0286 BBF5ECAF 		.ascii	"\273\365\354\257\351\331O\037\364u\0324\213`\323\337"
 127      E9D94F1F 
 127      F4751A34 
 127      8B60D3DF 
 128 0296 D33F0846 		.ascii	"\323?\010FG\333\346\020n\347\375\333\016\243\025\332"
 128      47DBE610 
 128      6EE7FDDB 
 128      0EA315DA 
 129 02a6 C45B1F0C 		.ascii	"\304[\037\014G\177\326\232D?\035\352w\251^\025\216&"
 129      477FD69A 
 129      443F1DEA 
 129      77A95E15 
 129      8E26
 130 02b8 12A4880B 		.ascii	"\022\244\210\0137~\244\310\324\366p\223;?\246[\354\345"
 130      377EA4C8 
 130      D4F67093 
 130      3B3FA65B 
 130      ECE5
 131 02ca 277FC660 		.ascii	"'\177\306`:\352b^^a\321\232\242\345\005\226\277\324"
 131      3AEA625E 
 131      5E61D19A 
 131      A2E50596 
 131      BFD4
ARM GAS  /var/folders/nz/mg232qzd5vg5_0nfk_8jw8mc0000gn/T//cc1JaPle.s 			page 10


 132 02dc F2F87D3E 		.ascii	"\362\370}>\177\261U\342\017\224\225Z\277\255\310\317"
 132      7FB155E2 
 132      0F94955A 
 132      BFADC8CF 
 133 02ec CBAFB03C 		.ascii	"\313\257\260<\205\036\177\300\273rC\256o\201G\3306\254"
 133      851E7FC0 
 133      BB7243AE 
 133      6F8147D8 
 133      36AC
 134 02fe 5E5FEEFD 		.ascii	"^_\356\375\037)\205b\321\367`oE\231\225\227_\260\254"
 134      1F298562 
 134      D1F7606F 
 134      45999597 
 134      5FB0AC
 135 0311 C02A2AF6 		.ascii	"\300**\366\254/_\353\2654\336\343[Z^\354\241\224\314"
 135      AC2F5FEB 
 135      B534DEE3 
 135      5B5A5EEC 
 135      A194CC
 136 0324 FC8215EE 		.ascii	"\374\202\025\3565\253K\275%\201\242y\356Y\013\205\014"
 136      35AB4BBD 
 136      2581A279 
 136      EE590B85 
 136      0C
 137 0335 88349FD7 		.ascii	"\2104\237\327\347\017l\024\246\247\254\242\3443\314"
 137      E70F6C14 
 137      A6A7ACA2 
 137      E433CC
 138 0344 FFB5E8   		.ascii	"\377\265\350"
 139              		.text
 140              		.section	.gnu.lto_SVC_Handler.cbdf1bc94e14513,"",%progbits
 141 0000 789C9593 		.ascii	"x\234\225\223\375OSW\030\307\237\347\234\303m\007\212"
 141      FD4F5357 
 141      18C79FE7 
 141      9CC36D07 
 141      8A
 142 0011 643F988C 		.ascii	"d?\230\214_\332\204\030~!^5K\366\2231\013\311\022\177"
 142      5FDA8418 
 142      7E215E35 
 142      4BF69331 
 142      0BC9127F 
 143 0025 6834F40F 		.ascii	"h4\364\0170xW\244Ji\323\026\203\311\022ok\267n?\314"
 143      307857A4 
 143      4A69D316 
 143      83C9126F 
 143      6BB76E3F 
 144 003a 97A9B398 		.ascii	"\227\251\263\230\0301\221l\012*\340;\276u\023\221\201"
 144      1831916C 
 144      0A2AE03B 
 144      BE751391 
 144      81
 145 004b AFD91423 		.ascii	"\257\331\024#\276\334!\032\2350E6\2411\243\236\347\334"
 145      BEDC211A 
 145      9D304536 
 145      A131A39E 
 145      E7DC
 146 005d 6EB14062 		.ascii	"n\261@b\326\244\367\336\363<\337\347\355s\316\3410\363"
ARM GAS  /var/folders/nz/mg232qzd5vg5_0nfk_8jw8mc0000gn/T//cc1JaPle.s 			page 11


 146      D6A4F7DE 
 146      F33CDFE7 
 146      ED73CEE1 
 146      30F3
 147 006f 572AFF11 		.ascii	"W*\377\021\001\360B\276\221\003\262\255\327\000bN\206"
 147      01F042BE 
 147      9103B2AD 
 147      D700624E 
 147      86
 148 0080 481F80B0 		.ascii	"H\037\200\260\221\341F|\306\306\030nM\267\246\212\312"
 148      91E1467C 
 148      C6C6186E 
 148      4DB7A68A 
 148      CA
 149 0091 5B4CD37C 		.ascii	"[L\323|9t=\2662\215\031\0060\316\354<\370\003\226\203"
 149      39743DB6 
 149      328D1906 
 149      30CEEC3C 
 149      F8039683 
 150 00a5 147D7FEB 		.ascii	"\024}\177\353\252\223\353H\237\247\017\377u\265\350"
 150      AA93EB48 
 150      9FA70FFF 
 150      75B5E8
 151 00b4 29CB3074 		.ascii	")\3130t\323\262\353\273\336\224FK&h\371\355\300\220"
 151      D3B2EBBB 
 151      DE94464B 
 151      2668F9ED 
 151      C090
 152 00c6 35AF6C9F 		.ascii	"5\257l\237i\306\255\257\037\365\3171{\315\204\225\315"
 152      69C6ADAF 
 152      1FF5CF31 
 152      7BCD8495 
 152      CD
 153 00d7 BA328CE3 		.ascii	"\2722\214\343\217\310eZ<\200\245x\020Ks\215\312\220"
 153      8FC8655A 
 153      3C80A578 
 153      104B738D 
 153      CA90
 154 00e9 B1C43F03 		.ascii	"\261\304?\003EZB6P\202\255Xf\327\3066\324\020\200\221"
 154      455A4236 
 154      5082AD58 
 154      66D7C636 
 154      D4108091 
 155 00fd 456A0EDC 		.ascii	"Ej\016\334\373;]\314?V\015\374\376\352\305(\252\022"
 155      FB3B5DCC 
 155      3F560DFC 
 155      FEEAC528 
 155      AA12
 156 010f 2FDF9C1A 		.ascii	"/\337\234\032\234\337d6\307\267\231\331\3542\331\270"
 156      9CDF6436 
 156      C7B799D9 
 156      EC32D9B8 
 157 011f C043B315 		.ascii	"\300C\263\025\301\303Xv\344\303\264\024\235\031K&\365"
 157      C1C35876 
 157      E4C3B414 
 157      9D194B26 
 157      F5
ARM GAS  /var/folders/nz/mg232qzd5vg5_0nfk_8jw8mc0000gn/T//cc1JaPle.s 			page 12


 158 0130 DDCC2125 		.ascii	"\335\314!%21WO\001\031V\240)\021\300\260,N\210\0363"
 158      3231574F 
 158      011956A0 
 158      2911C0B0 
 158      2C4E881E 
 159 0145 466F3E88 		.ascii	"Fo>\210\261\241\211\314\011\236\327\247\365\345\223"
 159      B1A189CC 
 159      099ED7A7 
 159      F5E593
 160 0154 B4502D8E 		.ascii	"\264P-\2163\234>\002\245\301#\250\311\262\355\362)\207"
 160      339C3E02 
 160      A5C123A8 
 160      C9B2EDF2 
 160      2987
 161 0166 A8978AED 		.ascii	"\250\227\212\355g\267\\\230\347\372b\217\231rg\230F"
 161      67B75C98 
 161      E7FA628F 
 161      99726798 
 161      46
 162 0177 312393BF 		.ascii	"1#\223\277v;\204,\207\035\350R \366\266\233\231\"i\301"
 162      763B842C 
 162      871DE852 
 162      20F6B69B 
 162      992269C1 
 163 018b 4E14138C 		.ascii	"N\024\023\214\022\034E\001\2671nQ\007\224\215\222\223"
 163      121C4501 
 163      B7316E51 
 163      07948D92 
 163      93
 164 019c E72EC6EF 		.ascii	"\347.\306\357$w\2456i\324\303\004cd\273\215LAk%\011"
 164      2477A536 
 164      69D4C304 
 164      6364BB8D 
 164      4C416B25 
 165 01b1 93924DA9 		.ascii	"\223\222M\251\257\2364\025\333\012.M\357\356\035s\003"
 165      AF9E3415 
 165      DB0A2E4D 
 165      EFEE1D73 
 165      03
 166 01c2 1E937CF2 		.ascii	"\036\223|\362\2028\345}\220\234j\312\245\025d\312)d"
 166      8238E57D 
 166      909C6ACA 
 166      A51564CA 
 166      2964
 167 01d4 F0E6CBB1 		.ascii	"\360\346\313\261>\301MT\023\337\277\222\360\333\333"
 167      3EC14D54 
 167      13DFBF92 
 167      F0DBDB
 168 01e3 3CD5A6FD 		.ascii	"<\325\246\375\267\311\002\217\317\312\377\004\245\027"
 168      B7C9028F 
 168      CFCAFF04 
 168      A517
 169 01f1 3088F1A1 		.ascii	"0\210\361\241\211\321\223\323`\016\257!\177\016'\233"
 169      89D193D3 
 169      600EAF21 
 169      7F0E279B 
 170 0201 8613F0A4 		.ascii	"\206\023\360\244By\212\216\003\302\026\224\356\207#"
ARM GAS  /var/folders/nz/mg232qzd5vg5_0nfk_8jw8mc0000gn/T//cc1JaPle.s 			page 13


 170      42798A8E 
 170      03C21694 
 170      EE8723
 171 0210 93DBB96B 		.ascii	"\223\333\271k\017\3320\035\024\261s\360M\254P\301<\375"
 171      0FDA301D 
 171      14B173F0 
 171      4DAC50C1 
 171      3CFD
 172 0222 2FCC1BED 		.ascii	"/\314\033\355\337\024\020\314.\202)\257\002\236A!\355"
 172      DF1410CC 
 172      2E8229AF 
 172      029E4121 
 172      ED
 173 0233 D73ABA3B 		.ascii	"\327:\272;\035\256f|g'\254\366\226K\250\202\317R0\236"
 173      1DAE667C 
 173      6727ACF6 
 173      964BA882 
 173      CF52309E 
 174 0247 B3A99790 		.ascii	"\263\251\227\220o\274\325\334\301\371~{\350\347\277"
 174      6FBCD5DC 
 174      C1F97E7B 
 174      E8E7BF
 175 0256 ED6B29B4 		.ascii	"\355k)\264O\336\335\226?\347\264u\232\351D\2639\265"
 175      4FDEDD96 
 175      3FE7B475 
 175      9AE944B3 
 175      39B5
 176 0268 2CCB69F4 		.ascii	",\313i\364\363\263\216~A\235\337\207\303\327o:\011<"
 176      F3B38E7E 
 176      419DDF87 
 176      C3D76F3A 
 176      093C
 177 027a 3592965E 		.ascii	"5\222\226^\205\242\243gq>\212\356\2659\014<\037\203"
 177      85A2A367 
 177      713E8AEE 
 177      B5390C3C 
 177      1F83
 178 028c 75ACFFF5 		.ascii	"u\254\377\365G\200?\221K\344\273\322\2235T\003\360g"
 178      47803F91 
 178      4BE4BBD2 
 178      93355403 
 178      F067
 179 029e 7216CCC0 		.ascii	"r\026\314\300wQ\341\353\266\361\015\274\027\337\245"
 179      7751E1EB 
 179      B6F10DBC 
 179      17DFA5
 180 02ad 1CBEFDA3 		.ascii	"\034\276\375\243V\227F\370zP\250\206\001/+~}\311\346"
 180      569746F8 
 180      7A50A886 
 180      012F2B7E 
 180      7DC9E6
 181 02c0 D7C2F534 		.ascii	"\327\302\3654\027\355$\355\215\221\236\256\017Tt\257"
 181      17ED24ED 
 181      8D919EAE 
 181      0F5474AF 
 182 02d0 E2F78BE4 		.ascii	"\342\367\213\344\367\000c\326\343?\2344\015a\030\226"
 182      F70063D6 
ARM GAS  /var/folders/nz/mg232qzd5vg5_0nfk_8jw8mc0000gn/T//cc1JaPle.s 			page 14


 182      E33F9C34 
 182      0D611896 
 183 02e0 F7445E27 		.ascii	"\367D^'\251\251\250\254\365\257\366\257\360\352\301"
 183      A9A9A8AC 
 183      F5AFF6AF 
 183      F0EAC1
 184 02ef 886E0403 		.ascii	"\210n\004\003\201`\275\036\012\206\243\021\375\323*"
 184      8160BD1E 
 184      0A86A311 
 184      FDD32A
 185 02fe 4FA5A751 		.ascii	"O\245\247Q7j\215`\330\267j\375'\201\205\006\010#\332"
 185      376A8D60 
 185      D8B76AFD 
 185      27818506 
 185      0823DA
 186 0311 18D2C2BE 		.ascii	"\030\322\302\276HC]t\311\314@_cT\257\364x\227{u\177"
 186      48435D74 
 186      C9CC405F 
 186      6354AFF4 
 186      78977B75 
 187 0326 BD51D7F0 		.ascii	"\275Q\327\360\271OW\261F\340\263\206zca-\314\365Ty\335"
 187      B94F57B1 
 187      46E0B386 
 187      7A63612D 
 187      CCF55479 
 188 033b 0B1655B8 		.ascii	"\013\026U\270C\221P!\360\245a(\216\006C+jV\206\203\206"
 188      43915021 
 188      F0A56128 
 188      8E06432B 
 188      6A568683 
 189 0350 375A6DAC 		.ascii	"7Zm\254\233\353\361V\221\263B\252\012\201\205\201GB"
 189      9BEBF156 
 189      91B342AA 
 189      0A818581 
 189      4742
 190 0362 50B0BEBA 		.ascii	"P\260\276\272\256\301\367?\372\254\205\022\312\263\272"
 190      AEC1F73F 
 190      FAAC8512 
 190      CAB3BA
 191 0371 3AE20B85 		.ascii	":\342\013\205\375\224\013\034\001_ \030\336\000o\001"
 191      FD940B1C 
 191      015F2018 
 191      DE006F01 
 192 0381 C134D4EC 		.ascii	"\3014\324\354"
 193              		.text
 194              		.section	.gnu.lto_.symbol_nodes.cbdf1bc94e14513,"",%progbits
 195 0000 789C6366 		.ascii	"x\234cf``(a\200\002\246#\214\365\014\014\023\31610\324"
 195      60602861 
 195      8002A623 
 195      8CF50C0C 
 195      13CE3130 
 196 0015 D733CE5D 		.ascii	"\3273\316]\304\301\300\270\217\261\236\021\"\300\320"
 196      C4C1C0B8 
 196      8FB19E11 
 196      22C0D0
 197 0024 D001E4EF 		.ascii	"\320\001\344\357g\254gB\3423\355a\254g\206j`\230\267"
 197      67AC6742 
ARM GAS  /var/folders/nz/mg232qzd5vg5_0nfk_8jw8mc0000gn/T//cc1JaPle.s 			page 15


 197      E233ED61 
 197      AC67866A 
 197      6098B7
 198 0037 0028B09B 		.ascii	"\000(\260\233\261\236\005Y\200q/c=+LG\003\007\0033\003"
 198      B19E0559 
 198      80712F63 
 198      3D2B4C47 
 198      03070333 
 199 004c 2BC393B6 		.ascii	"+\303\223\2667\362\314\314\014\014\207V\2521\000\000"
 199      37F2CCCC 
 199      0C0C8756 
 199      AA310000 
 200 005c 6A5C1FC0 		.ascii	"j\\\037\300"
 201              		.text
 202              		.section	.gnu.lto_.refs.cbdf1bc94e14513,"",%progbits
 203 0000 789C6366 		.ascii	"x\234cf``\340d\200\000&\006&F^&&>\006\000\001~\0001"
 203      6060E064 
 203      80002606 
 203      26465E26 
 203      263E0600 
 204              		.text
 205              		.section	.gnu.lto_.decls.cbdf1bc94e14513,"",%progbits
 206 0000 789CBD58 		.ascii	"x\234\275XkPTG\026\236\276=\014\3140@J\023\223P[\025"
 206      6B505447 
 206      169EBE3D 
 206      0CCC3040 
 206      4A139350 
 207 0016 F5076552 		.ascii	"\365\007eR\032\214fw\263\277\"b\\\331-WvH\334\255\315"
 207      1A8C6677 
 207      B3BF2262 
 207      5CD92D57 
 207      7648DCAD 
 208 002b 564DC830 		.ascii	"VM\3100\021jy9\014\033\363\357\342\240\202\312CT\300"
 208      116A7939 
 208      0C1BF3EF 
 208      E2A082CA 
 208      4354C0
 209 003e 07300A2A 		.ascii	"\0070\012*\017y\310K@\004DE\024D|\201\006\201A\215\020"
 209      0F79C84B 
 209      40044445 
 209      14447C81 
 209      0681418D 
 210 0053 F1818A0F 		.ascii	"\361\201\212\017\3240{\272\373\336\231;\303\220dk\253"
 210      D4307BBA 
 210      FBDE993B 
 210      C390646B 
 210      AB
 211 0064 F6569D3B 		.ascii	"\366V\235;\367\334\376\372;\347\3649\335\267{\260L&"
 211      F7DCFEFA 
 211      3BE7F439 
 211      DDB77BB0 
 211      4C26
 212 0076 4B423299 		.ascii	"KB2\231\025\256\256Y2Y\002\226\311\344\360.Xf\277\024"
 212      15AEAE59 
 212      32590296 
 212      C9E4F02E 
 212      5866BF14 
ARM GAS  /var/folders/nz/mg232qzd5vg5_0nfk_8jw8mc0000gn/T//cc1JaPle.s 			page 16


 213 008a 208741CA 		.ascii	" \207A\312A\216\200T\201\324\200\034\227M\275\010\316"
 213      418E8054 
 213      81D4801C 
 213      974DBD08 
 213      CE
 214 009b 47E8EF0D 		.ascii	"G\350\357\015\242\0069\0052\0042\007\244\016d\024d\020"
 214      A2063905 
 214      32043207 
 214      A40E6414 
 214      6410
 215 00ad A4036415 		.ascii	"\244\003d\025\310\003\220\207 \307@\306@8\220~\220\353"
 215      C8039087 
 215      20C740C6 
 215      4038907E 
 215      90EB
 216 00bf 12DB4F41 		.ascii	"\022\333OA^\0126E?\234/\342\227\227`{\216\223}b\303"
 216      5E0A3645 
 216      3F9C2FE2 
 216      9797607B 
 216      8E937D62 
 217 00d4 0AF23788 		.ascii	"\012\3627\210u5\210\033\310\337A\212\004\337\340Q\026"
 217      7535881B 
 217      C8DF418A 
 217      04DFE051 
 217      16
 218 00e5 04377781 		.ascii	"\0047w\201\347\037\360\374O\020-b\366C\341W\207\246"
 218      E71FF0FC 
 218      4F102D62 
 218      F643E157 
 218      87A6
 219 00f7 DA24E3A0 		.ascii	"\332$\343\240t\212wH\2609G\210U\264-\216e\215$\036\221"
 219      748A7748 
 219      B0394788 
 219      55B42D8E 
 219      658D241E 
 220 010c 57EB82FB 		.ascii	"W\353\202\373\021\207\352\313\306\317{\216p\310[5\233"
 220      1187EACB 
 220      C6CF7B8E 
 220      70C85B35 
 220      9B
 221 011d A80D19ED 		.ascii	"\250\015\031\355\331\012P\325*9Q\217\275\272yE\376\366"
 221      D90A50D5 
 221      2A39518F 
 221      BDBA7945 
 221      FEF6
 222 012f 4E1EAE74 		.ascii	"N\036\256t\023\377\206\034\005\317B\207\220/*D\276\020"
 222      13FF861C 
 222      05CF4287 
 222      902F2A44 
 222      BE10
 223 0141 51117A1B 		.ascii	"Q\021z\033\356_\312\031SeE\342\015%\346\020y\316\317"
 223      EE5FCA19 
 223      536545E2 
 223      0D25E610 
 223      79CECF
 224 0154 1EBAA29A 		.ascii	"\036\272\242\232_\014\335\222\370\026\013\266\233;\260"
 224      5F0CDD92 
ARM GAS  /var/folders/nz/mg232qzd5vg5_0nfk_8jw8mc0000gn/T//cc1JaPle.s 			page 17


 224      F8160BB6 
 224      9B3BB0
 225 0163 BF62079A 		.ascii	"\277b\007\232\235\313\267T\214u\214o\302\273\322\315"
 225      9DCBB754 
 225      8C758C6F 
 225      C2BBD2CD 
 226 0173 EBF949AB 		.ascii	"\353\371I\253\025\361\034aC\305\010\243\0224\237\200"
 226      15F11C61 
 226      43C508A3 
 226      12349F80 
 227 0183 C933ED85 		.ascii	"\3113\355\205\016\243\331\277\350J\251\203+\346\212"
 227      0EA3D9BF 
 227      E84AA983 
 227      2BE68A
 228 0192 83C31E38 		.ascii	"\203\303\0368\230\272r\264\253\372)\261h\341\307\272"
 228      98BA72B4 
 228      ABFA29B1 
 228      68E1C7BA 
 229 01a2 F21F046E 		.ascii	"\362\037\004n3\245\027\360\026\253\365=\332\007\225"
 229      33A517F0 
 229      16ABF53D 
 229      DA0795
 230 01b1 490C9689 		.ascii	"I\014\226\211\006\313\251\301\216\335\231\2479\274\035"
 230      06CBA9C1 
 230      8EDD99A7 
 230      39BC1D
 231 01c0 B1806EDF 		.ascii	"\261\200n\337\037PS\026sC\371\306\331\355|\213\325\372"
 231      1F505316 
 231      7343F9C6 
 231      D9ED7C8B 
 231      D5FA
 232 01d2 2965A890 		.ascii	")e\250\2200T\210\014G(\303\241\321\206b%>\304\030\366"
 232      3054880C 
 232      4728C3A1 
 232      D1866225 
 232      3EC418F6 
 233 01e6 A4E4B57B 		.ascii	"\244\344\265{\001\203Y\210\234\027\"\347(K\245\204\245"
 233      01835988 
 233      9C1722E7 
 233      284BA584 
 233      A5
 234 01f7 5264A9A2 		.ascii	"Rd\251\242,I\243}wU\270\201\261X\312\213v\272S\026\363"
 234      2C49A37D 
 234      7755B881 
 234      B158CA8B 
 234      76BA5316 
 235 020c 6425BF24 		.ascii	"d%\277$\221\177m\265b\312P-a\250\026\031j(CVf\307^w"
 235      917F6DB5 
 235      62CA502D 
 235      61A81619 
 235      6A284356 
 236 0224 DC4619E4 		.ascii	"\334F\031\344\267'\006\236\273#_\245\237o6\357\201\352"
 236      B727069E 
 236      BB235FA5 
 236      9F6F36EF 
 236      81EA
 237 0236 9052B689 		.ascii	"\220R\266\211\347\327\363c\353\323\337X+C\363}\321\373"
ARM GAS  /var/folders/nz/mg232qzd5vg5_0nfk_8jw8mc0000gn/T//cc1JaPle.s 			page 18


 237      E7D7F363 
 237      EBD3DF58 
 237      2B43F37D 
 237      D1FB
 238 0248 BE32548F 		.ascii	"\2762T\217\374h\223\014\035\205!n\200!.\240\271\\B\336"
 238      FC68930C 
 238      1D85216E 
 238      80212EA0 
 238      B95C42DE 
 239 025c A25A2466 		.ascii	"\242Z$f\224\\\331\360\236\021\201\251\313-\251V7i\226"
 239      945CD9F0 
 239      9E1181A9 
 239      CB2DA956 
 239      376996
 240 026f 08DE9EA6 		.ascii	"\010\336\236\246c\016i\272P\237;\346\211;Yd\207z\373"
 240      630E69BA 
 240      509F3BE6 
 240      893B5964 
 240      877AFB
 241 0282 FA7D843C 		.ascii	"\372}\204<\235)QgW\362\2554:\204H/\324(\011\257Q\014"
 241      9D295167 
 241      57F2AD34 
 241      3A84482F 
 241      D42809AF 
 242 0298 EF380DAF 		.ascii	"\3578\015\257\271\351E\233\012od\225\2675\311rV\205"
 242      B9E9459B 
 242      0A6F6495 
 242      B735C972 
 242      5685
 243 02aa D3989270 		.ascii	"\323\230\222p\360\330Vw\250\3469*jop\317D\201\222\252"
 243      F0D85677 
 243      A8E6392A 
 243      6A6F70CF 
 243      448192AA 
 244 02be 6431F281 		.ascii	"d1\362\201W\\\373\035>\337\033\371\251Hxc\015E7W\230"
 244      575CFB1D 
 244      3EDF1BF9 
 244      A9487863 
 244      0D453757 
 245 02d3 20C69348 		.ascii	" \306\223H\205\232m\366hor%\221q\202\250\224\355\336"
 245      859A6DF6 
 245      686F7225 
 245      917182A8 
 245      94EDDE
 246 02e6 325B4CA8 		.ascii	"2[L\250\025\206j\216\212bQ\013\274<\001/\201\370\364"
 246      15866A8E 
 246      8A62510B 
 246      BC3C012F 
 246      81F8F4
 247 02f9 EBA64437 		.ascii	"\353\246D7\244\362s\335\351\264\213N\324\205\007[2f"
 247      A4F273DD 
 247      E9B48B4E 
 247      D485075B 
 247      3266
 248 030b F1BC1C9D 		.ascii	"\361\274\034\235\002\027\232\354.\200G\314\007\322@"
 248      02179AEC 
 248      2E8047CC 
ARM GAS  /var/folders/nz/mg232qzd5vg5_0nfk_8jw8mc0000gn/T//cc1JaPle.s 			page 19


 248      07D240
 249 031a 26436751 		.ascii	"&CgQ9Gg-\317Ig\261\232\315\342\314\334\227\275\012|"
 249      3947672D 
 249      CF4967B1 
 249      9ACDE2CC 
 249      DC97BD0A 
 250 032f 06D341B8 		.ascii	"\006\323A\270\364\270\236w\307\227\251\302\245\\\034"
 250      F4B89E77 
 250      C797A9C2 
 250      A55C1C
 251 033e 9C94233F 		.ascii	"\234\224#?55\326X\376d]\002\304\333\201\324\350\254"
 251      3535D658 
 251      FE645D02 
 251      C4DB81D4 
 251      E8AC
 252 0350 DDD82A35 		.ascii	"\335\330*5\263\265\331\356\272t\262\241s\340\374*\265"
 252      B3B5D9EE 
 252      BA74B2A1 
 252      73E0FC2A 
 252      B5
 253 0361 80060379 		.ascii	"\200\006\003y\031\005e\034\336 \247\326\306\352\036"
 253      1905651C 
 253      DE20A7D6 
 253      C6EA1E
 254 0370 0D79E324 		.ascii	"\015y\343$\246\014T^<\355\203\2670\245`g\346a7\352\243"
 254      A60C545E 
 254      3CED83B7 
 254      30A56067 
 254      E66137EA 
 255 0385 075D2E9A 		.ascii	"\007].\232v\365y\342T\326\366\323\245\011\253\027\336"
 255      76F579E2 
 255      54D6F6D3 
 255      A509AB17 
 255      DE
 256 0396 C6948E9B 		.ascii	"\306\224\216\233/\236\250)\360\015\242\366\355\033\177"
 256      2F9EA829 
 256      F00DA2F6 
 256      ED1B7F
 257 03a5 E68D77B2 		.ascii	"\346\215w\262\266\264\216\232V\017\274\227)\273\236"
 257      B6B48E9A 
 257      560FBC97 
 257      29BB9E
 258 03b4 77B6F950 		.ascii	"w\266\371P\340;D\315\276\327\231\202q\036mSM\346\344"
 258      E03B44CD 
 258      BED79982 
 258      711E6D53 
 258      4DE6E4
 259 03c7 6779A0B9 		.ascii	"gy\240\271\354\362\2339\327\014\301\214u\335\252\375"
 259      ECF29B39 
 259      D70CC18C 
 259      75DDAAFD 
 260 03d7 5386892F 		.ascii	"S\206\211/x\207\206|\021B\036D3\355\201]\2425\372\001"
 260      7887867C 
 260      11421E44 
 260      33ED815D 
 260      A235FA01 
 261 03eb DC64046E 		.ascii	"\334d\004n\276V\244h_H\241\347\235\241\363\010\362\020"
ARM GAS  /var/folders/nz/mg232qzd5vg5_0nfk_8jw8mc0000gn/T//cc1JaPle.s 			page 20


 261      BE56A468 
 261      5F48A1E7 
 261      9DA1F308 
 261      F210
 262 03fd B241FB6D 		.ascii	"\262A\373m\320+\316\320\253N\2547l\320\313\256\035\220"
 262      D02BCED0 
 262      AB4EAC37 
 262      6CD0CBAE 
 262      1D90
 263 040f D05EB761 		.ascii	"\320^\267a\273\234\261\027\234h/\330\240\235.\235\265"
 263      BB9CB117 
 263      9C682FD8 
 263      A09D2E9D 
 263      B5
 264 0420 23076CC8 		.ascii	"#\007l\310\036\327\2762\007H\211X\272\222\025<\"\030"
 264      1ED7BE32 
 264      07488958 
 264      BA92153C 
 264      2218
 265 0432 9938FBD8 		.ascii	"\2318\373\330\265\215\316p\236_b\224\2416\350}\206\364"
 265      B58DCE70 
 265      9E5F6294 
 265      A136E87D 
 265      86F4
 266 0444 6E17E800 		.ascii	"n\027\350\000\211\006\240Hn\240\271\350\032H\037\210"
 266      8906A048 
 266      6EA0B9E8 
 266      1A481F88 
 267 0454 05A417E4 		.ascii	"\005\244\027\344{\220\353 \375h.%\"\036Y\276/:\247\346"
 267      7B90EB20 
 267      FD682E25 
 267      221E59BE 
 267      2F3AA7E6 
 268 0468 059FBA5D 		.ascii	"\005\237\272]\007\312|\202,\337\031\034\316T\250\245"
 268      07CA7C82 
 268      2CDF191C 
 268      CE54A8A5 
 269 0478 B52945CB 		.ascii	"\265)E\313\320\020\242\345K~\001\335^\222\363\025.\240"
 269      D010A2E5 
 269      4B7E01DD 
 269      5E92F315 
 269      2EA0
 270 048a 2521BFB5 		.ascii	"%!\277\265\267\242\326\007\371\371\372\252\304\305\354"
 270      B7A2D607 
 270      F9F9FAAA 
 270      C4C5EC
 271 0499 0ECCB29B 		.ascii	"\016\314\262\233S\026\263\027\237\222\006\031Y\036\311"
 271      5316B317 
 271      9F920619 
 271      591EC9
 272 04a8 2F9DC163 		.ascii	"/\235\301c\031<~\307\266<\336\202\340H\223\014\375\000"
 272      193C7EC7 
 272      B63CDE82 
 272      E048930C 
 272      FD00
 273 04ba 766FD319 		.ascii	"vo\323\031o\253FoV\215\251e\005OXqb\242\356\356\375"
 273      6FAB466F 
ARM GAS  /var/folders/nz/mg232qzd5vg5_0nfk_8jw8mc0000gn/T//cc1JaPle.s 			page 21


 273      568DA965 
 273      054F5871 
 273      62A2EEEE 
 274 04cf 611C5395 		.ascii	"a\034S\225N\330\312\236>\037U\222\260L\222 \324*I\014"
 274      4ED8CA9E 
 274      3E1F5592 
 274      B04C9220 
 274      D42A490C 
 275 04e3 7729F73C 		.ascii	"w)\367<_\364#\243.>\267\343\226\333\214ta\314g#\352"
 275      5FF423A3 
 275      2E3EB7E3 
 275      96DB8C74 
 275      61CC6723 
 276 04f8 F830C047 		.ascii	"\3700\300G(|\024\315\020;QE2\207\274\331\034\332\274"
 276      287C14CD 
 276      103B5145 
 276      3287BCD9 
 276      1CDABC
 277 050b E588D57D 		.ascii	"\345\210\325}z{\367E{\357Ss\271#\231\273\225\2029\263"
 277      7A7BF745 
 277      7BEF5373 
 277      B92399BB 
 277      958239B3 
 278 051f 68EE1E62 		.ascii	"h\356\036b\356\310\320\003j\356>3\367\200\232k\335^"
 278      EEC8D003 
 278      6AEE3E33 
 278      F7809A6B 
 278      DD5E
 279 0531 53ECE990 		.ascii	"S\354\351\220\024\262f\333\015<\024\222\362\220&e \273"
 279      14B266DB 
 279      0D3C1492 
 279      F2902665 
 279      20BB
 280 0543 65B3DC01 		.ascii	"e\263\334\001]\352\200\036\023\320c\024=1z\341\276J"
 280      5DEA801E 
 280      13D06314 
 280      3D317AE1 
 280      BE4A
 281 0555 FA49216B 		.ascii	"\372I!k\243\035\374\310\341\223\262+\365u\247;.b\353"
 281      A31DFCC8 
 281      E193B22B 
 281      F575A73B 
 281      2E62EB
 282 0568 C3BE1FAF 		.ascii	"\303\276\037\257\247\251p\025S\356\237\231\254r\223"
 282      A7A97015 
 282      53EE9F99 
 282      AC7293
 283 0577 7332F484 		.ascii	"s2\364\204&\034\336\034?\230\337\343\311\366\"\311U"
 283      261CDE1C 
 283      3F98DFE3 
 283      C9F622C9 
 283      55
 284 0588 23BFFBA9 		.ascii	"#\277\373\251\222oa_\234\204\3049\204\026=\026\327D"
 284      926F615F 
 284      9C84C439 
 284      84163D16 
 284      D744
ARM GAS  /var/folders/nz/mg232qzd5vg5_0nfk_8jw8mc0000gn/T//cc1JaPle.s 			page 22


 285 059a 348EE432 		.ascii	"4\216\3442\242\2625\370)\373.\227V4*\201\220\256\311"
 285      A2B235F8 
 285      29FB2E97 
 285      56342A81 
 285      90AEC9
 286 05ad C401B256 		.ascii	"\304\001\262VUM>\360\231v\223\362\234\272\372\014\011"
 286      554D3EF0 
 286      997693F2 
 286      9CBAFA0C 
 286      09
 287 05be BE6EAFE5 		.ascii	"\276n\257\345\017y\340\361\351\334{\2212>\244\246\356"
 287      0F79E0F1 
 287      E9DC7B91 
 287      323EA4A6 
 287      EE
 288 05cf 59264A07 		.ascii	"Y&J\007`~\220=G3?GNx\320\013\233o\023\304\267\027\242"
 288      607E903D 
 288      47333F47 
 288      4E78D00B 
 288      9B6F13C4 
 289 05e6 6F2FA96F 		.ascii	"o/\251o\011-\245\227\335i\372?!T\317\363-\243\210\026"
 289      092DA597 
 289      DD69FA3F 
 289      2154CFF3 
 289      2DA38816 
 290 05fa 9F3B5133 		.ascii	"\237;Q36\324\325ySUA\027\346\202\261L\257\351\213cR"
 290      36D4D579 
 290      53554117 
 290      E682B14C 
 290      AFE98B63 
 291 060f 2C8E9F58 		.ascii	",\216\237X1\3367\215\226*\234\213\361\025\300_S\270"
 291      31DE378D 
 291      962A9C8B 
 291      F115C05F 
 291      53B8
 292 0621 9556C724 		.ascii	"\225V\307$\253\016+\255\216\306\201\344\273J\352\215"
 292      AB0E2BAD 
 292      8EC681E4 
 292      BB4AEA8D 
 293 0631 852EFDE7 		.ascii	"\205.\375\347\254\333\023\330\227`+\215\275r8e\243\017"
 293      ACDB13D8 
 293      97602B8D 
 293      BD723865 
 293      A30F
 294 0643 9E6403B1 		.ascii	"\236d\003\261\331t\266XE\2741\2017I\277\374\331$\211"
 294      D974B658 
 294      45BC3181 
 294      3749BFFC 
 294      D92489
 295 0656 BC50D6EA 		.ascii	"\274P\326\352\2037\271\261\201l-X'v\377\025_]2W\306"
 295      8337B9B1 
 295      816C2D58 
 295      2776FF15 
 295      5F5D3257 
 296 066b 5B2A9438 		.ascii	"[*\2248\205u\177\372\260\265\337\003g0\245\272\323\324"
 296      85757FFA 
 296      B0B5DF03 
ARM GAS  /var/folders/nz/mg232qzd5vg5_0nfk_8jw8mc0000gn/T//cc1JaPle.s 			page 23


 296      6730A5BA 
 296      D3D4
 297 067d A4C05982 		.ascii	"\244\300Y\202\222\\s^\201s\230\2629sG\033\302\373\334"
 297      925C735E 
 297      817398B2 
 297      3973471B 
 297      C2FBDC
 298 0690 1CB619B3 		.ascii	"\034\266\031\263\3306#\265c\367\011LU+m\316\272x\355"
 298      D83623B5 
 298      63F7094C 
 298      552B6DCE 
 298      BA78ED
 299 06a3 A81C1F10 		.ascii	"\250\034\037\020:\366\025A\201\226R\205\313\2705~\000"
 299      3AF61541 
 299      81965285 
 299      CBB8357E 
 299      00
 300 06b4 899B04C7 		.ascii	"\211\233\004\307%&\235\363\003\002\346\353\026\316\027"
 300      25269DF3 
 300      0302E6EB 
 300      16CE17
 301 06c3 6DE5841D 		.ascii	"m\345\204\035BCQ\332o\310\016!\215S\241T\316\366\321"
 301      424351DA 
 301      6FC80E21 
 301      8D53A154 
 301      CEF6D1
 302 06d6 9EA512F7 		.ascii	"\236\245\022\367\330\234\245\367\300_]\223fLG\372`K"
 302      D89CA5F7 
 302      C05F5D93 
 302      664C47FA 
 302      604B
 303 06e8 C75B8474 		.ascii	"\307[\204t\033\220\246\330I\301\206m\347\336\2635!\013"
 303      1B90A6D8 
 303      49C1866D 
 303      E7DEB335 
 303      210B
 304 06fa B381FD65 		.ascii	"\263\201\375eR\300W4\227$\263\244\177EKp\303X\262\212"
 304      52C05734 
 304      9724B3A4 
 304      7F454B70 
 304      C358B28A 
 305 070e E65C4DD4 		.ascii	"\346\\M\324\341\364\302r\366\215\367\244\307\216G\271"
 305      E1F4C272 
 305      F68DF7A4 
 305      C78E47B9 
 306 071e 3F578259 		.ascii	"?W\202Y\234P\202\231\214;\247\273w\217\227\264\004\211"
 306      9C508299 
 306      8C3BA7BB 
 306      778F97B4 
 306      0489
 307 0730 DF3BC0F6 		.ascii	"\337;\300\366N\216\300\263\271\031b'\202nz5p\311S\212"
 307      4E8EC0B3 
 307      B9196227 
 307      826E7A35 
 307      70C9538A 
 308 0744 DEFE73E8 		.ascii	"\336\376s\350\346\361\307VO|\224e\253\273\355$lR\216"
 308      E6F1C756 
ARM GAS  /var/folders/nz/mg232qzd5vg5_0nfk_8jw8mc0000gn/T//cc1JaPle.s 			page 24


 308      4F7C9465 
 308      ABBBED24 
 308      6C528E
 309 0757 31258937 		.ascii	"1%\2117\225\252\360\011\246\024\336\354\312\360\242"
 309      95AAF009 
 309      A614DEEC 
 309      CAF0A2
 310 0766 01CCA3DB 		.ascii	"\001\314\243\333\236\333\243{\274p\033k\273\273\277"
 310      9EDBA37B 
 310      BC701B6B 
 310      BBBBBF
 311 0775 F09A1A77 		.ascii	"\360\232\032w0e\360\371`\253;\005.$\352\211\3659\265"
 311      3065F0F9 
 311      60AB3B05 
 311      2E24EA89 
 311      F539B5
 312 0788 9EB89BB5 		.ascii	"\236\270\233\265\015\337\313x(\307=B\025\011sV\315\346"
 312      0DDFCB78 
 312      28C73D42 
 312      15097356 
 312      CDE6
 313 079a 6CDEE3FD 		.ascii	"l\336\343\375\033=p\037k\253\314?P\313\006s\011\205"
 313      1B3D701F 
 313      6BABCC3F 
 313      50CB0673 
 313      0985
 314 07ac E61CB060 		.ascii	"\346\034\260`\373\002m\244+\320\001\210\210}+\017r\366"
 314      FB026DA4 
 314      2BD00188 
 314      887D2B0F 
 314      72F6
 315 07be 051AD067 		.ascii	"\005\032\320g\267\347\014+\244h\023\3673\350\372\326"
 315      B7E70C2B 
 315      A46813F7 
 315      33E8FAD6 
 316 07ce DE49     		.ascii	"\336I"
 317 07d0 4F6C71B4 		.ascii	"Olq\264\253fv_\233\370*%\276\315\332\352\217\244O\260"
 317      AB66765F 
 317      9BF82A25 
 317      BECDDAEA 
 317      8FA44FB0 
 318 07e4 55640551 		.ascii	"Ud\005Q[\223\370}j<\302\332v6\356\315`\376\362l\264"
 318      5B93F87D 
 318      6A3CC2DA 
 318      7636EECD 
 318      60FEF26C 
 319 07f9 F6DDE8C4 		.ascii	"\366\335\350\304\323\347\267L\314\357\010\233\2219\243"
 319      D3E7B74C 
 319      CCEF089B 
 319      9139A3
 320 0808 DDC53EF6 		.ascii	"\335\305>\366\214\261\370J\301c\266A*\247\036\227\211"
 320      8CB1F84A 
 320      C163B641 
 320      2AA71E97 
 320      89
 321 0819 19DB3C71 		.ascii	"\031\333<q\244\031K\321$\276i\321\017+\013\367\250\361"
 321      A4194BD1 
ARM GAS  /var/folders/nz/mg232qzd5vg5_0nfk_8jw8mc0000gn/T//cc1JaPle.s 			page 25


 321      24BE69D1 
 321      0F2B0BF7 
 321      A8F1
 322 082b 3D21014D 		.ascii	"=!\001M\367x\216\306\020L\324S\027\373J\024\324m3\013"
 322      F7788EC6 
 322      104CD453 
 322      17FB4A14 
 322      D46D330B 
 323 083f A3A3AE9F 		.ascii	"\243\243\256\237\025\355\233\3643|\373\310\210\307\364"
 323      15ED9BF4 
 323      337CFBC8 
 323      88C7F4
 324 084e 51D48851 		.ascii	"Q\324\210Q\024\262(\032\366W\2079\007Q\005nU\323\262"
 324      14B2281A 
 324      F6578739 
 324      0751056E 
 324      55D3B2
 325 0861 ABA56ED5 		.ascii	"\253\245n\325\210n={U2<%\210i\321\367zNnQ\343G,\010"
 325      886E3D7B 
 325      55323C25 
 325      8869D1F7 
 325      7A4E6E51 
 326 0879 71A6A9D9 		.ascii	"q\246\251\331L+\270\226\266\027\343g\254-/\265r\202"
 326      4C2BB896 
 326      B617E367 
 326      AC2D2FB5 
 326      7282
 327 088b 9DE76389 		.ascii	"\235\347c\211\2721+\361\274\034\363\012\266\2405W=f"
 327      BA312BF1 
 327      BC1CF30A 
 327      B6A03557 
 327      3D66
 328 089d 733089E8 		.ascii	"s0\211\350o\227\015\336\251\266m\231\245\327L\330A\233"
 328      6F970DDE 
 328      A9B66D99 
 328      A5D74CD8 
 328      419B
 329 08af F944D358 		.ascii	"\371D\323Xj\375\310\307E\3443\211\321\006po3\254\024"
 329      6AFDC8C7 
 329      45E43389 
 329      D106706F 
 329      33AC14
 330 08c2 17B969F7 		.ascii	"\027\271i\367\257\211&\363\256R\262\325$\330d\327\330"
 330      AF8926F3 
 330      AE52B2D5 
 330      24D864D7 
 330      D8
 331 08d3 0F6CD07A 		.ascii	"\017l\320z\033\264\321\031z\234s\204\246\331\240\233"
 331      1BB4D119 
 331      7A9C7384 
 331      A6D9A09B 
 332 08e3 9CA10EBB 		.ascii	"\234\241\016\273\342\035\011\346\222\005\200<\304\315"
 332      E21D09E6 
 332      9205803C 
 332      C4CD
 333 08f1 40850252 		.ascii	"@\205\002R\254{T\344DZl#-p&\315\347\244a\3550\231K)"
 333      AC7B54E4 
ARM GAS  /var/folders/nz/mg232qzd5vg5_0nfk_8jw8mc0000gn/T//cc1JaPle.s 			page 26


 333      445A6C23 
 333      2D7026CD 
 333      E7A461ED 
 334 0909 9664E8B0 		.ascii	"\226d\350\2603\266\304\001\233\230`\336\263 {!\332\005"
 334      33B6C401 
 334      9B9860DE 
 334      B3207B21 
 334      DA05
 335 091b 1EEC16A0 		.ascii	"\036\354\026\240\342\312\343x0\000\326\024\033k\242"
 335      E2CAE378 
 335      3000D614 
 335      1B6BA2
 336 092a 33EB3C47 		.ascii	"3\353<G\344a\033\262\330\265}{XE\266\260\366\273\016"
 336      E4611BB2 
 336      D8B57D7B 
 336      5845B6B0 
 336      F6BB0E
 337 093d CB0E4DB5 		.ascii	"\313\016M\265A7\272\264/\311k\216\015\272\327\031\232"
 337      4137BAB4 
 337      2FC96B8E 
 337      0DBAD719 
 337      9A
 338 094e 2365E579 		.ascii	"#e\345ys\035\311\000\224/j\020\220bQ\243c\216\303\232"
 338      731DC900 
 338      942F6A10 
 338      906251A3 
 338      638EC39A 
 339 0962 602E27D0 		.ascii	"`.'\320\243\000\255s\206\326;\271\232m\263\237\344\272"
 339      A300AD73 
 339      86D63BB9 
 339      9A6DB39F 
 339      E4BA
 340 0974 0224BEE6 		.ascii	"\002$\276\346\332\260\271\256}\225`\013m\330}\316X\263"
 340      DAB0B9AE 
 340      7D95600B 
 340      6DD87DCE 
 340      58B3
 341 0986 3336CF86 		.ascii	"36\317\206\315s\215\245\356J\017J<\204\223@\233\010"
 341      CD738DA5 
 341      EE4A0F4A 
 341      3C849340 
 341      9B08
 342 0998 9A9C92AE 		.ascii	"\232\234\222\256\300\267\263\215\233\213\316\202\234"
 342      C0B7B38D 
 342      9B8BCE82 
 342      9C
 343 09a5 00390FD2 		.ascii	"\0009\017\322\014\322\004r\032\3442\3109\220.\220n\220"
 343      0CD20472 
 343      1AE432C8 
 343      39902E90 
 343      6E90
 344 09b7 0B20ED20 		.ascii	"\013 \355 'AZA\316\200\234\002\271\004\322\011\322\001"
 344      27415A41 
 344      CE809C02 
 344      B904D209 
 344      D201
 345 09c9 D2C28927 		.ascii	"\322\302\211'+\030\32222\244\0250\244G\004\037\305u"
ARM GAS  /var/folders/nz/mg232qzd5vg5_0nfk_8jw8mc0000gn/T//cc1JaPle.s 			page 27


 345      2B18D232 
 345      32A41530 
 345      A447041F 
 345      C575
 346 09db 11553A0D 		.ascii	"\021U:\015\351^[8{\234\3039\343|*\334RJN\205\200q:\025"
 346      E95E5B38 
 346      7B9CC339 
 346      E37C2ADC 
 346      524A4E85 
 347 09f3 C2E623F1 		.ascii	"\302\346#\361z\216Y\201\374fR\\C\224\007\352\001\246"
 347      7A8E5981 
 347      FC66525C 
 347      439407EA 
 347      01A6
 348 0a05 F5F62D05 		.ascii	"\365\366-\005\3514\345\004)\016\014\272\012\343\361"
 348      E934E504 
 348      290E0CBA 
 348      0AE3F1
 349 0a14 FF181B58 		.ascii	"\377\030\033X\375\222w\\\255v<\262\364p\322sd/\307\016"
 349      FD92775C 
 349      AD763CB2 
 349      F470D273 
 349      642FC70E 
 350 0a28 21F0EBF2 		.ascii	"!\360\353\362\310R\344pd\271&\240\257Q\364\320\225\253"
 350      C852E470 
 350      64B926A0 
 350      AF51F4D0 
 350      95AB
 351 0a3a DD2A5CCB 		.ascii	"\335*\\\313\226\331\202\342\342~\025;ft\231\236\251"
 351      96D982E2 
 351      E27E153B 
 351      6674999E 
 351      A9
 352 0a4b 0F4B8E19 		.ascii	"\017K\216\031\210\036|\256s\366\277\266\340\231\355"
 352      881E7CAE 
 352      73F6BFB6 
 352      E099ED
 353 0a5a E3BFE7C8 		.ascii	"\343\277\347\310>\376\366\225G\274\012\237eD\007\357"
 353      3EFEF695 
 353      47BC0A9F 
 353      654407EF 
 354 0a6a 378E2829 		.ascii	"7\216()\2219\271*\214\221\230\2228\366Gf\237\204\244"
 354      9139B92A 
 354      8C919892 
 354      38F64766 
 354      9F84A4
 355 0a7d 4F24B941 		.ascii	"O$\271AI&-i\274\022_VLs\3160mo\031G\3421\250p\371\266"
 355      49262D69 
 355      BC125F56 
 355      4C73CE30 
 355      6D6F1947 
 356 0a97 F28DECA8 		.ascii	"\362\215\354\250\201\362Z\322\331Y\243_\344F\003\034"
 356      81F25AD2 
 356      D959A35F 
 356      E446031C 
 357 0aa7 9C35FA45 		.ascii	"\2345\372E\372AJ\237u\341\354\014<\304\330\3157.\375"
 357      FA414A9F 
ARM GAS  /var/folders/nz/mg232qzd5vg5_0nfk_8jw8mc0000gn/T//cc1JaPle.s 			page 28


 357      75E1EC0C 
 357      3CC4D8CD 
 357      372EFD
 358 0aba 5908F5D6 		.ascii	"Y\010\365\326K\027\241Z$^ZD\232!J\223\333\335\377\243"
 358      4B17A15A 
 358      245E5A44 
 358      9A214A93 
 358      DBDDFFA3 
 359 0ace 1C3F633C 		.ascii	"\034?c<\223\246\356A7\026j\375\224PoJHn\212$\267\270"
 359      93A6EE41 
 359      37166AFD 
 359      94506F4A 
 359      486E8A24 
 360 0ae4 D9B277B5 		.ascii	"\331\262w\265\2611\006\2436\302\260V\253\217\215\210"
 360      B13106A3 
 360      36C2B056 
 360      AB8F8D88 
 361 0af4 8C5913AF 		.ascii	"\214Y\023\257\37706\324`\374p\241\342\217\177\371bv"
 361      FF3036D4 
 361      60FC70A1 
 361      E28F7FF9 
 361      6276
 362 0b06 A06C7E60 		.ascii	"\240l~`x\304\327\021\253B\374c\342\374u1QQ1\321\376"
 362      78C4D711 
 362      AB42FC63 
 362      E2FC7531 
 362      515131D1 
 363 0b1b A4479C7F 		.ascii	"\244G\234\177\200fe\340\312u\376\272p]\214A\257\375"
 363      806665E0 
 363      CA75FEBA 
 363      705D8C41 
 363      AFFD
 364 0b2d F7EFA33E 		.ascii	"\367\357\243>\324\311\336blq\337F\030u\341\332o\014"
 364      D4C9DE62 
 364      6C71DF46 
 364      1875E1DA 
 364      6F0C
 365 0b3f 3151DA88 		.ascii	"1Q\332\2108\303\177A\021.\233\311(\364\353\"\2146\202"
 365      38C37F41 
 365      112E9BC9 
 365      28F4EB22 
 365      8C3682
 366 0b52 19539DF4 		.ascii	"\031S\235\364\014Y\035\250]\021\032\035\026\2517\270"
 366      0C591DA8 
 366      5D111A1D 
 366      16A937B8 
 367 0b62 6997C6C4 		.ascii	"i\227\306\304D\276\253\013\017\321\205\007\305\005\033"
 367      44BEAB0B 
 367      0FD18507 
 367      C5051B
 368 0b71 F4FAA858 		.ascii	"\364\372\250XcDL\264F\2776>\302\240\017{Ob\337`\364"
 368      63444CB4 
 368      46BF363E 
 368      C2A00F7B 
 368      4F62DF60 
 369 0b86 8F88D645 		.ascii	"\217\210\326E\306\207\351\301l\234.<\014Lz\304GD\033"
 369      C687E9C1 
ARM GAS  /var/folders/nz/mg232qzd5vg5_0nfk_8jw8mc0000gn/T//cc1JaPle.s 			page 29


 369      6C9C2E3C 
 369      0C4C7AC4 
 369      47441B
 370 0b99 172FD21A 		.ascii	"\027/\322\032UZ\255\370\370\245\177|\234\301?2F\027"
 370      555AADF8 
 370      F8A57F7C 
 370      9CC13F32 
 370      4617
 371 0bab 1AE91F13 		.ascii	"\032\351\037\023k\364_\243\323-\0105D-\210\216\211\326"
 371      6BF45FA3 
 371      D32D0835 
 371      442D888E 
 371      89D6
 372 0bbd 2FD0877E 		.ascii	"/\320\207~\035\261\340c\355\037\026,Z\370\321o\327."
 372      1DB1E063 
 372      ED1F162C 
 372      5AF8D16F 
 372      D72E
 373 0bcf F67768B0 		.ascii	"\366wh\260\361G\205\352\302#\242\365\376\3320\3757\241"
 373      F14785EA 
 373      C223A2F5 
 373      FEDA30FD 
 373      37A1
 374 0be1 F19146AD 		.ascii	"\361\221F\255\361\273X}\034\330\013\376\337\271\343"
 374      F1BB587D 
 374      1CD80BFE 
 374      DFB9E3
 375 0bf0 BE8BF3D7 		.ascii	"\276\213\363\327\306\031\303\300[ \364\024\206\314\250"
 375      C619C3C0 
 375      5B20F414 
 375      86CCA8
 376 0bff 33AEF330 		.ascii	"3\256\3630\350\327@\037\255q\336\257\032u\350\315\031"
 376      E8D7401F 
 376      AD71DEAF 
 376      1A75E8CD 
 376      19
 377 0c10 1672868F 		.ascii	"\026r\206\2178\303\"\316\260\030\033>Z\244\2104h\215"
 377      38C322CE 
 377      B0181B3E 
 377      5AA48834 
 377      688D
 378 0c22 E1615CAC 		.ascii	"\341a\\\254N\276.6\316 \327\205\207\032\224Z\355\032"
 378      4EBE2E36 
 378      CE20D785 
 378      871A945A 
 378      ED1A
 379 0c34 BD511B1C 		.ascii	"\275Q\033\034\022\354\025\032\371m\350wq\332\210\350"
 379      12EC151A 
 379      F96DE877 
 379      71DA88E8 
 380 0c44 48086ED1 		.ascii	"H\010n\321T#\340\206\177\340\312\220\240\020\373@\223"
 380      5423E086 
 380      7FE0CA90 
 380      A010FB40 
 380      93
 381 0c55 ECEAA296 		.ascii	"\354\352\242\226\307G\353\300\034P\3051*\217\220\300"
 381      C747EBC0 
ARM GAS  /var/folders/nz/mg232qzd5vg5_0nfk_8jw8mc0000gn/T//cc1JaPle.s 			page 30


 381      1C50C531 
 381      2A8F90C0 
 382 0c65 A5DACF61 		.ascii	"\245\332\317aP\334\002\203\277\010Z&\017\012\014\321"
 382      50DC0283 
 382      BF085A26 
 382      0F0A0CD1 
 383 0c75 C8577FBE 		.ascii	"\310W\177\276J\343\026\020\244\011\324\340\020\220\300"
 383      4AE31610 
 383      A409D4E0 
 383      1090C0
 384 0c84 408D3BC9 		.ascii	"@\215;\311\311'Z\243\222e\007\236p\310\212`\267\220"
 384      C9275AA3 
 384      9265079E 
 384      70C88A60 
 384      B790
 385 0c96 15041EB8 		.ascii	"\025\004\036\270\034n+\310m\031\334\334V\256\\\036\240"
 385      1C6E2BC8 
 385      6D19DCDC 
 385      56AE5C1E 
 385      A0
 386 0ca7 912F25B7 		.ascii	"\221/%\267\000\320q\360r\015^\006\022\260L#\2076\215"
 386      00D071F0 
 386      720D5E06 
 386      12B04C23 
 386      87368D
 387 0cba 3C282440 		.ascii	"<($@\243\324|\026\362\231f\365g\313\026\202\341\200"
 387      A3D47C16 
 387      F29966F5 
 387      67CB1682 
 387      E180
 388 0ccc 408DFF7F 		.ascii	"@\215\377\177\021\304b\210`\006\035n\310\337\277l\025"
 388      11C46288 
 388      60061D6E 
 388      C8DFBF6C 
 388      15
 389 0cdd AAB4BDF2 		.ascii	"\252\264\275\362b\341-\015\010\371,X\023\364&}\037\037"
 389      62E12D0D 
 389      08F92C58 
 389      13F4267D 
 389      1F1F
 390 0cef ED00F694 		.ascii	"\355\000\366\224\274\374\017g\245\366\265"
 390      BCFC0F67 
 390      A5F6B5
 391              		.text
 392              		.section	.gnu.lto_.symtab.cbdf1bc94e14513,"",%progbits
 393 0000 5F706F72 		.ascii	"_port_irq_epilogue\000\000\000\000\000\000\000\000\000"
 393      745F6972 
 393      715F6570 
 393      696C6F67 
 393      75650000 
 394 001b 000000B3 		.ascii	"\000\000\000\263\000\000\000SVC_Handler\000\000\000"
 394      00000053 
 394      56435F48 
 394      616E646C 
 394      65720000 
 395 0030 00000000 		.ascii	"\000\000\000\000\000\000\000\000\000\265\000\000\000"
 395      00000000 
ARM GAS  /var/folders/nz/mg232qzd5vg5_0nfk_8jw8mc0000gn/T//cc1JaPle.s 			page 31


 395      00B50000 
 395      00
 396 003d 5F706F72 		.ascii	"_port_switch_from_isr\000\000\002\000\000\000\000\000"
 396      745F7377 
 396      69746368 
 396      5F66726F 
 396      6D5F6973 
 397 005a 00000000 		.ascii	"\000\000\000\000\257\000\000\000_port_exit_from_isr"
 397      AF000000 
 397      5F706F72 
 397      745F6578 
 397      69745F66 
 398 0075 00000200 		.ascii	"\000\000\002\000\000\000\000\000\000\000\000\000\261"
 398      00000000 
 398      00000000 
 398      B1
 399 0082 00000063 		.ascii	"\000\000\000chSchIsPreemptionRequired\000\000\002\000"
 399      68536368 
 399      49735072 
 399      65656D70 
 399      74696F6E 
 400 00a2 00000000 		.ascii	"\000\000\000\000\000\000\000\000\275\000\000\000"
 400      00000000 
 400      BD000000 
 401              		.text
 402              		.section	.gnu.lto_.opts,"",%progbits
 403 0000 272D666E 		.ascii	"'-fno-trapv' '-mcpu=cortex-m3' '-mno-thumb-interwor"
 403      6F2D7472 
 403      61707627 
 403      20272D6D 
 403      6370753D 
 404 0033 6B272027 		.ascii	"k' '-mthumb' '-ggdb' '-O2' '-fomit-frame-pointer' '"
 404      2D6D7468 
 404      756D6227 
 404      20272D67 
 404      67646227 
 405 0066 2D66616C 		.ascii	"-falign-functions=16' '-ffunction-sections' '-fdata"
 405      69676E2D 
 405      66756E63 
 405      74696F6E 
 405      733D3136 
 406 0099 2D736563 		.ascii	"-sections' '-fno-common' '-flto'\000"
 406      74696F6E 
 406      73272027 
 406      2D666E6F 
 406      2D636F6D 
 407              		.text
 408              		.comm	__gnu_lto_v1,1,1
 409              		.comm	__gnu_lto_slim,1,1
 410              		.ident	"GCC: (GNU Tools for ARM Embedded Processors) 4.9.3 20150529 (release) [ARM/embedded-4_9-br
ARM GAS  /var/folders/nz/mg232qzd5vg5_0nfk_8jw8mc0000gn/T//cc1JaPle.s 			page 32


DEFINED SYMBOLS
                            *ABS*:0000000000000000 chcore_v7m.c
                            *COM*:0000000000000001 __gnu_lto_v1
                            *COM*:0000000000000001 __gnu_lto_slim

NO UNDEFINED SYMBOLS
