ARM GAS  /var/folders/nz/mg232qzd5vg5_0nfk_8jw8mc0000gn/T//cc900oAl.s 			page 1


   1              		.syntax unified
   2              		.cpu cortex-m3
   3              		.fpu softvfp
   4              		.eabi_attribute 20, 1
   5              		.eabi_attribute 21, 1
   6              		.eabi_attribute 23, 3
   7              		.eabi_attribute 24, 1
   8              		.eabi_attribute 25, 1
   9              		.eabi_attribute 26, 1
  10              		.eabi_attribute 30, 2
  11              		.eabi_attribute 34, 1
  12              		.eabi_attribute 18, 4
  13              		.thumb
  14              		.file	"chdynamic.c"
  15              		.text
  16              	.Ltext0:
  17              		.section	.gnu.lto_.profile.8fd2a2df111651ce,"",%progbits
  18 0000 789C6366 		.ascii	"x\234cf```a\200\000F\206\014\003\000\001t\000\241"
  18      60606061 
  18      80004686 
  18      0C030001 
  18      7400A1
  19              		.text
  20              		.section	.gnu.lto_.jmpfuncs.8fd2a2df111651ce,"",%progbits
  21 0000 789C6366 		.ascii	"x\234cf\300\016\246Ci&\0066F0\260g\254\007\001&\006"
  21      C00EA643 
  21      69260636 
  21      4630B067 
  21      AC070126 
  22 0015 46C60EA6 		.ascii	"F\306\016\246\217L\214\307\347\276\330\304\362\202\351"
  22      8F4C8CC7 
  22      E7BED8C4 
  22      F282E9
  23 0024 27508081 		.ascii	"'P\200\201q9\243\024H\254q\331\356\036v\220\030#\003"
  23      7139A314 
  23      48AC71D9 
  23      EE1E7690 
  23      182303
  24 0037 03E30A46 		.ascii	"\003\343\012F)\240\024\0033s9\220b.\0072AJ\226L\235"
  24      29A01403 
  24      33733990 
  24      622E0732 
  24      414A964C 
  25 004c B68615A4 		.ascii	"\266\206\025\244\204\211\203\201q%H\011+\330xyT\323"
  25      84898381 
  25      71254809 
  25      2BD87879 
  25      54D3
  26 005e 675D7FFA 		.ascii	"g]\177\372\205\031l:Ph\025\320t\230q\214`\343\030\000"
  26      85196C3A 
  26      506815D0 
  26      7498718C 
  26      60E31800 
  27 0072 0F32232E 		.ascii	"\0172#."
  28              		.text
  29              		.section	.gnu.lto_.inline.8fd2a2df111651ce,"",%progbits
  30 0000 789C6366 		.ascii	"x\234cf\300\016\302\2414\023\203\204\224\021#\003\223"
ARM GAS  /var/folders/nz/mg232qzd5vg5_0nfk_8jw8mc0000gn/T//cc900oAl.s 			page 2


  30      C00EC2A1 
  30      34138384 
  30      94112303 
  30      93
  31 0011 C48A2D8C 		.ascii	"\304\212-\214\014l\013\344\231@\202\314<@\211\011~`"
  31      0C6C0BE4 
  31      994082CC 
  31      3C408909 
  31      7E60
  32 0023 9A918195 		.ascii	"\232\221\201\225\017(2\301\017\310g\204\250\225\276"
  32      0F2832C1 
  32      0FC86784 
  32      A895BE
  33 0032 768A9181 		.ascii	"v\212\221\201\375\226\032\026\265`\022\310\003\000\371"
  33      FD961A16 
  33      B56012C8 
  33      0300F9
  34 0041 D90AEB   		.ascii	"\331\012\353"
  35              		.text
  36              		.section	.gnu.lto_.pureconst.8fd2a2df111651ce,"",%progbits
  37 0000 789C6366 		.ascii	"x\234cf```e\200\000&\006+F+\000\001y\000\200"
  37      60606065 
  37      80002606 
  37      2B462B00 
  37      01790080 
  38              		.text
  39              		.section	.gnu.lto_chThdCreateFromHeap.8fd2a2df111651ce,"",%progbits
  40 0000 789C8D55 		.ascii	"x\234\215UkL\223W\030>\3579_\333OZ(\272\271)?\006\013"
  40      6B4C9357 
  40      183EEF39 
  40      5FDB4F5A 
  40      28BAB929 
  41 0017 21FC9858 		.ascii	"!\374\230X\267\030\227\375\330\346\342\262K\026\\\""
  41      B71897FD 
  41      D8E6E2B2 
  41      4B165C22 
  42 0027 C9FE2E58 		.ascii	"\311\376.X\273Ab\201\264xM\214_\261^\026e[\274\015T"
  42      BB416281 
  42      B4784D8C 
  42      5FB15E16 
  42      655BBC0D 
  43 003c BCE1850D 		.ascii	"\274\341\205\015\254\016t*\352(:\013\"^\230\334\024"
  43      AC0E742A 
  43      EA283A0B 
  43      225E98DC 
  43      14
  44 004d C4025E33 		.ascii	"\304\002^3\235`Q\254n\262\367=\037:\250\270\254I\323"
  44      9D6051AC 
  44      6EB2F73D 
  44      1F3AA8B8 
  44      AC49D3
  45 0060 7EE77D9E 		.ascii	"~\347}\236\347=\347}\237\363~\202=\377\231\214\337/"
  45      E73DE77D 
  45      9FF37E82 
  45      3DFF998C 
  45      DF2F
  46 0072 54C66EE0 		.ascii	"T\306n\340/\030\030\360\357\3172\346Q9W\352\004\323"
ARM GAS  /var/folders/nz/mg232qzd5vg5_0nfk_8jw8mc0000gn/T//cc900oAl.s 			page 3


  46      2F1818F0 
  46      EFCF32E6 
  46      513957EA 
  46      04D3
  47 0084 A244A08E 		.ascii	"\242D\240\2161\315\"@\321\327\025\000\372\303\200-\346"
  47      31CD2240 
  47      D1D71500 
  47      FAC3802D 
  47      E6
  48 0095 4281C570 		.ascii	"B\201\305p\213\367r8\354\353;c\276\311\303\234%0|\254"
  48      8BF77238 
  48      ECEB3B63 
  48      BEC9C39C 
  48      25307CAC 
  49 00a9 5C5D5B60 		.ascii	"\\][`\244GP\350\261\245\271\240eT\362NM\313\353\331"
  49      A44750E8 
  49      B1A5B9A0 
  49      6554F24E 
  49      4DCBEBD9 
  50 00bd 7E6076E1 		.ascii	"~`v\341\332\255\030\341,\304\031\354\2068(\2018\322"
  50      DAAD18E1 
  50      2CC419EC 
  50      86382881 
  50      38D2
  51 00cf FB119211 		.ascii	"\373\021\222\021\332\271+\334\254\212\327\201hM\033"
  51      DAB92BDC 
  51      AC8AD781 
  51      684D1B
  52 00de 9B1E1992 		.ascii	"\233\036\031\222\212\221\346\357(\327\246*a.\340'\020"
  52      8A91E6EF 
  52      28D7A62A 
  52      612EE027 
  52      10
  53 00ef 4379B8C4 		.ascii	"Cy\270\304\240\024\222\020}\376\224\247\315*\222%\263"
  53      A0149210 
  53      7DFE94A7 
  53      CD2A9225 
  53      B3
  54 0100 EFEE8956 		.ascii	"\357\356\211V\213\316\374Kg*P\026\311T\030\354\221\314"
  54      8BCEFC4B 
  54      672A5016 
  54      C95418EC 
  54      91CC
  55 0112 2797BF0B 		.ascii	"'\227\277\013\031\304\004\311\274\365\215\266\302(\231"
  55      19C404C9 
  55      BCF58DB6 
  55      C22899
  56 0121 C1D2EE66 		.ascii	"\301\322\356f\213\366I\230\033\300\027I\3052\355\325"
  56      8BF64998 
  56      1BC01749 
  56      C532EDD5 
  57 0131 936EE86B 		.ascii	"\223n\350kT\304\233\222\332\340\253o\264\352I\303zR"
  57      54C49B92 
  57      DAE0AB6F 
  57      B4EA49C3 
  57      7A52
  58 0143 23EC8B64 		.ascii	"#\354\213d\032\031\374,\231'K\252\253AL\221\314\335"
ARM GAS  /var/folders/nz/mg232qzd5vg5_0nfk_8jw8mc0000gn/T//cc900oAl.s 			page 4


  58      1A19FC2C 
  58      99274BAA 
  58      AB414C91 
  58      CCDD
  59 0155 15DB7B62 		.ascii	"\025\333{b\364\244e\335\027dR\023\224GRM\014*$\325\233"
  59      F4A465DD 
  59      17645213 
  59      9447524D 
  59      0C2A24D5 
  60 016a BF76BA78 		.ascii	"\277v\272xG2\265\256\266uf=\347-=\247\012\373#\211*"
  60      4732B5AE 
  60      B675663D 
  60      E72D3DA7 
  60      0AFB2389 
  61 017f 83039044 		.ascii	"\203\003\220Dp\217?\2771Z\274+\251K\016y\252,\211\333"
  61      708F3FBF 
  61      315ABC2B 
  61      A94B0E79 
  61      AA2C89DB 
  62 0193 28E99EE2 		.ascii	"(\351\236\342\032\213V\253y\203\003\003\361\330\031"
  62      1A8B56AB 
  62      79830303 
  62      F1D819
  63 01a2 F865B882 		.ascii	"\370e\270\202\376AJ\321\243\336\351b\252d\037.\361m"
  63      FE414AD1 
  63      A3DEE962 
  63      AA641F2E 
  63      F16D
  64 01b4 B7EA6C5F 		.ascii	"\267\352l_q`\010[\205C/`\327jk&\213\017%\273~\345\226"
  64      7160085B 
  64      85432F60 
  64      D76A6B26 
  64      8B0F25BB 
  65 01cb 422EEDE2 		.ascii	"B.\355\342\227\317\205\375\365\001\253\364\3138z\334"
  65      97CF85FD 
  65      F501ABF4 
  65      CB387ADC 
  66 01db D2B0EAA8 		.ascii	"\322\260\352\250\212\342~-x\254\373\263\177\265GA\245"
  66      8AE27E2D 
  66      78ACFBB3 
  66      7FB54741 
  66      A5
  67 01ec AE7D04B5 		.ascii	"\256}\004\265\217\016\325\356\365\376\335b6z5M\213\205"
  67      8F0ED5EE 
  67      F5FEDD62 
  67      367A354D 
  67      8B85
  68 01fe 83900887 		.ascii	"\203\220\010\207\361{\014\022\311ch\255_\301\010\214"
  68      F17B0C12 
  68      C96368AD 
  68      5FC1088C 
  69 020e 89A191BD 		.ascii	"\211\241\221\275c\374\332\300@Esg\276m3\217\003\254"
  69      63FCDAC0 
  69      40457367 
  69      BE6D338F 
  69      03AC
  70 0220 125A849C 		.ascii	"\022Z\204\234d\000r\005\326\032\201*P\233\315\030\214"
ARM GAS  /var/folders/nz/mg232qzd5vg5_0nfk_8jw8mc0000gn/T//cc900oAl.s 			page 5


  70      64007205 
  70      D61A812A 
  70      509BCD18 
  70      8C
  71 0231 8A06EA9B 		.ascii	"\212\006\352\233\025\250\005\243\201\3529\226\221\036"
  71      15A805A3 
  71      81EA3996 
  71      911E
  72 023f 63573105 		.ascii	"cW1\005\335\210khi\374\025\355\260\314\337\033\020\224"
  72      DD886B68 
  72      69FC15ED 
  72      B0CCDF1B 
  72      1094
  73 0251 B49F9B70 		.ascii	"\264\237\233po\233/|\353\343\213\036k+45\314\315!\216"
  73      6F9B2F7C 
  73      EBE38B1E 
  73      6B2B3435 
  73      CCCD218E 
  74 0265 5B812A58 		.ascii	"[\201*X\304\372\271\322\317\015\010\330\261n}\231\201"
  74      C4FAB9D2 
  74      CF0D08D8 
  74      B16E7D99 
  74      81
  75 0276 4E6FC14E 		.ascii	"No\301N\371!.\314\243Y3p\271m\334\005\252\260&\360\266"
  75      F9212ECC 
  75      A3593370 
  75      B96DDC05 
  75      AAB026F0 
  76 028b 2EB9916F 		.ascii	".\271\221o\034T\205d\375\354\327\320\376x?\305%\310"
  76      1C548564 
  76      FDECD7D0 
  76      FE783FC5 
  76      25C8
  77 029d 5BDFDBD1 		.ascii	"[\337\333\321k\2400\012V\025\035\3514\244\224b5T\262"
  77      6BA0300A 
  77      56151DE9 
  77      34A49462 
  77      3554B2
  78 02b0 2F1EF71E 		.ascii	"/\036\367\036\325\201A5\244\364\243\035\020\276\032"
  78      D5814135 
  78      A4F4A31D 
  78      10BE1A
  79 02bf 46C246E9 		.ascii	"F\302F\351X \354q\302\232\020\273\244`Y`S\224\236\331"
  79      5820EC71 
  79      C29A10BB 
  79      A4605960 
  79      53949ED9 
  80 02d3 8C4BB869 		.ascii	"\214K\270i\251\360\242\204\203\"\262\362'H\304L\360"
  80      A9F0A284 
  80      8322B2F2 
  80      2748C44C 
  80      F0
  81 02e4 F5232634 		.ascii	"\365#&4\352XA\330\337\010\033\375b\254I\307*\204=IX"
  81      EA5841D8 
  81      DF081BFD 
  81      62AC49C7 
  81      2A843D49 
ARM GAS  /var/folders/nz/mg232qzd5vg5_0nfk_8jw8mc0000gn/T//cc900oAl.s 			page 6


  82 02f9 EB30EC86 		.ascii	"\3530\354\206\273w\332\325\247XU\307\032\010\033 \354"
  82      BB77DAD5 
  82      A75855C7 
  82      1A081B20 
  82      EC
  83 030a 68AC685E 		.ascii	"h\254h^,Y%T\252\255\025\342c\351\273?\032\267\355\214"
  83      2C592554 
  83      AAAD15E2 
  83      63E9BB3F 
  83      1AB7ED8C 
  84 031e 922EEE29 		.ascii	"\222.\356)*\356\262\224\225k~\357V\355\311\373\003\""
  84      2AEEB294 
  84      956B7EEF 
  84      56EDC9FB 
  84      0322
  85 0330 CC63A066 		.ascii	"\314c\240f$#C-$\322\234\312\277_\001\324\263\230\004"
  85      2423432D 
  85      24D29CCA 
  85      BF5F01D4 
  85      B39804
  86 0343 06A730DA 		.ascii	"\006\2470\332\006y]\367\227_/0\016sc\320;O\332/\204"
  86      06795DF7 
  86      975F2F30 
  86      0E7363D0 
  86      3B4FDA2F 
  87 0358 E5181EA8 		.ascii	"\345\030\036\250\\\371\000\247H\035\205Dd(P?\236\322"
  87      5CF900A7 
  87      481D8544 
  87      6428503F 
  87      9ED2
  88 036a 30384D61 		.ascii	"08Ma%\302\340\014\352\301\210\0339C\256\006V\017\030"
  88      25C2E00C 
  88      EAC1881B 
  88      3943AE06 
  88      560F18
  89 037d BE72FBE1 		.ascii	"\276r\373\341\032\021\177\031\212\264\202\2040\026\006"
  89      1A117F19 
  89      8AB48284 
  89      301606
  90 038c 97D6B53D 		.ascii	"\227\326\265=\366D)\330\0058\013\361\362\222lX\372C"
  90      F64429D8 
  90      05380BF1 
  90      F2926C58 
  90      FA43
  91 039e A10557E0 		.ascii	"\241\005W\340\034(r\317\014\316\203\202\201\272\345"
  91      1C2872CF 
  91      0CCE8382 
  91      81BAE5
  92 03ad 5B1F28F1 		.ascii	"[\037(\361\301A\266\254\322\371\333\201\312Q\222\335"
  92      C141B6AC 
  92      D2F9DB81 
  92      CA5192DD 
  93 03bd 406CF81D 		.ascii	"@l\370\035'y;x\203;\373'\351N\030\033\351\354\321!*"
  93      27793B78 
  93      833BFB27 
  93      E94E181B 
  93      E9ECD121 
ARM GAS  /var/folders/nz/mg232qzd5vg5_0nfk_8jw8mc0000gn/T//cc900oAl.s 			page 7


  94 03d2 375C4067 		.ascii	"7\\@gc\250\361\372\343\200\005C\232\346\177/\314\307"
  94      63A8F1FA 
  94      E3800543 
  94      9AE67F2F 
  94      CCC7
  95 03e4 503B88C7 		.ascii	"P;\210\307\240\021\026\205\371K\324\015-Z:\374 9|,\265"
  95      A0111685 
  95      F94BD40D 
  95      2D5A3AFC 
  95      20397C2C 
  96 03f9 B267DFDD 		.ascii	"\262g\337\335\0061\330\315+W\3175\2507\345{\202\344"
  96      0631D8CD 
  96      2B57CF35 
  96      A837E57B 
  96      82E4
  97 040b 0E3CDC72 		.ascii	"\016<\334r'\272\0106zP\317\020\346/#\003\232\350\004"
  97      27BA0836 
  97      7A50CF10 
  97      E62F2303 
  97      9AE804
  98 041e 18DBD4B7 		.ascii	"\030\333\324\267\346\2425\345\2150.5C\021\334\303\031"
  98      E6A235E5 
  98      8D302E35 
  98      4311DCC3 
  98      19
  99 042f 8BFB6881 		.ascii	"\213\373h\201\024\214\325\024\335,WH\346\025,U+\022"
  99      148CD514 
  99      DD2C5748 
  99      E6152C55 
  99      2B12
 100 0441 DA61A9BF 		.ascii	"\332a\251\277\252Fz\206E\236\340\325\020Q\341\242\274"
 100      AA467A86 
 100      459EE0D5 
 100      1051E1A2 
 100      BC
 101 0452 9B743ECF 		.ascii	"\233t>\317\256#\253L\304\036\207\313\227\350b\216\177"
 101      AE23AB4C 
 101      C41E87CB 
 101      97E8628E 
 101      7F
 102 0463 66A361D6 		.ascii	"f\243a\326\371\363\377Y\247MZ\347\331\321bp\251\375"
 102      F9F3FF59 
 102      A74D5AE7 
 102      D9D16270 
 102      A9FD
 103 0475 3FACB370 		.ascii	"?\254\263p\320:\246\347\014p\231\014\020a\232\323g\260"
 103      D03AA6E7 
 103      0C70990C 
 103      10619AD3 
 103      67B0
 104 0487 BA1D8457 		.ascii	"\272\035\204W#C\313:\306Sn\006WF\366SP\372\251s\210"
 104      2343CB3A 
 104      C6536E06 
 104      5746F653 
 104      50FAA973 
 105 049c 9F76DC09 		.ascii	"\237v\334\011V\032\237Z\245]Z\245KZ%\322\027\335\240"
 105      561A9F5A 
ARM GAS  /var/folders/nz/mg232qzd5vg5_0nfk_8jw8mc0000gn/T//cc900oAl.s 			page 8


 105      A55D5AA5 
 105      4B5A25D2 
 105      17DDA0
 106 04af C839A4C8 		.ascii	"\3109\244\310\331w\011\216\267\312\231@\375\246\327"
 106      D977098E 
 106      B7CA9940 
 106      FDA6D7
 107 04be 53F5C57E 		.ascii	"S\365\305~\343\224\375\332\012\300\341\315\340*La\035"
 107      E394FDDA 
 107      0AC0E1CD 
 107      E02A4C61 
 107      1D
 108 04cf E089C5F2 		.ascii	"\340\211\305\362\342\210\271\016@=\344\276\276\000\307"
 108      E288B90E 
 108      403DE4BE 
 108      BE00C7
 109 04de 7A8BB263 		.ascii	"z\213\262c\026\034\246@B\250\377\332\264\214\314\231"
 109      161CA640 
 109      42A8FFDA 
 109      B48CCC99 
 110 04ee 999FA7D9 		.ascii	"\231\237\247\331\262\3356W\256\315\355\262\333\354\031"
 110      B2DD3657 
 110      AECDEDB2 
 110      DBEC19
 111 04fd B31664A5 		.ascii	"\263\026d\245;3\355\023\355\314\220\341H\317\311Q\334"
 111      3B33ED13 
 111      EDCC90E1 
 111      48CFC951 
 111      DC
 112 050e 990B1D0A 		.ascii	"\231\013\035\012\2569\224\034Wf6\317\371J\244\273\276"
 112      AE39941C 
 112      576636CF 
 112      F94AA4BB 
 112      BE
 113 051f E6B93962 		.ascii	"\346\2719b\236;\207\347\3162\314M\237=\3071a\210\224"
 113      9E3B87E7 
 113      CE32CC4D 
 113      9F3DC731 
 113      618894
 114 0532 3DDBE9CC 		.ascii	"=\333\351\314\316\262\345d\273r\335\266\017f\244NK\235"
 114      CEB2E564 
 114      BB72DDB6 
 114      0F66A44E 
 114      4B9D
 115 0544 8FBAF66C 		.ascii	"\217\272\366l\227\343\313\271o;'f\260\267\236\007;\346"
 115      97E3CBB9 
 115      6F3B2766 
 115      B0B79E07 
 115      3BE6
 116 0556 E7DAA6A5 		.ascii	"\347\332\246\245\246}\232f\313\314\262\317\2363\313"
 116      A67D9A66 
 116      CBCCB2CF 
 116      9E33CB
 117 0565 619378BB 		.ascii	"a\223x\273\363\2439Yv\244Dl\365\031(\303\275\300\215"
 117      F3A33959 
 117      76A4446C 
 117      F51928C3 
ARM GAS  /var/folders/nz/mg232qzd5vg5_0nfk_8jw8mc0000gn/T//cc900oAl.s 			page 9


 117      BDC08D
 118 0578 E1D8D4B4 		.ascii	"\341\330\324\264\031\0113\323\335\016\334\342\204\204"
 118      190933D3 
 118      DD0EDCE2 
 118      8484
 119 0586 A4498CBB 		.ascii	"\244I\214\273\230\311\351pf\273\026\260\177\000\216"
 119      98C9E970 
 119      66BB16B0 
 119      7F008E
 120 0595 E23115   		.ascii	"\3421\025"
 121              		.text
 122              		.section	.gnu.lto_chThdCreateFromMemoryPool.8fd2a2df111651ce,"",%progbits
 123 0000 789C8D55 		.ascii	"x\234\215U\375O\223W\024\276\347\336\267oK)\026\335"
 123      FD4F9357 
 123      14BEE7DE 
 123      B76F4B29 
 123      16DD
 124 0012 D8942583 		.ascii	"\330\224%\203\205\021\263L\254.\316\355\207en1Y\266"
 124      8511B34C 
 124      AC2ECEED 
 124      87656E31 
 124      59B6
 125 0024 1834913F 		.ascii	"\0304\221?`\301\332\015\022KI\213N\1770\276\005\374"
 125      60C1DA0D 
 125      124B498B 
 125      4E7F30BE 
 125      05FC
 126 0036 8AB22D7E 		.ascii	"\212\262-~\015\330\230\2102?p8\301O\324Y\034\"C\374"
 126      0DD89888 
 126      323F7038 
 126      C14FD459 
 126      1C2243FC 
 127 004a 40415014 		.ascii	"@AP\024+\0036\243L\260L\354\210\262s\356\013\014\012"
 127      2B0336A3 
 127      4CB04CEC 
 127      88B273EE 
 127      0B0C0A
 128 005d 2C6BD28F 		.ascii	",k\322\217\367\236\3479\367\234\363<\367V\260\261\257"
 128      F79EE739 
 128      F79CF33C 
 128      F756B0B1 
 128      AF
 129 006e 39F8DE6F 		.ascii	"9\370\336ob\354.~\203\201\001\377\3722c^\023\347J\255"
 129      62EC2E7E 
 129      838101FF 
 129      FA32635E 
 129      13E74AAD 
 130 0082 609A5954 		.ascii	"`\232YT\3272\246Y\004(\372\272\002@?\030\2605\\(\260"
 130      D732A659 
 130      0428FABA 
 130      02403F18 
 130      B0355C28 
 131 0097 06EEF31E 		.ascii	"\006\356\363\036\016'K{/\205\377\301\203\234\3052|\254"
 131      0E274B7B 
 131      2F85FFC1 
 131      839CC532 
 131      7CAC
ARM GAS  /var/folders/nz/mg232qzd5vg5_0nfk_8jw8mc0000gn/T//cc900oAl.s 			page 10


 132 00a9 D85293AB 		.ascii	"\330R\223\253\322#(\364\330t#\267)lz\261\246evoi\\\226"
 132      D22328F4 
 132      D87423B7 
 132      296C7AB1 
 132      A665766F 
 133 00c0 B7AD1023 		.ascii	"\267\255\020#\234\0058\203\275\020\015\373 \232\362"
 133      9C053883 
 133      BD100DFB 
 133      209AF2
 134 00cf ED87E908 		.ascii	"\355\207\351\010\365\326o\314\262\210\327\200h\367\366"
 134      F5D66FCC 
 134      B288D780 
 134      68F7F6
 135 00de 9C2B84F8 		.ascii	"\234+\204\370\335H\363=,\323>P\202\\\300\001\020#y\270"
 135      DD48F33D 
 135      2CD33E50 
 135      825CC001 
 135      102379B8 
 136 00f2 C4A004E2 		.ascii	"\304\240\004\342\021\375\374\316W\001\203x]2\357o\324"
 136      11FDFCCE 
 136      57018378 
 136      5D32EF6F 
 136      D4
 137 0103 36A83A73 		.ascii	"6\250:s\363n\365\343 W\340`(Qa\360\243$^\315\357mP\304"
 137      F36EF5E3 
 137      2057E060 
 137      285161F0 
 137      A3245ECD 
 138 011b 1B92585F 		.ascii	"\033\222X_Z\327`\225D\377\201\342&\213\206T\003\224"
 138      5AD76095 
 138      44FF81E2 
 138      268B8654 
 138      0394
 139 012d 8652714A 		.ascii	"\206RqJ\207$\365\374\276\312J\0203%uoyQ\367$}\317~\275"
 139      8724F5FC 
 139      BECA4A10 
 139      3325756F 
 139      7951F724 
 140 0145 5A157E0A 		.ascii	"Z\025~\012e\252\014\016Kfv\316\266\205b\266$jm-\333"
 140      65AA0C0E 
 140      4B6676CE 
 140      B68562B6 
 140      246A6D2D 
 141 015a C375628E 		.ascii	"\303ub\216,\326\010e\241<#\203r\210'\264\327\227\323"
 141      2CD60865 
 141      A13C2383 
 141      728827B4 
 141      D797D3
 142 016d 1021DE96 		.ascii	"\020!\336\226\314\254\023\336\263\226\270]TmI\361\005"
 142      CCAC13DE 
 142      B396B85D 
 142      546D49F1 
 142      05
 143 017e 8B56A365 		.ascii	"\213V\243e\373\007\006bp\270pdt\006\375\205\224\202"
 143      FB070662 
 143      70B87064 
 143      7406FD85 
ARM GAS  /var/folders/nz/mg232qzd5vg5_0nfk_8jw8mc0000gn/T//cc900oAl.s 			page 11


 143      9482
 144 0190 BF7B168A 		.ascii	"\277{\026\212w%\373\344\276\322\"\253\316>X\\=\202m"
 144      7725FBE4 
 144      BED222AB 
 144      CE3E585C 
 144      3D826D
 145 01a3 846313B0 		.ascii	"\204c\023\260k\264\255s\304{\222]\267ig\036\227\212"
 145      6BB4AD73 
 145      C47B925D 
 145      B769671E 
 145      978A
 146 01b5 FBE4735E 		.ascii	"\373\344s^_]\265UJ>\225\036w\326o>m\302\344>\315\177"
 146      5F5DB555 
 146      4A3E951E 
 146      77D66F3E 
 146      6DC2E43E 
 147 01cb A663C1BF 		.ascii	"\246c\301\277\271MpB\317}\022sW\214\314\335\223\375"
 147      B94D7042 
 147      CF7D1273 
 147      578CCCDD 
 147      93FD
 148 01dd AC295CCD 		.ascii	"\254)\\\315\3264-\022\216B\034\034\207\270g\210;\005"
 148      D6342D12 
 148      8E421C1C 
 148      87B86788 
 148      3B05
 149 01ef 71E41434 		.ascii	"q\344\0244\310iP\20111\024\244\310\241)>m`\240\274\261"
 149      C8695081 
 149      313114A4 
 149      C8A1293E 
 149      6D60A0BC 
 150 0204 A87C5657 		.ascii	"\250|VW\374+\200\203B\245\311\0178g\204\030\201$6\343"
 150      FC2B8083 
 150      42A5C90F 
 150      38678418 
 150      812436E3 
 151 0218 7258387E 		.ascii	"rX8~\230#\200t\263\002i0\031h\242Q\214\3221\326\216"
 151      98238074 
 151      B3026930 
 151      1968A251 
 151      8CD231D6 
 152 022d 3B90AD3B 		.ascii	";\220\255;\320\227\370-nC\266\257\247V\320\236}\\\305"
 152      D097F82D 
 152      6E43B6AF 
 152      A756D09E 
 152      7D5CC5
 153 0240 EABEBFFE 		.ascii	"\352\276\277\376e)_\335\257m\320LA\036\036\340X\011"
 153      65295FDD 
 153      AF6DD04C 
 153      411E1EE0 
 153      5809
 154 0252 9C81D5AC 		.ascii	"\234\201\325\254\217\243\320\026v\003\270\254\0177E"
 154      8FA3D016 
 154      7603B8AC 
 154      0F3745
 155 0261 3C6B84EC 		.ascii	"<k\204\354\346\254\337\267\253\203|\230\256\367\331"
 155      E6ACDFB7 
ARM GAS  /var/folders/nz/mg232qzd5vg5_0nfk_8jw8mc0000gn/T//cc900oAl.s 			page 12


 155      AB837C98 
 155      AEF7D9
 156 0270 816EC5E3 		.ascii	"\201n\305\343$nA\346\216\236\326\307\006\012c\356\263"
 156      246E41E6 
 156      8E9ED6C7 
 156      060A63EE 
 156      B3
 157 0281 05A7EE19 		.ascii	"\005\247\356\031\022J\260s\0239\025\373zL\0153\370\031"
 157      124AB073 
 157      133915FB 
 157      7A4C0D33 
 157      F819
 158 0293 12FA507A 		.ascii	"\022\372Pz\204o\201\361\260f\035\013\204=KX\225\260"
 158      846F81F1 
 158      B0661D0B 
 158      843D4B58 
 158      95B0
 159 02a5 C70EB797 		.ascii	"\307\016\267\227\205\351;\233\221q\267\375J\275\211"
 159      85E93B9B 
 159      9171B7FD 
 159      4ABD89
 160 02b4 841172CC 		.ascii	"\204\021r\314G\237\356\354\212(\200o\275\232\346[\024"
 160      479FEEEC 
 160      8A28806F 
 160      BD9AE65B 
 160      14
 161 02c5 E411D800 		.ascii	"\344\021\330\000\370H\007\214}\327\273\365\246U&\367"
 161      F848078C 
 161      7DD7BBF5 
 161      A65526F7 
 162 02d5 2D08F249 		.ascii	"-\010\362IP\011\005\360\230\313\341\237\203\004\314"
 162      500905F0 
 162      98CBE19F 
 162      8304CC
 163 02e4 9D95BB6E 		.ascii	"\235\225\273n\206\2369\0347\303\374\262\266\211Z\031"
 163      869E391C 
 163      37C3FCB2 
 163      B6895A19 
 164 02f4 2C4F10FF 		.ascii	",O\020\377\027*/\234\340;\306m\305\240c\025\302V\021"
 164      172A2F9C 
 164      E03BC66D 
 164      C5A06315 
 164      C25611
 165 0307 366262AC 		.ascii	"6bb\254\252c\015\204=OX\353(l\376\243\256\333\246!\254"
 165      AA630D84 
 165      3D4F58EB 
 165      286CFEA3 
 165      AEDBA621 
 166 031c 51C7AA84 		.ascii	"Q\307\252\204\255&\354d\324*3\222\272\015\224h\333\204"
 166      AD26EC64 
 166      D42A3392 
 166      BA0D9468 
 166      DB84
 167 032e 9827DDFB 		.ascii	"\230'\335\373\240aW\261Y\236\205\356\234\335m\226\203"
 167      A06157B1 
 167      599E85EE 
 167      9CDD6D96 
ARM GAS  /var/folders/nz/mg232qzd5vg5_0nfk_8jw8mc0000gn/T//cc900oAl.s 			page 13


 167      83
 168 033f 659A2FBB 		.ascii	"e\232/\273P{>o@\004\271\025.\214w\034\240\006\342\350"
 168      507B3E6F 
 168      4004B915 
 168      2E8C771C 
 168      A006E2E8 
 169 0353 92CAF9AB 		.ascii	"\222\312\371\253\034h\274\326X\006\277b\264\0052\333"
 169      1C68BCD6 
 169      5806BF62 
 169      B40532DB 
 170 0363 1AD777E6 		.ascii	"\032\327w\346\252\243<\355\337s\034\244\205\0038\317"
 170      AAA33CED 
 170      DF731CA4 
 170      850338CF 
 171 0373 D191FC4D 		.ascii	"\321\221\374MO\360B\251\245\220\010\015U\327M\243}\030"
 171      4FF042A9 
 171      A590080D 
 171      55D74DA3 
 171      7D18
 172 0385 5CA4B012 		.ascii	"\\\244\260\022rN\030\324\001v\006\227\350d\000\253\002"
 172      724E18D4 
 172      01760697 
 172      E86400AB 
 172      02
 173 0396 92FBE1D3 		.ascii	"\222\373\341\323\255\"\246\021\012\264\334\330 \227"
 173      AD22A611 
 173      0AB4DCD8 
 173      2097
 174 03a4 8D6E6FE9 		.ascii	"\215no\351\367\232\025\224\021.C\214\024:\177\3557y"
 174      F79A1594 
 174      112E438C 
 174      143A7FED 
 174      3779
 175 03b6 165C812B 		.ascii	"\026\\\201+\240\310\242\031\\\005\005\003\265\353\013"
 175      A0C8A219 
 175      5C050503 
 175      B5EB0B
 176 03c5 9F2831CD 		.ascii	"\237(1\315\203\354\311\204\275\372\260\272\"L\262\353"
 176      83ECC984 
 176      BDFAB0BA 
 176      224CB2EB 
 177 03d5 890DD7F0 		.ascii	"\211\015\327\360N\307\343\341?\177|\266n\205\250\320"
 177      4EC7E3E1 
 177      3F7F7CB6 
 177      6E85A8D0 
 178 03e5 E3312540 		.ascii	"\3431%@\332\300u<\036\030j\350\354\257\266`\010M\365"
 178      DAC0753C 
 178      1E186AE8 
 178      ECAFB660 
 178      084DF5
 179 03f8 7E90BF40 		.ascii	"~\220\277@z\020\217A\003\254\016\362\027I\016-B\036"
 179      7A108F41 
 179      03AC0EF2 
 179      17490E2D 
 179      421E
 180 040a 9EA37478 		.ascii	"\236\243tx\242H\313\356\356G\327\304\240\234\303\376"
 180      A248CBEE 
ARM GAS  /var/folders/nz/mg232qzd5vg5_0nfk_8jw8mc0000gn/T//cc900oAl.s 			page 14


 180      EE47D7C4 
 180      A09CC3FE 
 181 041a E563FC6B 		.ascii	"\345c\374k\010\362(d@\343(\377\276\031\344/\301\015"
 181      08F22864 
 181      40E328FF 
 181      BE19E42F 
 181      C10D
 182 042c 695D23E9 		.ascii	"i]#\351\324\004\011\324rSG\257\2404/c\333\315H \313"
 182      D40409D4 
 182      725347AF 
 182      A0342F63 
 182      DBCD4820 
 183 0441 1CEE1DDE 		.ascii	"\034\356\035\336\346\277\362\026=\250j\233Dy\215pS\346"
 183      E6BFF216 
 183      3DA86A9B 
 183      44798D70 
 183      53E6
 184 0453 3551DE5B 		.ascii	"5Q\336[d'\232\305Z\337\365\213\322|,t\022S\003\344<"
 184      64279AC5 
 184      5ADFF58B 
 184      D27C2C74 
 184      125303E4 
 185 0468 68911705 		.ascii	"h\221\027\005\315\311\373\303\251\315F\252b\032.\337"
 185      CDC9FBC3 
 185      A9CD46AA 
 185      621A2EDF 
 186 0478 86E8208F 		.ascii	"\206\350 \217\036\366\343(\017\376\371\377<xGzpxDV\\"
 186      1EF6E328 
 186      0FFEF9FF 
 186      3C78477A 
 186      70784456 
 187 048d 6A9DD883 		.ascii	"j\235\330\203U\025C\0364\216q\322]rR\210\373.^B\231"
 187      5515431E 
 187      348E71D2 
 187      5D725288 
 187      FB2E5E42 
 188 04a2 FC843785 		.ascii	"\374\2047\205\206\326\265N\243\315\031\334\033\337\230"
 188      86D6B54E 
 188      A3CD19DC 
 188      1BDF98
 189 04b1 6DD298BF 		.ascii	"m\322\230\277\2150\346\236.\177\205:\344\271V\351\271"
 189      8D30E69E 
 189      2E7F853A 
 189      E4B956E9 
 189      B9
 190 04c2 76E9B950 		.ascii	"v\351\271P\203u\200\"\357JE\336\304\267\340\\\263\274"
 190      83758022 
 190      EF4A45DE 
 190      C4B7E05C 
 190      B3BC
 191 04d4 5DC838F4 		.ascii	"]\3108\364oYy\263O\235{D\333\000\370g\302\240\023\346"
 191      6F5979B3 
 191      4F9D7B44 
 191      DB00F867 
 191      C2A013E6 
 192 04e8 B256F046 		.ascii	"\262V\360F\342|\361\032\354\004 \321xio-\307\201\213"
 192      E27CF11A 
ARM GAS  /var/folders/nz/mg232qzd5vg5_0nfk_8jw8mc0000gn/T//cc900oAl.s 			page 15


 192      EC0420D1 
 192      78696F2D 
 192      C7818B
 193 04fb BA3B16BC 		.ascii	"\272;\026\274\332\201\022a\376W\347\247\244.I]\224d"
 193      DA811261 
 193      FE57E7A7 
 193      A42E495D 
 193      9464
 194 050d 73796CEE 		.ascii	"syl\356\014\233\307m\267\331S\226\256JKv\246\332g\332"
 194      0C9BC76D 
 194      B7D95396 
 194      AE4A4B76 
 194      A6DA67DA 
 195 0521 1977A62B 		.ascii	"\031w\246+\370\333\241\244\273S]<\3753\221\354\376\234"
 195      F8DBA1A4 
 195      BB535D3C 
 195      FD3391EC 
 195      FE9C
 196 0533 67A48B2F 		.ascii	"g\244\213/<\351<c\251aE\362\262\345\216\031#R\330]N"
 196      3CE93C63 
 196      A96145F2 
 196      B2E58E19 
 196      2352D85D 
 197 0548 A72BCD96 		.ascii	"\247+\315\226\356rgxl\037.N\234\237\270\022\363\331"
 197      EE726778 
 197      6C1F2E4E 
 197      9C9FB812 
 197      F3D9
 198 055a 5D6EC7A7 		.ascii	"]n\307\247+\336q\316Lao\215\005;Vf\330\346'&}\222dK"
 198      2BDE71CE 
 198      4C616F8D 
 198      053B5666 
 198      D8E62726 
 199 0572 4DB32F5B 		.ascii	"M\263/[\276\324a\223x\273\363\243\345iv\244\204\224"
 199      BED46193 
 199      78BBF3A3 
 199      E56976A4 
 199      8494
 200 0584 380C4AF1 		.ascii	"8\014J\361\254\362`821iq\354\222d\217\003K\234\021\033"
 200      ACF26038 
 200      32316971 
 200      EC92648F 
 200      034B9C11 
 201 0599 3F8B7137 		.ascii	"?\213q73:\035N\227{\025\373\007\325\332L]"
 201      333A1D4E 
 201      977B15FB 
 201      07D5DA4C 
 201      5D
 202              		.text
 203              		.section	.gnu.lto_.symbol_nodes.8fd2a2df111651ce,"",%progbits
 204 0000 789C4DC9 		.ascii	"x\234M\3111\012\203`\014\206\341\367K\024z\012\257\032"
 204      310A8360 
 204      0C86E1F7 
 204      4B147A0A 
 204      AF1A
 205 0012 8782D0C9 		.ascii	"\207\202\320\311\241s\351\340-\324\226\202\263g\350"
 205      A173E9E0 
ARM GAS  /var/folders/nz/mg232qzd5vg5_0nfk_8jw8mc0000gn/T//cc900oAl.s 			page 16


 205      2DD49682 
 205      B367E8
 206 0021 452AA6E8 		.ascii	"E*\246\350\360gI\336'\016\3349\307F\005\364+D\360x^"
 206      F06749DE 
 206      270EDC39 
 206      C74605F4 
 206      2B44F078 
 207 0036 B049A112 		.ascii	"\260I\241\022\364V\330\001\264m\366K\341e\317\212\252"
 207      F456D801 
 207      B46DF64B 
 207      E165CF8A 
 207      AA
 208 0047 EC8FA22E 		.ascii	"\354\217\242.\332\251\030\276\233<\257\241\3735\216"
 208      DAA918BE 
 208      9B3CAFA1 
 208      FB358E
 209 0056 71BDE556 		.ascii	"q\275\345V}x~\226\277\313X\322\331\001\377r)e"
 209      7D787E96 
 209      BFCB58D2 
 209      D901FF72 
 209      2965
 210              		.text
 211              		.section	.gnu.lto_.refs.8fd2a2df111651ce,"",%progbits
 212 0000 789C6366 		.ascii	"x\234cf```d\200\002\000\000=\000\005"
 212      60606064 
 212      80020000 
 212      3D0005
 213              		.text
 214              		.section	.gnu.lto_.decls.8fd2a2df111651ce,"",%progbits
 215 0000 789CB53A 		.ascii	"x\234\265:mTT\311\225]\257\372\213\246\201Y\231\231"
 215      6D5454C9 
 215      955DAFFA 
 215      8BA68159 
 215      9999
 216 0012 4CDCC964 		.ascii	"L\334\311dBv9\223\335QL2\311d~\354If\335$\223\315Nf"
 216      42763993 
 216      DD514C32 
 216      C9647EEC 
 216      4966DD24 
 217 002a 366EB267 		.ascii	"6n\262gO\366\234\016\323\364\010;|\245\273\031\307\375"
 217      4FF69C0E 
 217      D3F4083B 
 217      7CA5BB19 
 217      C7FD
 218 003c B30F0105 		.ascii	"\263\017\001\005\004AP\004\025h\004\344SAE\345C\240"
 218      04415004 
 218      156804E4 
 218      534145E5 
 218      43A0
 219 004e 05515054 		.ascii	"\005QPTT\024\021\021\004\344C\003\202\240 \362\261\267"
 219      54141111 
 219      04E44303 
 219      82A020F2 
 219      B1B7
 220 0060 AA5E77BF 		.ascii	"\252^w\277n^\343\344\354Y\316\271\274\272U\267n\335"
 220      6E5EE3E4 
 220      EC59CEB9 
ARM GAS  /var/folders/nz/mg232qzd5vg5_0nfk_8jw8mc0000gn/T//cc900oAl.s 			page 17


 220      BCBA55B7 
 220      6EDD
 221 0072 7BEB7E54 		.ascii	"{\353~T\275\327X&\223\215\"\231l\031\376\022\327\313"
 221      BDD75826 
 221      938D2299 
 221      6C19FE12 
 221      D7CB
 222 0084 64934A99 		.ascii	"d\223J\231\014C\337\2472\366|\035\000\272d\037\311\330"
 222      0C43DFA7 
 222      32F67C1D 
 222      00BA641F 
 222      C9D8
 223 0096 1F69D703 		.ascii	"\037i\327\003}'@7\300c\200\247\000\317\221l\305\037"
 223      7D274037 
 223      C06380A7 
 223      00CF916C 
 223      C51F
 224 00a8 A15B0B4F 		.ascii	"\241[\013Oo\000-\300\177\002\236\011\020\0030\006x-"
 224      6F002DC0 
 224      7F029E09 
 224      10033006 
 224      782D
 225 00ba 4015B43F 		.ascii	"@\025\264?\021d\230\205\347<bkM\303\3634<\027\341\311"
 225      11649885 
 225      E73C626B 
 225      4DC3F334 
 225      3C17E1C9 
 226 00ce 71200B80 		.ascii	"q \013\200\034`\034\360_\003(\021\223M\3011\231\272"
 226      1C601CF0 
 226      5F032811 
 226      934DC131 
 226      99BA
 227 00e0 0057C1B3 		.ascii	"\000W\301\263\037\236\003\000\203\000}\000\367\001\206"
 227      1F9E0300 
 227      83007D00 
 227      F70186
 228 00ef 007E0FE0 		.ascii	"\000~\017\340!\310D\344U\303<\015\300+\034\323\201\350"
 228      21C844E4 
 228      55C33C0D 
 228      C02B1CD3 
 228      81E8
 229 0101 B206DAAF 		.ascii	"\262\006\332\257r+\365 \272\376\265\213\036\355nt \262"
 229      722BF520 
 229      BAFEB58B 
 229      1EED6E74 
 229      20B2
 230 0113 133D5E03 		.ascii	"\023=^\003>\263\200_\024\364\375Ku\361\020\351r\301"
 230      3EB3805F 
 230      14F4FD4B 
 230      75F110E9 
 230      72C1
 231 0125 8D3E9F08 		.ascii	"\215>\237\010t\235\202\375W\323\211l\317[.\272Mq\250"
 231      749D82FD 
 231      57D3896C 
 231      CF5B2EBA 
 231      4D71A8
 232 0138 D03ABB93 		.ascii	"\320:\273\223\033\345\220\267\306\"'xiu\342\0135\340"
ARM GAS  /var/folders/nz/mg232qzd5vg5_0nfk_8jw8mc0000gn/T//cc900oAl.s 			page 18


 232      1BE590B7 
 232      C6222778 
 232      6975E20B 
 232      35E0
 233 014a 5ACD3F11 		.ascii	"Z\315?\021\264\344\370\221\011\016s\210\264\3633\357"
 233      B4E4F891 
 233      090E7388 
 233      B4F333EF 
 234 015a 776ADE2D 		.ascii	"wj\336-\345y>\236\267\336F\016\036\203\271\227\206}"
 234      E5793E9E 
 234      B7DE460E 
 234      1E83B997 
 234      867D
 235 016c F01A4A34 		.ascii	"\360\032J4\234\177\364\2207~\223\266k\216\316\\\366"
 235      9C7FF490 
 235      377E93B6 
 235      6B8ECE5C 
 235      F6
 236 017d A4BCDF26 		.ascii	"\244\274\337&hmZk\246\222\262\246+=\232\337\225\252"
 236      686D5A6B 
 236      A692B2A6 
 236      2B3D9ADF 
 236      95AA
 237 018f C6DFA194 		.ascii	"\306\337\241\224\267R\036uj\261?m76\314\235\327\340"
 237      B7521E75 
 237      6AB13F6D 
 237      3736CC9D 
 237      D7E0
 238 01a1 F5B49D14 		.ascii	"\365\264\235\024\337\337\246\301\357\323v\364\341\272"
 238      DFDFA6C1 
 238      EFD376F4 
 238      E1BA
 239 01af 24154CFF 		.ascii	"$\025L\377\216\206.\332w\340y\201\007E\211\347\372@"
 239      8E862EDA 
 239      77E07981 
 239      074589E7 
 239      FA40
 240 01c1 17D73ACC 		.ascii	"\027\327:\314\347{#\177M\001\2108\231\230?\360Q\014"
 240      E77B237F 
 240      4D018838 
 240      99983FF0 
 240      510C
 241 01d3 FF33740A 		.ascii	"\3773t\012i\320q\204Q)z\027\244\245\263\311_<\317o\343"
 241      69D07184 
 241      51297A17 
 241      A4A5B3C9 
 241      5F3CCF6F 
 242 01e8 5363788F 		.ascii	"Scx\217Vo\031:\202\326\242\243h\255\014\235D\376@Ai"
 242      566F193A 
 242      82D6A2A3 
 242      68AD0C9D 
 242      44FE4041 
 243 01fd D109E8AC 		.ascii	"\321\011\350\254\202N`\334\262\320\020\253@\032\177"
 243      824E60DC 
 243      B2D010AB 
 243      401A7F
 244 020c E949D512 		.ascii	"\351I\325\022\223\250\010\015qi\257\363\274\034\235"
ARM GAS  /var/folders/nz/mg232qzd5vg5_0nfk_8jw8mc0000gn/T//cc900oAl.s 			page 19


 244      93A8080D 
 244      7169AFF3 
 244      BC1C9D
 245 021b 06118E39 		.ascii	"\006\021\2169D\000\211l\246\343\012\306\266\225)l\""
 245      4400896C 
 245      A6E30AC6 
 245      B695296C 
 245      22
 246 022c F7ED1808 		.ascii	"\367\355\030\010&\"\327\002}\245\203\3764ZU\346\032"
 246      2622D702 
 246      7DA583FE 
 246      345A55E6 
 246      1A
 247 023d 499951C7 		.ascii	"I\231Q\307\376\231N9.b[W\2607\243\\AM\257&h\361\203"
 247      FE994E39 
 247      2E625B57 
 247      B037A35C 
 247      414DAF26 
 248 0254 17931EB8 		.ascii	"\027\223\036\270\234\215\235\277|m\0101\017\340\010"
 248      9C8D9DBF 
 248      7C6D0831 
 248      0FE008
 249 0263 9E3778F1 		.ascii	"\2367x\361\222'\245\375\033\202\246\026Y\317{\342\032"
 249      9227A5FD 
 249      1B82A616 
 249      59CF7BE2 
 249      1A
 250 0274 467BFD49 		.ascii	"F{\375I\015\257\302-\024\341\222\257\365-\311\221\277"
 250      0DAFC22D 
 250      14E192AF 
 250      F52DC991 
 250      BF
 251 0285 96CA9E53 		.ascii	"\226\312\236S6\375U4\310\336\214\264\350\254C\366O\264"
 251      36FD5534 
 251      C8DE8CB4 
 251      E8AC43F6 
 251      4FB4
 252 0297 4CF44487 		.ascii	"L\364D\207\350\350\323\327\035\3027\201\360\237h\005"
 252      E8E8D3D7 
 252      1DC23781 
 252      F09F6805 
 253 02a7 6A58E019 		.ascii	"jX\340\031\177>\321\007\317\262\325\022\247c\317j\361"
 253      7F3ED107 
 253      CFB2D512 
 253      A763CF6A 
 253      F1
 254 02b8 3C431ED7 		.ascii	"<C\036\327\267e\373\340E\206\214N\215\336\362\306<\246"
 254      B765FBE0 
 254      45868C4E 
 254      8DDEF2C6 
 254      3CA6
 255 02ca 48FA43EB 		.ascii	"H\372C\353\2007\216a\310\245\201\271i-\225\376\025\202"
 255      80378E61 
 255      C8A581B9 
 255      692D95FE 
 255      1582
 256 02dc 1E6A1C8C 		.ascii	"\036j\034\214\321\342\355l\254'u{\261\007N`H\326l\373"
ARM GAS  /var/folders/nz/mg232qzd5vg5_0nfk_8jw8mc0000gn/T//cc900oAl.s 			page 20


 256      D1E2ED6C 
 256      AC27757B 
 256      B1074E60 
 256      48D66CFB 
 257 02f0 791F4AF8 		.ascii	"y\037J\370\006A\313\363\262Ny\340d66\321V>\300\341\335"
 257      0641CBF3 
 257      B24E79E0 
 257      643636D1 
 257      563EC0E1 
 258 0305 D8C98BB5 		.ascii	"\330\311\213\265\324\213=gJ\352\362\264\310\217\375"
 258      D48B3D67 
 258      4AEAF2B4 
 258      C88FFD
 259 0314 F9FAF9FB 		.ascii	"\371\372\371\373Y@\265\311\362#\023\377\234\026\303"
 259      5940B5C9 
 259      F22313FF 
 259      9C16C3
 260 0323 17BC410D 		.ascii	"\027\274A\015\320\002\006\350B\276\0165\337\201,H0P"
 260      D00206E8 
 260      42BE0E35 
 260      DF812C48 
 260      3050
 261 0335 92905BEA 		.ascii	"\222\220[\352\313\224\255\033(\351EW\3226\344B\333`"
 261      CB94AD1B 
 261      28E94557 
 261      D236E442 
 261      DB60
 262 0347 A7BDE44A 		.ascii	"\247\275\344J\333Ni\377\316NZg'\275\340Jz\306\225m\255"
 262      DB4E69FF 
 262      CE4E5A67 
 262      27BDE04A 
 262      7AC6956D 
 263 035c 9DF6BC34 		.ascii	"\235\366\2744\255\203m\253\235\364\212+\351U\027\322"
 263      AD836DAB 
 263      9DF48A2B 
 263      E95517D2 
 264 036c 6A3BE939 		.ascii	"j;\3519I\033P\312\335\3400|*\317\377\314,C\0150\334"
 264      491B50CA 
 264      DDE0307C 
 264      2ACFFFCC 
 264      2C430D30 
 265 0381 4886AD02 		.ascii	"H\206\255\002=\270\002\352\006\257\270\205\374P\007"
 265      3DB802EA 
 265      06AFB885 
 265      FC5007
 266 0390 4027C00D 		.ascii	"@'\300\015\200;\000\327\000\256\003\334\006\270\211"
 266      803B00D7 
 266      00AE03DC 
 266      06B889
 267 039f FCA867D1 		.ascii	"\374\250g\321e\033\355\313^\226\266\021S\234xj\177\362"
 267      651BEDCB 
 267      5E96B611 
 267      539C786A 
 267      7FF2
 268 03b1 4E258F08 		.ascii	"N%\217\010\215Lp;\341\2170\352?SvQ\313\013\254Z\245"
 268      8D4C703B 
 268      E18F30EA 
ARM GAS  /var/folders/nz/mg232qzd5vg5_0nfk_8jw8mc0000gn/T//cc900oAl.s 			page 21


 268      3F537651 
 268      CB0BAC5A 
 269 03c6 B786AA00 		.ascii	"\267\206\252\000~1\022\027_\240\320\212\035[L,C=H+\344"
 269      7E311217 
 269      5FA0D08A 
 269      1D5B4C2C 
 269      433D482B 
 270 03db C74395D9 		.ascii	"\307C\225\331q\032|\226\272\023.\3568\361\002\374\307"
 270      711A7C96 
 270      BA132EEE 
 270      38F102FC 
 270      C7
 271 03ec D79FFA4D 		.ascii	"\327\237\372M\316\245\303[\231\337\0009\272\013+\336"
 271      CEA5C35B 
 271      99DF0039 
 271      BA0B2BDE 
 272 03fc 5BCD6631 		.ascii	"[\315f1\324f\366\341z\201\236\330\254\017l\326+\330"
 272      D466F6E1 
 272      7A819ED8 
 272      AC0F6CD6 
 272      2BD8
 273 040e 84EA9915 		.ascii	"\204\352\231\025G\364\274\267BO\020\350\314|\306N\017"
 273      47F4BCB7 
 273      424F10E8 
 273      CC7CC64E 
 273      0F
 274 041f 7C8EF9F7 		.ascii	"|\216\371\367\376\342\301\0119ne\310\364h\362\234\006"
 274      FEE2C109 
 274      396E65C8 
 274      F468F29C 
 274      06
 275 0430 5F61486B 		.ascii	"_aHkY\366\037q'm\313\007\017V\236\362A\376k\327\322"
 275      59F61F71 
 275      276DCB07 
 275      0F569EF2 
 275      41FE6BD7 
 276 0445 54150F91 		.ascii	"T\025\017\221>\002Yj\020aQ9\311\204\376\271\237\222"
 276      3E02596A 
 276      10615139 
 276      C984FEB9 
 276      9F92
 277 0457 0168AAE9 		.ascii	"\001h\252\351\223\246\254\3114\036\277!C\357\256E\337"
 277      93A6ACC9 
 277      341EBF21 
 277      43EFAE45 
 277      DF
 278 0468 03A18740 		.ascii	"\003\241\207@P2$C\303\240\307\003\226\255\006\322\247"
 278      50322443 
 278      C3A0C703 
 278      96AD06D2 
 278      A7
 279 0479 12141A81 		.ascii	"\022\024\032\201:\376e\324\231\211\231\361Z'\323\217"
 279      3AFE65D4 
 279      998999F1 
 279      5A27D38F 
 280 0489 82300ED3 		.ascii	"\2020\016\323\217\331M\277\324\2332\255\300\335L\237"
 280      8FD94DBF 
ARM GAS  /var/folders/nz/mg232qzd5vg5_0nfk_8jw8mc0000gn/T//cc900oAl.s 			page 22


 280      D49B32AD 
 280      C0DD4C9F 
 281 0499 E3F985A7 		.ascii	"\343\371\205\247<h\246\373\031A\353\307R\3534\370\036"
 281      3C68A6FB 
 281      1941EBC7 
 281      52EB34F8 
 281      1E
 282 04aa 1BDB3359 		.ascii	"\033\3333Y}\333\003\2171d\352r\3669o\374\004;\325\035"
 282      7DDB038F 
 282      3164EA72 
 282      F6396FFC 
 282      043BD51D 
 283 04be 3F56779E 		.ascii	"?Vw\236\357H\210\325Pt\331\366G\263\341\305\270\335"
 283      EF4888D5 
 283      5074D9F6 
 283      47B3E1C5 
 283      B8DD
 284 04d0 855A5B8D 		.ascii	"\205Z[\215\260\304\360\177\025}\354M\031z\0042\221p"
 284      B0C4F07F 
 284      157DEC4D 
 284      197A0432 
 284      9170
 285 04e2 424F400F 		.ascii	"BO@\017?!K?\206\316I[\221H\034\234\240uj\0124\230p$"
 285      3F214B3F 
 285      86CE495B 
 285      91481C9C 
 285      A0756A0A 
 286 04fa 4E3F478D 		.ascii	"N?G\215\350=\331\266\250p\317y\306\035\347\206\226t"
 286      E83DD9B6 
 286      A870CF79 
 286      C61DE786 
 286      9674
 287 050c 5A7EA681 		.ascii	"Z~\246\201\363\270\203\363\224\250\374dM\337i]E\350"
 287      F3B883F3 
 287      94A8FC64 
 287      4DDF695D 
 287      45E8
 288 051e 67EE58E7 		.ascii	"g\356X\347\224\315~\272\015\204~\012\254\377\354`=\355"
 288      94CD7EBA 
 288      0D847E0A 
 288      ACFFEC60 
 288      3DED
 289 0530 608D1297 		.ascii	"`\215\022\227\006\332=\235\366\350\251\323\036\315\332"
 289      06DA3D9D 
 289      F6E8A9D3 
 289      1ECDDA
 290 053f F728697A 		.ascii	"\367(iz\317+x\221\031{a1v\237\017\336.\247\310\276k"
 290      CF2B7891 
 290      197B6131 
 290      769F0FDE 
 290      2EA7C8BE 
 291 0554 B74FCB71 		.ascii	"\267O\313q\012C\022{J\332Ux\237\334iO^g{\262\353\322"
 291      0A43127B 
 291      4ADA5578 
 291      9FDC694F 
 291      5E677BB2 
 292 056a FEB398A2 		.ascii	"\376\263\230\242l/\322\006g\012\221M-g\357[\006\225"
ARM GAS  /var/folders/nz/mg232qzd5vg5_0nfk_8jw8mc0000gn/T//cc900oAl.s 			page 23


 292      6C2FD206 
 292      670A914D 
 292      2D67EF5B 
 292      0695
 293 057c 5E17545A 		.ascii	"^\027TZ\000a\026\355\373\220\237\362&\261\326\022H\371"
 293      006116ED 
 293      FB909FF2 
 293      26B1D612 
 293      48F9
 294 058e C2A1D2EB 		.ascii	"\302\241\322\353\016c\365w\025\376\2534\323h\316\015"
 294      0E63F577 
 294      15FEAB34 
 294      D368CE0D 
 295 059e D386B84B 		.ascii	"\323\206\270K\257\021\246<\247A\363\016\246K\242-\350"
 295      AF11A63C 
 295      A741F30E 
 295      A64BA22D 
 295      E8
 296 05af CF9BDD2C 		.ascii	"\317\233\335,\3155\306\035\327\276\242\276\267\010\327"
 296      CD35C61D 
 296      D7BEA2BE 
 296      B708D7
 297 05be 6DC0F5B9 		.ascii	"m\300\365\271\203+,b\267~l\301\263E9\316c\326\272|3"
 297      832B2C62 
 297      B77E6CC1 
 297      B34539CE 
 297      63D6BA7C 
 298 05d3 33CE0B17 		.ascii	"3\316\013\027Q\204\273\271\270\335Wz\275\035n\326\263"
 298      5184BBB9 
 298      B8DD577A 
 298      BD1D6ED6 
 298      B3
 299 05e4 2CF0BC5A 		.ascii	",\360\274Z\206\266\303jq\234\344j\371\326\234\213r\\"
 299      86B6C36A 
 299      719CE46A 
 299      F9D69C8B 
 299      725C
 300 05f6 C1563BB8 		.ascii	"\301V;\270cf^\216O\262\325\252\222\373\342\260\364r"
 300      63665E8E 
 300      4FB2D5AA 
 300      92FBE2B0 
 300      F472
 301 0608 3BDD2DB7 		.ascii	";\335-\267D\227K\204\345\022\244\227k\334\333\360L\215"
 301      44974B84 
 301      E512A497 
 301      6BDCDBF0 
 301      4C8D
 302 061a EBE54E05 		.ascii	"\353\345N\005\337\233\025\374\252\363}\227\275p\023"
 302      DF9B15FC 
 302      AAF37D97 
 302      BD7013
 303 0629 1BAB1BD9 		.ascii	"\033\253\033\331\326\255\302\255\014\231{8\002\256\332"
 303      D6ADC2AD 
 303      0C997B38 
 303      02AEDA
 304 0638 C190A3BD 		.ascii	"\301\220\243\275\315[`\222RC\322\352\034\015\342\377"
 304      CD5B6092 
ARM GAS  /var/folders/nz/mg232qzd5vg5_0nfk_8jw8mc0000gn/T//cc900oAl.s 			page 24


 304      5243D2EA 
 304      1C0DE2FF 
 305 0648 81EEB61B 		.ascii	"\201\356\266\033W;\024\264\237t\251\210\006\317\317"
 305      573B14B4 
 305      9F74A988 
 305      06CFCF
 306 0657 55572899 		.ascii	"UW(\231\006\374\312\303\327\036PB)(\261\233[\213\322"
 306      06FCCAC3 
 306      D71E5042 
 306      2928B19B 
 306      5B8BD2
 307 066a 387B58E7 		.ascii	"8{X\347RwJ\0075R\035j(\035\033\337}2\257\326~Zmxp\225"
 307      52774A07 
 307      35521D6A 
 307      281D1BDF 
 307      7D32AFD6 
 308 0684 3A4A0690 		.ascii	":J\006\220\2478\310\3239\307\321Ob\365\275\022\253\003"
 308      A738C8D3 
 308      39C7D14F 
 308      62F5BD12 
 308      AB03
 309 0696 E743D707 		.ascii	"\347C\327\007\023\221\375PY\304\016\225\231\300y\227"
 309      1391FD50 
 309      59C40E95 
 309      99C07997 
 310 06a6 8373C6EA 		.ascii	"\203s\306\352\234\367IrF\251]\335Kj|\207\331\260\263"
 310      9CF74972 
 310      46A95DDD 
 310      4B6A7C87 
 310      D9B0B3
 311 06b9 A4C3E283 		.ascii	"\244\303\342\203\3573\344v\367\271l\025~\310\220\232"
 311      EF33E476 
 311      F7B96C15 
 311      7EC8909A 
 312 06c9 3DC52D5A 		.ascii	"=\305-Z<\305\220\346\023u?\307p|\246\207\256\224\212"
 312      3CC590E6 
 312      13753FC7 
 312      707CA687 
 312      AE948A
 313 06dc 7D1C4E64 		.ascii	"}\034NdHecY\002K\307\177$\350l\334d\202\206\236\263"
 313      48656359 
 313      024BC77F 
 313      24E86CDC 
 313      6482869E 
 314 06f1 B4745FDB 		.ascii	"\264t_\333\036\336S\3414F:\261c\337M\016\3472d\177["
 314      1EDE53E1 
 314      34463AB1 
 314      63DF4D0E 
 314      E732647F 
 315 0706 8F0FAE60 		.ascii	"\217\017\256`\355C\025sSZle\310\351\361\302\014\005"
 315      ED431573 
 315      535A6C65 
 315      C8E9F1C2 
 315      0C05
 316 0718 3E4F11EE 		.ascii	">O\021\356xvK\226\207`\004\013\234\353P\021\030\240"
 316      78764B96 
 316      8760040B 
ARM GAS  /var/folders/nz/mg232qzd5vg5_0nfk_8jw8mc0000gn/T//cc900oAl.s 			page 25


 316      9CEB5011 
 316      18A0
 317 072a F06B1BE0 		.ascii	"\360k\033\340\260\264\001J\012\366$\253p;[o\356\312"
 317      B0B4014A 
 317      0AF624AB 
 317      703B5B6F 
 317      EECA
 318 073c 50A90A77 		.ascii	"P\251\012w0d\357\231\203iL\033\236\342\223\367R\347"
 318      3064EF99 
 318      83694C1B 
 318      9EE293F7 
 318      52E7
 319 074e BD70171B 		.ascii	"\275p\027\033|\024]z\017\343~\206d\224e\317+\3610C\216"
 319      7C145D7A 
 319      0FE37E86 
 319      649465CF 
 319      2BF13043 
 320 0763 3E9CDAA3 		.ascii	">\234\332\243\300\023\01496vg\035~\312\344\317\232y"
 320      C0130C39 
 320      3676671D 
 320      7ECAE4CF 
 320      9A79
 321 0775 7011B9BD 		.ascii	"p\021\271\275s\034\343\244\357\034\226\235\240i%hZ\301"
 321      731CE3A4 
 321      EF1C969D 
 321      A0692568 
 321      5AC1
 322 0787 ADBC3FC0 		.ascii	"\255\274?\300\012\331w\017\347jq\264\222\211X=u\337"
 322      0AD9770F 
 322      E76A71B4 
 322      9289583D 
 322      75DF
 323 0799 1BC73364 		.ascii	"\033\3073d)?\251\016\341D\206\334\257\030\031\343p\026"
 323      293FA90E 
 323      E14486DC 
 323      AF1819E3 
 323      7016
 324 07ab 43DA8F76 		.ascii	"C\332\217vW\372\340\022\206\024\017\\I\363\242\273\364"
 324      57FAE012 
 324      86140F5C 
 324      49F3A2BB 
 324      F4
 325 07bc 0E2DA943 		.ascii	"\016-\251Cwz<\36016vu<gY\215k\031\3227"
 325      777A3CF0 
 325      31367675 
 325      3C67598D 
 325      6B19D237 
 326 07d0 DBD7A4A2 		.ascii	"\333\327\244\242\204\033\250\005n\325>Q\343f6\026m="
 326      841BA805 
 326      6ED53E51 
 326      E3663616 
 326      6D3D
 327 07e2 72838DFD 		.ascii	"r\203\215\375\204\356\374\343\224z\005\276\304\306\212"
 327      84EEFCE3 
 327      947A05BE 
 327      C4C68A
 328 07f1 261E59B4 		.ascii	"&\036Y\264\270S\351T\261\265\264b\377\303\223\372\302"
ARM GAS  /var/folders/nz/mg232qzd5vg5_0nfk_8jw8mc0000gn/T//cc900oAl.s 			page 26


 328      B853E954 
 328      B1B5B462 
 328      FFC393FA 
 328      C2
 329 0802 2772E1EC 		.ascii	"'r\341\354\355\357\247%\347ox\372\371\373\372\322\303"
 329      EDEFA725 
 329      E76F78FA 
 329      F9FBFAD2 
 329      C3
 330 0813 38FCD76A 		.ascii	"8\374\327jI\227\000\200\276J\007\264Z\177\372\007m\013"
 330      49970080 
 330      BE4A07B4 
 330      5A7FFA07 
 330      6D0B
 331 0825 8989DABA 		.ascii	"\211\211\332\272\312\277\2559\316[c1\015\213\375`\253"
 331      CABFAD39 
 331      CE5B6331 
 331      0D8BFD60 
 331      AB
 332 0836 3F73AF4A 		.ascii	"?s\257J\035\273\350\351\262\274\210\234.\311\255\014"
 332      1DBBE8E9 
 332      B2BC889C 
 332      2EC9AD0C 
 333 0846 2C848639 		.ascii	",\204\2069\367G\345\311\371\272\311M\351\364<w\227\323"
 333      F747E5C9 
 333      F9BAC94D 
 333      E9F43C77 
 333      97D3
 334 0858 A27260DC 		.ascii	"\242r`\334\275\012yem]\261\177\026oiB\250\025\310\263"
 334      BD0A7965 
 334      6D5DB17F 
 334      166F6942 
 334      A815C8B3 
 335 086c 579583EF 		.ascii	"W\225\203\357\317.\271B\017\247D\346\254\325i-9\177"
 335      CF2EB942 
 335      0FA744E6 
 335      ACD5692D 
 335      397F
 336 087e 0F84F760 		.ascii	"\017\204\367`\355j\216\211l/\352\2479\347\003\361dM"
 336      ED6A8E89 
 336      6C2FEAA7 
 336      39E703F1 
 336      644D
 337 0890 BDC5AB0D 		.ascii	"\275\305\253\015r.%?\344\360\233\033\234\257\343d\014"
 337      722E253F 
 337      E4F09B1B 
 337      9CAFE364 
 337      0C
 338 08a1 365BF856 		.ascii	"6[\370V-\263\031\034\257\320CWK\210\356\"\342\242\337"
 338      2DB3191C 
 338      AFD04357 
 338      4B88EE22 
 338      E2A2DF
 339 08b4 0B7A398A 		.ascii	"\013z9\212>hi?\263\263\313\312\023\030\257\343\\\255"
 339      3E68693F 
 339      B3B3CBCA 
 339      1318AFE3 
ARM GAS  /var/folders/nz/mg232qzd5vg5_0nfk_8jw8mc0000gn/T//cc900oAl.s 			page 27


 339      5CAD
 340 08c6 CA396FC0 		.ascii	"\3129o\300\363\022\033\351Q\367j\213o\025E0\\L\206\257"
 340      F3121BE9 
 340      51F76A8B 
 340      6F154530 
 340      5C4C86AF 
 341 08da 409C10D6 		.ascii	"@\234\020\326\344\204<\003\3551\316\017\275\0008\013"
 341      E4843C03 
 341      ED31CE0F 
 341      BD00380B 
 342 08ea D00ED001 		.ascii	"\320\016\320\001\320\007p\001`\022\3402\300-\200~\200"
 342      D0077001 
 342      6012E032 
 342      C02D807E 
 342      80
 343 08fb 1E800980 		.ascii	"\036\200\011\200\026\200\005\2006\200;\000W9\373\315"
 343      16800580 
 343      36803B00 
 343      5739FBCD 
 344 090b 83EF3F52 		.ascii	"\203\357?R\304\366\204\034\303\373\245\275Ct\351\352"
 344      C4F6841C 
 344      C3FBA5BD 
 344      4374E9EA 
 345 091b 1E51646E 		.ascii	"\036Qdn\240u;V\320Y(\206\242{\224\260'\013\233H\326"
 345      A0753B56 
 345      D0592886 
 345      A27B94B0 
 345      270B9B48 
 346 0930 BE042425 		.ascii	"\276\004$%\216\022?,\336\022\360\236\352\365\314{\340"
 346      8E123F2C 
 346      DE12F09E 
 346      EAF5CC7B 
 346      E0
 347 0941 0ADDE06A 		.ascii	"\012\335\340j\304F\027#VP/&ny\337U\3166\227\325\347"
 347      C4461723 
 347      56502F26 
 347      6E79DF55 
 347      CE3697D5 
 348 0956 EB2A7F4D 		.ascii	"\353*\177MV\037 D\016\207\350\266\255.y\031\271\017"
 348      561F2044 
 348      0E87E8B6 
 348      AD2E7919 
 348      B90F
 349 0968 E69D124C 		.ascii	"\346\235\022L=\013\355Q\301L\214\330B\211\355N\230\017"
 349      3D0BED51 
 349      C14C8CD8 
 349      4289ED4E 
 349      980F
 350 097a 5C6F08C4 		.ascii	"\\o\010\304O\201x\004\354:/\262k\345b}\025\216\246\272"
 350      4F817804 
 350      EC3A2FB2 
 350      6BE5627D 
 350      158EA6BA 
 351 098e 11AF2C00 		.ascii	"\021\257,\000\362\333b'v\366\366\312\371\272Q\027\352"
 351      F2DB6227 
 351      76F6F6CA 
 351      F9BA5117 
ARM GAS  /var/folders/nz/mg232qzd5vg5_0nfk_8jw8mc0000gn/T//cc900oAl.s 			page 28


 351      EA
 352 099f 6EB7D4C4 		.ascii	"n\267\324\304n3o\355\343\373\255\210\236i\342\245v\342"
 352      6E336FED 
 352      E3FBAD88 
 352      9E69E2A5 
 352      76E2
 353 09b1 5D7B205D 		.ascii	"]{ ]\245\276GB.\347\353\371^.T\013\013\330\036\345\011"
 353      A5BE4742 
 353      2EE7EBF9 
 353      5E2E540B 
 353      0BD81EE5 
 354 09c6 42131D9F 		.ascii	"B\023\035\237\201\216\235\240\343\240\223Q\330\204R"
 354      818E9DA0 
 354      E3A09351 
 354      D88452
 355 09d5 98407600 		.ascii	"\230@v\000\225\011r\223\011\317a\302M\230\320\0040\304"
 355      95097293 
 355      09CF61C2 
 355      4D98D004 
 355      30C4
 356 09e7 ADB8EA92 		.ascii	"\255\270\352\222dT/\0356vw\203b@i\211\314'\\i\257\212"
 356      64542F1D 
 356      36767783 
 356      62406989 
 356      CC275C69 
 357 09fd 5C531CAF 		.ascii	"\\S\034\257\2278\361\035\226x\013\333|w4\350\001\010"
 357      9738F11D 
 357      96780BDB 
 357      7C7734E8 
 357      0108
 358 0a0f EA2013EB 		.ascii	"\352 \023\353e7\377y Ye\263\267\365W_`AD\370\014H;\247"
 358      6537FF79 
 358      205965B3 
 358      B7F5575F 
 358      604144F8 
 359 0a27 2388FA1F 		.ascii	"#\210\372\037\026]\361\344!\214\310\0111Ij\363\2229"
 359      165DF1E4 
 359      218CC809 
 359      31496AF3 
 359      9239
 360 0a39 511C0D69 		.ascii	"Q\034\015i[In\273\016DU\016W\236rve\227\215\270\006"
 360      5B496EBB 
 360      0E44550E 
 360      579E7276 
 360      65978DB8 
 361 0a4e 42BE6423 		.ascii	"B\276d#\370\311\305\3723\277f\251\236\234,\212\205\315"
 361      F8C9C5FA 
 361      33BF66A9 
 361      9E9C2C8A 
 361      85CD
 362 0a60 5EA532CC 		.ascii	"^\2452\314\011\225\341\021\251\014H\26228e\345Jm9\221"
 362      0995E111 
 362      A90C48B2 
 362      323865E5 
 362      4A6D3991 
 363 0a74 9C64D083 		.ascii	"\234d\320\203\016\311\357r\332\225\222\333\363]\231"
 363      0EC9EF72 
ARM GAS  /var/folders/nz/mg232qzd5vg5_0nfk_8jw8mc0000gn/T//cc900oAl.s 			page 29


 363      DA9592DB 
 363      F35D99
 364 0a83 60BDFFA7 		.ascii	"`\275\377\247|G\312@\325\233B\031\270+\350q\203\223"
 364      7C47CA40 
 364      D59B4219 
 364      B82BE871 
 364      8393
 365 0a95 7C6341BD 		.ascii	"|cA\275u\251\320\226t\010\345\324*\224\305Eb\312\341"
 365      75A9D096 
 365      7408E5D4 
 365      2A94C545 
 365      62CAE1
 366 0aa8 55284769 		.ascii	"U(GiDN\003e\211\373\210\024\373\353\200\223O?b\006L"
 366      444E0365 
 366      89FB8814 
 366      FBEB8093 
 366      4F3F6206 
 367 0abd 93C86132 		.ascii	"\223\310a2\312\215\330n\016lw\016t\267\002<\006h\006"
 367      CA8DD86E 
 367      0E6C770E 
 367      74B7023C 
 367      066806
 368 0ad0 E8027808 		.ascii	"\350\002x\010p\021`\\\354\276\011e\314}\311\271\353"
 368      7011605C 
 368      ECBE0965 
 368      CC7DC9B9 
 368      EB
 369 0ae1 F84BEA72 		.ascii	"\370K\352r&\015I\342\215\247\\C\362\264s\302\356\257"
 369      260D49E2 
 369      8DA75C43 
 369      F2B473C2 
 369      EEAF
 370 0af3 6B636C21 		.ascii	"kcl!\271\037x\311\011\34525\036\\\251\321\234t]f\216"
 370      B91F78C9 
 370      09E53235 
 370      1E5CA9D1 
 370      9C745D66 
 371 0b08 2599B74F 		.ascii	"%\231\267OrX2o\213-\330\355d\301'\314\202b\202\333N"
 371      7258326F 
 371      8B2DD8ED 
 371      64C127CC 
 371      826282DB 
 372 0b1d 04D38C80 		.ascii	"\004\323\214\200\276\206\312\335A^C\221\302\345\374"
 372      BE86CADD 
 372      415E4391 
 372      C2E5FC
 373 0b2c 1A8A9E56 		.ascii	"\032\212\236V\223T\210\0363V\016AxUn$\257\030nK\017"
 373      9354881E 
 373      33560E41 
 373      78556E24 
 373      AF186E4B 
 374 0b41 430EFF46 		.ascii	"C\016\377F&\011\217)\311\361\376]!jb1\251\251\363uC"
 374      26098F29 
 374      C9F1FE5D 
 374      216A6231 
 374      A9A9F375 
 375 0b56 1BC9ABEA 		.ascii	"\033\311\253\352\356\0253\005\017\257\026{x\205\244"
ARM GAS  /var/folders/nz/mg232qzd5vg5_0nfk_8jw8mc0000gn/T//cc900oAl.s 			page 30


 375      EE153305 
 375      0FAF167B 
 375      7885A4
 376 0b65 878B6A7A 		.ascii	"\207\213jz\251\335q+$\035W\224\271\312E\216R\343\272"
 376      A9DD712B 
 376      241D5794 
 376      B9CA458E 
 376      52E3BA
 377 0b78 FDB5A2EC 		.ascii	"\375\265\242\354M\356\256\355%\025\354\303\014O_\313"
 377      4DEEAEED 
 377      2515ECC3 
 377      0C4F5FCB 
 378 0b88 C7C5F5C2 		.ascii	"\307\305\365\3029\351\256\212\035\326':\341\000\370"
 378      39E9AE8A 
 378      1DD6273A 
 378      E100F8
 379 0b97 9021670E 		.ascii	"\220!g\016\037S\340g*\247\027#\0379\177$\371\310\361"
 379      1F53E067 
 379      2AA71723 
 379      1F397F24 
 379      F9C8F1
 380 0baa 91E46AD9 		.ascii	"\221\344j\331\211\373Z\267\367\212X\354\017\304\354"
 380      89FB5AB7 
 380      F78A58EC 
 380      0FC4EC
 381 0bb9 5E118DD7 		.ascii	"^\021\215\327\242mX\270\317.6V~\253\202\330;\006k\020"
 381      A26D58B8 
 381      CF2E3656 
 381      7EAB82D8 
 381      3B066B10 
 382 0bcd 8FEDE9E8 		.ascii	"\217\355\351\350#\307\335\242\351ju\006\"\237\265\010"
 382      23C7DDA2 
 382      E96A7506 
 382      229FB508 
 383 0bdd 873FD06F 		.ascii	"\207?\320o<\015\307\366\217)i\027\231\026\207i\347\225"
 383      3C0DC7F6 
 383      8F296917 
 383      99168769 
 383      E795
 384 0bef 826DA7B4 		.ascii	"\202m\247\264\337\330+\370\342+r\342\340\016\337\331"
 384      DFD82BF8 
 384      E22B72E2 
 384      E00EDFD9 
 385 0bff 81BF01FF 		.ascii	"\201\277\001\377\267\003)ej\035;V\352\201\273\324\354"
 385      B7032965 
 385      6A1D3B56 
 385      EA81BBD4 
 385      EC
 386 0c10 1A585D9F 		.ascii	"\032X]\237\246rz\247\004\324\242\271\011\330\361)\201"
 386      A6727AA7 
 386      04D4A2B9 
 386      09D8F129 
 386      81
 387 0c21 6B7F1297 		.ascii	"k\177\022\227\212l\237'\332oTiK\210\370;\201$\336!>"
 387      8A6C9F27 
 387      DA6F5469 
 387      4B88F83B 
ARM GAS  /var/folders/nz/mg232qzd5vg5_0nfk_8jw8mc0000gn/T//cc900oAl.s 			page 31


 387      8124DE21 
 388 0c36 CC90ADF0 		.ascii	"\314\220\255\360v1S\224\010\026\021\363E\326~~\334\013"
 388      76315394 
 388      081611F3 
 388      45D67E7E 
 388      DC0B
 389 0c48 EFF6A012 		.ascii	"\357\366\240\022](\314\231V\340\375\014\331\323<\374"
 389      5D28CC99 
 389      56E0FD0C 
 389      D9D33CFC 
 390 0c58 54838B19 		.ascii	"T\203\213\031r\355\331\336%\204\253\030R34\177E\211"
 390      72EDD9DE 
 390      2584AB18 
 390      5233347F 
 390      4589
 391 0c6a 6B193271 		.ascii	"k\0312q9\265P\215\255\014\311kM[\320\340\026\206t\264"
 391      39B5508D 
 391      AD0CC96B 
 391      4D5BD0E0 
 391      168674B4 
 392 0c7e 45C3D5F6 		.ascii	"E\303\325\366\"C\026J\371\307\032|\225!\371\326\212"
 392      2243164A 
 392      F9C71A7C 
 392      9521F9D6 
 392      8A
 393 0c8f 3A35EE14 		.ascii	":5\356\024\220\246\242[J\334C\2217\222,\027\257k\321"
 393      90A6A25B 
 393      4ADC4391 
 393      37922C17 
 393      AF6BD1
 394 0ca2 ABDA57E1 		.ascii	"\253\332W\341\346\343\317nB\276\354\202D.<4\313Y \342"
 394      E6E3CF6E 
 394      42BEEC82 
 394      442E3C34 
 394      CB5920E2 
 395 0cb6 33BD4505 		.ascii	"3\275E\0059\007t\312\302,\323\035\201\366!\354\207\016"
 395      390774CA 
 395      C22CD31D 
 395      81F621EC 
 395      870E
 396 0cc8 02E4E195 		.ascii	"\002\344\341\225\241\177\000\213#;\023;\222\347\012"
 396      A17F008B 
 396      233B133B 
 396      92E70A
 397 0cd7 B6BBC0AE 		.ascii	"\266\273\300\256_\227\355>\374\252\210\355~\306\326"
 397      5F97ED3E 
 397      FCAA88ED 
 397      7EC6D6
 398 0ce6 5ED208DB 		.ascii	"^\322\010\333E\250\306\244\236\243l`U\200Y\202*\205"
 398      45A8C6A4 
 398      9EA36C60 
 398      55805982 
 398      2A85
 399 0cf8 7631B02C 		.ascii	"v1\260,\0048\212E\325\270\261\313\342\005.\005\3455"
 399      04388A45 
 399      D5B8B1CB 
 399      E2052E05 
ARM GAS  /var/folders/nz/mg232qzd5vg5_0nfk_8jw8mc0000gn/T//cc900oAl.s 			page 32


 399      E535
 400 0d0a 1748770B 		.ascii	"\027Hw\013\222H\234\000ivH\210\361\201\244DT[rTVXC\234"
 400      92489C00 
 400      69764888 
 400      F181A444 
 400      545B7254 
 401 0d22 4006BD81 		.ascii	"@\006\275\201\204\210\231\354p\027\340).\276\316\207"
 401      848899EC 
 401      7017E029 
 401      2EBECE87 
 402 0d32 5A195D9A 		.ascii	"Z\031]\232HY\006R\026\201\204\371\330\375\021X\206,"
 402      48590652 
 402      168184F9 
 402      D8FD1158 
 402      862C
 403 0d44 02753950 		.ascii	"\002u9P\227\000\365a\221>\375\345\371\012\222\201\010"
 403      9700F561 
 403      913EFDE5 
 403      F90A9281 
 403      08
 404 0d55 CD1EF7CA 		.ascii	"\315\036\367\312\320\254r\260y\207\027\037\037\243\244"
 404      D0AC72B0 
 404      7987171F 
 404      1FA3A4
 405 0d64 2F58535E 		.ascii	"/XS^B\234\233\317R\020\211\307T\240\315\305\322\371"
 405      429C9BCF 
 405      521089C7 
 405      54A0CDC5 
 405      D2F9
 406 0d76 4A7A2B96 		.ascii	"Jz+\226\301Z/\333\012K}\263\222HCL\267\0273z\2734\256"
 406      C15A2FDB 
 406      0A4B7DB3 
 406      9248434C 
 406      B717337A 
 407 0d8d 9F96CAF2 		.ascii	"\237\226\312\362\225\2020\351\230i\3536y\34643\311\301"
 407      958230E9 
 407      9869EB36 
 407      79E63433 
 407      C9C1
 408 0d9f 57E81161 		.ascii	"W\350\021a\245\344\242\322)hI\242=I\220\301\035m\251"
 408      A5E4A2D2 
 408      296849A2 
 408      3D4990C1 
 408      1D6DA9
 409 0db2 C0175C1B 		.ascii	"\300\027\\\033\245I\012\341\360\233\332\030R\314\210"
 409      A5490AE1 
 409      F09BDA18 
 409      52CC88
 410 0dc1 A348949C 		.ascii	"\243H\224\234l\275\232\010%U\347J0\"|\245f\035\030D"
 410      6CBD9A08 
 410      2555E74A 
 410      30227CA5 
 410      661D1844 
 411 0dd5 6AEA572B 		.ascii	"j\352W+J\021\337\337\230\377\033\"\0319\277d\010Z\330"
 411      4A11DFDF 
 411      98FF1B22 
 411      1939BF64 
ARM GAS  /var/folders/nz/mg232qzd5vg5_0nfk_8jw8mc0000gn/T//cc900oAl.s 			page 33


 411      085AD8
 412 0de8 CFA8CE1F 		.ascii	"\317\250\316\037\243\034\271\027\222)\313\275\263\215"
 412      A31CB917 
 412      9229CBBD 
 412      B38D
 413 0df6 2D534A71 		.ascii	"-SJq\232\025}w\225\241J\232f+liv\244\245\275\323\013"
 413      9A157D77 
 413      95A14A9A 
 413      662B6C69 
 413      76A4A5BD 
 414 0e0c 2768687E 		.ascii	"'hh~)O?mu~u_\351\224f\217\213\323l}}Y\214\332\226fK"
 414      294F3F6D 
 414      757E755F 
 414      E994668F 
 414      8BD36C7D 
 415 0e27 BA2DDA62 		.ascii	"\272-\332b\222f\253\200\344\230#n\216K\245Y1St\002\274"
 415      9266AB80 
 415      E498236E 
 415      8E4BA559 
 415      31537402 
 416 0e3c 49CC574A 		.ascii	"I\314WJ\243\216}I\311\236\264\213\260?\311\252I\334"
 416      A38E7D49 
 416      C99EB48B 
 416      B03FC9AA 
 416      49DC
 417 0e4e F29D244C 		.ascii	"\362\235$L;\311\235\350\024\353\314i\232\277\255\245"
 417      3BC99DE8 
 417      14EBCC69 
 417      9ABFADA5 
 418 0e5e 9DE45DC5 		.ascii	"\235\344]\305i\326\331S\337]\256\261\027\243j\326Yx"
 418      69D6D953 
 418      DF5DAEB1 
 418      17A36AD6 
 418      5978
 419 0e70 FFC07335 		.ascii	"\377\300s5\355$\373_\303:\247\372v\246`\261\351\356"
 419      ED24FB5F 
 419      C33AA7FA 
 419      76A660B1 
 419      E9EE
 420 0e82 3ABDC5A8 		.ascii	":\275\305\250\243\266\253\265\331.\355DW\025dzf\273"
 420      A3B6ABB5 
 420      D92EED44 
 420      5715647A 
 420      66BB
 421 0e94 F6D67BCD 		.ascii	"\366\326{\315\362\267sxK\345dfO\261\327\001r\220\340"
 421      F2B77378 
 421      4BE56466 
 421      4FB1D701 
 421      7290E0
 422 0ea7 17969711 		.ascii	"\027\226\227\021\"\323\320\031\273Md\244Mm\202\352\361"
 422      22D3D019 
 422      BB4D64A4 
 422      4D6D82EA 
 422      F1
 423 0eb8 DB844DD1 		.ascii	"\333\204M\321\361~-\036alN.X\026\024\370)E\344\305\307"
 423      F17E2D1E 
 423      616C4E2E 
ARM GAS  /var/folders/nz/mg232qzd5vg5_0nfk_8jw8mc0000gn/T//cc900oAl.s 			page 34


 423      581614F8 
 423      2945E4C5 
 424 0ecd 07CA35C8 		.ascii	"\007\3125\310W\353\347/y\200k\004\236V!(\233\301\214"
 424      57EBE72F 
 424      79806B04 
 424      9E562128 
 424      9BC18C
 425 0ee0 4D12E9D6 		.ascii	"M\022\351\326\352\224\305\317b\373k\230\311\204\336"
 425      EA94C5CF 
 425      62FB6B98 
 425      C984DE
 426 0eef 21E15E72 		.ascii	"!\341^rV\010,\353*\0010\267AM\306W~R\254\311\350\256"
 426      56082CEB 
 426      2A0130B7 
 426      414DC657 
 426      7E52ACC9 
 427 0f05 54E00A4F 		.ascii	"T\340\012O\"\260b_\306\311\034\037D\312\220\277\324"
 427      22B0625F 
 427      C6C91C1F 
 427      44CA90BF 
 427      D4
 428 0f16 CD58865A 		.ascii	"\315X\206Z\004q\333@\334V\310\037\027\000\316c\321\221"
 428      0471DB40 
 428      DC56C81F 
 428      1700CE63 
 428      D191
 429 0f28 3AC92580 		.ascii	":\311%\200[\260\373\253\225%\321\236D\316\271\222\272"
 429      5BB0FBAB 
 429      9525D19E 
 429      44CEB992 
 429      BA
 430 0f39 26910421 		.ascii	"&\221\004!\330m\272\256$v\350\032\237O\202\275EB[\256"
 430      D86DBAAE 
 430      2476E81A 
 430      9F4F82BD 
 430      45425BAE 
 431 0f4d 64B927CB 		.ascii	"d\271'\313\033\371Jj\207.\201R\253)\310\312\013$\213"
 431      1BF94A6A 
 431      872E8152 
 431      AB29C8CA 
 431      0B248B
 432 0f60 8B40D4E0 		.ascii	"\213@\324\340\010\222\026[\375!\347\270\202c\321\316"
 432      0892165B 
 432      FD21E7B8 
 432      8263D1CE 
 433 0f70 5F382F3A 		.ascii	"_8/:\355`;\266}={i\234\\\226\212\223+Rqr\225u\336\273"
 433      ED603BB6 
 433      7D3D7B69 
 433      9C5C968A 
 433      932B5271 
 434 0f89 75B08975 		.ascii	"u\260\211u\302*\250\203uV6]\236\226\273\017\211\353"
 434      C22AA883 
 434      7556365D 
 434      9E96BB0F 
 434      89EB
 435 0f9b 3424AED9 		.ascii	"4$\256\331B"
 435      42
ARM GAS  /var/folders/nz/mg232qzd5vg5_0nfk_8jw8mc0000gn/T//cc900oAl.s 			page 35


 436 0fa0 626791E5 		.ascii	"bg\221\345\264\002\327y\262\237\004u\2348\343i\013\211"
 436      B402D779 
 436      B29F0475 
 436      9C38E369 
 436      0B89
 437 0fb2 82D7C421 		.ascii	"\202\327\304!\001\323\320\015QH\334\260\205D'\015\211"
 437      01D3D00D 
 437      5148DCB0 
 437      8544270D 
 437      89
 438 0fc3 E3F375CB 		.ascii	"\343\363u\313,b\311\373\027\246\334\271\375\347R\274"
 438      2C62C9FB 
 438      17A6DCB9 
 438      FDE752BC 
 439 0fd3 681F91E0 		.ascii	"h\037\221\340&\223nd\357\254\005\271\315u]T\270[6\341"
 439      26936E64 
 439      EFAC05B9 
 439      CD755D54 
 439      B85B36E1 
 440 0fe7 92126613 		.ascii	"\222\022f\023U\370&\023.1\201\337\246\006\341\372\351"
 440      55F82613 
 440      2E3181DF 
 440      A606E1FA 
 440      E9
 441 0ff8 5BE19F47 		.ascii	"[\341\237G\347o\267\264"
 441      E76FB7B4 
 442 1000 F25610EE 		.ascii	"\362V\020\356\333d\032\272-\022\356\266M\270n*\\\373"
 442      DB641ABA 
 442      2D12EEB6 
 442      4DB86E2A 
 442      5CFB
 443 1012 CEDC2C76 		.ascii	"\316\334,v@\267\262\257\225\207\016\037\305x\200\261"
 443      40B7B2AF 
 443      95870E1F 
 443      C57880B1 
 444 1022 9D6A1899 		.ascii	"\235j\030\231S\342Q\206\\(\265\236\223\343q\206\304"
 444      53E25186 
 444      5C28B59E 
 444      93E37186 
 444      C4
 445 1033 26EFF90D 		.ascii	"&\357\371\015\236\246m\365\256\274\324j\037\333\373"
 445      9EA66DF5 
 445      AEBCD46A 
 445      1FDBFB
 446 1042 6C5F1A8E 		.ascii	"l_\032\216%\335U^G\330\355\303\376\302y\245\357\213"
 446      25DD555E 
 446      47D8EDC3 
 446      FEC279A5 
 446      EF8B
 447 1054 3C3AABF9 		.ascii	"<:\253\371\022\365h\373K\331UJ]M>\243%n\321\213]h\333"
 447      12F568FB 
 447      4BD9554A 
 447      5D4D3EA3 
 447      256ED18B 
 448 106b 9CA3AA3F 		.ascii	"\234\243\252?[`Ln\225=\256\304\256\227\240\222|\333"
 448      5B604C6E 
 448      953DAEC4 
ARM GAS  /var/folders/nz/mg232qzd5vg5_0nfk_8jw8mc0000gn/T//cc900oAl.s 			page 36


 448      AE97A092 
 448      7CDB
 449 107d 05F4AE2B 		.ascii	"\005\364\256+\251k\264\326SRp\326{\322\022\210\177\252"
 449      A96BB4D6 
 449      535270D6 
 449      7BD21288 
 449      7FAA
 450 108f 41237078 		.ascii	"A#pxE\004\212\303\356\016\334R\330\035wX\210\271\007"
 450      45048AC3 
 450      EE0EDC52 
 450      D81D7758 
 450      88B907
 451 10a2 1073FD10 		.ascii	"\020s\375\020o\003\000\203\000}\000\367\001\206\204"
 451      6F030083 
 451      007D00F7 
 451      018684
 452 10b1 F8834D78 		.ascii	"\370\203Mx\321\034}\312\033\317\322]\340\252\323+oj"
 452      D11C7DCA 
 452      1BCFD25D 
 452      E0AAD32B 
 452      6F6A
 453 10c3 5D82D9C6 		.ascii	"]\202\331\306\025\215\001\263\257\313\230\312\334\000"
 453      158D01B3 
 453      AFCB98CA 
 453      DC00
 454 10d1 813D0A13 		.ascii	"\201=\012\023F\034\201=,\012\354\344\027\367\0124\276"
 454      461C813D 
 454      2C0AECE4 
 454      17F70A34 
 454      BE
 455 10e2 C2521677 		.ascii	"\302R\026wK\311^\246\300`\352T\005v\312\017\017\235"
 455      4BC95EA6 
 455      C060EA54 
 455      0576CA0F 
 455      0F9D
 456 10f4 F2C3237B 		.ascii	"\362\303#{~\270\036\373b\212\345\007\350\023bh~\244"
 456      7EB81EFB 
 456      628AE507 
 456      E8136268 
 456      7EA4
 457 1106 B748E53E 		.ascii	"\267H\345>\230\307i\274\374\331\026/\207\022b\032\264"
 457      98C769BC 
 457      FCD9162F 
 457      8712621A 
 457      B4
 458 1117 78A7967D 		.ascii	"x\247\226}\031\352\031\016\240\341\322?VxA\313b\345"
 458      19EA190E 
 458      A0E1D23F 
 458      567841CB 
 458      62E5
 459 1129 A7740A9A 		.ascii	"\247t\012\232\020\305\312\204-V\036\323Xy\351\325pR"
 459      10C5CA84 
 459      2D561ED3 
 459      5879E9D5 
 459      7052
 460 113b C8324713 		.ascii	"\3102G\023Z}\354\325x\212u\026\214\365\306x\272\275"
 460      5A7DECD5 
ARM GAS  /var/folders/nz/mg232qzd5vg5_0nfk_8jw8mc0000gn/T//cc900oAl.s 			page 37


 460      788A7516 
 460      8CF5C678 
 460      BABD
 461 114d 2F4E5361 		.ascii	"/NSa\237\330\204\215{\334yG\216\363\230\260\011CM\207"
 461      9FD8848D 
 461      7BDC7947 
 461      8EF398B0 
 461      09434D87 
 462 1161 300BEEC6 		.ascii	"0\013\356\306\256b\237\254\343|\223-\363\30044#\022"
 462      AE629FAC 
 462      E37C932D 
 462      F3C03434 
 462      2312
 463 1173 78C626F0 		.ascii	"x\306&\360S*\360\321\256\222x\316\236\003\231\304\311"
 463      532AF0D1 
 463      AE9278CE 
 463      9E0399C4 
 463      C9
 464 1184 692793E4 		.ascii	"i'\223\344n\345\230\245r<\263\311\361\350\324\300\242"
 464      6EE598A5 
 464      723CB3C9 
 464      F1E8D4C0 
 464      A2
 465 1195 37AE6272 		.ascii	"7\256br4\304\354\316\365\246rT&\364.xg\361y\333\370"
 465      34C4ECCE 
 465      F5A67254 
 465      26F42E78 
 465      67F179DB 
 466 11aa 25F2BB11 		.ascii	"%\362\273\0212\013\315\211\304\230\263\211\361\234\212"
 466      320BCD89 
 466      C498B389 
 466      F19C8A
 467 11b9 31DEDA55 		.ascii	"1\336\332U\250v\332\346i\247\223\330<\333f\362$\037"
 467      A876DAE6 
 467      69A793D8 
 467      3CDB66F2 
 467      241F
 468 11cb 46BB1ECC 		.ascii	"F\273\036\314`\372\265\214\2761H\334ylY\245\021}\336"
 468      60FAB58C 
 468      BE3148DC 
 468      796C59A5 
 468      117DDE
 469 11de 8401D1DC 		.ascii	"\204\001\321\334\005L~U\363\016}qJJ\301h\306~\2175\251"
 469      054C7E55 
 469      F30E7D71 
 469      4A4AC168 
 469      C67E8F35 
 470 11f3 C24DE56D 		.ascii	"\302M\345mD\177\337\223\0145\355\005&\324\213x\215m"
 470      447FDF93 
 470      0C35ED05 
 470      26D48B78 
 470      8D6D
 471 1205 0E45445F 		.ascii	"\016ED_\361\274\205\257x\371\375\217\020]]EOEq\325\325"
 471      F1BC85AF 
 471      78F9FD8F 
 471      105D5D45 
 471      4F4571D5 
ARM GAS  /var/folders/nz/mg232qzd5vg5_0nfk_8jw8mc0000gn/T//cc900oAl.s 			page 38


 472 121a DE1455D2 		.ascii	"\336\024U\322M,\230\314\360r/L\264\\\020\206\227Si\306"
 472      4D2C98CC 
 472      F0722F4C 
 472      B45C1086 
 472      975369C6 
 473 122e 631E1D51 		.ascii	"c\036\035Q\012\322\3606i\226 R\226\2514\333\344kl\223"
 473      0AD2F036 
 473      69962052 
 473      96A934DB 
 473      E46B6C93 
 474 1242 28423E3E 		.ascii	"(B>>6\227\326#'S\215;\231*F\316L\005O\240\256>\222\264"
 474      3697D623 
 474      27538D3B 
 474      992A46CE 
 474      4C054FA0 
 475 125a 5DE3FC0B 		.ascii	"]\343\374\013\"\247\370\211\025\250c)uS\321|\215\322"
 475      22A7F889 
 475      15A86329 
 475      7553D17C 
 475      8DD2
 476 126c F9A75E4E 		.ascii	"\371\247^N\274\343\004\3528J]\367b\240S\356\266\030"
 476      BCE304EA 
 476      384A5DF7 
 476      62A053EE 
 476      B618
 477 127e 6D97133F 		.ascii	"m\227\023?\371\203\340&g\367\027\355\363\300V\346&\305"
 477      F983E026 
 477      67F717ED 
 477      F3C056E6 
 477      26C5
 478 1290 77977B89 		.ascii	"w\227{\211\273Z+'\367O\027\007\224\333\013et,\"\363"
 478      BB5A2B27 
 478      F74F1707 
 478      94DB0B65 
 478      742C22F3 
 479 12a4 D00EB9C3 		.ascii	"\320\016\271\303S\240\315<%^N<e\250s\212\327\3401\306"
 479      53A0CD3C 
 479      255E4E3C 
 479      65A8738A 
 479      D7E031C6 
 480 12b8 E8F0F899 		.ascii	"\350\360\370\231Q\017\312\250\262\374\310\2006\213\267"
 480      510FCAA8 
 480      B2FCC880 
 480      368BB7
 481 12c7 307FFB47 		.ascii	"0\177\373G\312%A\304%\301\306%\221r\211?Ry\306\203\272"
 481      CA2541C4 
 481      25C1C625 
 481      9172893F 
 481      5279C683 
 482 12dc 3DF9CD2A 		.ascii	"=\371\315*s\373\236\023K\023>n\325I\242\352\354\224"
 482      73FB9E13 
 482      4B133E6E 
 482      D549A2EA 
 482      EC94
 483 12ee 0BFA2CF5 		.ascii	"\013\372,\365\247\360\036x\232\211\2217\326\235\242"
 483      A7F01E78 
 483      9A899137 
ARM GAS  /var/folders/nz/mg232qzd5vg5_0nfk_8jw8mc0000gn/T//cc900oAl.s 			page 39


 483      D69DA2
 484 12fd C1D15E14 		.ascii	"\301\321^\024\031\277\260tB\001\254\321.\272$\364\304"
 484      19BFB074 
 484      4201ACD1 
 484      2EBA24F4 
 484      C4
 485 130e A45B6710 		.ascii	"\244[g\020S7\367i\361/vWl\347Y\351\315\265\246\312\011"
 485      5337F769 
 485      F12F7657 
 485      6CE759E9 
 485      CDB5A6CA 
 486 1323 63946C93 		.ascii	"c\224l\223\024\245\300\002\004e\302\246RaO\335\331\235"
 486      14A5C002 
 486      0465C2A6 
 486      52614FDD 
 486      D99D
 487 1335 A5C54D8C 		.ascii	"\245\305M\214\375\322\251\214y\316f\2739\011\333\355"
 487      FDD2A98C 
 487      79CE66BB 
 487      3909DBED 
 488 1345 1669BDDB 		.ascii	"\026i\275\333\306(\2152\312\351\350\035\223\343+\002"
 488      C6288D32 
 488      CAE9E81D 
 488      93E32B02 
 489 1355 A3988E3E 		.ascii	"\243\230\216>\205\315v\023\256\266K\027qI\267q\331C"
 489      85CD7613 
 489      AEB64B17 
 489      7149B771 
 489      D943
 490 1367 B9B4D755 		.ascii	"\271\264\327U\275\346\344#\263N>\262W\360\221\275\324"
 490      BDE6E423 
 490      B34E3EB2 
 490      57F091BD 
 490      D4
 491 1378 479EA7B7 		.ascii	"G\236\247\267\226\261_\255t\260U\2175\316\262\237\255"
 491      96B15FAD 
 491      74B0558F 
 491      35CEB29F 
 491      AD
 492 1389 52F71F2A 		.ascii	"R\367\037*\331\275\314\"\371\233\364DV~\245\030\271"
 492      D9BDCC22 
 492      F99BF444 
 492      567EA518 
 492      B9
 493 139a 0F9E2C5B 		.ascii	"\017\236,[\360d\262\340\251\357k:\257r\015\236\014\371"
 493      F064B2E0 
 493      A9EF6B3A 
 493      AF720D9E 
 493      0CF9
 494 13ac 5AB44F4E 		.ascii	"Z\264ON_\266\320\340\241\223\010uK[\376I\247P\033]\215"
 494      5FB6D0E0 
 494      A1930875 
 494      4B5BFE49 
 494      A7501B5D 
 495 13c1 FA41DADE 		.ascii	"\372A\332\336I\214\3570[\325\304<\376=\036d\355\272"
 495      498CEF30 
 495      5BD5C43C 
ARM GAS  /var/folders/nz/mg232qzd5vg5_0nfk_8jw8mc0000gn/T//cc900oAl.s 			page 40


 495      FE3D1E64 
 495      EDBA
 496 13d3 ED9D1DDC 		.ascii	"\355\235\035\334w\363\370\016\013\234\362\252_K\347"
 496      77F3F80E 
 496      0B9CF2AA 
 496      5F4BE7
 497 13e2 B725C171 		.ascii	"\267%\301qf\371\247\337F\007\344k\320A\260\033\234\351"
 497      66F9A7DF 
 497      4607E46B 
 497      D041B01B 
 497      9CE9
 498 13f4 447CB389 		.ascii	"D|\263\211\365\320a\004\036\221#\377\256Lm\0166\032"
 498      F5D06104 
 498      1E9123FF 
 498      AE4C6D0E 
 498      361A
 499 1406 02837466 		.ascii	"\002\203tf\345/\177\363\273\2677\312<\364\301:\326%"
 499      E52F7FF3 
 499      BBB737CA 
 499      3CF4C13A 
 499      D625
 500 1418 0F377C65 		.ascii	"\0177|e\226G\032\015_\252\314\221\306\220\010\235Y\035"
 500      96471A0D 
 500      5FAACC91 
 500      C690089D 
 500      591D
 501 142a 15126EFE 		.ascii	"\025\022n\376\341\017tf\215Ngk\376! \312d\014\010\215"
 501      E10F7466 
 501      8D4E676B 
 501      FE2120CA 
 501      640C088D 
 502 143e D0078606 		.ascii	"\320\007\206\006DD\232\0036\353\365\353\002\215a\353"
 502      44449A03 
 502      36EBF5EB 
 502      028D61EB 
 503 144e C223C20D 		.ascii	"\302#\302\015\353\014\201\237\205\254{O\367\301\272"
 503      EB0C819F 
 503      85AC7B4F 
 503      F7C1BA
 504 145d 1F6CF8FE 		.ascii	"\037l\370\376\217\376\364\303\000\247\201\200\220p}"
 504      8FFEF4C3 
 504      00A78180 
 504      90707D
 505 146c 68549021 		.ascii	"hT\220! ,P\037\034\022n\010\320\005\031>\017\214\012"
 505      202C501F 
 505      1C126E08 
 505      D005193E 
 505      0F8C0A
 506 147f 35EBCC5B 		.ascii	"5\353\314[#\015\246\365\301\262O\377\357\274M[M\001"
 506      230DA6F5 
 506      C1B24FFF 
 506      EFBC4D5B 
 506      4D01
 507 1491 3A933908 		.ascii	":\2239\010\244\005\206\357o\014\016\371,\344\223M\001"
 507      A40586EF 
 507      6F0C0EF9 
 507      2CE4934D 
ARM GAS  /var/folders/nz/mg232qzd5vg5_0nfk_8jw8mc0000gn/T//cc900oAl.s 			page 41


 507      01
 508 14a2 11A6007D 		.ascii	"\021\246\000}DXXDx@d\204\321l\012\370\360\267\037o\374"
 508      44585844 
 508      78406484 
 508      D16C0AF8 
 508      F0B71F6F 
 509 14b7 F82BD217 		.ascii	"\370+\322\027\031\022j0\232\002~\271qc\200>\330&\210"
 509      19126A30 
 509      9A027EB9 
 509      7163803E 
 509      D82688
 510 14ca 9CE8AF25 		.ascii	"\234\350\257%\244:}D\270\031\354\342I\021\340\2527\177"
 510      A43A7D44 
 510      B819ECE2 
 510      4911E0AA 
 510      377F
 511 14dc A5361A36 		.ascii	"\2456\0326\303\352:\363;/c\037\254\2170\032\200\037"
 511      C3EA3AF3 
 511      3B2F631F 
 511      AC8F301A 
 511      801F
 512 14ee 677C8F33 		.ascii	"g|\2173\376\2103\376\2303\276\317\031\177\302\031?\300"
 512      FE8833FE 
 512      9833BECF 
 512      197FC219 
 512      3FC0
 513 1500 C6EF6F00 		.ascii	"\306\357o\000\370>\027j|\367kq\321}\371~\030\341d\212"
 513      F83E176A 
 513      7CF76B71 
 513      D17DF97E 
 513      18E1648A 
 514 1514 C4208222 		.ascii	"\304 \202\"\334\260\305`TD\204\006\031\214r}p\240Q\036"
 514      DCB0C560 
 514      54448406 
 514      198C727D 
 514      70A0511E 
 515 1528 1E1866D0 		.ascii	"\036\030f\320\230\314_\004\206\206l\016\027\266\356"
 515      98CC5F04 
 515      86866C0E 
 515      17B6EE
 516 1537 C7EFD9B7 		.ascii	"\307\357\331\267\2164\3250\034\032\022\026bV\233M\346"
 516      8E34D530 
 516      1C1A1216 
 516      62569B4D 
 516      E6
 517 1548 40B34167 		.ascii	"@\263AgV\221\241\237\350\314\036\214\010Z\012:\2422"
 517      5691A19F 
 517      E8CC1E8C 
 517      085A0A3A 
 517      A232
 518 155a 874504C1 		.ascii	"\207E\004\301\270\342\363\320\300\315&\225\331h\370"
 518      B8E2F3D0 
 518      C0CD2695 
 518      D968F8
 519 1569 DCA433CB 		.ascii	"\334\2443\313\311C\021f\332\014\023\005o\200\211BKi"
 519      C9431166 
 519      DA0C1305 
ARM GAS  /var/folders/nz/mg232qzd5vg5_0nfk_8jw8mc0000gn/T//cc900oAl.s 			page 42


 519      6F808942 
 519      4B69
 520 157b 0CDA0A43 		.ascii	"\014\332\012Cj\303W!f=LVn1G|\366_\221k\004w\203\251"
 520      6AC35721 
 520      663D4C56 
 520      6E31477C 
 520      F65F916B 
 521 1593 06A3215C 		.ascii	"\006\243!\\O\230n1\233\215\221*\223!\334\014\023\264"
 521      4F986E31 
 521      9B8D912A 
 521      9321DC0C 
 521      13B4
 522 15a5 E07F2643 		.ascii	"\340\177&CX`d0(\351\303\250M\272?E\031\242\200\364\025"
 522      58606430 
 522      28E9C3A8 
 522      4DBA3F45 
 522      19A280F4 
 523 15ba BB730A5D 		.ascii	"\273s\012]\012\366_\037\016N\203\341?\254\002\223#\325"
 523      0AF65F1F 
 523      0E4E83E1 
 523      3FAC0293 
 523      23D5
 524 15cc 40171605 		.ascii	"@\027\026\005\373\244\210\330\022n0\252h[GF\303\314"
 524      FBA488D8 
 524      126E30AA 
 524      685B4746 
 524      C3CC
 525 15de 5F457A1A 		.ascii	"_Ez\032\276$k\005\232\276\200.\303\026\322@Q\3366\276"
 525      BE246B05 
 525      9ABE802E 
 525      C316D240 
 525      51DE36BE 
 526 15f2 A1212660 		.ascii	"\241!&`\346#Z\211\364\250\266\004\206\230C\3027\253"
 526      E6235A89 
 526      F4A8B604 
 526      869843C2 
 526      37AB
 527 1604 4144BAA6 		.ascii	"AD\272\246\332\020i\010\007\267\332\254\002\226\204"
 527      DA106908 
 527      07B7DAAC 
 527      029684
 528 1613 02BC2030 		.ascii	"\002\274 0\224\370\211\",2\"\"\364\333\242]4\232\355"
 528      94F88922 
 528      2C322222 
 528      F4DBA25D 
 528      349AED
 529 1626 FEA80F36 		.ascii	"\376\250\0176\351\203\203`\343\336r7\016\354`\370\273"
 529      E9838360 
 529      E3DE7237 
 529      0EEC60F8 
 529      BB
 530 1637 6EA76F35 		.ascii	"n\247o5\331\274\322-\0130\001\014{\205\031\302\"\214"
 530      D9BCD22D 
 530      0B30010C 
 530      7B8519C2 
 530      228C
 531 1649 5B75C186 		.ascii	"[u\301\206\300H\235\331S\204)M!\377\015\326\374\217"
ARM GAS  /var/folders/nz/mg232qzd5vg5_0nfk_8jw8mc0000gn/T//cc900oAl.s 			page 43


 531      C0489DD9 
 531      5384294D 
 531      21FF0DD6 
 531      FC8F
 532 165b BF24BC42 		.ascii	"\277$\274BC>#\004.a\366\336\372\017\326\377\320\021"
 532      433E2304 
 532      2E61F6DE 
 532      FA0FD6FF 
 532      D011
 533 166d 6CE62008 		.ascii	"l\346 \010aXZ\013\213m6\230?\217\012\327\353\314\022"
 533      61585A0B 
 533      8B6D3698 
 533      3F8F0AD7 
 533      EBCC12
 534 1680 FE1C6122 		.ascii	"\376\034a\"\354D:\033\302\204\310PG\032#\276\014\001"
 534      EC443A1B 
 534      C284C850 
 534      471A23BE 
 534      0C01
 535 1692 2FF6A262 		.ascii	"/\366\242b\303?h\203\364\"LA]Z\021\031\270\331`\222"
 535      C33F6883 
 535      F4224C41 
 535      5D5A1119 
 535      B8D96092 
 536 16a6 7F6E3418 		.ascii	"\177n4\030\344dPNt\222G\231\014AJF\206\301\220\337{"
 536      E464504E 
 536      74924799 
 536      0C414A46 
 536      86C190DF 
 537 16bb F9D2642E 		.ascii	"\371\322d.\254\253\022\204\365sgS\301\031\200\324W\037"
 537      ACAB1284 
 537      F5736753 
 537      C11980D4 
 537      571F
 538 16cd FC6FC141 		.ascii	"\374o\301A\033\0015\033~a\214\010\373\0108\270l\205"
 538      1B01351B 
 538      7E618C08 
 538      FB0838B8 
 538      6C85
 539 16df C9A88729 		.ascii	"\311\250\207)A[!\010C\364\353\365\366\255 \216\241#"
 539      415B2108 
 539      43F4EBF5 
 539      F6AD208E 
 539      A123
 540 16f1 B9031E4C 		.ascii	"\271\003\036L\312u_\3138d\002Y\332\023B\310\2407\353"
 540      CA755FCB 
 540      38640259 
 540      DA1342C8 
 540      A037EB
 541 1704 88AEDF74 		.ascii	"\210\256\337t\021\343c\272\304\247@\011!\264I\037\374"
 541      11E363BA 
 541      C4A74009 
 541      21B4491F 
 541      FC
 542 1715 EF815F18 		.ascii	"\357\201_\030\242\"7)\266|\026h2\310\267\200\263*\210"
 542      A2223729 
 542      B67C1668 
ARM GAS  /var/folders/nz/mg232qzd5vg5_0nfk_8jw8mc0000gn/T//cc900oAl.s 			page 44


 542      32C8B780 
 542      B32A88
 543 1728 8A9138D0 		.ascii	"\212\2218\320\270\331W\210\302 \203Io\014\2114G\200"
 543      B8D95788 
 543      C2208349 
 543      6F0C8934 
 543      4780
 544 173a 895F13F1 		.ascii	"\211_\023\361\333\024e\"\336m\010\372\325\032}0\321"
 544      DB146522 
 544      DE6D08FA 
 544      D51A7D30 
 544      D1
 545 174b EFC35070 		.ascii	"\357\303Pp\223\017\211\335\015A\236\372`\262\012\355"
 545      930F89DD 
 545      0D419EFA 
 545      60B20AED 
 546 175b 826AB169 		.ascii	"\202j\261i\253\351_\"\364_\270w\306\255Dr\017\232/a"
 546      ABE95F22 
 546      F45FB877 
 546      C6AD4472 
 546      0F9A2F61 
 547 176f C6175E3A 		.ascii	"\306\027^:\210o\263\356\037?\334\364\363O\177\373+\257"
 547      886FB3EE 
 547      1F3FDCF4 
 547      F34F7FFB 
 547      2BAF
 548 1781 C0D02D81 		.ascii	"\300\320-\201[M\2205B\241\004\374`\2455 \327\006l\374"
 548      5B4D9035 
 548      42A104FC 
 548      60A53520 
 548      D7066CFC 
 549 1795 78D3AF36 		.ascii	"x\323\25769X\222\354\247\017\373\005(CLB%\370]8a\315"
 549      395892EC 
 549      A70FFB05 
 549      28434C42 
 549      25F85D38 
 550 17ab 9272146D 		.ascii	"\222r\024m\253u:\272\243:/[c\375\2177l\370\340\177\001"
 550      AB753ABA 
 550      A33A2F5B 
 550      63FD8F37 
 550      6CF8E07F 
 551 17c0 4D0FC7C8 		.ascii	"M\017\307\310"
 552              		.text
 553              		.section	.gnu.lto_.symtab.8fd2a2df111651ce,"",%progbits
 554 0000 63685468 		.ascii	"chThdCreateFromHeap\000\000\000\000\000\000\000\000"
 554      64437265 
 554      61746546 
 554      726F6D48 
 554      65617000 
 555 001b 00000000 		.ascii	"\000\000\000\000\275\001\000\000chThdCreateFromMemo"
 555      BD010000 
 555      63685468 
 555      64437265 
 555      61746546 
 556 0036 7279506F 		.ascii	"ryPool\000\000\000\000\000\000\000\000\000\000\000\000"
 556      6F6C0000 
 556      00000000 
ARM GAS  /var/folders/nz/mg232qzd5vg5_0nfk_8jw8mc0000gn/T//cc900oAl.s 			page 45


 556      00000000 
 556      0000
 557 0048 D4010000 		.ascii	"\324\001\000\000chSchWakeupS\000\000\002\000\000\000"
 557      63685363 
 557      6857616B 
 557      65757053 
 557      00000200 
 558 005e 00000000 		.ascii	"\000\000\000\000\000\000\331\001\000\000chThdCreate"
 558      0000D901 
 558      00006368 
 558      54686443 
 558      72656174 
 559 0073 53757370 		.ascii	"SuspendedI\000\000\002\000\000\000\000\000\000\000\000"
 559      656E6465 
 559      64490000 
 559      02000000 
 559      00000000 
 560 0088 00EF0100 		.ascii	"\000\357\001\000\000chHeapAllocAligned\000\000\002\000"
 560      00636848 
 560      65617041 
 560      6C6C6F63 
 560      416C6967 
 561 00a3 00000000 		.ascii	"\000\000\000\000\000\000\000\000\365\001\000\000chP"
 561      00000000 
 561      F5010000 
 561      636850
 562 00b2 6F6F6C41 		.ascii	"oolAlloc\000\000\002\000\000\000\000\000\000\000\000"
 562      6C6C6F63 
 562      00000200 
 562      00000000 
 562      000000
 563 00c5 00F90100 		.ascii	"\000\371\001\000\000"
 563      00
 564              		.text
 565              		.section	.gnu.lto_.opts,"",%progbits
 566 0000 272D666E 		.ascii	"'-fno-trapv' '-mcpu=cortex-m3' '-mno-thumb-interwor"
 566      6F2D7472 
 566      61707627 
 566      20272D6D 
 566      6370753D 
 567 0033 6B272027 		.ascii	"k' '-mthumb' '-ggdb' '-O2' '-fomit-frame-pointer' '"
 567      2D6D7468 
 567      756D6227 
 567      20272D67 
 567      67646227 
 568 0066 2D66616C 		.ascii	"-falign-functions=16' '-ffunction-sections' '-fdata"
 568      69676E2D 
 568      66756E63 
 568      74696F6E 
 568      733D3136 
 569 0099 2D736563 		.ascii	"-sections' '-fno-common' '-flto'\000"
 569      74696F6E 
 569      73272027 
 569      2D666E6F 
 569      2D636F6D 
 570              		.text
 571              		.comm	__gnu_lto_v1,1,1
ARM GAS  /var/folders/nz/mg232qzd5vg5_0nfk_8jw8mc0000gn/T//cc900oAl.s 			page 46


 572              		.comm	__gnu_lto_slim,1,1
 573              		.ident	"GCC: (GNU Tools for ARM Embedded Processors) 4.9.3 20150529 (release) [ARM/embedded-4_9-br
ARM GAS  /var/folders/nz/mg232qzd5vg5_0nfk_8jw8mc0000gn/T//cc900oAl.s 			page 47


DEFINED SYMBOLS
                            *ABS*:0000000000000000 chdynamic.c
                            *COM*:0000000000000001 __gnu_lto_v1
                            *COM*:0000000000000001 __gnu_lto_slim

NO UNDEFINED SYMBOLS
