ARM GAS  /var/folders/nz/mg232qzd5vg5_0nfk_8jw8mc0000gn/T//cc650err.s 			page 1


   1              		.syntax unified
   2              		.cpu cortex-m3
   3              		.fpu softvfp
   4              		.eabi_attribute 20, 1
   5              		.eabi_attribute 21, 1
   6              		.eabi_attribute 23, 3
   7              		.eabi_attribute 24, 1
   8              		.eabi_attribute 25, 1
   9              		.eabi_attribute 26, 1
  10              		.eabi_attribute 30, 2
  11              		.eabi_attribute 34, 1
  12              		.eabi_attribute 18, 4
  13              		.thumb
  14              		.file	"chmempools.c"
  15              		.text
  16              	.Ltext0:
  17              		.section	.gnu.lto_.profile.14f72fc2f95741a1,"",%progbits
  18 0000 789C6366 		.ascii	"x\234cf```a\200\000F\206Hk\000\001a\000\235"
  18      60606061 
  18      80004686 
  18      486B0001 
  18      61009D
  19              		.text
  20              		.section	.gnu.lto_.jmpfuncs.14f72fc2f95741a1,"",%progbits
  21 0000 789C6366 		.ascii	"x\234cf\300\016B\2404\033\0033###{}}=#\214\301\004\244"
  21      C00E42A0 
  21      341B0333 
  21      2323237B 
  21      7D7D3D23 
  22 0018 EB991818 		.ascii	"\353\231\030\030\230>21\356\232tb\006\333\013\246\237"
  22      983E3231 
  22      EE9A7462 
  22      06DB0BA6 
  22      9F
  23 0029 4C0C2C0C 		.ascii	"L\014,\014\214\313\031\245\030\030\0160p1\303\024\200"
  23      8CCB19A5 
  23      18180E30 
  23      7031C314 
  23      80
  24 003a 45EA1918 		.ascii	"E\352\031\030X\200Z\230\353\353Y!\024\003\000\250%\016"
  24      58805A98 
  24      EBEB5921 
  24      140300A8 
  24      250E
  25 004c F5       		.ascii	"\365"
  26              		.text
  27              		.section	.gnu.lto_.inline.14f72fc2f95741a1,"",%progbits
  28 0000 789C6D4F 		.ascii	"x\234mO\261N\303@\014}\317wI.QQ\313\011\011)\013\335"
  28      B14EC340 
  28      0C7DCF77 
  28      492E5151 
  28      CB090929 
  29 0016 B221A6CC 		.ascii	"\262!\246\314\375\202~D\247\366/:2 \225\221\005\211"
  29      FD827E44 
  29      A7F62F3A 
  29      32209591 
  29      0589
ARM GAS  /var/folders/nz/mg232qzd5vg5_0nfk_8jw8mc0000gn/T//cc650err.s 			page 2


  30 0028 0D3174AD 		.ascii	"\0151t\255\362\027\264[\246\2620\244[;\262\325\227\243"
  30      F217B45B 
  30      A6B230A4 
  30      5B3BB2D5 
  30      97A3
  31 003a 4C9CAC7B 		.ascii	"L\234\254{\266\237\355g\033\374\377\206\214\230\252"
  31      B69FED67 
  31      1BFCFF86 
  31      8C98AA
  32 0049 258498E6 		.ascii	"%\204\230\346\026y[K\310\021W\007\220\242%r\275\332"
  32      16795B4B 
  32      C8115707 
  32      90A22572 
  32      BDDA
  33 005b 17C85F9F 		.ascii	"\027\310_\237D`\225\022\370\202\031\026\254J\003\314"
  33      44609512 
  33      F8821916 
  33      AC4A03CC 
  34 006b 232C4EC2 		.ascii	"#,N\302\257\357\317\235\353\344'4\361\235\245\231(\033"
  34      AFEFCF9D 
  34      EBE42734 
  34      F19DA599 
  34      281B
  35 007d 91306166 		.ascii	"\2210af\364\306E\020}\273\023\260\313&\202\344\261\322"
  35      F4C64510 
  35      7DBB13B0 
  35      CB2682E4 
  35      B1D2
  36 008f 7CCB259D 		.ascii	"|\313%\235\006\215S\004?\270\224\221\306\277\016\314"
  36      068D5304 
  36      3FB89491 
  36      C6BF0ECC 
  37 009f DA5B7095 		.ascii	"\332[p\225\332~\275\324Cs\362<\325\2717\003\335\335"
  37      DA7EBDD4 
  37      4373F23C 
  37      D5B93703 
  37      DDDD
  38 00b1 6F66285E 		.ascii	"of(^\036.dO\331p\026{m+\333!\334\361\276\227\264\361"
  38      1E2E644F 
  38      D970167B 
  38      6D2BDB21 
  38      DCF1BE97 
  39 00c7 0FA5095C 		.ascii	"\017\245\011\\\246\335Y[\377]\2163\246\303$\367"
  39      A6DD595B 
  39      FF5D8E33 
  39      A6C324F7 
  40              		.text
  41              		.section	.gnu.lto_.pureconst.14f72fc2f95741a1,"",%progbits
  42 0000 789C6366 		.ascii	"x\234cf``\340e\200\0006\006)F+&)f+\026)V+\000\007\221"
  42      6060E065 
  42      80003606 
  42      29462B26 
  42      29662B16 
  43 001a 0122     		.ascii	"\001\""
  44              		.text
  45              		.section	.gnu.lto_chPoolObjectInit.14f72fc2f95741a1,"",%progbits
  46 0000 789C9590 		.ascii	"x\234\225\220\273k\024Q\024\306\357w\356\314da\023\""
ARM GAS  /var/folders/nz/mg232qzd5vg5_0nfk_8jw8mc0000gn/T//cc650err.s 			page 3


  46      BB6B1451 
  46      14C6EF77 
  46      EECC6461 
  46      1322
  47 0012 56612B9B 		.ascii	"Va+\233%\210\256\323XZ\010\202\330\245\310\177\220u"
  47      2588AED3 
  47      585A0882 
  47      D8A5C87F 
  47      9075
  48 0024 21031967 		.ascii	"!\003\031g\331\005\013\233\334\211\261\020,\242\242"
  48      D9050B9B 
  48      DC89B110 
  48      2CA2A2
  49 0033 043424B0 		.ascii	"\0044$\260\006\037\321$\233\030_\325$6Z\230\030\210"
  49      061FD124 
  49      9B185FD5 
  49      24365A98 
  49      1888
  50 0045 AC0FF001 		.ascii	"\254\017\360\001+\230\"\230\325\2058E\210\347\314*H"
  50      2B982298 
  50      D5853845 
  50      88E7CC2A 
  50      48
  51 0056 6C74E072 		.ascii	"lt\340r\316\271s\276\337\271\347\323\352\357/\303\247"
  51      CEB973BE 
  51      DFB9E7D3 
  51      EAEF2FC3 
  51      A7
  52 0067 87943AC2 		.ascii	"\207\224:\302\021Z\201F\226\225\012S\004H\242\240\006"
  52      115A8146 
  52      96950A53 
  52      0448A2A0 
  52      06
  53 0078 098358A7 		.ascii	"\011\203X\247\006a$\232\032MwO\032c6\227\346\273\316"
  53      0661249A 
  53      1A4D774F 
  53      1A633697 
  53      E6BBCE
  54 008b 75C52CFB 		.ascii	"u\305,\373N-\014n\242\233[\302\325\363g\333\365A(\316"
  54      4E2D0C6E 
  54      A29B5BC2 
  54      D5F367DB 
  54      F54128CE 
  55 009f 1F4F375F 		.ascii	"\037O7_\244\277PL\330'\345\223K\317F\035)\311\222\362"
  55      A4BF504C 
  55      D827E593 
  55      4BCF461D 
  55      29C992F2 
  56 00b3 D38DA509 		.ascii	"\323\215\245\011d+\306\014E\313s\346\250\025\223\306"
  56      642BC60C 
  56      45CB73E6 
  56      A81593C6 
  57 00c3 2D68E6E1 		.ascii	"-h\346\34162\270\203\214\342+\205)d\271\373\345\363"
  57      3632B883 
  57      8CE22B85 
  57      2964B9FB 
  57      E5F3
ARM GAS  /var/folders/nz/mg232qzd5vg5_0nfk_8jw8mc0000gn/T//cc650err.s 			page 4


  58 00d5 F05DA776 		.ascii	"\360]\247v\023n\363\353\323\327\355-\345zKi\341\356"
  58      136EF3EB 
  58      D3D7ED2D 
  58      E57A4B69 
  58      E1EE
  59 00e7 6EA5A570 		.ascii	"n\245\245p/QF\037\315F\207>\234('.^\231\264Z\312\013"
  59      2F51461F 
  59      CD46873E 
  59      9C28272E 
  59      5E99B45A 
  60 00fd 15E7444C 		.ascii	"\025\347DL6\246w\013m\205\031d\245\2731\274]K;\303\274"
  60      36A6770B 
  60      6D851964 
  60      A5BB31BC 
  60      5D4B3BC3 
  61 0112 EE9EEDDF 		.ascii	"\356\236\355\337\233b\026\0168\316\354\215\314\316N"
  61      9B62160E 
  61      38CEEC8D 
  61      CCCE4E
  62 0121 6565B1E6 		.ascii	"ee\261\346@\274\342WZ\220\211\016\022\271\252s\267\030"
  62      40BCE257 
  62      5A90890E 
  62      12B9AA73 
  62      B718
  63 0133 F89948A2 		.ascii	"\370\231H\242~\213\241\315\331\265E-\000f\177\250\257"
  63      7E8BA1CD 
  63      D9B5452D 
  63      00667FA8 
  63      AF
  64 0144 ACA6C40C 		.ascii	"\254\246\304\014\255d\324\302\217\361\215\2161\\\013"
  64      AD64D4C2 
  64      8FF18D8E 
  64      315C0B
  65 0153 8D89EC98 		.ascii	"\215\211\354\230\234-\"T\3719\362\357z\363\362\233\316"
  65      9C2D2254 
  65      F939F2EF 
  65      7AF3F29B 
  65      CE
  66 0164 DC8198DA 		.ascii	"\334\201\230\3320\2071|K\014\307<r\177b\332\370\352"
  66      3087317C 
  66      4B0CC73C 
  66      727F62DA 
  66      F8EA
  67 0176 3E0B78CC 		.ascii	">\013x\314\325\306Z\325\3765\346\237\270\026\026\022"
  67      D5C65AD5 
  67      FE35E69F 
  67      B8161612 
  68 0186 AEEC8507 		.ascii	"\256\354\205\007\310m\261y\302\251\276\012\377\213c"
  68      C86DB179 
  68      C2A9BE0A 
  68      FF8B63
  69 0195 E361C249 		.ascii	"\343a\302I|z$\034G\275G\030\325\216\013E^]\347\031l"
  69      7C7A241C 
  69      47BD4718 
  69      D58E0B45 
  69      5E5DE719 
  70 01aa 0637EC3F 		.ascii	"\0067\354?\326\357\365y=\275nPv\363\201\357\007\247"
ARM GAS  /var/folders/nz/mg232qzd5vg5_0nfk_8jw8mc0000gn/T//cc650err.s 			page 5


  70      D6EFF579 
  70      3DBD6E50 
  70      76F381EF 
  70      07A7
  71 01bc 381BF0FA 		.ascii	"8\033\360\372\334r)\357\346\373\375\202_\014\202\201"
  71      DC7229EF 
  71      E6FBFD82 
  71      5F0C8281 
  72 01cc F2A1BC22 		.ascii	"\362\241\274\"\277h\225\2753\205T\261\024\234\366N\026"
  72      BF6895BD 
  72      338554B1 
  72      149CF64E 
  72      16
  73 01dd 4A3F01AA 		.ascii	"J?\001\252\011\340\265"
  73      09E0B5
  74              		.text
  75              		.section	.gnu.lto_chPoolLoadArray.14f72fc2f95741a1,"",%progbits
  76 0000 789CA556 		.ascii	"x\234\245V]L\223g\024~\317\373\375\225\266N\266\213"
  76      5D4C9367 
  76      147ECFFB 
  76      FD95B64E 
  76      B68B
  77 0012 4DCD3248 		.ascii	"M\3152H\010\321%\260\356\347b7Kt!\331\342\005Y\"\331"
  77      08D125B0 
  77      EEE76237 
  77      4B7421D9 
  77      E2055922 
  78 0027 F5225D17 		.ascii	"\365\"]\027X(m\012\030\275\362+T\234fC\203.\303)\023"
  78      58286D0A 
  78      18BDF22B 
  78      549C6643 
  78      832EC329 
  79 003c 45E70F0E 		.ascii	"E\347\017\016\024\007\023\252\256\"\003\004AT\374A\030"
  79      140713AA 
  79      AE220304 
  79      4154FC41 
  79      18
  80 004d 5445B345 		.ascii	"TE\263E]d\250\320m\332\235\363~U\373\273\2335!\274\337"
  80      5D64A8D0 
  80      6DDA9DF3 
  80      7E55FBBB 
  80      9B3521BC 
  81 0062 39E779CE 		.ascii	"9\347y\316\377\367~\022K\374}\214\177\035&\306\314\300"
  81      FFF77E12 
  81      4BFC7D8C 
  81      7F1D26C6 
  81      CCC0
  82 0074 18680CF8 		.ascii	"\030h\014\370\346!\306\274&\016\212q\220@6\016\262!"
  82      E621C6BC 
  82      260E8A71 
  82      9040360E 
  82      B221
  83 0086 396552B8 		.ascii	"9eR\270\364e/c\272Y\365iL\267\252\000$g\300\326rIVT"
  83      F4652F63 
  83      BA59F569 
  83      4CB7AA00 
  83      2467C0D6 
ARM GAS  /var/folders/nz/mg232qzd5vg5_0nfk_8jw8mc0000gn/T//cc650err.s 			page 6


  84 009e 58CB1506 		.ascii	"X\313\025\006a\374\315\027\016~\347\323\0346\007\232"
  84      61FCCD17 
  84      0E7EE7D3 
  84      1C36079A 
  85 00ae EA2C8BF7 		.ascii	"\352,\213\367\352\272~\177w\307\202u\013B\234\261\031"
  85      EABA7E7F 
  85      77C78275 
  85      0B429CB1 
  85      19
  86 00bf 6E4400FB 		.ascii	"nD\000\373`1\232x\317o\250\262J9\300\360\334\321\374"
  86      60319A78 
  86      CF6FA8B2 
  86      4A39C0F0 
  86      DCD1FC
  87 00d2 60D0F21B 		.ascii	"`\320\362\033\017q\310\244\307\316\332\276:\225\036"
  87      0F71C8A4 
  87      C7CEDABE 
  87      3A951E
  88 00e1 B94C8FD7 		.ascii	"\271L\217\327\367t5@v\243\256W\006\006[\365er\210K\260"
  88      F7743540 
  88      76A3AE57 
  88      06065BF5 
  88      6572884B 
  89 00f6 1F24E483 		.ascii	"\037$\344\203\003\260\010\016\302\"\206\"\006M\220\215"
  89      03B0080E 
  89      C2228622 
  89      064D908D 
  90 0106 D673FB37 		.ascii	"\326s\3737\234\340\222M\360z\333*\377J3\220\223\006"
  90      9CE0924D 
  90      F07ADB2A 
  90      FF4A3390 
  90      9306
  91 0118 528643F1 		.ascii	"R\206C\361H\231\301\017\0029r\365f\265,\275%\220m'\232"
  91      4899C10F 
  91      023972F5 
  91      66B52CBD 
  91      25906D27 
  92 012d 7BE61BC8 		.ascii	"{\346\033\310\220\201T\2409\036\211y\267@6\231O\373"
  92      908154A0 
  92      391E8979 
  92      B7403699 
  92      4FFB
  93 013f 1E5FB1A8 		.ascii	"\036_\261\250>\3147\375\361\323T\3410\250Xd\326\362"
  93      3ECC37FD 
  93      F1D354E1 
  93      30A85864 
  93      D6F2
  94 0151 52400F87 		.ascii	"R@\017\207\033O\216\373\345t\020\276\270\300\311@g\005"
  94      1B4F8EFB 
  94      E57410BE 
  94      B8C0C940 
  94      6705
  95 0163 E8AC0145 		.ascii	"\350\254\001E\237\206\234\252Y\230X\204\211\025\005"
  95      9F869CAA 
  95      59985884 
  95      891505
  96 0172 1A635348 		.ascii	"\032cSH\207\265\277\3059\376\223.C\345\213\344s\264"
ARM GAS  /var/folders/nz/mg232qzd5vg5_0nfk_8jw8mc0000gn/T//cc650err.s 			page 7


  96      87B5BFC5 
  96      39FE932E 
  96      43E58BE4 
  96      73B4
  97 0184 A7FBA065 		.ascii	"\247\373\240e\311\367\350\263a\323\276j\031\250\006"
  97      C9F7E8B3 
  97      61D3BE6A 
  97      19A806
  98 0193 910A1F81 		.ascii	"\221\012\037\201%\304\207\307[(\304\356\021(\260\263"
  98      25C487C7 
  98      5B28C4EE 
  98      1128B0B3 
  99 01a3 97534C31 		.ascii	"\227SL1\320\340\246}S\313LQ\320V\204\"\234\305\002j"
  99      D0E0A67D 
  99      53CB4C51 
  99      D0568422 
  99      9CC5026A 
 100 01b7 760D0735 		.ascii	"v\015\0075\351\035Q\232\271kgO\252Y\273\2604\301\376"
 100      E91D519A 
 100      B96B674F 
 100      AA59BBB0 
 100      34C1FE
 101 01ca D38E80AF 		.ascii	"\323\216\200\257A\177\022\016\003\225\366hl\201\"\214"
 101      417F120E 
 101      0395F668 
 101      6C81228C 
 102 01da 3F42D62C 		.ascii	"?B\326,\007\"Lg\377\355\273\015}\267\032\276\205\351"
 102      07224C67 
 102      FFEDBB0D 
 102      7DB71ABE 
 102      85E9
 103 01ec 81E1D080 		.ascii	"\201\341\320\200&<\335\237k\335\370\3626\275\241r3\226"
 103      263CDD9F 
 103      6BDDF8F2 
 103      36BDA172 
 103      3396
 104 01fe 72292499 		.ascii	"r)$\231\200\010E;d\021M\022\012\035\341\374\213\000"
 104      8008453B 
 104      64114D12 
 104      0A1DE1FC 
 104      8B00
 105 0210 C253A37F 		.ascii	"\302S\243\177\212C?O5\032\235*\321c\261\211\3164\351"
 105      8A433F4F 
 105      351A9D2A 
 105      D163B189 
 105      CE34E9
 106 0223 5B25E933 		.ascii	"[%\3513Q\263;#\273\366\232\005\321\341\361\306\033\326"
 106      51B33B23 
 106      BBF69A05 
 106      D1E1F1C6 
 106      1BD6
 107 0235 E84C4CD0 		.ascii	"\350LL\320\221\224\255\023\262h\366\277zx\024h\025L"
 107      9194AD13 
 107      B268F6BF 
 107      7A781468 
 107      154C
 108 0247 990CFCA8 		.ascii	"\231\014\374\250\035\203\312\0333\033o\327\2511S\027"
ARM GAS  /var/folders/nz/mg232qzd5vg5_0nfk_8jw8mc0000gn/T//cc650err.s 			page 8


 108      1D83CA1B 
 108      331B6FD7 
 108      A9315317 
 109 0257 BC35B344 		.ascii	"\2745\263D\344\216\305\026\2037\303!v.\203\323\367\266"
 109      E48EC516 
 109      8337C321 
 109      762E83D3 
 109      F7B6
 110 0269 4A142225 		.ascii	"J\024\"%\311\3408\231\3608\023\337M\234\317\023\244"
 110      C9E03899 
 110      F03813DF 
 110      4D9CCF13 
 110      A4
 111 027a 91E234C7 		.ascii	"\221\3424\307j\036\341\260\237$\225\034\257\352=\273"
 111      6A1EE1B0 
 111      9F24951C 
 111      AFEA3DBB 
 112 028a 908265F0 		.ascii	"\220\202e\3603\251\225\270u`\020\000\025\3239E\313\000"
 112      33A995B8 
 112      75601000 
 112      15D33945 
 112      CB00
 113 029c EC0EA07A 		.ascii	"\354\016\240z\362\356\334\026)\343\037\250\327\3532"
 113      F2EEDC16 
 113      29E31FA8 
 113      D7EB32
 114 02ab 433C8D10 		.ascii	"C<\215\020_\217\375\3555\3138\347\320\005\031\214$\337"
 114      5F8FFDED 
 114      35CB38E7 
 114      D005198C 
 114      24DF
 115 02bd AEFB669B 		.ascii	"\256\373f\233\025%p\032d\2219\203n\220Q\321\277\276"
 115      1525701A 
 115      64913983 
 115      6E9051D1 
 115      BFBE
 116 02cf E1919C11 		.ascii	"\341\221\234\021\216\240\315d;|\267\2473M\240\177!4"
 116      8EA0CD64 
 116      3B7CB7A7 
 116      334DA07F 
 116      2134
 117 02e1 F4809C6C 		.ascii	"\364\200\234l\210vO_\265\352}\272/\030\016g\244\036"
 117      88764F5F 
 117      B5EA7DBA 
 117      2F180E67 
 117      A41E
 118 02f3 82DEFF35 		.ascii	"\202\336\3775\004}\317\206 \340\037x\005\341\3357\274"
 118      047DCF86 
 118      20E01F78 
 118      05E1DD37 
 118      BC
 119 0304 739AB4DE 		.ascii	"s\232\264\336\350\307\203\357\206.X\022\27048\223\214"
 119      E8C783EF 
 119      862E5812 
 119      B8343893 
 119      8C
 120 0315 2BA69081 		.ascii	"+\246\220\201\355C@\344\024^\244Ij\\\251\241\237T\003"
ARM GAS  /var/folders/nz/mg232qzd5vg5_0nfk_8jw8mc0000gn/T//cc650err.s 			page 9


 120      ED4340E4 
 120      145EA449 
 120      6A5CA9A1 
 120      9F5403
 121 0328 A2DC67B1 		.ascii	"\242\334g\261\334\375F(\327\240\262\375\310\303Z\205"
 121      DCFD4628 
 121      D7A0B2FD 
 121      C8C35A85 
 122 0338 64B3DC4A 		.ascii	"d\263\334J\365\237:w\336DCe\021N\332\346v\336\233W\017"
 122      F59F3A77 
 122      DE444365 
 122      114EDAE6 
 122      76DE9B57 
 123 034d DBBDBA8E 		.ascii	"\333\275\272\216\333\250\315b<\203\242\336CP/\340\265"
 123      DBA8CD62 
 123      3C83A2DE 
 123      43502FE0 
 123      B5
 124 035e D75F2070 		.ascii	"\327_ p4RK\202\264\24278GHT\355x\260et~n\023E\256R\206"
 124      34524B82 
 124      B4A23738 
 124      474854ED 
 124      78B06574 
 125 0379 C3C8F527 		.ascii	"\303\310\365'u\210\342\203\363\220\213\241\010\356\351"
 125      7588E283 
 125      F3908BA1 
 125      08EEE9
 126 0388 875D5284 		.ascii	"\207]R\204=e \027\020\034\275Z\317\327\351\376x\343"
 126      3D652017 
 126      101CBD5A 
 126      CFD7E9FE 
 126      78E3
 127 039a 1FD643AD 		.ascii	"\037\326C\255\272x\015-\015K\251\367\351\242\330\247"
 127      BA780D2D 
 127      0D4BA9F7 
 127      E9A2D8A7 
 128 03aa 6709E015 		.ascii	"g\011\340\025\010#\251\367\251\373\331*h\011\003}\211"
 128      0823A9F7 
 128      A9FBD92A 
 128      6809037D 
 128      89
 129 03bb 2A1CB704 		.ascii	"*\034\267\004C\203\230\325e\2627\305\253\326O,$\347"
 129      438398D5 
 129      65B237C5 
 129      ABD64F2C 
 129      24E7
 130 03cd 0CAE24DF 		.ascii	"\014\256$\337\217\253\242a\243Q\373\261\347^\260S}:"
 130      8FABA261 
 130      A351FBB1 
 130      E75EB053 
 130      7D3A
 131 03df FA23A202 		.ascii	"\372#\242\002\327\304\350\307\317\371\030\3169\275\343"
 131      D7C4E8C7 
 131      CFF918CE 
 131      39BDE3
 132 03ee 65F18EA7 		.ascii	"e\361\216\247Fw\234\251\257\005z\001\314\362\264\350"
 132      46779CA9 
ARM GAS  /var/folders/nz/mg232qzd5vg5_0nfk_8jw8mc0000gn/T//cc650err.s 			page 10


 132      AF057A01 
 132      CCF2B4E8 
 133 03fe 74A5F87E 		.ascii	"t\245\370~\005\362C|\036Ux<\261a\313\351\266\373U4\214"
 133      05F2437C 
 133      1E55783C 
 133      B161CBE9 
 133      B6FB5534 
 134 0413 2E309880 		.ascii	".0\230\200\\lUU]\365{\006\263\031{\201\374\330\016q"
 134      5C6C5555 
 134      5DF57B06 
 134      B3197B81 
 134      FCD80E71 
 135 0427 3FD07D85 		.ascii	"?\320}\205B2\251\255\236\250\267\032F\226YN_\002O\252"
 135      4232A9AD 
 135      9EA8B71A 
 135      4696594E 
 135      5F024FAA 
 136 043b 2EB68B17 		.ascii	".\266\213\027\230b|\"\300$\372{\012l!\240E\244\2400"
 136      98627C22 
 136      C024FA7B 
 136      0A6C21A0 
 136      45A4A030 
 137 044f FCAA9044 		.ascii	"\374\252\220D\203\01517\272m\220\003\273\004\276\321"
 137      830D3137 
 137      BA6D9003 
 137      BB04BED1 
 138 045f 2A7FCD42 		.ascii	"*\177\315B\203\234G\347\246`\210A\243\321\267\001\003"
 138      839C47E7 
 138      A6608841 
 138      A3D1B701 
 138      03
 139 0470 93293AB3 		.ascii	"\223):\263\274\303\377\352m\340\263\\\241G\213|\334"
 139      BCC3FFEA 
 139      6DE0B35C 
 139      A1478B7C 
 139      DC
 140 0481 BF00DDA8 		.ascii	"\277\000\335\250t\203N\2007\340\377\220\230\0103\205"
 140      74834E80 
 140      37E0FF90 
 140      98083385 
 141 0491 EC3E0D8B 		.ascii	"\354>\015\213\372z^Qqa\361G\0056W\231\315\356r:]\245"
 141      FA7A5E51 
 141      7161F147 
 141      05365799 
 141      CDEE723A 
 142 04a7 782A292E 		.ascii	"x*).\264\225y\3546{\221\323\341t\273\\%eo\330\031w\272"
 142      B49579EC 
 142      367B91D3 
 142      E174BB5C 
 142      25656FD8 
 143 04be C10DA5B2 		.ascii	"\301\015\245\262\253\360swn*Tq\251\275\244\342SG4\262"
 143      ABF07377 
 143      6E2A5471 
 143      A9BDA4E2 
 143      534734B2 
 144 04d2 8829AB56 		.ascii	"\210)\253V\226T8r\0221n\227\247\274\314\366\376\212"
 144      96543872 
ARM GAS  /var/folders/nz/mg232qzd5vg5_0nfk_8jw8mc0000gn/T//cc650err.s 			page 11


 144      12316E97 
 144      A7BCCCF6 
 144      FE8A
 145 04e4 FCBCFCD5 		.ascii	"\374\274\374\325\010\261\273<\216OV\275\353D\310\333"
 145      08B1BB3C 
 145      8E4F56BD 
 145      EB44C8DB 
 146 04f4 89C68ED5 		.ascii	"\211\306\216\325\345\266\274\374\202\345\005\317\235"
 146      E5B6BCFC 
 146      82E505CF 
 146      9D
 147 0501 90BDDDF9 		.ascii	"\220\275\335\371AE\251\035!\257EA<\345Q\221\224\255"
 147      4145A91D 
 147      21AF4541 
 147      3CE55191 
 147      94AD
 148 0513 A120D2F3 		.ascii	"\241 \322\363\013Vd\026\256,s\270=\3059\231\331o2\356"
 148      0B566416 
 148      AE2C73B8 
 148      3DC53999 
 148      D96F32EE 
 149 0527 611A06E9 		.ascii	"a\032\006\351\362\254a\222\273\310\375/\006t_\266"
 149      F2AC6192 
 149      BBC8FD2F 
 149      06745FB6 
 150              		.text
 151              		.section	.gnu.lto_chPoolAllocI.14f72fc2f95741a1,"",%progbits
 152 0000 789C7593 		.ascii	"x\234u\223\337K\024Q\024\307\317\367\336\231\331]g\305"
 152      DF4B1451 
 152      14C7CFF7 
 152      DE99D95D 
 152      67C5
 153 0012 A5C72528 		.ascii	"\245\307%(\020\2210[\"z\012!\350\245\207\240\207\376"
 153      1091305B 
 153      227A0A21 
 153      E8A587A0 
 153      87FE
 154 0024 81700934 		.ascii	"\201p\0114\\W\362\017\360\356\272>\370\022\261\005\005"
 154      5C57F20F 
 154      F0EEBA3E 
 154      F812B105 
 154      05
 155 0035 B6985898 		.ascii	"\266\230X\230Y\232\232\226\026\271\010-\322o\037*\024"
 155      599A9A96 
 155      16B9082D 
 155      D26F1F2A 
 155      14
 156 0046 290B8D7A 		.ascii	")\013\215z\010\334\326\320\015e;w\306\337\332\300\316"
 156      08DCD6D0 
 156      0D653B77 
 156      C6DFDAC0 
 156      CE
 157 0057 BD73E69E 		.ascii	"\275s\346\236\357\367s\316\231\225\264\373:\303\277"
 157      EFF773CE 
 157      9995B4FB 
 157      3AC3BF
 158 0066 EB92E818 		.ascii	"\353\222\350\030\257\360\020\304\225\267D1\257\0202"
ARM GAS  /var/folders/nz/mg232qzd5vg5_0nfk_8jw8mc0000gn/T//cc650err.s 			page 12


 158      AFF010C4 
 158      95B74431 
 158      AF1032
 159 0075 5545AAC8 		.ascii	"UE\252\310\310\005H\371%,7l\010\263M\207\255?:l\256"
 159      C80548F9 
 159      252C376C 
 159      08B34D87 
 159      AD3F3A6C 
 160 008a 872D406F 		.ascii	"\207-@o\010\324$\244aZh\302O\221\025\030\351]|c\377"
 160      08D424A4 
 160      615A68C2 
 160      4F911518 
 160      E95D7C63 
 161 009f 10794107 		.ascii	"\020yA\007\211\037G\223\0237,\375\010C?&3\243\013f\371"
 161      891F4793 
 161      13372CFD 
 161      08433F26 
 161      33A30B66 
 162 00b4 1DA5E20B 		.ascii	"\035\245\342\013\311\261\031\177\313\351\274\020\224"
 162      C9B1197F 
 162      CBE9BC10 
 162      94
 163 00c1 13842E04 		.ascii	"\023\204.\004q\027A-\330\215r>\031\233lm\366\313\303"
 163      7117412D 
 163      D88D723E 
 163      199B6C6D 
 163      F6CBC3
 164 00d4 D0595F6F 		.ascii	"\320Y_o\217\337BY'g\245_\015\250\223F^H\334\203\334"
 164      8FDF4259 
 164      2767A55F 
 164      0DA89346 
 164      5E48DC83 
 165 00e9 9AC72142 		.ascii	"\232\307!B\017\312\364\361\313\035\357g=2\344\244.O"
 165      0FCAF4F1 
 165      CB1DEF67 
 165      3D32E4A4 
 165      2E4F
 166 00fb BF7E6E95 		.ascii	"\277~n\225vp\352\354\337\316\214_M\250\304l\241p\200"
 166      7670EAEC 
 166      DFCE8C5F 
 166      4DA8C46C 
 166      A17080
 167 010e 6D717FBB 		.ascii	"mq\177\273\202{qJ6\261\372\311\266\022J\251\000\036"
 167      827B714A 
 167      36B1FAC9 
 167      B6124AA9 
 167      001E
 168 0120 A0745590 		.ascii	"\240tU\220&d\260^X\340E\007\373\366\245U\241\220[\311"
 168      2664B05E 
 168      58E04507 
 168      FBF6A555 
 168      A1905BC9 
 169 0134 B656740B 		.ascii	"\266Vt\013?H\307\014h\000\323\331[\014dx\371f\372\370"
 169      3F48C70C 
 169      6800D3D9 
 169      5B0C6478 
 169      F966FAF8 
ARM GAS  /var/folders/nz/mg232qzd5vg5_0nfk_8jw8mc0000gn/T//cc650err.s 			page 13


 170 0148 66D94E90 		.ascii	"f\331N\220h\216ut\327\346\271j^\3454\342\303\331BLj"
 170      688E7574 
 170      D7E6B96A 
 170      5EE534E2 
 170      C3D9424C 
 171 015d E92561B2 		.ascii	"\351%a\262\371\227\271w\223^\335/\351\260\014-\267\377"
 171      F997B977 
 171      935EDD2F 
 171      E9B00C2D 
 171      B7FF
 172 016f 2A4EA12D 		.ascii	"*N\241-\246Tz\177^x\226\204\201>\015\313\357n.^\235"
 172      A6547A7F 
 172      5E789684 
 172      813E0DCB 
 172      EF6E2E5E 
 173 0184 2AA9AC60 		.ascii	"*\251\254`#<D\012\2775#\241\037\225\364\021qu\324\301"
 173      233C440A 
 173      BF3523A1 
 173      1F95F411 
 173      7175D4C1 
 174 0198 6557D6A5 		.ascii	"eW\326\245\017HL5w]\263\326|P\356\226;\317.\251*\207"
 174      0F484C35 
 174      775DB3D6 
 174      7C50EE96 
 174      3BCF2EA9 
 175 01ae A2FF45DC 		.ascii	"\242\377E\334\343\276\265\266R\030\333(\220\027^\235"
 175      E3BEB5B6 
 175      5218DB28 
 175      90175E9D 
 176 01be 3EB09B60 		.ascii	">\260\233`\320!\200&x\304\004,\231\354(\321\202;\212"
 176      D0218026 
 176      78C4042C 
 176      99EC28D1 
 176      823B8A
 177 01d1 F0FCBF88 		.ascii	"\360\374\277\210\241\315\"\206Q\311 \016\241A\271\200"
 177      A1CD2286 
 177      51C9200E 
 177      A141B980 
 178 01e1 4B98F9B6 		.ascii	"K\230\371\266\326'\357v\244\275\365|x\354\3509\223{"
 178      D627EF76 
 178      A4BDF57C 
 178      78ECE839 
 178      937B
 179 01f3 C2484E0F 		.ascii	"\302HN\017\3527\0256j\364\361\201\021\254w\304\244\366"
 179      EA371536 
 179      6AF4F181 
 179      11AC77C4 
 179      A4F6
 180 0205 62772E99 		.ascii	"bw.\231\3615?\337\216\032N\354\351\331\243\334\031\025"
 180      F1353FDF 
 180      8E1A4EEC 
 180      E9D9A3DC 
 180      1915
 181 0217 61D43196 		.ascii	"a\3241\226\332\370)\033\317\240E\035w\225l\266&Wp\343"
 181      DAF8291B 
 181      CFA0451D 
 181      77956CB6 
ARM GAS  /var/folders/nz/mg232qzd5vg5_0nfk_8jw8mc0000gn/T//cc650err.s 			page 14


 181      265770E3 
 182 022b 8F611984 		.ascii	"\217a\031\204g\010\346\205\315s\023\233S\263\035\034"
 182      6708E685 
 182      CD73139B 
 182      53B31D1C 
 183 023b CBF94E78 		.ascii	"\313\371Nx\240\001r\303\240\317\210\245\007_\302U\344"
 183      A00172C3 
 183      A0CF88A5 
 183      075FC255 
 183      E4
 184 024c 8E7F0778 		.ascii	"\216\177\007x(re\354</\006\313\333\346\314d\015\177"
 184      287265EC 
 184      3C2F06CB 
 184      DBE6CC64 
 184      0D7F
 185 025e 6BD0B95C 		.ascii	"k\320\271\\\377\241S5\265\325\265g\317\205\242\215\241"
 185      FFA15335 
 185      B5D5B567 
 185      CF85A28D 
 185      A1
 186 026f 70341289 		.ascii	"p4\022\211\326\363\256\256\266:\324x)\034\012\327D."
 186      D6F3AEAE 
 186      B63AD478 
 186      291C0AD7 
 186      442E
 187 0281 441AA2D1 		.ascii	"D\032\242\321\272\306#a\022\221\006#Z}\261\341\037\321"
 187      BAC62361 
 187      12910623 
 187      5A7DB1E1 
 187      1FD1
 188 0293 5C4D60   		.ascii	"\\M`"
 189              		.text
 190              		.section	.gnu.lto_chPoolAlloc.14f72fc2f95741a1,"",%progbits
 191 0000 789C9554 		.ascii	"x\234\225T\357O[e\024~\317{o\357mK\331\032?\362A\232"
 191      EF4F5B65 
 191      147ECF7B 
 191      6FEF6D4B 
 191      D91A3FF2 
 192 0016 10428CB0 		.ascii	"\020B\214\260\252\321\370\301,jH\214&\022\223\361\007"
 192      AAD1F8C1 
 192      2C6A488C 
 192      261293F1 
 192      07
 193 0027 B8519B14 		.ascii	"\270Q\233\024Ci\323\302\262}\332m\201,[\2421\335\214"
 193      4369D3C2 
 193      B27DDA6D 
 193      812C5BA2 
 193      31DD8C
 194 003a E86C1859 		.ascii	"\350l\030Y\311\234(\270\341\246T\267u\350*v\224\201"
 194      C99C28B8 
 194      E1A654B7 
 194      75E82A76 
 194      9481
 195 004c 82CB36E2 		.ascii	"\202\3136\342*\001\242qK\350\012\033\235\232z\316\333"
 195      2A01A271 
 195      4BE80A1B 
 195      9D9A7ACE 
ARM GAS  /var/folders/nz/mg232qzd5vg5_0nfk_8jw8mc0000gn/T//cc650err.s 			page 15


 195      DB
 196 005d 96FEC204 		.ascii	"\226\376\302\004\233\364\3768\347=\347<\3479\347>\022"
 196      9BF4FE38 
 196      E73DE73C 
 196      E739E73E 
 196      12
 197 006e ABFCBD8E 		.ascii	"\253\374\275\216\377\213\012csx\007\225\001\177o\232"
 197      FF8B0A63 
 197      73780795 
 197      017F6F9A 
 198 007e 319F9E73 		.ascii	"1\237\236s)\270\233iF9ef\232I\002%k\226\271\356\004"
 198      29B89B69 
 198      46396566 
 198      9A490225 
 198      6B96B9EE 
 199 0093 99957532 		.ascii	"\231\225u2\353\362f\005\200\036\030\260C\\\222u\012"
 199      EBF26605 
 199      801E18B0 
 199      435C9275 
 199      0A
 200 00a4 1C823F78 		.ascii	"\034\202?x\222\303\370\310Z\274\352w\236\346\314\302"
 200      92C3F8C8 
 200      5ABCEA77 
 200      9EE6CCC2 
 201 00b4 F0351C98 		.ascii	"\3605\034\230\354W\350\025dz\015D\303\253\272\206!M"
 201      EC57E815 
 201      647A0D44 
 201      C3ABBA86 
 201      214D
 202 00c6 F3AF2ECE 		.ascii	"\363\257.\316/\230\372^Ms\316R\234\301i\250\201O\240"
 202      2F98FA5E 
 202      4D73CE52 
 202      9CC169A8 
 202      814FA0
 203 00d9 86129E81 		.ascii	"\206\022\236\201\006<\351\233=\322c\222\032\201\242"
 203      063CE99B 
 203      3DD26392 
 203      1A81A2
 204 00e8 7E0B4D9C 		.ascii	"~\013M\234\204\372S\030\025\211\235\323^\222\323\\\202"
 204      84FA5318 
 204      15899DD3 
 204      5E92D35C 
 204      82
 205 00f9 4F412A8E 		.ascii	"OA*\216C\023\203a\250\247\343\357\016\316$T\311*B7n"
 205      43138361 
 205      A8A7E3EF 
 205      0ECE2454 
 205      C92A4237 
 206 010e 4D5D52EA 		.ascii	"M]R\352\006141:\0245i\223Zo\"\223\251\305\262\360Yi"
 206      06313431 
 206      3A143569 
 206      935A6F22 
 206      93A9C5B2 
 207 0125 86EC0F43 		.ascii	"\206\354\017C\222\275\377\334\250Rz5M3\303\347PG\360"
 207      92BDFFDC 
 207      A8527A35 
 207      4D33C3E7 
ARM GAS  /var/folders/nz/mg232qzd5vg5_0nfk_8jw8mc0000gn/T//cc650err.s 			page 16


 207      5047F0
 208 0138 10D50828 		.ascii	"\020\325\010(\2007\262\214>\026\3212\231\261\033\213"
 208      8037B28C 
 208      3E16D132 
 208      99B11B8B 
 209 0148 475E18E6 		.ascii	"G^\030\346;0\005\332$\240\352\012\342\220U\274\350\364"
 209      3B3005DA 
 209      24A0EA0A 
 209      E29055BC 
 209      E8F4
 210 015a 78510CC2 		.ascii	"xQ\014\302e\024W\306\2260\017Q\266\214-\343]\372\005"
 210      651457C6 
 210      96300F51 
 210      B68C2DE3 
 210      5DFA05
 211 016d FC66AA97 		.ascii	"\374f\252\227\032\326\216K\322\263\002\356\237s\203"
 211      1AD68E4B 
 211      D2B302EE 
 211      9F7383
 212 017c 43460177 		.ascii	"CF\001w\365Q`eo\240G\013\341c\346E\004\254\302\350V"
 212      F5516065 
 212      6FA0470B 
 212      E163E645 
 212      04ACC2E8 
 213 0191 80E10BA8 		.ascii	"\200\341\013\250#\212\336Y\037\003\342Y\26508\213\336"
 213      238ADE59 
 213      1F03E259 
 213      B530388B 
 213      DE
 214 01a2 DBE05F1C 		.ascii	"\333\340_\0348\274\322\257\224t\224\010\215\200\350"
 214      38BCD2AF 
 214      94749408 
 214      8D80E8
 215 01b1 25C5A1B4 		.ascii	"%\305\241\264\327\304\332\321\007:\006\347\310\305\313"
 215      D7C4DAD1 
 215      073A06E7 
 215      C8C5CB
 216 01c0 5DCB5340 		.ascii	"]\313S@u\030\214\221[*c\211\301\227\200\353\004\347"
 216      75188C91 
 216      5B2A6389 
 216      C19780EB 
 216      04E7
 217 01d2 892260E3 		.ascii	"\211\"`\343\200\356;w7\216I\2651\010j\375\2264\327S"
 217      80EE3B77 
 217      378E49B5 
 217      31086AFD 
 217      9634D753 
 218 01e6 C4FBB7FF 		.ascii	"\304\373\267\377\362\031e$\001.@\255`\372\243\276\017"
 218      F2196524 
 218      012E40AD 
 218      60FAA3BE 
 218      0F
 219 01f7 3E34A105 		.ascii	">4\241\005\276\002Y\200f\3605\310\350\210\035>\371@"
 219      BE025980 
 219      66F035C8 
 219      E8881D3E 
 219      F940
ARM GAS  /var/folders/nz/mg232qzd5vg5_0nfk_8jw8mc0000gn/T//cc650err.s 			page 17


 220 0209 AE8DE7A2 		.ascii	"\256\215\347\242\015tv\346n4l\020\321\343\024\015a\\"
 220      0D7476E6 
 220      6E346C10 
 220      D1E3140D 
 220      615C
 221 021b A83C8367 		.ascii	"\250<\203gf\322\327\324,k\264U\205!W\254I\216\263o\240"
 221      66D2D7D4 
 221      2C6BB455 
 221      852157AC 
 221      498EB36F 
 222 0230 EE21B671 		.ascii	"\356!\266q\013\374\027\222\031\237T\272'\217N\375\337"
 222      0BFC1792 
 222      199F54BA 
 222      278F4EFD 
 222      DF
 223 0241 3D89AC1F 		.ascii	"=\211\254\0375Q\316\034\263r\371\026}K\256\213\202\243"
 223      3551CE1C 
 223      B372F916 
 223      7D4BAE8B 
 223      82A3
 224 0253 4BA03CE4 		.ascii	"K\240<\344\364\235\334Y\272>\253\247\201I\"\331\371"
 224      F49DDC59 
 224      BA3EABA7 
 224      814922D9 
 224      F9
 225 0264 8D817BD5 		.ascii	"\215\201{\325A8\341\3234}\232\033\021\035\\\246b\350"
 225      4138E1D3 
 225      347D9A1B 
 225      111D5CA6 
 225      62E8
 226 0276 FA78EDD8 		.ascii	"\372x\355\330\315\235M\3034\210L\217\212\013\006\021"
 226      CD9D4DC3 
 226      34884C8F 
 226      8A0B0611 
 227 0286 08C27DA2 		.ascii	"\010\302}\242\202r\302\025h\"&\264\247)9\325\302\002"
 227      8272C215 
 227      682226B4 
 227      A72939D5 
 227      C202
 228 0298 6C1E7A6F 		.ascii	"l\036zo\366\234>\256\344\012BC\026\3702\226\013\356"
 228      F69C3EAE 
 228      E40A4243 
 228      16F83296 
 228      0BEE
 229 02aa 96A8F1B3 		.ascii	"\226\250\361\263W\375j\326\253\024\303\221\267\200S"
 229      57FD6AD6 
 229      AB14C391 
 229      B78053
 230 02b9 4519264A 		.ascii	"E\031&J\340<I8\276\0238 \207\343{\304\201\211\003\203"
 230      E03C4938 
 230      BE133820 
 230      87E37BC4 
 230      81890383 
 231 02cd 3B29ED76 		.ascii	";)\355v{\212\210\216\256\226t\024\205&D%\340\312,e\316"
 231      7B8A888E 
 231      AE967414 
 231      85264425 
ARM GAS  /var/folders/nz/mg232qzd5vg5_0nfk_8jw8mc0000gn/T//cc650err.s 			page 18


 231      E0CA2C65 
 232 02e2 C28D2E4A 		.ascii	"\302\215.JY\270\352vR#>\023\374 \262\362\\\326I\304"
 232      59B8EA76 
 232      52233E13 
 232      FC20B2F2 
 232      5CD649C4 
 233 02f6 2768E92C 		.ascii	"'h\351,\344\331l\333\204\265\177\204<I:6P-\252&\243"
 233      E4D96CDB 
 233      84B57F84 
 233      3C493A36 
 233      502DAA26 
 234 030b 13B9AAFA 		.ascii	"\023\271\252\372mV\255\206\230\250*\345\252^\303\252"
 234      6D56AD86 
 234      98A82AE5 
 234      AA5EC3AA 
 235 031b 0BD0A73D 		.ascii	"\013\320\247=\227Mc\300\272,\233mS\032\025\231\301\024"
 235      974D63C0 
 235      BA2C9B6D 
 235      531A1599 
 235      C114
 236 032d D4A4F90E 		.ascii	"\324\244\371\016\234#/L\321 \260(\005\261\310\232\215"
 236      9C232F4C 
 236      D120B028 
 236      05B1C89A 
 236      8D
 237 033e 346DB172 		.ascii	"4m\261r\244IBZ\362\037B\261|\334\337\236|\304\205|l"
 237      A449425A 
 237      F21F42B1 
 237      7CDCDF9E 
 237      7CC4857C 
 238 0353 F2A0A269 		.ascii	"\362\240\242i\372\277\345ciS>t\025\"p\235\026\274L8"
 238      FABFE563 
 238      69533E74 
 238      1522709D 
 238      16BC4C38 
 239 0367 6271A460 		.ascii	"bq\244`\206\316+\345\256d\034\2508\203\331\2555\345"
 239      86CE2BE5 
 239      AE641CA8 
 239      3883D9AD 
 239      35E5
 240 0379 27F1BDFC 		.ascii	"'\361\275\374\\\244)\241{\211\260\222\227\213i!\027"
 240      5CA429A1 
 240      7B89B092 
 240      978B6921 
 240      17
 241 038a 73422ECA 		.ascii	"sB.\312\265a\036\265\341W\360%B\243@`\2112\266\0028"
 241      B5611EB5 
 241      E157F025 
 241      42A34060 
 241      8932B602 
 242 039f 2F2EFD7D 		.ascii	"/.\375}y/\336d\034\201A\2670\353@Q\006\342\027c\237"
 242      792FDE64 
 242      1C8141B7 
 242      30EB4051 
 242      06E21763 
 243 03b4 6876B4B7 		.ascii	"hv\264\267\265\277\321juy\2556\227\323\351\352\304\247"
 243      B5BFD16A 
ARM GAS  /var/folders/nz/mg232qzd5vg5_0nfk_8jw8mc0000gn/T//cc650err.s 			page 19


 243      7579AD36 
 243      97D3E9EA 
 243      C4A7
 244 03c6 8EF636AB 		.ascii	"\216\3666\253\327c\263\332\034N\273\323\355ruxw\331"
 244      D763B3DA 
 244      1C4EBBD3 
 244      ED727578 
 244      77D9
 245 03d8 1877BA65 		.ascii	"\030w\272eW\333\333n\335\376}\035\335\366\306\3128\267"
 245      57DBDB6E 
 245      DDFE7D1D 
 245      DDF6C6CA 
 245      38B7
 246 03ea CBD3E5B5 		.ascii	"\313\323\345\265\276\274\247\245\271\345\000\206\332"
 246      BEBCA7A5 
 246      B9E50086 
 246      DA
 247 03f7 5C1EFB9B 		.ascii	"\\\036\373\233\373\237w\356r\260g*\017\333\017tY\233"
 247      FB9F77EE 
 247      72B0672A 
 247      0FDB0F74 
 247      599B
 248 0409 5B5A5F6B 		.ascii	"[Z_k\265\266w\332:\272\337\262[\305y\233\363\225\356"
 248      B5B677DA 
 248      3ABADFB2 
 248      5BC5799B 
 248      F395EE
 249 041c 4E1B863C 		.ascii	"N\033\206<^\024\342\351*\034rx\017z\321mni\335ci\333"
 249      5E14E2E9 
 249      2A1C7278 
 249      0F7AD16D 
 249      6E69DD63 
 250 0432 E7B5BB3D 		.ascii	"\347\265\273=\355\215\226\372\247\030\3670\025\301\272"
 250      ED8D96FA 
 250      A718F730 
 250      15C1BA
 251 0441 3C07D9BF 		.ascii	"<\007\331\277\367u\242o"
 251      F775A26F 
 252              		.text
 253              		.section	.gnu.lto_chPoolFreeI.14f72fc2f95741a1,"",%progbits
 254 0000 789C7591 		.ascii	"x\234u\221\313k\023Q\024\306\357w\356\314\244\220\372"
 254      CB6B1351 
 254      14C6EF77 
 254      EECCA490 
 254      FA
 255 0011 C08D251B 		.ascii	"\300\215%\033\205\022\212h\234\205\202[\301\245\013"
 255      85128A68 
 255      9C85825B 
 255      C1A50B
 256 0020 17FE0709 		.ascii	"\027\376\007\011\205D:\316`\376\200\336\211q\341\302"
 256      85443ACE 
 256      60FE80DE 
 256      8971E1C2 
 257 0030 52E2A6A0 		.ascii	"R\342\246\240U\213\212\217\326\324\266\266\2766CpQ)"
 257      558B8A8F 
 257      D6D4B6B6 
 257      BE364370 
ARM GAS  /var/folders/nz/mg232qzd5vg5_0nfk_8jw8mc0000gn/T//cc650err.s 			page 20


 257      5129
 258 0042 56ABA0D4 		.ascii	"V\253\240\324\242\246\222\202.\224FS\332Y\224x\356D"
 258      A2A69282 
 258      2E944653 
 258      DA599478 
 258      EE44
 259 0054 B1B57861 		.ascii	"\261\265xa8\017\316\367\273\337=#\305\326\223\340\257"
 259      380FCEF7 
 259      BBDF3D23 
 259      C5D693E0 
 259      AF
 260 0065 9B8438C2 		.ascii	"\233\2048\302\021R\200\372g\205\360\333\010\320\211"
 260      115280FA 
 260      6785F0DB 
 260      08D089
 261 0074 80E825F4 		.ascii	"\200\350%\364\342+\325\011\375\301\360@\274\353\246"
 261      E22BD509 
 261      FDC1F040 
 261      BCEBA6
 262 0083 526AB9B2 		.ascii	"Rj\271\262\320q\256#d\331Ojap\013]<\342\317\235?\333"
 262      D071AE23 
 262      64D94F6A 
 262      61700B5D 
 262      3CE2CF9D 
 263 0099 2E0F4070 		.ascii	".\017@p\376\270\334x\021\377B!a\257.\237\224\246\007"
 263      FEB8DC78 
 263      11FF4221 
 263      61AF2E9F 
 263      94A607
 264 00ac 2C5D92A1 		.ascii	",]\222\241\313\305\033\225kH^W\252\020<\037WG\215\220"
 264      CBC51B95 
 264      6B485E57 
 264      AA103C1F 
 264      57478D90 
 265 00c0 246E4332 		.ascii	"$nC2\017w\220\300]$\004\267\004\206\221\344\351\276"
 265      0F7790C0 
 265      5D2404B7 
 265      048691E4 
 265      E9BE
 266 00d2 A157D598 		.ascii	"\241W\325\230\264#\356\233\276\345\021\253\245\\h)\015"
 266      B423EE9B 
 266      BEE511AB 
 266      A55C6829 
 266      0D
 267 00e3 8CFCAB34 		.ascii	"\214\374\2534\004\356!\251\307\237}\366\327b\362p$m"
 267      04EE21A9 
 267      C79F7DF6 
 267      D762F270 
 267      246D
 268 00f5 5C997D1D 		.ascii	"\\\231}\035\357\034bi\365\303\322L\273\232V\305j\263"
 268      EF1C6269 
 268      F5C3D24C 
 268      BB9A56C5 
 268      6AB3
 269 0107 B9272413 		.ascii	"\271'$\023\345\315\204\326aI\275\270\376.n\025\371\321"
 269      E5CD84D6 
 269      6149BDB8 
ARM GAS  /var/folders/nz/mg232qzd5vg5_0nfk_8jw8mc0000gn/T//cc650err.s 			page 21


 269      FE2E6E15 
 269      F9D1
 270 0119 3B318ACE 		.ascii	";1\212\316\365?o\306}X\3408\272+P\315\346\304\367\322"
 270      F53F6FC6 
 270      7D58E038 
 270      BA2B50CD 
 270      E6C4F7D2 
 271 012d 8543658A 		.ascii	"\205Ce\212\001\372Z\011m\333`\033\246\0205\236\326\253"
 271      01FA5A09 
 271      6DDB601B 
 271      A610359E 
 271      D6AB
 272 013f 5C22D251 		.ascii	"\\\"\322Q\276E!x:\263;\3223p\225 \336\24305\266R2uo"
 272      BE452178 
 272      3AB33BD2 
 272      33709520 
 272      DEA33035 
 273 0158 950CBEF5 		.ascii	"\225\014\276\365S\355\345\\\233^\226\214LL\256]\375"
 273      53EDE55C 
 273      9B5E968C 
 273      4C4CAE5D 
 273      FD
 274 0169 B66D1097 		.ascii	"\266m\020\227\020\022\017H\214i\207\334\277\334\270"
 274      10120F48 
 274      8C6987DC 
 274      BFDCB8
 275 0178 38BF23B5 		.ascii	"8\277#\265_\373\037\307 ~D?\003\023Hidiq\273\006n\244"
 275      5FFB1FC7 
 275      207E443F 
 275      03134869 
 275      646971BB 
 276 018f 999B68BE 		.ascii	"\231\233h\276R\201\025R\214-\340\301V\342dD\324o\304"
 276      52811552 
 276      8C2DE0C1 
 276      56E26444 
 276      D46FC4
 277 01a2 1452EC2B 		.ascii	"\024R\354+\202\326W*\3627v#\307\374\277\263\207\177"
 277      82D6572A 
 277      F2377623 
 277      C7FCBFB3 
 277      877F
 278 01b4 9D3DD21C 		.ascii	"\235=\322\034\210\217\360\203\371\343\232\242\2735\356"
 278      888FF083 
 278      F9E39AA2 
 278      BB35EE
 279 01c3 F0627862 		.ascii	"\360bxb\337\261l.\235;q\322v\363v\306u\034\3674g=\271"
 279      DFB16C2E 
 279      9D3B71D2 
 279      76F376C6 
 279      751CF734 
 280 01da B49D3F93 		.ascii	"\264\235?\223\2613Y\247\333\361\\\267'\1770#\310\361"
 280      B13359A7 
 280      DBF15CB7 
 280      277F3023 
 280      C8F1
 281 01ec 0C377DCA 		.ascii	"\0147}\312\223^\326\373\005\244s\347\372"
 281      935ED6FB 
ARM GAS  /var/folders/nz/mg232qzd5vg5_0nfk_8jw8mc0000gn/T//cc650err.s 			page 22


 281      05A473E7 
 281      FA
 282              		.text
 283              		.section	.gnu.lto_chPoolFree.14f72fc2f95741a1,"",%progbits
 284 0000 789C8D54 		.ascii	"x\234\215T\355k[U\034>\317\27177}S\213_\034\375`\002"
 284      ED6B5B55 
 284      1C3ECFB9 
 284      37377D53 
 284      8B5F1CFD 
 285 0016 A50CB1ED 		.ascii	"\245\014\261\355\025\021\3748\245 \370\241\010\353\037"
 285      1511FC38 
 285      A520F8A1 
 285      08EB1F
 286 0025 B0AD3190 		.ascii	"\260\2551\220H\323\033\222vl \354\246\353\230\012\216"
 286      48D31B92 
 286      766C20EC 
 286      A6EB980A 
 286      8E
 287 0036 912976CE 		.ascii	"\221)v\316\272v\353\320\331\271\271Wm\2475\326:k\332"
 287      BA76EBD0 
 287      D9B9B957 
 287      6DA735D6 
 287      3A6BDA
 288 0049 74ADAFB3 		.ascii	"t\255\257\263\003\227m\355P\334\240Y\333\255\361\205"
 288      03976DED 
 288      50DCA059 
 288      DBADF185 
 289 0059 F8FB9DA4 		.ascii	"\370\373\235\244[\363\"\032\010\367\334\363\373=\317"
 289      5BF3221A 
 289      08F7DCF3 
 289      FB3DCF
 290 0068 79CE73CE 		.ascii	"y\316s\316s5Q\374\253\241\377\313\016!.\321\023\232"
 290      733551FC 
 290      ABA1FFCB 
 290      0E212ED1 
 290      139A
 291 007a 80DC3B25 		.ascii	"\200\334;%D\244L\002<\020\020;$v\3407\231\222\330\033"
 291      44A44C02 
 291      3C10103B 
 291      2476E037 
 291      9992D81B 
 292 008e 1BECA95C 		.ascii	"\033\354\251\\\177\304\266\355\205C\251u\273\326\245"
 292      7FC4B6ED 
 292      8543A975 
 292      BBD6A5
 293 009d A5108B32 		.ascii	"\245\020\2132K\203\367\260\236Z\"3\257\356\254\322\352"
 293      4B83F7B0 
 293      9E5A2233 
 293      AFEEACD2 
 293      EA
 294 00ae 21683C74 		.ascii	"!h<t|)Q\371\253LK\270\371u8:\336c\360\253\324\371\365"
 294      7C2951F9 
 294      AB4C4BB8 
 294      F975383A 
 294      DE63F0AB 
 295 00c5 EAC0681F 		.ascii	"\352\300h\037\352\016\333vWl\374\224\375\214\236\226"
 295      EA0EDB76 
ARM GAS  /var/folders/nz/mg232qzd5vg5_0nfk_8jw8mc0000gn/T//cc650err.s 			page 23


 295      576CFC94 
 295      FD8C9E96 
 296 00d5 1ADE8746 		.ascii	"\032\336\207F|8\212\032|\200\032AS\002\203\250\243\356"
 296      7C388A1A 
 296      7C801A41 
 296      530283A8 
 296      A3EE
 297 00e7 3DFDD349 		.ascii	"=\375\323I\247f*\336\357\366,\0343\262\310\331,R\307"
 297      A7662ADE 
 297      EFF62C1C 
 297      33B2C8D9 
 297      2C52C7
 298 00fa B142A42E 		.ascii	"\261B\244.\360!\352\270=\325\375\367O\225F7\251\256"
 298      F021EAB8 
 298      3DD5FDF7 
 298      4F954637 
 298      A9AE
 299 010c CEAAC571 		.ascii	"\316\252\305q\030\240\347\211\207cv&s\370\314_)\275"
 299      18A0E789 
 299      87637626 
 299      73F8CC5F 
 299      29BD
 300 011e 5C12C4A1 		.ascii	"\\\022\304\241\201W\323\241\220b\216z\331\202y)\371"
 300      8157D3A1 
 300      90628E7A 
 300      D9827929 
 300      F9
 301 012f A9FD88AE 		.ascii	"\251\375\210\256j\346[\034\264\337\320\264\247\224\224"
 301      6AE65B1C 
 301      B4DFD0B4 
 301      A79494
 302 013e DFBFEF3F 		.ascii	"\337\277\357?RQ\333OR\026\376\210\336\330\034\335i\017"
 302      5251DB4F 
 302      5216FE88 
 302      DED81CDD 
 302      690F
 303 0150 D030B3C1 		.ascii	"\3200\263\301\225\226\006N\344k\312\371\364\021jy\367"
 303      9596064E 
 303      E46BCAF9 
 303      F4116A79 
 303      F7
 304 0161 AF2F9F06 		.ascii	"\257/\237\006\233a\270\005NR\3652\272\256\035\334}\243"
 304      9B61B805 
 304      4E52F532 
 304      BAAE1DDC 
 304      7DA3
 305 0173 C7C8539C 		.ascii	"\307\310S\234\354\276\016\245wQ\"\177/\311\245\327\356"
 305      ECBE0EA5 
 305      7751227F 
 305      2FC9A5D7 
 305      EE
 306 0184 38044E71 		.ascii	"8\004NqI\026\226\346'\301\353\010\234\346\262V\350\002"
 306      491696E6 
 306      27C1EB08 
 306      9CE6B256 
 306      E802
 307 0196 CEC02025 		.ascii	"\316\300 %g\331\006\210!P\371\312\315\225}\232+\216"
ARM GAS  /var/folders/nz/mg232qzd5vg5_0nfk_8jw8mc0000gn/T//cc650err.s 			page 24


 307      67D90688 
 307      2150F9CA 
 307      CD957D9A 
 307      2B8E
 308 01a8 5EBBC79D 		.ascii	"^\273\307\235\226NF\274y\371\317H\205N&\340\034\\\202"
 308      964E46BC 
 308      79F9CF48 
 308      854E26E0 
 308      1C5C82
 309 01bb 67DEDEF5 		.ascii	"g\336\336\365\326\376*\232\301\307\320\225h\201O\240"
 309      D6FE2A9A 
 309      C1C7D095 
 309      68814FA0 
 310 01cb 5321BEBB 		.ascii	"S!\276\273\357\216\356J\344\320e\334;}\363\302p\271"
 310      EF8EEE4A 
 310      E4D065DC 
 310      3B7DF3C2 
 310      70B9
 311 01dd 420F311A 		.ascii	"B\0171\032\303\320\305\252\203G\247\323\023\316\254"
 311      C3D0C5AA 
 311      8347A7D3 
 311      13CEAC
 312 01ec 6B875297 		.ascii	"k\207R\227\252\354q\273;\231\311\270J\334\200\234g\347"
 312      AAEC71BB 
 312      3B99C9B8 
 312      4ADC809C 
 312      67E7
 313 01fe 517B97B6 		.ascii	"Q{\227\266\261\212_\231\235\0341\024\336\336o\367\311"
 313      B18A5F99 
 313      9D1C3114 
 313      DEDE6FF7 
 313      C9
 314 020f 576299CC 		.ascii	"Wb\231\314\206\022\227 \007\376\224\301j\361\330\371"
 314      86129720 
 314      07FE94C1 
 314      6AF1D8F9 
 315 021f 8947083E 		.ascii	"\211G\010>v-\262\342\324~\200rt\351\335\251o+\213\270"
 315      762DB2E2 
 315      D47E8072 
 315      74E9DDA9 
 315      6F2B8BB8 
 316 0233 1CF8AC14 		.ascii	"\034\370\254\024W\236\217\261\003S`rV\227;#\275\300"
 316      579E8FB1 
 316      03536072 
 316      56973B23 
 316      BDC0
 317 0245 698C70E9 		.ascii	"i\214p\351s\345v\214\334\036\311J\231E\327\271\223\313"
 317      73E5768C 
 317      DC1EC94A 
 317      9945D7B9 
 317      93CB
 318 0257 5107CFDD 		.ascii	"Q\007\317\335\225\234\254+s\027g\312\370:hj\221\263"
 318      959CAC2B 
 318      731767CA 
 318      F83A686A 
 318      91B3
 319 0269 2B076F3D 		.ascii	"+\007o=\320\213\003\021\333.K\313r\332;\276`\021Tzg"
ARM GAS  /var/folders/nz/mg232qzd5vg5_0nfk_8jw8mc0000gn/T//cc650err.s 			page 25


 319      D08B0311 
 319      DB2E4BCB 
 319      72DA3BBE 
 319      6011547A 
 320 027e 69DFCF0F 		.ascii	"i\337\317\0175<\316\022G\321\213\333\3540/\200/\321"
 320      353CCE12 
 320      47D18BDB 
 320      EC302F80 
 320      2FD1
 321 0290 C0C4D1AB 		.ascii	"\300\304\321\253\0172\355ZNG\011\316\012\322\201\261"
 321      0F32ED5A 
 321      4E4709CE 
 321      0AD281B1 
 322 02a0 3CCE41DE 		.ascii	"<\316A\336\223\301\304_)b\344\210/\240\201D*\356\324"
 322      93C1C45F 
 322      2962E488 
 322      2FA08144 
 322      2AEED4
 323 02b3 F2A89663 		.ascii	"\362\250\226c\377O\211\212\316\301t_\347\351\034g\272"
 323      FF4F898A 
 323      CEC1745F 
 323      E7E91C67 
 323      BA
 324 02c4 FB77616D 		.ascii	"\373wam\202n\377\277\004}\243\022to{ln\374\337\0234"
 324      826EFFBF 
 324      047DA312 
 324      746F7B6C 
 324      6EFCDF13 
 325 02d9 762F418E 		.ascii	"v/A\216\242\034L\360\311\024d'\236 \221\223\334o\024"
 325      A21C4CF0 
 325      C9146427 
 325      9E209193 
 325      DC6F14
 326 02ec 965209F0 		.ascii	"\226R\011\360\342\002\211\322\261\232R\007}qM\254\006"
 326      E20289D2 
 326      B19A5207 
 326      7D714DAC 
 326      06
 327 02fd 6E25878D 		.ascii	"n%\207\215\325\304\304Ub\246Ub\012\3431C\361\370\005"
 327      D5C4C455 
 327      62A65562 
 327      0AE33143 
 327      F1F805
 328 0310 91E4FCF5 		.ascii	"\221\344\374\365r\026\313\373\234\243\023\240\357\016"
 328      7216CBFB 
 328      9CA313A0 
 328      EF0E
 329 031e F53CD6E4 		.ascii	"\365<\326\344\363\267\372_h1\255\260\351\261\002\001"
 329      F3B7FA5F 
 329      6831ADB0 
 329      E9B10201 
 330 032e AB9D466D 		.ascii	"\253\235Fm\376V3\034\362\230\036_\300\033\010ZV[\270"
 330      FE56331C 
 330      F2981E5F 
 330      C01B085A 
 330      565BB8
 331 0341 D1236420 		.ascii	"\321#d \250[\255/\005\035[\267\264uz\353\213qA+\324"
ARM GAS  /var/folders/nz/mg232qzd5vg5_0nfk_8jw8mc0000gn/T//cc650err.s 			page 26


 331      A85BAD2F 
 331      051D5BB7 
 331      B4757AEB 
 331      8B71412B 
 332 0356 11369FDD 		.ascii	"\0216\237\335\330\334\324\274\215\240\036+\344\335\264"
 332      D8DCD4BC 
 332      8DA01E2B 
 332      E4DDB4
 333 0365 F5E940A3 		.ascii	"\365\351@\243O<Y\334\354\335\326a65\267<\337b\372\333"
 333      4F3C59DC 
 333      ECDDD661 
 333      3635B73C 
 333      DF62FADB 
 334 0379 3D6D9D2F 		.ascii	"=m\235/zM\325\357\011<\327\331\356!\310\243k \241\216"
 334      7A4DD5EF 
 334      093CD7D9 
 334      EE21C8A3 
 334      6B20A18E 
 335 038d FB4DBEF0 		.ascii	"\373M\276\360\3660\225\253\233[6\272[\267\204\275\301"
 335      F63095AB 
 335      9B5B36BA 
 335      5BB784BD 
 335      C1
 336 039e 90BFDE5D 		.ascii	"\220\277\336]\367\204\220!\341$\261Vh\273\320\202\276"
 336      F7849021 
 336      E124B156 
 336      68BBD082 
 336      BE
 337 03af E03F8C69 		.ascii	"\340?\214i4\256"
 337      34AE
 338              		.text
 339              		.section	.gnu.lto_.symbol_nodes.14f72fc2f95741a1,"",%progbits
 340 0000 789C55C8 		.ascii	"x\234U\310\253\015\200P\020\005\321\331}KB\311\270\333"
 340      AB0D8050 
 340      1005D1D9 
 340      7D4B42C9 
 340      B8DB
 341 0012 02024D28 		.ascii	"\002\002M(\002\307W\201\243\022\212\000\201`\307Lr\012"
 341      02C75781 
 341      A3128A00 
 341      8160C74C 
 341      720A
 342 0024 D0F0E593 		.ascii	"\320\360\345\223\011\332\013$\372\241\306g\223%XL\236"
 342      09DA0B24 
 342      FAA1C667 
 342      9325584C 
 342      9E
 343 0035 60359504 		.ascii	"`5\225\004\233)\022\354\246\352\017\341\214\307\355"
 343      9B2912EC 
 343      A6EA0FE1 
 343      8CC7ED
 344 0044 44A13BDF 		.ascii	"D\241;\337\363\000B\025\"\222"
 344      F3004215 
 344      2292
 345              		.text
 346              		.section	.gnu.lto_.refs.14f72fc2f95741a1,"",%progbits
 347 0000 789C6366 		.ascii	"x\234cf```d\200\002\000\000=\000\005"
ARM GAS  /var/folders/nz/mg232qzd5vg5_0nfk_8jw8mc0000gn/T//cc650err.s 			page 27


 347      60606064 
 347      80020000 
 347      3D0005
 348              		.text
 349              		.section	.gnu.lto_.decls.14f72fc2f95741a1,"",%progbits
 350 0000 789CA557 		.ascii	"x\234\245WiPSY\026~\367\275$\204\020\300\321\251\261"
 350      69505359 
 350      167EF7BD 
 350      248410C0 
 350      D1A9B1
 351 0013 CBA99971 		.ascii	"\313\251\231q\251\262tJ\014.=\243\277Z\333\032G\253"
 351      A9B2744A 
 351      0C2E3DA3 
 351      BF5ADB1A 
 351      47AB
 352 0025 B4B1DAEA 		.ascii	"\264\261\332\352\252\231\362G\032C\272\241\033\210\023"
 352      AA99F247 
 352      1A43BAA1 
 352      1B8813
 353 0034 624F3BBF 		.ascii	"bO;\277\036\2406\270\002*\002*\004\023YDd\023\265e\021"
 353      1EA036B8 
 353      022A022A 
 353      04135944 
 353      6413B565 
 354 0049 17047157 		.ascii	"\027\004qW\024p\215\270\341\016\256\250`\346\334s\337"
 354      14708DB8 
 354      E10EAEA8 
 354      60E6DC73 
 354      DF
 355 005a 4B1E91D8 		.ascii	"K\036\221\330=5\251\272\274w\357;\347;\337w\317\275"
 355      3D35A9BA 
 355      BC77EF3B 
 355      E73BDF77 
 355      CFBD
 356 006c E75E048E 		.ascii	"\347^\004\216\343\316\362\034\347\206\237z\010\307\375"
 356      E3CEF21C 
 356      E7869F7A 
 356      08C7FD
 357 007b 43E0B800 		.ascii	"C\340\270\000\030[\000\015\206\2719\320\2529\366\323"
 357      185B000D 
 357      86B939D0 
 357      AA39F6D3 
 358 008b 403B03ED 		.ascii	"@;\003\355\"\264\016hW\240\271\240ur\037\376\250\235"
 358      22B40E68 
 358      57A0B9A0 
 358      75721FFE 
 358      A89D
 359 009d 56C20981 		.ascii	"V\302\011\201\246\207v\034Z\251\204\327\004\255\026"
 359      A687761C 
 359      5AA984D7 
 359      04AD16
 360 00ac 1A84E31A 		.ascii	"\032\204\343\032\241\035\205v\004\032\221|\351\263\307"
 360      A11D8576 
 360      041A917C 
 360      E9B3C7
 361 00bb 07F3A284 		.ascii	"\007\363\242\204\345\213\031!\341\316\2210{\241\365"
 361      E58B1921 
ARM GAS  /var/folders/nz/mg232qzd5vg5_0nfk_8jw8mc0000gn/T//cc650err.s 			page 28


 361      E1CE9130 
 361      7BA1F5
 362 00ca 53FE0022 		.ascii	"S\376\000\"@\253\221\342Q=uR\254@\011OM\030\177-<u\320"
 362      40AB91E2 
 362      513D7552 
 362      AC40094F 
 362      4D187F2D 
 363 00e1 8610A669 		.ascii	"\206\020\246i(<\177K\030\217\337\223\201<:\244\3302"
 363      283C7F4B 
 363      188FDF93 
 363      813C3AA4 
 363      D832
 364 00f3 87088907 		.ascii	"\207\010\211\007\215]%\361\240\361j$\255\224[\0054\225"
 364      8D5D25F1 
 364      A0F16A24 
 364      AD945B05 
 364      3495
 365 0105 A4B54ED2 		.ascii	"\244\265N\322zT\322\331!=G\373\304\241\363\033\372\013"
 365      7A54D2D9 
 365      213D47FB 
 365      C4A1F31B 
 365      FA0B
 366 0117 71945A7F 		.ascii	"q\224Z\177m\314\000\011[\251\271C\241\331\367G\347c"
 366      6DCC0009 
 366      5BA9B943 
 366      A1D9F747 
 366      E763
 367 0129 B05C4648 		.ascii	"\260\\FH\\\344\270\274\"\026\221\374\350s\234\017&\235"
 367      5CE4B8BC 
 367      221691FC 
 367      E8739C0F 
 367      269D
 368 013b EFA08FE0 		.ascii	"\357\240\217\340\015\246I\211\035\300}<g\276\277\036"
 368      0DA64989 
 368      1DC07D3C 
 368      67BEBF1E 
 369 014b 9EFCBCFB 		.ascii	"\236\374\274\373\305\251\240.\236\204\350F\322\356\201"
 369      C5A9A02E 
 369      9E84E846 
 369      D2EE81
 370 015a 8CE62C0D 		.ascii	"\214\346,\015t\365:\025\355\326\026T\250\005\210\006"
 370      74F53A15 
 370      EDD61654 
 370      A8058806 
 371 016a AF8EAC9B 		.ascii	"\257\216\254\233\255\272\011;EQL\021\033\232\211\027"
 371      ADBA093B 
 371      45514C11 
 371      1B9A8917 
 372 017a 21B1A066 		.ascii	"!\261\240fM\000\270\314\321a\367\306\2267\316@\354\322"
 372      4D00B8CC 
 372      D161F7C6 
 372      9637CE40 
 372      ECD2
 373 018c 9D130A43 		.ascii	"\235\023\012C\374\231\222\252\233z\242\033\233\"\212"
 373      FC9992AA 
 373      9B7AA21B 
 373      9B228A
ARM GAS  /var/folders/nz/mg232qzd5vg5_0nfk_8jw8mc0000gn/T//cc650err.s 			page 29


 374 019b 49625AB2 		.ascii	"IbZ\262\030\330\034\302\221B2\202\024\221\021\034\331"
 374      18D81CC2 
 374      91423282 
 374      1491111C 
 374      D9
 375 01ac 4DC68231 		.ascii	"M\306\2021\331I&p\244\004\006w\301\240\023\302t\027"
 375      D9492670 
 375      A4040677 
 375      C1A013C2 
 375      7417
 376 01be B59F1E2E 		.ascii	"\265\237\036.\212*RJt\244\230\010h\001\363F\343H\241"
 376      8A2A524A 
 376      74A49808 
 376      6801F346 
 376      E348A1
 377 01d1 0F9FD99F 		.ascii	"\017\237\331\237IT<\016\222E\310\270\276\"\347\276\006"
 377      49543C0E 
 377      9245C8B8 
 377      BE22E7BE 
 377      06
 378 01e2 87A85B19 		.ascii	"\207\250[\031\301\301\323\316\244\275\372\341\233\000"
 378      C1C1D3CE 
 378      A4BDFAE1 
 378      9B00
 379 01f0 94861FA2 		.ascii	"\224\206\037\242\"\021zO|\216T\220\341\360\267\234\250"
 379      22117A4F 
 379      7C8E5490 
 379      E1F0B79C 
 379      A8
 380 0201 1868C3FD 		.ascii	"\030h\303\375\212\235\201\302w(\372\311\376\272\214"
 380      8A9D81C2 
 380      7728FAC9 
 380      FEBA8C
 381 0210 00FD2A2F 		.ascii	"\000\375*/oj\254p\255\"z\211\026\310<\371lE\032!c\365"
 381      6F6AAC70 
 381      AD227A89 
 381      16C83CF9 
 381      6C451A21 
 382 0226 48FEA9E3 		.ascii	"H\376\251\343\326\234$q\006\251\006\213J/yp`\354\375"
 382      D69C2471 
 382      06A9068B 
 382      4A2F7970 
 382      60ECFD
 383 0239 61923D30 		.ascii	"a\222=0\035^X\352\017<\312\017\226\244\006b\226\276"
 383      1D5E58EA 
 383      0F3CCA0F 
 383      96A40662 
 383      96BE
 384 024b A6B45EAF 		.ascii	"\246\264^\257\350N\325a\226\364\264\233QX\351\322\013"
 384      E84ED561 
 384      96F4B49B 
 384      5158E9D2 
 384      0B
 385 025c 4E8294AB 		.ascii	"N\202\224\253\373\354}j\241\222u\356:vo\017\021\352"
 385      FBEC7D6A 
 385      A19275EE 
 385      3A766F0F 
ARM GAS  /var/folders/nz/mg232qzd5vg5_0nfk_8jw8mc0000gn/T//cc650err.s 			page 30


 385      11EA
 386 026e B1A32AAA 		.ascii	"\261\243*\252\354\334\245#\303\364\243\307\246K31\303"
 386      ECDCA523 
 386      C3F4A3C7 
 386      A64B3331 
 386      C3
 387 027f A6C8C3CF 		.ascii	"\246\310\303\317\300\262\206\014\243\201I=\220\250#"
 387      C0B2860C 
 387      A381493D 
 387      90A823
 388 028e A33F604A 		.ascii	"\243?`J\277{\325\32721v0\350^]\230\373\207l\321~\230"
 388      BF7BD5D7 
 388      32317630 
 388      E85E5D98 
 388      FB876CD1 
 389 02a4 D0517240 		.ascii	"\320Qr@\302\362\200\217\243\366\177\206?\230ZWo\270"
 389      C2F2808F 
 389      A3F67F86 
 389      3F985A57 
 389      6FB8
 390 02b6 967EE724 		.ascii	"\226~\347$\225\212\345\230\331Q\256\026z\030\373\006"
 390      958AE598 
 390      D951AE16 
 390      7A18FB06 
 391 02c6 97F83858 		.ascii	"\227\3708X\350g\035\347\246\314]j\324\254\205\256zs"
 391      E8671DE7 
 391      A6CC5D6A 
 391      D4AC85AE 
 391      7A73
 392 02d8 66756E28 		.ascii	"fun(\0316z\264\254FD5{!\340>$wX\222r\014\2444\222\321"
 392      19367AB4 
 392      AC464435 
 392      7B21E03E 
 392      24775892 
 393 02f2 E428B423 		.ascii	"\344(\264#\222$\312\330\265\306qZ/6\207c\206\032\200"
 393      9224CAD8 
 393      B5C6715A 
 393      2F368763 
 393      861A80
 394 0305 EF6125DF 		.ascii	"\357a%\337C\304C\230\032\333W94`J\227\324A_S\224VHd"
 394      43C44398 
 394      1ADB5739 
 394      34604A97 
 394      D4415F53 
 395 031d 5357EA11 		.ascii	"SW\352\021\206+\317\303\207\306\336yHqhDB->\230\011"
 395      862BCFC3 
 395      87C6DE79 
 395      48716844 
 395      422D3E98 
 396 0332 BED87D25 		.ascii	"\276\330}%;\204\014\033T\035i\006Q\037\023\210\340\353"
 396      3B840C1B 
 396      541D6906 
 396      511F1388 
 396      E0EB
 397 0344 4C5AD204 		.ascii	"LZ\322\004F\373\275\313\217F\362\354[gE\242~\300\332"
 397      46FBBDCB 
 397      8F46F2EC 
ARM GAS  /var/folders/nz/mg232qzd5vg5_0nfk_8jw8mc0000gn/T//cc650err.s 			page 31


 397      5B6745A2 
 397      7EC0DA
 398 0357 6E1A90DD 		.ascii	"n\032\220\335\343,\273`)\266\276me\333\214\316\025\333"
 398      E32CBB60 
 398      29B6BE6D 
 398      65DB8CCE 
 398      15DB
 399 0369 67AB5A8E 		.ascii	"g\253Z\216\026\005y\366Y\013\333g\265\356\215yj\034"
 399      160579F6 
 399      590BDB67 
 399      B5EE8D79 
 399      6A1C
 400 037b 04677242 		.ascii	"\004grB\332|/n<\016Rn\276\005\277SD9\205\233\357\244"
 400      DA7C2F6E 
 400      3C0E526E 
 400      BE05BF53 
 400      4439859B 
 401 0391 BCF9369F 		.ascii	"\274\3716\237\350\314\014\025V\262\222s\241!\313\301"
 401      E8CC0C15 
 401      56B29273 
 401      A121CBC1 
 402 03a1 8FCC15ED 		.ascii	"\217\314\025\355\345\335e\251\367\302ay%\211\357\335"
 402      E5DD65A9 
 402      F7C26179 
 402      2589EFDD 
 403 03b1 6E825EE4 		.ascii	"n\202^\344\264G\026G\337Q\0269CF\202\343\2437\371O\365"
 403      B4471647 
 403      DF511639 
 403      434682E3 
 403      A337F94F 
 404 03c6 1E728C70 		.ascii	"\036r\214p\351\366s;\331\030l\376\263\214Z^\227\243"
 404      E9F6733B 
 404      D9186CFE 
 404      B38C5A5E 
 404      97A3
 405 03d8 48F0F03D 		.ascii	"H\360\360=\307\006{\212\367\327j\374\362\275\200|\317"
 405      C7067B8A 
 405      F7D76AFC 
 405      F2BD807C 
 405      CF
 406 03e9 CB7CC5B5 		.ascii	"\313|\305\265[\352y\341\020\343\373z\323\245b\202|\355"
 406      5BEA79E1 
 406      10E3FB7A 
 406      D3A56282 
 406      7CED
 407 03fb 2DB05EC4 		.ascii	"-\260^\304\006\267\3733\352@Z\025T[e\252\027\221\352"
 407      06B7FB33 
 407      EA405A15 
 407      545B65AA 
 407      1791EA
 408 040e EEB6E214 		.ascii	"\356\266\342\024\336C\201Q]\233Q\275F\345\267\\\265"
 408      DE438151 
 408      5D9B51BD 
 408      46E5B75C 
 408      B5
 409 041f 21834B32 		.ascii	"!\203K2\203\313\333+&\011\347\030\201\376\222=7)\001"
 409      83CBDB2B 
ARM GAS  /var/folders/nz/mg232qzd5vg5_0nfk_8jw8mc0000gn/T//cc650err.s 			page 32


 409      2609E718 
 409      81FE923D 
 409      372901
 410 0432 57B9EBCD 		.ascii	"W\271\353\315-s\303r\261\317\355N\326\242\013iWph\227"
 410      2D73C372 
 410      B1CFED4E 
 410      D6A20B69 
 410      57706897 
 411 0446 39742087 		.ascii	"9t \207\207{;\373C\204\353\014\243\2552\337\031\312"
 411      877B3BFB 
 411      4384EB0C 
 411      A3AD32DF 
 411      19CA
 412 0458 44ECDE21 		.ascii	"D\354\336!\213\240\000\227\025\000\227e\200+\010\340"
 412      8BA00097 
 412      15009765 
 412      802B08E0 
 413 0468 ADC311B2 		.ascii	"\255\303\021\262\2067'\\W\265\036]W\331\324\276\310"
 413      8637275C 
 413      57B51E5D 
 413      57D9D4BE 
 413      C8
 414 0479 BC763CD8 		.ascii	"\274v<\330\357\324^Ga\327da/\253wn\324\012\017\030\253"
 414      EFD45E47 
 414      61D76461 
 414      2FAB776E 
 414      D40A0F18 
 415 048e 77C935D9 		.ascii	"w\3115\331Z\246\354j\243B\031\370\220\033\012b7db.$"
 415      5AA6EC6A 
 415      A34219F8 
 415      901B0A62 
 415      3764622E 
 416 04a3 D6B4AD3F 		.ascii	"\326\264\255?;Tx\3050\016\237j:\256A\014\373\252B\246"
 416      3B5478C5 
 416      300E9F6A 
 416      3AAE410C 
 416      FBAA42A6 
 417 04b7 EC20EC3E 		.ascii	"\354 \354>\012qS\001qS\206\350D\210\346\222m_\013\211"
 417      0A715301 
 417      715386E8 
 417      4488E692 
 417      6D5F0B89 
 418 04cb 0256D05B 		.ascii	"\002V\320[[\313\367\206\222\261#F\350\234x\016\316 "
 418      5BCBF786 
 418      92B12346 
 418      E89C780E 
 418      CE20
 419 04dd F7607DDD 		.ascii	"\367`}\335\222\034\330/\013\306{?\243\037\340U\213O"
 419      921CD82F 
 419      0BC67B3F 
 419      A31FE055 
 419      8B4F
 420 04ef 3CF7BA33 		.ascii	"<\367\2723D\341\023\216L\030A\306\303\006\276\015\233"
 420      44E1138E 
 420      4C1841C6 
 420      C306BE0D 
 420      9B
ARM GAS  /var/folders/nz/mg232qzd5vg5_0nfk_8jw8mc0000gn/T//cc650err.s 			page 33


 421 0500 967EE2C8 		.ascii	"\226~\342\310]\320\177\007\364C\250\316\015=\251j\235"
 421      5DD07F07 
 421      F443A8CE 
 421      0D3DA96A 
 421      9D
 422 0511 649DF24B 		.ascii	"d\235\362K\326{\016V=\323\343\231\220\202\362z;\237"
 422      D67B0E56 
 422      3DD3E399 
 422      9082F27A 
 422      3B9F
 423 0523 9D12B040 		.ascii	"\235\022\260@\376\206vOt\366>\327cw\010\355\266v\256"
 423      FE86764F 
 423      74F63ED7 
 423      637708ED 
 423      B676AE
 424 0536 CB0FA1D8 		.ascii	"\313\017\241\330\242\274\333\365:\305\334?B\364q#\310"
 424      A2BCDBF5 
 424      3AC5DC3F 
 424      42F47123 
 424      C8
 425 0547 43069E24 		.ascii	"C\006\236$\236\352S\015M\223j\317H\202B\357\203\371"
 425      9EEA530D 
 425      4D936ACF 
 425      488242EF 
 425      83F9
 426 0559 03347F4C 		.ascii	"\0034\177L\206\312N\324\272.\247\375j\220\322\272\353"
 426      86CA4ED4 
 426      BA2EA7FD 
 426      6A90D2BA 
 426      EB
 427 056a 63D67732 		.ascii	"c\326w26u\013\302J\234R\222\353n9G\204\365\254S\177"
 427      36750BC2 
 427      4A9C5292 
 427      EB6E3947 
 427      84F5AC53 
 428 057f 3AFF253F 		.ascii	":\377%?&_<kw\345\336Z>\243!\321\216\373\235<!C\311S"
 428      265F3C6B 
 428      77E5DE5A 
 428      3EA321D1 
 428      8EFB9D3C 
 429 0597 4811EC6E 		.ascii	"H\021\354n\005l7\235wR@x\216\364\2201\340~\260\276\367"
 429      056C379D 
 429      77524078 
 429      8EF49031 
 429      E07EB0BE 
 430 05ac 984ED8C6 		.ascii	"\230N\330\306\260\326\244\270\216\353\204\002\326\221"
 430      B0D6A4B8 
 430      8EEB8402 
 430      D691
 431 05ba EF28A306 		.ascii	"\357(\243\006\336QFy\357(\315wEG\010\031\213\211\355"
 431      DE514679 
 431      EF28CD77 
 431      45470819 
 431      8B89ED
 432 05cd BE5FDA39 		.ascii	"\276_\3329\007NG\362\032d<\367V\317Q\322\315c\360{\314"
 432      074E47F2 
 432      1A643CF7 
ARM GAS  /var/folders/nz/mg232qzd5vg5_0nfk_8jw8mc0000gn/T//cc650err.s 			page 34


 432      56CF51D2 
 432      CD63F07B 
 433 05e2 2B48D228 		.ascii	"+H\322(\351\036\363\002\006_\342L\362\215}\365\313\325"
 433      E91EF302 
 433      065FE24C 
 433      F28D7DF5 
 433      CBD5
 434 05f4 7E2F3F6F 		.ascii	"~/?o\006qB\012\333*\354\213\351\375\241\027(<\363Rx"
 434      0671420A 
 434      DB2AEC8B 
 434      E9FDA117 
 434      283CF352 
 435 0609 4D240EF4 		.ascii	"M$\016\364\203\"\313!,\3139mw^\2605\300c\221^]\341\016"
 435      8322CB21 
 435      2CCB396D 
 435      775EB035 
 435      C063915E 
 436 0620 F09FF43E 		.ascii	"\360\237\364>9\351\3431\347\271]\2319\201R\026\355r"
 436      39E9E331 
 436      E7B95D99 
 436      39815216 
 436      ED72
 437 0632 CEDF82F5 		.ascii	"\316\337\202\365;\264\356\307,\242\017v\350\2646\224"
 437      3BB4EEC7 
 437      2CA20F76 
 437      E8B43694 
 438 0642 5E08C0E8 		.ascii	"^\010\300\350\323\260\3769\\\017\011F\017\300k\311\212"
 438      D3B0FE39 
 438      5C0F0946 
 438      0FC06BC9 
 438      8A
 439 0653 FDFB43B0 		.ascii	"\375\373C\260\253\301\003\334\331\235\031\354\237L\""
 439      ABC103DC 
 439      D99D19EC 
 439      9F4C22
 440 0662 2F911179 		.ascii	"/\221\021yd\3638\371a\251\306w\005\276\007s7\232'\361"
 440      64F338F9 
 440      61A9C677 
 440      05BE0773 
 440      379A27F1 
 441 0676 436527EC 		.ascii	"Ce'\354\320\254\246\347=\020\006\034h\364\010\366FH"
 441      D0ACA6E7 
 441      3D10061C 
 441      68F408F6 
 441      4648
 442 0688 E6F140A3 		.ascii	"\346\361@\243O\260n9\3352_\270\256\302\345\221\327t"
 442      4FB06E39 
 442      DD325FB8 
 442      AEC2E591 
 442      D774
 443 069a BD2D002A 		.ascii	"\275-\000*C\203\275|ua\001\361\0344\237cqX\316{\213"
 443      4383BD7C 
 443      756101F1 
 443      1C349F63 
 443      7158CE7B 
 444 06af 03BCB3E9 		.ascii	"\003\274\263\351_\301\323\342P\363\256\263U\345\267"
 444      5FC1D3E2 
ARM GAS  /var/folders/nz/mg232qzd5vg5_0nfk_8jw8mc0000gn/T//cc650err.s 			page 35


 444      50F3AEB3 
 444      55E5B7
 445 06be A0ADE469 		.ascii	"\240\255\344iA[$\325\263C9\205\233\003\205.\026\261"
 445      415B24D5 
 445      B3433985 
 445      9B03852E 
 445      16B1
 446 06d0 E8AAFB9A 		.ascii	"\350\252\373\232@#\226\227?\250*2(\"\202\023\371I\021"
 446      40239697 
 446      3FA82A32 
 446      28228213 
 446      F94911
 447 06e3 F1273962 		.ascii	"\361'9b\012F\274\335\332#\352\204t5\242\024<\256\355"
 447      0A46BCDD 
 447      DA23EA84 
 447      7435A214 
 447      3CAEED
 448 06f6 0A642835 		.ascii	"\012d(5\325\316y\351\311\242St\271\335\177\262k\021"
 448      D5CE79E9 
 448      C9A25374 
 448      B9DD7FB2 
 448      6B11
 449 0708 26550193 		.ascii	"&U\001\223*\303\254B\230\224\322\362\332@,\317\275\236"
 449      2AC3AC42 
 449      9894D2F2 
 449      DA402CCF 
 449      BD9E
 450 071a 13F24AD5 		.ascii	"\023\362J\325\373'\241~\305\254A1\253yI\315{\327z1P"
 450      FB27A17E 
 450      C5AC4131 
 450      AB7949CD 
 450      7BD77A31 
 451 072f 68663CF2 		.ascii	"hf<\362\357w\254\327\011\227X\347q\323\373*z\011 \353"
 451      EF77ACD7 
 451      099758E7 
 451      71D3FB2A 
 451      7A0920EB 
 452 0743 30248C24 		.ascii	"0$\214$ohxA\220f\367\311}E\263\323\313V\212X}I^C\232"
 452      6F687841 
 452      9066F7C9 
 452      7D45B3D3 
 452      CB568A58 
 453 075c 8A0293B5 		.ascii	"\212\002\223\2652S\262\036\002\320.#\233\206d\367^N"
 453      3253B21E 
 453      02D02E23 
 453      9B8664F7 
 453      5E4E
 454 076e CFD60B9B 		.ascii	"\317\326\013\2335\010\377~o\346[\236\201=\250\3525\354"
 454      3508FF7E 
 454      6FE65B9E 
 454      813DA8EA 
 454      35EC
 455 0780 AA14D969 		.ascii	"\252\024\331i@\022\227\023T\235\256P\235.\003e P\356"
 455      40129713 
 455      549DAE50 
 455      9D2E0365 
 455      2050EE
ARM GAS  /var/folders/nz/mg232qzd5vg5_0nfk_8jw8mc0000gn/T//cc650err.s 			page 36


 456 0793 D96BF755 		.ascii	"\331k\367U\202C\002J>{C-O\336\355\371\276\223\267A\001"
 456      8243024A 
 456      3E7B432D 
 456      4FDEEDF9 
 456      BE93B741 
 457 07a8 B34186D9 		.ascii	"\263A\206\331\2100\233j\267f\260\333\270\210H\355\256"
 457      88309B6A 
 457      B766B0DB 
 457      B88848ED 
 457      AE
 458 07b9 A496205C 		.ascii	"\244\226 \\\350\264\224\220k\355Iy\032\377\013}\263"
 458      E8B49490 
 458      6BED4979 
 458      1AFF0B7D 
 458      B3
 459 07ca BCD033D9 		.ascii	"\274\3203\331B?"
 459      423F
 460 07d0 5275FE89 		.ascii	"Ru\376\211\326w\241o\342Y)\346H\026.tt\302\262\326v"
 460      D677A16F 
 460      E25929E6 
 460      48162E74 
 460      74C2B2D6 
 461 07e5 2059E55B 		.ascii	" Y\345[j\375Z\277{\275}\225N(c\202k\327\325\\a\325\025"
 461      6AFD5ABF 
 461      7BBD7D95 
 461      4E286382 
 461      6BD7D55C 
 462 07fc AE53CF3F 		.ascii	"\256S\317?ILs\001\004=\335I6\317\352+\\I\024X9\274\247"
 462      494C7301 
 462      043DDD49 
 462      36CFEA2B 
 462      5C491458 
 463 0813 BE6EE169 		.ascii	"\276n\341i}\335\222v>\233\025\233h\212\367\250\322~"
 463      7DDD9276 
 463      3E9B159B 
 463      688AF7A8 
 463      D27E
 464 0825 4C8BB283 		.ascii	"L\213\262\203q\367?+y\247\362/;W\226\275\217\2350'\327"
 464      71F73F2B 
 464      79A7F22F 
 464      3B5796BD 
 464      8F9D3027 
 465 083a 37B6EB7D 		.ascii	"7\266\353}eo\205\340\333xj\236\207Bre!%]\325e\274\257"
 465      656F85E0 
 465      DB786A9E 
 465      87427265 
 465      21255DD5 
 466 0851 6CBFD6AB 		.ascii	"l\277\326\253\267\256\356\321\010uLv\361\332\266Z\015"
 466      B7AEEED1 
 466      08754C76 
 466      F1DAB65A 
 466      0D
 467 0862 CAB6F73B 		.ascii	"\312\266\367;DU\226\270\234f\231\330%\315p\005R\000"
 467      445596B8 
 467      9C6699D8 
 467      25CD7005 
 467      5200
ARM GAS  /var/folders/nz/mg232qzd5vg5_0nfk_8jw8mc0000gn/T//cc650err.s 			page 37


 468 0874 E57B356F 		.ascii	"\345{5oG\315\367\322\212\312\3301\032\204\377\037\367"
 468      47CDF7D2 
 468      8ACAD831 
 468      1A84FF1F 
 468      F7
 469 0885 E47EAC88 		.ascii	"\344~\254\2109e\221\016\226\333\246\213\211\307\002"
 469      3965910E 
 469      96DBA68B 
 469      89C702
 470 0894 7D457AFF 		.ascii	"}Ez\377G\331\201\264\2352\355\202\363\257\362\324\276"
 470      47D981B4 
 470      9D32ED82 
 470      F3AFF2D4 
 470      BE
 471 08a5 22FD5A97 		.ascii	"\"\375Z\227\3645\326\206\010'\230\310\215\217\212\034"
 471      F435D686 
 471      082798C8 
 471      8D8F8A1C 
 472 08b5 8489ECDA 		.ascii	"\204\211\354\332\341\025Y \211\204\333\220\002\250\320"
 472      E1155920 
 472      8984DB90 
 472      02A8D0
 473 08c4 2BB2881F 		.ascii	"+\262\210\037\303i\022b\376c6\3324\177\377\342\253\221"
 473      C3691262 
 473      FE6336DA 
 473      347FFFE2 
 473      AB91
 474 08d6 B3B87F1A 		.ascii	"\263\270\177\032\226&X\015\261\026Sd\254\301\262\304"
 474      9626580D 
 474      B1165364 
 474      ACC1B2C4 
 475 08e6 66F8D664 		.ascii	"f\370\326d\012\213\264\306\205\305[\342\315a\346\310"
 475      0A8BB4C6 
 475      85C55BE2 
 475      CD61E6C8 
 476 08f6 C5316153 		.ascii	"\3051aS\215\323\303&\207O\372\364_S\014\2611\213\251"
 476      8DD3C326 
 476      874FFAF4 
 476      5F530CB1 
 476      318BA9
 477 0909 81618081 		.ascii	"\201a\200\201a\352\304\351\023\247\030b\342M\261K\243"
 477      61EAC4E9 
 477      13A71862 
 477      E24DB14B 
 477      A3
 478 091a CC86045B 		.ascii	"\314\206\004[T\224\371\233\211\321\234>\316\034\367"
 478      5494F99B 
 478      89D19C3E 
 478      CE1CF7
 479 0929 ADD9F6CD 		.ascii	"\255\331\366\315\322x\223\3216aVt\314\342\230\210\205"
 479      D27893D1 
 479      36615674 
 479      CCE29888 
 479      85
 480 093a 064B82C1 		.ascii	"\006K\202\301d\211\213\263\304\303\033\205\223\335L"
 480      64898BB3 
 480      C4C31B85 
ARM GAS  /var/folders/nz/mg232qzd5vg5_0nfk_8jw8mc0000gn/T//cc650err.s 			page 38


 480      93DD4C
 481 0949 D1606EB2 		.ascii	"\321`n\262X\315\340\031\014\257\026\3532\343\022\213"
 481      58CDE019 
 481      0CAF16EB 
 481      32E3128B 
 482 0959 25D6680B 		.ascii	"%\326h\013\302G\26492\312lU\305\233\177\264\205\375"
 482      C247B439 
 482      32CA6C55 
 482      C59B7FB4 
 482      85FD
 483 096b 2A2CEA95 		.ascii	"*,\352\225\000`A\226\305\337\231M6#U\255]b\265\374\020"
 483      00604196 
 483      C5DF994D 
 483      362355AD 
 483      5D62B5FC 
 484 0980 0338434C 		.ascii	"\0038CL\321\013\340{\004~\232\033\037c\033\357\0173"
 484      D10BE07B 
 484      047E9A1B 
 484      1F631BEF 
 484      0F33
 485 0992 C16A52E2 		.ascii	"\301jR\342\231\270P\346:\317\022\0315\323j\215\\\246"
 485      99B850E6 
 485      3ACF1219 
 485      35D36A8D 
 485      5CA6
 486 09a4 67FD99B1 		.ascii	"g\375\231\2610\207s\203\024\035\351}\266\325l\236\253"
 486      30877383 
 486      141DE97D 
 486      B6D56C9E 
 486      AB
 487 09b5 F3BEAB4C 		.ascii	"\363\276\253L\321\221V\255\321\210\363b\014\226_&~:"
 487      D19156AD 
 487      D188F362 
 487      0C965F26 
 487      7E3A
 488 09c7 7DFA54ED 		.ascii	"}\372T\355\322\230x\333\224\311F\233\316h\224_\027\375"
 488      D29878DB 
 488      94C9469B 
 488      CE68945F 
 488      17FD
 489 09d9 2F091A98 		.ascii	"/\011\032\230\030y>\342\"M\3211\361f\203\021\022\023"
 489      18793EE2 
 489      224DD131 
 489      F1668311 
 489      1213
 490 09eb B934D666 		.ascii	"\2714\326f\264-[b\246s\263\340\377\307NX\226`0B\316"
 490      B42D5B62 
 490      A673B3E0 
 490      FFC74E58 
 490      96603042 
 491 0a00 812D0006 		.ascii	"\201-\000\006J\372\243\242\340m\341\262\204y\026\323"
 491      4AFAA3A2 
 491      E06DE1B2 
 491      847916D3 
 492 0a10 F77F544C 		.ascii	"\367\177TL\255\325\246H\022\270R\227%\026\253\315\010"
 492      ADD5A648 
 492      12B85297 
ARM GAS  /var/folders/nz/mg232qzd5vg5_0nfk_8jw8mc0000gn/T//cc650err.s 			page 39


 492      2516ABCD 
 492      08
 493 0a21 1CBE1F64 		.ascii	"\034\276\037d\215\320o\011\206\231_\316\2375\377G\360"
 493      8DD06F09 
 493      86995FCE 
 493      9F35FF47 
 493      F0
 494 0a32 A0EBC3F8 		.ascii	"\240\353\303\370\303_\343\350\0321\032\023\3146\343"
 494      C35FE3E8 
 494      1A311A13 
 494      CC36E3
 495 0a41 E73317FE 		.ascii	"\3473\027\376m\301\227s\203#c\377\035\271,\301\030\023"
 495      6DC19773 
 495      832363FF 
 495      1DB92CC1 
 495      1813
 496 0a53 1F0B4227 		.ascii	"\037\013B'\177\010\004\313\3060k\376\302\271\013\275"
 496      7F0804CB 
 496      C6306BFE 
 496      C2B90BBD 
 497 0a63 F1299629 		.ascii	"\361)\226)n6\314>]%H\367\253x\312#\010\031-\305wo~\376"
 497      6E36CC3E 
 497      5D2548F7 
 497      AB78CA23 
 497      08192DC5 
 498 0a7b 121E1E3E 		.ascii	"\022\036\036>\2407M\331\2334\355\277B\227>\037"
 498      A0374DD9 
 498      9B34EDBF 
 498      42973E1F 
 499              		.text
 500              		.section	.gnu.lto_.symtab.14f72fc2f95741a1,"",%progbits
 501 0000 6368506F 		.ascii	"chPoolObjectInit\000\000\000\000\000\000\000\000\000"
 501      6F6C4F62 
 501      6A656374 
 501      496E6974 
 501      00000000 
 502 0019 000000CF 		.ascii	"\000\000\000\317\000\000\000chPoolLoadArray\000\000"
 502      00000063 
 502      68506F6F 
 502      6C4C6F61 
 502      64417272 
 503 0031 00000000 		.ascii	"\000\000\000\000\000\000\000\000\000\000\325\000\000"
 503      00000000 
 503      0000D500 
 503      00
 504 003e 00636850 		.ascii	"\000chPoolAllocI\000\000\000\000\000\000\000\000\000"
 504      6F6F6C41 
 504      6C6C6F63 
 504      49000000 
 504      00000000 
 505 0054 000000D9 		.ascii	"\000\000\000\331\000\000\000chPoolAlloc\000\000\000"
 505      00000063 
 505      68506F6F 
 505      6C416C6C 
 505      6F630000 
 506 0069 00000000 		.ascii	"\000\000\000\000\000\000\000\000\000\333\000\000\000"
 506      00000000 
ARM GAS  /var/folders/nz/mg232qzd5vg5_0nfk_8jw8mc0000gn/T//cc650err.s 			page 40


 506      00DB0000 
 506      00
 507 0076 6368506F 		.ascii	"chPoolFreeI\000\000\000\000\000\000\000\000\000\000"
 507      6F6C4672 
 507      65654900 
 507      00000000 
 507      00000000 
 508 008b 0000E000 		.ascii	"\000\000\340\000\000\000chPoolFree\000\000\000\000\000"
 508      00006368 
 508      506F6F6C 
 508      46726565 
 508      00000000 
 509 00a0 00000000 		.ascii	"\000\000\000\000\000\000\000\342\000\000\000"
 509      000000E2 
 509      000000
 510              		.text
 511              		.section	.gnu.lto_.opts,"",%progbits
 512 0000 272D666E 		.ascii	"'-fno-trapv' '-mcpu=cortex-m3' '-mno-thumb-interwor"
 512      6F2D7472 
 512      61707627 
 512      20272D6D 
 512      6370753D 
 513 0033 6B272027 		.ascii	"k' '-mthumb' '-ggdb' '-O2' '-fomit-frame-pointer' '"
 513      2D6D7468 
 513      756D6227 
 513      20272D67 
 513      67646227 
 514 0066 2D66616C 		.ascii	"-falign-functions=16' '-ffunction-sections' '-fdata"
 514      69676E2D 
 514      66756E63 
 514      74696F6E 
 514      733D3136 
 515 0099 2D736563 		.ascii	"-sections' '-fno-common' '-flto'\000"
 515      74696F6E 
 515      73272027 
 515      2D666E6F 
 515      2D636F6D 
 516              		.text
 517              		.comm	__gnu_lto_v1,1,1
 518              		.comm	__gnu_lto_slim,1,1
 519              		.ident	"GCC: (GNU Tools for ARM Embedded Processors) 4.9.3 20150529 (release) [ARM/embedded-4_9-br
ARM GAS  /var/folders/nz/mg232qzd5vg5_0nfk_8jw8mc0000gn/T//cc650err.s 			page 41


DEFINED SYMBOLS
                            *ABS*:0000000000000000 chmempools.c
                            *COM*:0000000000000001 __gnu_lto_v1
                            *COM*:0000000000000001 __gnu_lto_slim

NO UNDEFINED SYMBOLS
