ARM GAS  /var/folders/nz/mg232qzd5vg5_0nfk_8jw8mc0000gn/T//ccAqzmeQ.s 			page 1


   1              		.syntax unified
   2              		.cpu cortex-m3
   3              		.fpu softvfp
   4              		.eabi_attribute 20, 1
   5              		.eabi_attribute 21, 1
   6              		.eabi_attribute 23, 3
   7              		.eabi_attribute 24, 1
   8              		.eabi_attribute 25, 1
   9              		.eabi_attribute 26, 1
  10              		.eabi_attribute 30, 2
  11              		.eabi_attribute 34, 1
  12              		.eabi_attribute 18, 4
  13              		.thumb
  14              		.file	"chmemcore.c"
  15              		.text
  16              	.Ltext0:
  17              		.section	.gnu.lto_.profile.598f7e4cd04b2bc1,"",%progbits
  18 0000 789C6366 		.ascii	"x\234cf```a\200\000F\006=-\000\000\372\000a"
  18      60606061 
  18      80004606 
  18      3D2D0000 
  18      FA0061
  19              		.text
  20              		.section	.gnu.lto_.jmpfuncs.598f7e4cd04b2bc1,"",%progbits
  21 0000 789C6366 		.ascii	"x\234cf\300\016\304\2404\013\020\2632122\327\327\263"
  21      C00EC4A0 
  21      340B10B3 
  21      32313232 
  21      D7D7B3
  22 0013 412876A0 		.ascii	"A(v\240\010\000\026\375\002:"
  22      080016FD 
  22      023A
  23              		.text
  24              		.section	.gnu.lto_.inline.598f7e4cd04b2bc1,"",%progbits
  25 0000 789C6366 		.ascii	"x\234cf\300\016J\2404\013\003\003+\013#\003\023\313"
  25      C00E4AA0 
  25      340B0303 
  25      2B0B2303 
  25      13CB
  26 0012 027906B6 		.ascii	"\002y\006\266\005\362L 1V\006A\001F&FF \023\210YD&\314"
  26      05F24C20 
  26      31560641 
  26      01462646 
  26      46201388 
  27 002a 6484C8B1 		.ascii	"d\204\310\261}\320\343a`\272\300\317\002R\305\306 ,"
  27      7DD0E361 
  27      60BAC0CF 
  27      0252C5C6 
  27      202C
  28 003c C4C80452 		.ascii	"\304\310\004R\001R\311\"\261a\007\232*\016\220*v\006"
  28      0152C922 
  28      B161079A 
  28      2A0E902A 
  28      7606
  29 004e 3656A0F1 		.ascii	"6V\240\361@1\270\361\014\000\330\023\014\362"
  29      4031B8F1 
  29      0C00D813 
ARM GAS  /var/folders/nz/mg232qzd5vg5_0nfk_8jw8mc0000gn/T//ccAqzmeQ.s 			page 2


  29      0CF2
  30              		.text
  31              		.section	.gnu.lto_.pureconst.598f7e4cd04b2bc1,"",%progbits
  32 0000 789C6366 		.ascii	"x\234cf``\340d\200\000\026\006\011V\0116+v\026\000\003"
  32      6060E064 
  32      80001606 
  32      09560936 
  32      2B761600 
  33 0015 270091   		.ascii	"'\000\221"
  34              		.text
  35              		.section	.gnu.lto__core_init.598f7e4cd04b2bc1,"",%progbits
  36 0000 789C7552 		.ascii	"x\234uRKK\033Q\024>\337\231\230L\010\242\270\022\377"
  36      4B4B1B51 
  36      143EDF99 
  36      984C08A2 
  36      B812FF
  37 0013 80E2C2FC 		.ascii	"\200\342\302\374\010\027]\272p\321\235\013\007\301\200"
  37      08175DBA 
  37      70D19D0B 
  37      07C180
  38 0022 69447742 		.ascii	"iDwBp\022S\264P\304\272Q|\201\320\342#5\276\005w\371"
  38      701253B4 
  38      50C4BA51 
  38      7C81D0E2 
  38      2335BE05 
  39 0038 058AB868 		.ascii	"\005\212\270h\021T\304\021\024Dj\0055\255a<g\306\007"
  39      1154C411 
  39      14446A05 
  39      35AD613C 
  39      67C607
  40 004b 6A1CB8E7 		.ascii	"j\034\270\347\236{\356w\036\337w\307\240\267_\215\254"
  40      9E7BEE77 
  40      1EDF77C7 
  40      A0B75F8D 
  40      AC
  41 005c 1E26AA97 		.ascii	"\036&\252\227\035\006\201\207\266\210R&\003\352\020"
  41      1D068187 
  41      B6885226 
  41      03EA10
  42 006b A897D18B 		.ascii	"\250\227\321\2133\276d\014\345\263\243\221\332\037\266"
  42      33BE640C 
  42      E5B3A391 
  42      DA1FB6
  43 007a 6DFFF9BB 		.ascii	"m\377\371\273Z\375\271\272 iW\354\227\301\014jI0\227"
  43      5AFDB9BA 
  43      206957EC 
  43      97C10C6A 
  43      493097
  44 008d 99E2AF48 		.ascii	"\231\342\257H0#\230J\377\016\263\010B\366\305\252\274"
  44      3023984A 
  44      FF0EB308 
  44      42F6C5AA 
  44      BC
  45 009e EDBAC723 		.ascii	"\355\272\307#_7\003\021P\201\301j\0145\0011\034R\317"
  45      5F370311 
  45      5081C16A 
  45      0C350131 
ARM GAS  /var/folders/nz/mg232qzd5vg5_0nfk_8jw8mc0000gn/T//ccAqzmeQ.s 			page 3


  45      1C52CF
  46 00b1 5413D623 		.ascii	"T\023\326#\221#KG8\221\203\354\306\036\322\007\375\027"
  46      91234B47 
  46      389183EC 
  46      C61ED207 
  46      FD17
  47 00c3 639D5AF0 		.ascii	"c\235Z\360F\0321\246v\007s\234\374o\017\330f\201\215"
  47      461A31A6 
  47      7607739C 
  47      FC6F0FD8 
  47      66818D
  48 00d6 A27693E8 		.ascii	"\242v\223\350\241\263\275c\236\262D\274\343l*3\201I"
  48      A1B3BD63 
  48      9EB244BC 
  48      E36C2A33 
  48      8149
  49 00e8 8CA76C45 		.ascii	"\214\247lE\0050\207$\346Q\343\335\355;\377>J\276f#+"
  49      05308724 
  49      E651E3DD 
  49      ED3BFF3E 
  49      4ABE6623 
  50 00fd 2099F627 		.ascii	" \231\366'\222\264\207\276\341\240\337\206\375N\203"
  50      92B487BE 
  50      E1A0DF86 
  50      FD4E83
  51 010c B9EF5715 		.ascii	"\271\357W\025ZS\025Z\220l\201\334>@\014A\011\344d+\375"
  51      5A53155A 
  51      906C81DC 
  51      3E400C41 
  51      09E4642B 
  52 0121 A5DC83DC 		.ascii	"\245\334\203\334\271\256[A\310y\260\364\357\376s\370"
  52      B9AE5B41 
  52      C879B0F4 
  52      EFFE73F8 
  53 0131 C0806035 		.ascii	"\300\200`52|T\256\201\327\004\312\212\214\227\004\312"
  53      327C54AE 
  53      81D704CA 
  53      8A8C9704 
  53      CA
  54 0142 4A10602C 		.ascii	"J\020`,\012\201%%\200e\011KY\362\224\271\036k\361\333"
  54      0A812525 
  54      8065094B 
  54      59F294B9 
  54      1E6BF1DB 
  55 0156 844A28C3 		.ascii	"\204J(\303%\245XyG\212U_\2125_\212G\236\246\224~&\345"
  55      25A55879 
  55      478A555F 
  55      8A355F8A 
  55      479EA694 
  56 016d 3C900ACB 		.ascii	"<\220\012\313\205Gj\372=R\245\236\201\261\376\304b\303"
  56      85476AFA 
  56      3D52A59E 
  56      81B1FEC4 
  56      62C3
  57 017f 6311A603 		.ascii	"c\021\246\003\244\362\337>h\021\375\237\034\021C^]\006"
  57      A4F2DF3E 
  57      6811FD9F 
ARM GAS  /var/folders/nz/mg232qzd5vg5_0nfk_8jw8mc0000gn/T//ccAqzmeQ.s 			page 4


  57      1C11435E 
  57      5D06
  58 0191 AF6B6C8F 		.ascii	"\257kl\217\265\306\232\232\243\211\356\250\225\210\307"
  58      B5C69A9A 
  58      A389EEA8 
  58      9588C7
  59 01a0 139FC4EB 		.ascii	"\023\237\304\353\210\265F\273\273\254\250\325\036o\213"
  59      88B546BB 
  59      BBACA8D5 
  59      1E6F8B
  60 01af 5B89AEB6 		.ascii	"[\211\256\266\006\213\356\001\324\006\354["
  60      068BEE01 
  60      D406EC5B 
  61              		.text
  62              		.section	.gnu.lto_chCoreAllocAlignedI.598f7e4cd04b2bc1,"",%progbits
  63 0000 789C7553 		.ascii	"x\234uS\337K\323Q\024\277\347~\277\337}\227\333\334"
  63      DF4BD351 
  63      14BFE77E 
  63      BFDF7D97 
  63      DBDC
  64 0012 9C4AB087 		.ascii	"\234J\260\207\012D\014\212\326\203\324KT\320Ko=\364"
  64      0A440C8A 
  64      D683D44B 
  64      54D04B6F 
  64      3DF4
  65 0024 17E4901C 		.ascii	"\027\344\220\0348\027\372\026\210wni\275T\214\002\301"
  65      3817FA16 
  65      88776E69 
  65      BD548C02 
  65      C1
  66 0035 52A4A255 		.ascii	"R\244\242U\346\317\2624B!Q\213~\211?\022\013\265PQ\010"
  66      E6CFB234 
  66      4221518B 
  66      7E893F12 
  66      0BB55051 
  67 004a 7424CE91 		.ascii	"t$\316\221\272\316\271\337/c\231]\330\271\337\373\271"
  67      BACEB9DF 
  67      2F63995D 
  67      D8B9DFFB 
  67      B9
  68 005b E773CEF9 		.ascii	"\347s\316\371\234s\247\260\177W1\376\366\251\214\035"
  68      9C73A7B0 
  68      7F5731FE 
  68      F6A98C1D 
  69 006b C71D3406 		.ascii	"\307\0354\006\374\346G\306BV\316\325%\235\211,%6\304"
  69      FCE647C6 
  69      4256CED5 
  69      259D892C 
  69      2536C4
  70 007e 98B02BA0 		.ascii	"\230\260+\240\032\270\012@\037\014X\015WT\250\201e\036"
  70      1AB80A40 
  70      1F0C580D 
  70      5754A881 
  70      651E
  71 0090 E7D0DBB6 		.ascii	"\347\320\333\266\366\301\266\304\223\234\035`x\354\213"
  71      F6C1B6C4 
  71      939C1D60 
ARM GAS  /var/folders/nz/mg232qzd5vg5_0nfk_8jw8mc0000gn/T//ccAqzmeQ.s 			page 5


  71      78EC8B
  72 009f 8E3458E8 		.ascii	"\2164X\350\010*\035\243C}\253Z\321\003!jW\177\274\372"
  72      082A1DA3 
  72      437DAB5A 
  72      D103216A 
  72      577FBCFA 
  73 00b3 66BF7236 		.ascii	"f\277r6\3119\373\305\031<\004\017\304\300C\341\036A"
  73      C939FBC5 
  73      193C040F 
  73      C4C043E1 
  73      1E41
  74 00c5 117A7E7E 		.ascii	"\021z~~\033\372\352T\016\001\261\326V\336L\331\013\357"
  74      1BFAEA54 
  74      0E01B1D6 
  74      56DE4CD9 
  74      0BEF
  75 00d7 216BE05D 		.ascii	"!k\340]\2278\255&\271\002\217A\311\344!\304\340\011"
  75      9738AD26 
  75      B9028F41 
  75      C9E421C4 
  75      E009
  76 00e9 14A2F7E8 		.ascii	"\024\242\367\350\372\355mP\216J\346\352x\307 \030\314"
  76      FAED6D50 
  76      8E4AE6EA 
  76      78C72018 
  76      CC
  77 00fa 6583A942 		.ascii	"e\203\251B\353N\246\312\340)\024\222\373F\354\332k\256"
  77      EB4EA6CA 
  77      E0291492 
  77      FB46ECDA 
  77      6BAE
  78 010c 1C93D4E1 		.ascii	"\034\223\324\341\315\365\211\354\202\026\244\316\315"
  78      CDF589EC 
  78      8216A4CE 
  78      CD
  79 0119 8687ED62 		.ascii	"\206\207\355bDD\346R\251\375I\256A\333\337\021\214\205"
  79      4444E652 
  79      A9FD49AE 
  79      41DBDF11 
  79      8C85
  80 012b 947864EB 		.ascii	"\224xd\353\213\315\022\021B\270\240\035\012\2668#m("
  80      8BCD1211 
  80      42B8A01D 
  80      0AB63823 
  80      6D28
  81 013d A9032C80 		.ascii	"\251\003,\200\033\201\355\356\001\221Ju\257\204n\234"
  81      1B81EDEE 
  81      01914A75 
  81      AF846E9C 
  82 014d 6AE67B01 		.ascii	"j\346{\001\323\243\030\312\217\355\304\3725\252\307"
  82      D3A318CA 
  82      8FEDC4FA 
  82      35AAC7
  83 015c 42462763 		.ascii	"BF'c\225\242\262\360S\263\321\331N\306A&\233\214\223"
  83      95A2B2F0 
  83      53B3D1D9 
  83      4EC64126 
ARM GAS  /var/folders/nz/mg232qzd5vg5_0nfk_8jw8mc0000gn/T//ccAqzmeQ.s 			page 6


  83      9B8C93
  84 016f 5148175D 		.ascii	"QH\027]\347\240\261\270\311\344\222\311\243\353|\272"
  84      E7A0B1B8 
  84      C9E492C9 
  84      A3EB7CBA 
  85 017f 606C1E6B 		.ascii	"`l\036k\240I-`\257qW\246!\034\255[l*\246\262\022\\K"
  85      A0492D60 
  85      AF7157A6 
  85      211CAD5B 
  85      6C2AA6B2 
  86 0196 7025813D 		.ascii	"p%\201= \324b@\204\242\234\355\360X\017\320\354\224"
  86      20D46240 
  86      84A29CED 
  86      F0580FD0 
  86      EC94
  87 01a8 142ECCD5 		.ascii	"\024.\314\325\211b\247\241v\334t\323\221I\264\215\272"
  87      8962A7A1 
  87      76DC74D3 
  87      9149B48D 
  87      BA
  88 01b9 413010AB 		.ascii	"A0\020\253\344\352l\022\270\324\214\265#H\234h|\275"
  88      E4EA6C12 
  88      B8D48CB5 
  88      23489C68 
  88      7CBD
  89 01cb 45339CB2 		.ascii	"E3\234\2620t\323\330\3656^\375[\\\025\326$\327\2678"
  89      3074D3D8 
  89      F5365EFD 
  89      5B5C15D6 
  89      24D7B738 
  90 01df C8FECDCE 		.ascii	"\310\376\315\316\177\032\265RB]\036c\241\310\035\270"
  90      7F1AB552 
  90      425D1E63 
  90      A1C81DB8 
  91 01ef 0B8D2141 		.ascii	"\013\215!A^\032tA5tS\277\341\031\302\024uF7B\3320j\246"
  91      5E1A7441 
  91      357453BF 
  91      E119C214 
  91      75463742 
  92 0207 00BBD464 		.ascii	"\000\273\324d\313\204\034\210R\212\306\344\375=\224"
  92      CB841C88 
  92      528AC6E4 
  92      FD3D94
  93 0216 4235353D 		.ascii	"B55=\227\232\302\033\246[\266\224\345\240\340S\365\207"
  93      979AC21B 
  93      A65BB694 
  93      E5A0E053 
  93      F587
  94 0228 0DCC8970 		.ascii	"\015\314\211pZ\022\366\033\021)\251s3nJr\355\"\211\357"
  94      5A12F61B 
  94      1129A973 
  94      336E4A72 
  94      ED2289EF 
  95 023c AAA127AD 		.ascii	"\252\241'\255\341\205\251a\312\324\220\203a2\317n\312"
  95      E185A961 
  95      CAD49083 
  95      6132CF6E 
ARM GAS  /var/folders/nz/mg232qzd5vg5_0nfk_8jw8mc0000gn/T//ccAqzmeQ.s 			page 7


  95      CA
  96 024d 8A95DD32 		.ascii	"\212\225\3352+\313\225.n)\273\376\204\201\345!\314&"
  96      2BCB952E 
  96      6E29BBFE 
  96      8481E521 
  96      CC26
  97 025f 20F23EEC 		.ascii	" \362>\354I\003V\371\032\027p4\370\177\245Y7\324-6\237"
  97      490356F9 
  97      1A177034 
  97      F87FA559 
  97      37D42D36 
  98 0274 34AEF3A5 		.ascii	"4\256\363\245\030c \337\035\204\375w\026;\013\177\231"
  98      186320DF 
  98      1D84FD77 
  98      163B0B7F 
  98      99
  99 0285 2EBC1761 		.ascii	".\274\027a\014%\223\250\362A\315@\310\305\022D\\\004"
  99      0C2593A8 
  99      F241CD40 
  99      C8C51244 
  99      5C04
 100 0297 80220F6F 		.ascii	"\200\"\017o\355\307B\234\312\317~;>> \037\354\306\301"
 100      EDC7429C 
 100      CACF7E3B 
 100      3E3E201F 
 100      ECC6C1
 101 02aa 3365FE12 		.ascii	"3e\376\022\377\271\363\336`\225\327\027\014\004\202"
 101      FFB9F3DE 
 101      6095D717 
 101      0C0482
 102 02b9 15F855EE 		.ascii	"\025\370U\356/\361VU\372\274\276\262@i\300\027\254,"
 102      2FF15655 
 102      FABCBEB2 
 102      4069C017 
 102      AC2C
 103 02cb 3DE2636A 		.ascii	"=\342cj\225\377r\251v\241\334\177\261\002.\375\001g"
 103      95FF72A9 
 103      76A1DC7F 
 103      B1022EFD 
 103      0167
 104 02dd CD755E   		.ascii	"\315u^"
 105              		.text
 106              		.section	.gnu.lto_chCoreAllocAligned.598f7e4cd04b2bc1,"",%progbits
 107 0000 789C8D55 		.ascii	"x\234\215U\377O[U\024\277\347\276\327\327R\312\2271"
 107      FF4F5B55 
 107      14BFE7BE 
 107      D7D752CA 
 107      9731
 108 0012 46223F08 		.ascii	"F\"?\010\011!3\221\254\213Y\234?\030\277\204\304\350"
 108      09213391 
 108      AC8B599C 
 108      3F18BF84 
 108      C4E8
 109 0024 0FC464FC 		.ascii	"\017\304d\374\001\012\265\221&\224\222\026\226M\263"
 109      010AB591 
 109      26949216 
 109      964DB3
ARM GAS  /var/folders/nz/mg232qzd5vg5_0nfk_8jw8mc0000gn/T//ccAqzmeQ.s 			page 8


 110 0033 EC9576A0 		.ascii	"\354\225v\240&3\246l\021\235\260\021!\" \333\230\333"
 110      2633A66C 
 110      119DB011 
 110      212220DB 
 110      98DB
 111 0045 1C1B821B 		.ascii	"\034\033\202\033\362M`0\230\222aF\247@0\242\302\230"
 111      F24D6030 
 111      98926146 
 111      A74030A2 
 111      C298
 112 0057 4033463D 		.ascii	"@3F=\347\276\322\225\322%\276\244\367\275{\316\371\234"
 112      E7BED295 
 112      D225BEA4 
 112      F7BD7BCE 
 112      F99C
 113 0069 7B3EE79C 		.ascii	"{>\347\234{*\261\355\317>\374\275\257gl\022\337\240"
 113      7B2AB1ED 
 113      CF3EFCBD 
 113      AF676C12 
 113      DFA0
 114 007b 63C03F19 		.ascii	"c\300?\031a\314m\340\\\236\3273\325(5\3652\246\232$"
 114      61CC6DE0 
 114      5C9ED733 
 114      D52835F5 
 114      32A69A24 
 115 008f 9035B90C 		.ascii	"\2205\271\014@\037\014\330Q.\311p\024\376\340K\034\256"
 115      401F0CD8 
 115      512EC970 
 115      14FEE04B 
 115      1CAE
 116 00a1 B43D188E 		.ascii	"\264=\030\216\237\347\001\3162\031n;|\3755\012mA\246"
 116      9FE701CE 
 116      32196E3B 
 116      7CFD350A 
 116      6D41A6
 117 00b4 ADAFB763 		.ascii	"\255\257\267cQ\267\273QU+\026o\215\377j:\366z\200s\266"
 117      51B7BB51 
 117      552B166F 
 117      8DFF6A3A 
 117      F67A8073 
 118 00c9 CC197C05 		.ascii	"\314\031|\005\351\320\004\351\344\356k\330\215\226\243"
 118      E9D004E9 
 118      E4EE6BD8 
 118      8D96A3
 119 00d8 03EEA924 		.ascii	"\003\356\251$\351Y \324\203\177nL\232\262\277DT\367"
 119      E95920D4 
 119      837F6E4C 
 119      9AB2BF44 
 119      54F7
 120 00ea 40BBFA8A 		.ascii	"@\273\372\212\034\340\0224\203\024\211C\021\203\026"
 120      1CE01234 
 120      83148943 
 120      118316
 121 00f9 C846EBB1 		.ascii	"\310F\353\261\225\223\033 \355\025\310\305\211s=\240"
 121      95931B20 
 121      ED15C8C5 
 121      89733DA0 
ARM GAS  /var/folders/nz/mg232qzd5vg5_0nfk_8jw8mc0000gn/T//ccAqzmeQ.s 			page 9


 122 0109 21E735A4 		.ascii	"!\3475\244\014\255\321H\231\3017\220M\346kM\037vr\351"
 122      0CADD148 
 122      99C13790 
 122      4DE66B4D 
 122      1F7672E9 
 123 011d 7901FD7D 		.ascii	"y\001\375}\254\372\264)\253\036\241\376\272\306^\223"
 123      ACFAB429 
 123      AB1EA1FE 
 123      BAC65E93 
 124 012d DAAF7AFD 		.ascii	"\332\257z\375\301`\006\006\014m[=h\017B\226\274\217"
 124      C1600606 
 124      0C6D5B3D 
 124      680F4296 
 124      BC8F
 125 013f 7E8957BC 		.ascii	"~\211W\274\252\252&\303Y\310\"b\310\347\034(\300\030"
 125      AAAA26C3 
 125      59C82262 
 125      C8E71C28 
 125      C018
 126 0151 E566E67A 		.ascii	"\345f\346z\353\337F\315e\355\254\265\333{F\335\010\006"
 126      EBDF46CD 
 126      65EDACB5 
 126      DB7B46DD 
 126      0806
 127 0163 21061BED 		.ascii	"!\006\033\355\201\363\220\205\250\276\365\225\333\211"
 127      81F39085 
 127      A8BEF595 
 127      DB89
 128 0171 1A6ADAD3 		.ascii	"\032j\332\323\027\021\210.v \320\016YgS\272\325`py\344"
 128      1711882E 
 128      7620D00E 
 128      596753BA 
 128      D5607079 
 129 0186 FEF1FDCD 		.ascii	"\376\361\375\315\374)N$%\240\374`\321\220\253\236\004"
 129      FC294E24 
 129      25A0FC60 
 129      D190AB9E 
 129      04
 130 0197 065AE2C4 		.ascii	"\006Z\342\304)F\374\324\305\323\336DK\002-\211\264$"
 130      2946FCD4 
 130      C5D3DE44 
 130      4B022D89 
 130      B424
 131 01a9 096FC9A4 		.ascii	"\011o\311\244\336\201\213\222B\313NZRI\275\213\024i"
 131      DE818B92 
 131      42CB4E5A 
 131      5249BD8B 
 131      1469
 132 01bb 8C8AC866 		.ascii	"\214\212\310f\360G\3750\213\033|K?CE2%e\271E=!I/\210"
 132      F047FD30 
 132      8B1B7C4B 
 132      3F434532 
 132      2565B945 
 133 01d4 9CFE3951 		.ascii	"\234\3769Q\337\250%`q\3037\367\266\317\2436\340g\360"
 133      DFA82560 
 133      71C337F7 
 133      B6CFA336 
ARM GAS  /var/folders/nz/mg232qzd5vg5_0nfk_8jw8mc0000gn/T//ccAqzmeQ.s 			page 10


 133      E067F0
 134 01e7 6524A387 		.ascii	"e$\243\207\0131\311|+rp\357\370\277\027\200\332H\237"
 134      0B31C97C 
 134      2B7270EF 
 134      F8BF1780 
 134      DA489F
 135 01fa C9E0226A 		.ascii	"\311\340\"j\247\240\342\267\313Us5\312\226\264\373\275"
 135      A7A0E2B7 
 135      CB557335 
 135      CA96B4FB 
 135      BD
 136 020b CD2012BE 		.ascii	"\315 \022\276\314akA\374\353\037\255`K_\"\025\217V\315"
 136      CC616B41 
 136      FCEB1FAD 
 136      604B5F22 
 136      158F56CD 
 137 021f 0E019DC3 		.ascii	"\016\001\235\303\3402\251\245\250R2\370\016\024\214"
 137      E032A9A5 
 137      A85232F8 
 137      0E148C
 138 022e E40AD511 		.ascii	"\344\012\325\021X'\240zza\255Z\312\030\201Z\265&3\300"
 138      5827A07A 
 138      7A61AD5A 
 138      CA18815A 
 138      B52633C0 
 139 0242 0D843839 		.ascii	"\015\20489\365\320m\2241\011\320\001\031\242\035>?\366"
 139      F5D06D94 
 139      3109D001 
 139      19A21D3E 
 139      3FF6
 140 0254 E9672694 		.ascii	"\351g&\224\300U\220E\320\014\256\201\214\212\301\252"
 140      C0559045 
 140      D00CAE81 
 140      8C8AC1AA 
 141 0264 332B72C6 		.ascii	"3+r\306X\010\035G\266\243\013\275\035q\002\335Ih\370"
 141      58081D47 
 141      B6A30BBD 
 141      1D7102DD 
 141      4968F8
 142 0277 1EEF8BC8 		.ascii	"\036\357\213\310 \225g\025c\332Lg\365U\3675EK!\335\240"
 142      20956715 
 142      63DA4C67 
 142      F555F735 
 142      454B21DD 
 143 028c C7DDB0AD 		.ascii	"\307\335\260\255\261C\011\354\"\274\314\356\200\307"
 143      B14309EC 
 143      22BCCCEE 
 143      80C7
 144 029a 573957B7 		.ascii	"W9W\267o\013\267\356\361AN\006tH(ort#\267\223\252[d"
 144      6F0BB7EE 
 144      F1414E06 
 144      7448286F 
 144      727423B7 
 145 02b2 E0075056 		.ascii	"\340\007PV9\307h\"\035jR=*\020\270\341\031\277$\352"
 145      39C76822 
 145      1D6A523D 
 145      2A10B8E1 
ARM GAS  /var/folders/nz/mg232qzd5vg5_0nfk_8jw8mc0000gn/T//ccAqzmeQ.s 			page 11


 145      19BF24EA 
 146 02c6 2405F1C1 		.ascii	"$\005\361\301\356\271\216\201\334\201\212\011E33\204"
 146      EEB98E81 
 146      DC818A09 
 146      45333384 
 147 02d6 906B953D 		.ascii	"\220k\225=\240I\342\004\326\200\3748\0114\272q\204\361"
 147      A049E204 
 147      D680FC38 
 147      0934BA71 
 147      84F1
 148 02e8 2DADD4EB 		.ascii	"-\255\324\3534##\272\256\033\377\270\215\037y\250~\240"
 148      342323BA 
 148      AE1BFFB8 
 148      8D1F79A8 
 148      7EA0
 149 02fa 1A02DCF8 		.ascii	"\032\002\334\370\210kWnz\346\346\230\201\0164\212m\223"
 149      886B576E 
 149      7AE6E698 
 149      810E348A 
 149      6D93
 150 030c DBFB05D4 		.ascii	"\333\373\005\324\302)\267JV:\270\001G\240Gd\376G\024"
 150      C229B74A 
 150      563AB801 
 150      47A04764 
 150      FE4714
 151 031f 93D7BB7A 		.ascii	"\223\327\273z\315e<z\025\034B\221\23102\224F\212\022"
 151      CD653C7A 
 151      151C4291 
 151      99303294 
 151      468A12
 152 0332 504A479C 		.ascii	"PJG\234\0124\304\321\021r\210S\257\340\344Y\013\231"
 152      0A34C4D1 
 152      11728853 
 152      AFE0E459 
 152      0B99
 153 0344 250A5A09 		.ascii	"%\012Z\011\344|\262*G\223%\2418L\251\235(%\011J\347"
 153      E47CB22A 
 153      479325A1 
 153      384CA99D 
 153      2825094A 
 154 0359 D7974294 		.ascii	"\327\227B\224\222cP\202\230\034\372\302\034\372C\034"
 154      92635082 
 154      981CFAC2 
 154      1CFA431C 
 155 0369 26431C76 		.ascii	"&C\034v\240\233\310}\012\235\212\221\235\010E\266S\230"
 155      A09BC87D 
 155      0A9D8A91 
 155      9D0845B6 
 155      5398
 156 037b A408DA55 		.ascii	"\244\010\332U/j\262T\024\263\333\340\035\361\244\207"
 156      2F6AB254 
 156      14B3DBE0 
 156      1DF1A487 
 157 038b 0B902A3A 		.ascii	"\013\220*:e\026\273\014G\274\204\016j*\347N\277\244"
 157      6516BB0C 
 157      47BC840E 
 157      6A2AE74E 
ARM GAS  /var/folders/nz/mg232qzd5vg5_0nfk_8jw8mc0000gn/T//ccAqzmeQ.s 			page 12


 157      BFA4
 158 039d A9770932 		.ascii	"\251w\0112ZA\356%\220\354\211\265\210\016| \034\370"
 158      5A41EE25 
 158      90EC89B5 
 158      880E7C20 
 158      1CF8
 159 03af 208AD195 		.ascii	" \212\321\2258D\336\234\016\242\371h8\322\250\014\367"
 159      3844DE9C 
 159      0EA2F968 
 159      38D2A80C 
 159      F7
 160 03c0 77E488B8 		.ascii	"w\344\210\270\377\377F\304ObD\204;\001\377\301`\350"
 160      FFFF46C4 
 160      4F624484 
 160      3B01FFC1 
 160      60E8
 161 03d2 C923A227 		.ascii	"\311#\242'<\"t\333.\3720\265y\324p\030\034V\030\214"
 161      3C2274DB 
 161      2EFA30B5 
 161      79D47018 
 161      1C56188C 
 162 03e6 90BD12AD 		.ascii	"\220\275\022\255Z\032\006:\234\301\315\330scT\334\232"
 162      5A1A063A 
 162      9CC1CDD8 
 162      736354DC 
 162      9A
 163 03f7 B188B9D1 		.ascii	"\261\210\271\321\360\227\277C\331\034\011C\"7\267\304"
 163      F097BF43 
 163      D91C0943 
 163      2237B7C4 
 164 0407 4888BEFF 		.ascii	"H\210\276\377\343x\377\357\202\333\357m\001\012v\225"
 164      E378FFEF 
 164      82DBEF6D 
 164      010A7695 
 165 0417 A7313607 		.ascii	"\24716\007i\260;\235\267va\015\223\244\205.\023\316"
 165      69B03B9D 
 165      B776610D 
 165      93A4852E 
 165      13CE
 166 0429 5CA06C22 		.ascii	"\\\240l\"\354\231\334\"[\241\355\315|\263\303e\2668"
 166      EC99DC22 
 166      5BA1EDCD 
 166      7CB3C365 
 166      B638
 167 043b EC764709 		.ascii	"\354vG\011~\025\333\012\315.\247\305l)\262[\355\026"
 167      7E15DB0A 
 167      CD2EA7C5 
 167      6C29B25B 
 167      ED16
 168 044d 87D3BAC7 		.ascii	"\207\323\272\307\302d\227\355=\253\256\240\330\366n"
 168      C26497ED 
 168      3DABAEA0 
 168      D8F66E
 169 045c 0994EA0E 		.ascii	"\011\224\352\016\026\024\227[s\266cK\035\3162\227\371"
 169      1614975B 
 169      73B6634B 
 169      1DCE3297 
ARM GAS  /var/folders/nz/mg232qzd5vg5_0nfk_8jw8mc0000gn/T//ccAqzmeQ.s 			page 13


 169      F9
 170 046d D50379B9 		.ascii	"\325\003y\271y\207\020N\330\267\016\356\267\357)b\317"
 170      7987104E 
 170      D8B70EEE 
 170      B7EF2962 
 170      CF
 171 047e 6D37B61E 		.ascii	"m7\266\036*3\347\346\345\277\221o\266\225X\212\313\337"
 171      2A33E7E6 
 171      E5BF916F 
 171      B695588A 
 171      CBDF
 172 0490 B19A85BD 		.ascii	"\261\232\205\275\305\376Zy\211\005!OG@\234e\217\215"
 172      C5FE5A79 
 172      8905214F 
 172      47409C65 
 172      8F8D
 173 04a2 8A5C875D 		.ascii	"\212\\\207]\250N\316\313?\220YX\340\262\226:m9\231\331"
 173      A84ECECB 
 173      3F905958 
 173      E0B2963A 
 173      6D3999D9 
 174 04b6 7B197732 		.ascii	"{\031w2=\006\354p\036f\377\001\326\013\336\371"
 174      3D06EC70 
 174      1E66FF01 
 174      D60BDEF9 
 175              		.text
 176              		.section	.gnu.lto_chCoreGetStatusX.598f7e4cd04b2bc1,"",%progbits
 177 0000 789C6D4F 		.ascii	"x\234mO\273J\003Q\020\235\231}J\032\261\014\026v\021"
 177      BB4A0351 
 177      109D997D 
 177      4A1AB10C 
 177      167611
 178 0013 0BF723FC 		.ascii	"\013\367#\374\000\013\177@\262\004\022p]H\352\220\233"
 178      000B7F40 
 178      B2041270 
 178      5D48EA90 
 178      9B
 179 0024 18D04A24 		.ascii	"\030\320J$\244\210\370D\020\343+\251\025\013K\033\025"
 179      A488F844 
 179      10E32BA9 
 179      150B4B1B 
 179      15
 180 0035 115CB588 		.ascii	"\021\\\265\210\240\021\2643(H\220\020g\334`\241\271"
 180      A011B433 
 180      28489010 
 180      67DC60A1 
 180      B9
 181 0046 3077E6CC 		.ascii	"0w\346\314\014\347\234\321\340\377\213rT\020`\2143j"
 181      0CE79CD1 
 181      E0FF8B72 
 181      5410608C 
 181      336A
 182 0058 80B47401 		.ascii	"\200\264t\001\220\267\011Q\012@\310\021\346\360\225"
 182      90B70951 
 182      0A40C811 
 182      E6F095
 183 0067 5A8447B5 		.ascii	"Z\204G\265\217\363\310\013\265\011F\200\341q\351\254"
ARM GAS  /var/folders/nz/mg232qzd5vg5_0nfk_8jw8mc0000gn/T//ccAqzmeQ.s 			page 14


 183      8FF3C80B 
 183      B5094680 
 183      E171E9AC 
 184 0077 620A445D 		.ascii	"b\012D]`pS\011\006b\333J\025\336\036\203\351\345\362"
 184      60705309 
 184      0662DB4A 
 184      15DE1E83 
 184      E9E5F2
 185 008a 264F08DE 		.ascii	"&O\010\336\011p\007\243XE\021\302]\214\311n\253\330"
 185      097007A3 
 185      584511C2 
 185      5D8CC96E 
 185      ABD8
 186 009c 09226651 		.ascii	"\011\"fQ)5(\033<\330C\223M@}\350Tu\273O\033'w\272M\320"
 186      2935281B 
 186      3CD84393 
 186      4D407DE8 
 186      5475BB4F 
 187 00b6 264DE34F 		.ascii	"&M\343O\327\2452\2442\345\263@\230\241\311!\036\237"
 187      D7A532A4 
 187      32E5B340 
 187      98A1C921 
 187      1E9F
 188 00c8 1970D6EE 		.ascii	"\031p\326\356\261Pj5\267,\341\372$1\274~\275X\243\354"
 188      B1506A35 
 188      B72CE1FA 
 188      2431BC7E 
 188      BD58A3EC 
 189 00dc 975A5076 		.ascii	"\227ZPv\233\214\216\010q\367\241yye\213o\343\007V\363"
 189      9B8C8E08 
 189      71F7A179 
 189      79658B6F 
 189      E30756F3 
 190 00f0 C5555CC3 		.ascii	"\305U\\\303\225\274\222-\015\3671\213\007\342\026\017"
 190      95BC922D 
 190      0DF7318B 
 190      07E2160F 
 191 0100 B90DCC7A 		.ascii	"\271\015\314z\333\243\324\230Up\011C\254\367\221\300"
 191      DBA3D498 
 191      55700943 
 191      ACF791C0 
 192 0110 BE9CB55F 		.ascii	"\276\234\265_\316\372\037N\203i\030\317\225\315\020"
 192      CEFA1F4E 
 192      836918CF 
 192      95CD10
 193 011f 873286AC 		.ascii	"\2072\206\2544\346\207\303\236\305mh`O\325\0029\035"
 193      34E687C3 
 193      9EC56D68 
 193      604FD502 
 193      391D
 194 0131 E5643E68 		.ascii	"\345d>ht\"\231\212\247&\247\034?\343\270\276\347\371"
 194      7422998A 
 194      A726A71C 
 194      3FE3B8BE 
 194      E7F9
 195 0143 B35CCDA4 		.ascii	"\263\\\315\244\342N&\355:n\322Kx\256\237N\214\273\360"
 195      E24E26ED 
ARM GAS  /var/folders/nz/mg232qzd5vg5_0nfk_8jw8mc0000gn/T//ccAqzmeQ.s 			page 15


 195      3A6ED24B 
 195      78AE9F4E 
 195      8CBBF0
 196 0156 0D02FD99 		.ascii	"\015\002\375\231\203"
 196      83
 197              		.text
 198              		.section	.gnu.lto_.symbol_nodes.598f7e4cd04b2bc1,"",%progbits
 199 0000 789C558A 		.ascii	"x\234U\212\313\011\200@\020\305\362fX\360h\221\366\361"
 199      CB098040 
 199      10C5F266 
 199      58F06891 
 199      F6F1
 200 0012 5AB002D9 		.ascii	"Z\260\002\331>\374[\2005\311\202\007\315-!\011\014\274"
 200      3EFC5B80 
 200      35C98207 
 200      CD2D2109 
 200      0CBC
 201 0024 C42AC378 		.ascii	"\304*\303x\203\315T;\312)zSf\251\206\263\\\212\246\213"
 201      83CD543B 
 201      CA297A53 
 201      66A986B3 
 201      5C8AA68B 
 202 0038 B2696CB2 		.ascii	"\262il\262\276{\354r\374\302!\3477\360\000*F\032v"
 202      BE7BEC72 
 202      FCC221E7 
 202      37F0002A 
 202      461A76
 203              		.text
 204              		.section	.gnu.lto_.refs.598f7e4cd04b2bc1,"",%progbits
 205 0000 789C25C1 		.ascii	"x\234%\301\271\011\200P\024E\301s\227\377D\301@0\260"
 205      B9098050 
 205      1445C173 
 205      97FF44C1 
 205      4030B0
 206 0013 09FB6FCF 		.ascii	"\011\373o\317\300\231\000/\277bI^\316\250{\026\036z"
 206      C099002F 
 206      BF62495E 
 206      CEA87B16 
 206      1E7A
 207 0025 CA77061F 		.ascii	"\312w\006\037\364\222\037oT8|\031n\000\352"
 207      F4921F6F 
 207      54387C19 
 207      6E00EA
 208              		.text
 209              		.section	.gnu.lto_.decls.598f7e4cd04b2bc1,"",%progbits
 210 0000 789CA556 		.ascii	"x\234\245V}PSW\026\1777/$\344\031\243c\267\264\303\354"
 210      7D505357 
 210      167F372F 
 210      24E419A3 
 210      63B7B4C3 
 211 0015 6C713AE3 		.ascii	"lq:\343\2643B\254vw\333?:\3252\333j\247V\267Lgv\247"
 211      B43342AC 
 211      7677DB3F 
 211      3AD532DB 
 211      6AA756B7 
 212 002d 7FBC0D21 		.ascii	"\177\274\015!m2\015\211K\302n\351_OQ\207U\254\212\200"
 212      6D320D89 
ARM GAS  /var/folders/nz/mg232qzd5vg5_0nfk_8jw8mc0000gn/T//ccAqzmeQ.s 			page 16


 212      4BC26EE9 
 212      5F4F5187 
 212      55AC8A80 
 213 0041 4895C682 		.ascii	"H\225\306\202_\340\007\224\212T(\204\026\001\371T\313"
 213      5FE00794 
 213      8A542884 
 213      1601F954 
 213      CB
 214 0052 2A2DA211 		.ascii	"*-\242\021\321\"\024\015\212\255\370Az\356\271\357\221"
 214      D122140D 
 214      8AADF841 
 214      7AEEB9EF 
 214      91
 215 0063 17947576 		.ascii	"\027\224uv\372f\016\334{\3369\277\363;\037\271\367\361"
 215      FA660EDC 
 215      7BDE39BF 
 215      F33B1FB9 
 215      F7F1
 216 0075 1CC7E512 		.ascii	"\034\307\345\022\216\013\301\363\211\300qG5\034\027"
 216      8E0BC1F3 
 216      89C07147 
 216      351C17
 217 0084 05BA955C 		.ascii	"\005\272\225\\\370\321\202\034\004\251\002\251\006\251"
 217      F8D1821C 
 217      04A902A9 
 217      06A9
 218 0092 91754D20 		.ascii	"\221uM 'A\332@:\270\310\207\332\353d\234\245 \315 \235"
 218      2741DA40 
 218      3AB8C887 
 218      DAEB649C 
 218      A520CD20 
 219 00a7 208D205D 		.ascii	" \215 ]\262\015\221\355\036\207E\343F\203\230@\214 "
 219      B20D91ED 
 219      1E8745E3 
 219      46839840 
 219      8C20
 220 00b9 2B40CA55 		.ascii	"+@\312U\270oN\301\244\366<\310\005\031s*\036\315a\306"
 220      B86F4EC1 
 220      A4F63CC8 
 220      0519732A 
 220      1ECD61C6 
 221 00cd 63F0AE80 		.ascii	"c\360\256\200\014\201\334Pa\353e\337Q\220[ \343r\254"
 221      0C81DC50 
 221      61EB65DF 
 221      51905B20 
 221      E372AC
 222 00e0 7B200F40 		.ascii	"{ \017@4\323\304\253\221k\241\304+\237\206w\215\214"
 222      34D3C4AB 
 222      916BA1C4 
 222      2B9F8677 
 222      8D8C
 223 00f2 D121E3A8 		.ascii	"\321!\343\250\237Q\015\371\352\360X\307\214A\0151\011"
 223      9F510DF9 
 223      EAF058C7 
 223      8C410D31 
 223      09
 224 0103 71747B3C 		.ascii	"qt{<\247\245@\007[\243\240\245\333\232{\375\335\332"
ARM GAS  /var/folders/nz/mg232qzd5vg5_0nfk_8jw8mc0000gn/T//ccAqzmeQ.s 			page 17


 224      A7A54007 
 224      5BA3A0A5 
 224      DB9A7BFD 
 224      DDDA
 225 0115 A7F22478 		.ascii	"\247\362$x\266dJ\263\265de\014\331Gb\311~\022\013\350"
 225      B6644AB3 
 225      B564650C 
 225      D94762C9 
 225      7E120BE8 
 226 0129 07C853F0 		.ascii	"\007\310S\360\367=-C\332\265/\267[\313k\010]\027\027"
 226      F73D2D43 
 226      DAB52FB7 
 226      5BCB6B08 
 226      5D1717
 227 013c 5CEA16E6 		.ascii	"\\\352\026\346\227\202[\226\344\037$\341p[\267\265\366"
 227      97825B96 
 227      E41F24E1 
 227      705BB7B5 
 227      F6
 228 014d 18E38A24 		.ascii	"\030\343\212$_y\360`\335z~\207\344[#M\204B\004\301H"
 228      5F79F060 
 228      DD7A7E87 
 228      E45B234D 
 228      844204C1 
 229 0162 29E14919 		.ascii	")\341I\031\231\217\324a\315r8H\342\300\261voE\024\377"
 229      998FD461 
 229      CD723848 
 229      E2C0B176 
 229      6F4514FF 
 230 0176 0A82AFDE 		.ascii	"\012\202\257\336[\223\255\007\216K\005\204\274\370\351"
 230      5B93AD07 
 230      8E4B0584 
 230      BCF8E9
 231 0185 788901B7 		.ascii	"x\211\001\267t\334f\201J\323UVy\311H\204yY\222\264\206"
 231      74DC6681 
 231      4AD35556 
 231      79C94884 
 231      795992B4 
 232 019a 1237B498 		.ascii	"\0227\264\230\270I\336\244\202\314\003c\014D\016\203"
 232      B849DEA4 
 232      82CC0363 
 232      0C440E83 
 233 01aa F208284B 		.ascii	"\362\010(K\200j0;s8c\215\264\230\224\023\201\034\232"
 233      806A303B 
 233      7338638D 
 233      B4989413 
 233      811C9A
 234 01bd A4827164 		.ascii	"\244\202qd\372\337tU\347\023\255\006\2254qP\325U\024"
 234      FADF7455 
 234      E713AD06 
 234      95347150 
 234      D55514
 235 01d0 5ED3A18A 		.ascii	"^\323\241\212\272}AP\331Y\262\246\312\250\256\333\012"
 235      BA7D4150 
 235      D959B2A6 
 235      CAA8AEDB 
 235      0A
ARM GAS  /var/folders/nz/mg232qzd5vg5_0nfk_8jw8mc0000gn/T//ccAqzmeQ.s 			page 18


 236 01e1 A3AA6E5F 		.ascii	"\243\252n_b\335*\211\\\270\346\206\372O\365|\021\301"
 236      62DD2A89 
 236      5CB8E686 
 236      FA4FF57C 
 236      11C1
 237 01f3 E46A7236 		.ascii	"\344jr6\0346A\201\002P\240\332\346p\2014\324\213\034"
 237      1C364181 
 237      0250A0DA 
 237      E6708134 
 237      D48B1C
 238 0206 5515E8A8 		.ascii	"U\025\350\250R\240*,\320\316\206\274\215\204\377\202"
 238      52A02A2C 
 238      D0CE86BC 
 238      8D84FF82 
 239 0216 A10CB56F 		.ascii	"\241\014\265o\252&\210\342\333\265G\327\"\371C\241W"
 239      AA2688E2 
 239      DBB547D7 
 239      22F943A1 
 239      57
 240 0227 11E0980A 		.ascii	"\021\340\230\012\340\230\002P\215\000\347\036T\345\351"
 240      E0980250 
 240      8D00E71E 
 240      54E5E9
 241 0236 D49C693E 		.ascii	"\324\234i>a\322_E4\273\275\361\363R\023\177\202E\333"
 241      61D25F45 
 241      34BBBDF1 
 241      F352137F 
 241      8245DB
 242 0249 993BB645 		.ascii	"\231;\266E\213M\015\324\255k2J,^4u!\307U\001\217+\001"
 242      8B4D0DD4 
 242      AD6B324A 
 242      2C5E3475 
 242      21C75501 
 243 0260 6B30E0F6 		.ascii	"k0\340\366\323=\307\264\374Y\206\261\241\367@\273\236"
 243      D33DC7B4 
 243      FC5986B1 
 243      A1F740BB 
 243      9E
 244 0271 BF40223A 		.ascii	"\277@\":\034\303:\374I[a\003\217\333\020}\255\311\271"
 244      1CC33AFC 
 244      495B6103 
 244      8FDB107D 
 244      ADC9B9
 245 0284 3CB68728 		.ascii	"<\266\207(\355\015\346H\374\323\034\231\037K\236\207"
 245      ED0DE648 
 245      FCD31C99 
 245      1F4B9E87 
 246 0294 DE36406F 		.ascii	"\3366@oc\344\336\326\001\367z\245\267=\3736\377^\222"
 246      63E4DED6 
 246      01F77AA5 
 246      B73DFB36 
 246      FF5E92
 247 02a7 B4C40F49 		.ascii	"\264\304\017I}\035\356m\314do5\201s{\376\372h\320o\247"
 247      7D1DEE6D 
 247      CC646F35 
 247      81737BFE 
 247      FA68D06F 
ARM GAS  /var/folders/nz/mg232qzd5vg5_0nfk_8jw8mc0000gn/T//ccAqzmeQ.s 			page 19


 248 02bc 03CDDED8 		.ascii	"\003\315\336\330\366$\005\375\006@k\303\240\020crbZ"
 248      F62405FD 
 248      06406BC3 
 248      A0106372 
 248      625A
 249 02ce DB6F556A 		.ascii	"\333oUj\346l\301\252JR\034\241\266X\203F2g\322\250\263"
 249      E66CC1AA 
 249      4A521CA1 
 249      B6588346 
 249      3267D2A8 
 250 02e3 A16127E1 		.ascii	"\241a'\341\363xL~S\305\211\323\374\263\273\245\200\024"
 250      F3784C7E 
 250      53C589D3 
 250      FCB3BBA5 
 250      8014
 251 02f5 3C7866FD 		.ascii	"<xf\375\223\253\245K\340K\373G]\310\011\245\206\362"
 251      93ABA54B 
 251      E04BFB47 
 251      5DC809A5 
 251      86F2
 252 0307 82349167 		.ascii	"\2024\221g\301\251\367|v.1n\010\317;r\012w\257\231\030"
 252      C1A9F77C 
 252      762E316E 
 252      08CF3B72 
 252      0A77AF99 
 253 031c E558178E 		.ascii	"\345X\027\216\324\037\321\360\305,\326\272\335\253\257"
 253      D41FD1F0 
 253      C52CD6BA 
 253      DDABAF
 254 032b 46412CE9 		.ascii	"FA,\351\363@\350L\212\177\255\204\263F\255I\013\313"
 254      F340E84C 
 254      8A7FAD84 
 254      B346AD49 
 254      0BCB
 255 033d 4785D122 		.ascii	"G\205\321\"G<\211\021}\347\307~6\361e\014\347f\323\327"
 255      473C8911 
 255      7DE7C77E 
 255      36F1650C 
 255      E766D3D7 
 256 0351 B709720E 		.ascii	"\267\011r\016\224~\373\246\257@\222\002\241\3203H\270"
 256      947EFBA6 
 256      AF409202 
 256      A1D03348 
 256      B8
 257 0362 55212C2F 		.ascii	"U!,/H\033\272g=\330\223K\370j\346\376\323\370m\017c"
 257      481BBA67 
 257      3DD8934B 
 257      F86AE6FE 
 257      D3F86D0F 
 258 0377 9155DC4A 		.ascii	"\221U\334J\347\207\271S\032\355\017\321h\227q:\020g"
 258      E787B953 
 258      1AED0FD1 
 258      6897713A 
 258      1067
 259 0389 B8BFE9A6 		.ascii	"\270\277\351\246.\"q\0324l\335\311\022\247\377\301\272"
 259      2E22711A 
 259      346CDDC9 
ARM GAS  /var/folders/nz/mg232qzd5vg5_0nfk_8jw8mc0000gn/T//ccAqzmeQ.s 			page 20


 259      12A7FFC1 
 259      BA
 260 039a A7BF7944 		.ascii	"\247\277yD\033aMc\204\255\273d\353.\264n)\333\365\017"
 260      1B614D63 
 260      84ADBB64 
 260      EB2EB46E 
 260      29DBF50F 
 261 03ae BE1E296A 		.ascii	"\276\036)j/\357,\257\232E\346\305\306\012%x\252-&\335"
 261      2FEF2CAF 
 261      9A45E6C5 
 261      C60A2578 
 261      AA2D26DD 
 262 03c2 50E05372 		.ascii	"P\340Srr\354)\000\375\235W\351\013XF\343\377GL\323i"
 262      72EC2900 
 262      FD9D57E9 
 262      0B5846E3 
 262      FF474CD3 
 263 03d7 9826FA8A 		.ascii	"\230&\372\212#\337A\3343\020\027B\365o\033\375O\224"
 263      23DF41DC 
 263      33101742 
 263      F56F1BFD 
 263      4F94
 264 03e9 205B673D 		.ascii	" [g=\316\272\361to\231\016\017m\037\326/\257\255\272"
 264      CEBAF174 
 264      6F990E0F 
 264      6D1FD62F 
 264      AFADBA
 265 03fc 4FC053FB 		.ascii	"O\300S\373wt\273\243m{\207\011\267O\320\355\300\246"
 265      7774BBA3 
 265      6D7B8709 
 265      B74FD0ED 
 265      C0A6
 266 040e DE635A8A 		.ascii	"\336cZ\212-)I\033\325\243\361=\242?\027Kz\030\370\306"
 266      2D29491B 
 266      D5A3F13D 
 266      A23F174B 
 266      7A18F8C6 
 267 0422 FCB39D82 		.ascii	"\374\263\235\202zbi\242g\301\374\034\232\377@\347\226"
 267      7A6269A2 
 267      67C1FC1C 
 267      9AFF40E7 
 267      96
 268 0433 39A17566 		.ascii	"9\241uf\260\302\244\266\376\357\377\262\276\222\223"
 268      B0C2A4B6 
 268      FEEFFFB2 
 268      BE9293
 269 0442 17E4F946 		.ascii	"\027\344\371F\326\365\253\023e\007f\361\035l3\266\343"
 269      D6F5AB13 
 269      650766F1 
 269      1D6C33B6 
 269      E3
 270 0453 EC5034CC 		.ascii	"\354P4\314\300)_`\350\362\332\305\376\325>6\212\275"
 270      C0295F60 
 270      E8F2DAC5 
 270      FED53E36 
 270      8ABD
 271 0465 D0CDF330 		.ascii	"\320\315\3630\003p\310\251`\373h\335\311^\242\341\310"
ARM GAS  /var/folders/nz/mg232qzd5vg5_0nfk_8jw8mc0000gn/T//ccAqzmeQ.s 			page 21


 271      0370C8A9 
 271      60FB68DD 
 271      C95EA2E1 
 271      C8
 272 0476 051C83FA 		.ascii	"\005\034\203\372\272;M\002\337\313\260\262\263\002'"
 272      BA3B4D02 
 272      DFCBB0B2 
 272      B30227
 273 0485 057E808F 		.ascii	"\005~\200\2178K\346F\336\026s\303\267E\313U\251\330"
 273      384BE646 
 273      DE1673C3 
 273      B745CB55 
 273      A9D8
 274 0497 44E609F2 		.ascii	"D\346\011\3629\321\2774\023\272;\000i\004\302?\351\271"
 274      39D1BF34 
 274      13BA3B00 
 274      6904C23F 
 274      E9B9
 275 04a9 F22FFAD1 		.ascii	"\362/\372\3217\312eh\322\\\371\200\270\004\312~\254"
 275      37CA6568 
 275      D25CF980 
 275      B804CA7E 
 275      AC
 276 04ba A4E6C4FD 		.ascii	"\244\346\304\375\272\265Q\323^CW\037\341$\237*91\364"
 276      BAB551D3 
 276      5E43571F 
 276      E1249F2A 
 276      3931F4
 277 04cd 54B90214 		.ascii	"T\271\002\024.\206)\014(\247\012}\001\231\264\365\337"
 277      2E86290C 
 277      28A70A7D 
 277      0199B4F5 
 277      DF
 278 04de B965C421 		.ascii	"\271e\304!\230M\023+<we\214\307\246k\360<\335X\021\322"
 278      984D132B 
 278      3C77658C 
 278      C7A66BF0 
 278      3CDD5811 
 279 04f3 4FDFF46B 		.ascii	"O\337\364kJ\323\237\307\236\027\015\346\027\032\344"
 279      4AD39FC7 
 279      9E170DE6 
 279      171AE4
 280 0502 2EFA949E 		.ascii	".\372\224\236\377\010\326\203h=\204]D\037\334\320\262"
 280      FF08D683 
 280      683D845D 
 280      441FDCD0 
 280      B2
 281 0513 FA0F7DA7 		.ascii	"\372\017}\247\307\350/Q\200_\212\003\303\004\243\353"
 281      C7E82F51 
 281      805F8A03 
 281      C304A3EB 
 282 0523 E936675D 		.ascii	"\3516g]u5\233@\035\335\226\224\004\363gNO\346\272Bf"
 282      75359B40 
 282      1DDD9694 
 282      04F3674E 
 282      4FE6BA42 
 283 0538 844DE048 		.ascii	"\204M\340H\346\360!\335\324\011\034\006\363\237\320"
ARM GAS  /var/folders/nz/mg232qzd5vg5_0nfk_8jw8mc0000gn/T//ccAqzmeQ.s 			page 22


 283      E6F021DD 
 283      D4091C06 
 283      F39FD0
 284 0547 FC06B2B9 		.ascii	"\374\006\262\271\316\330\334@6\015\205\373\266\033\370"
 284      CED8DC40 
 284      360D85FB 
 284      B61BF8
 285 0556 1BACE3FB 		.ascii	"\033\254\343\373\317\207\372x\270\216\374\345\345\343"
 285      CF87FA78 
 285      B88EFCE5 
 285      E5E3
 286 0564 5D773593 		.ascii	"]w5\223W\350k\370\215\021T]HA\345l\032\305\013i\240"
 286      57E86BF8 
 286      8D11545D 
 286      4841E56C 
 286      1AC50B69 
 287 0579 7B5412F8 		.ascii	"{T\022\370\002-\242\354\035\251\03540\224\326\212\222"
 287      022DA2EC 
 287      1DA91D34 
 287      3094D68A 
 287      92
 288 058a B7B6664A 		.ascii	"\267\266fJ%x*\371\242\021\346\246\012\346\246\002s\013"
 288      25782AF9 
 288      A211E6A6 
 288      0AE6A602 
 288      730B
 289 059c 61B20E95 		.ascii	"a\262\016\225\327\032\360\213\200v\220}%\364VN\\\237"
 289      D71AF08B 
 289      8076907D 
 289      25F4564E 
 289      5C9F
 290 05ae 35ED87D4 		.ascii	"5\355\207\324m\274[\307\224\017\202\211\300f\311\300"
 290      6DBC5BC7 
 290      940F8289 
 290      C066C9C0 
 291 05be 77311EBB 		.ascii	"w1\036\273\257}\277Y\340\373\330f\244y\2422\012\240"
 291      AF7DBF59 
 291      E0FBD866 
 291      A479A232 
 291      0AA0
 292 05d0 C92F1812 		.ascii	"\311/\030\0224\231\333\374c\004i\006{+\367\277\276\365"
 292      3499DBFC 
 292      63046906 
 292      7B2BF7BF 
 292      BEF5
 293 05e2 C87A76FD 		.ascii	"\310zv\375\222\317\374[\264\024\230\374\2540%w \000"
 293      92CFFC5B 
 293      B41498FC 
 293      AC302577 
 293      2000
 294 05f4 DD32B2E3 		.ascii	"\3352\262\343H\266\352\207\255;\214|Q\024\302OT\345"
 294      48B6EA87 
 294      AD3B8C7C 
 294      5114C24F 
 294      54E5
 295 0606 DFD530B0 		.ascii	"\337\3250\260\361\256Pr\316\224\234\357\252r\276\253"
 295      F1AE5072 
ARM GAS  /var/folders/nz/mg232qzd5vg5_0nfk_8jw8mc0000gn/T//ccAqzmeQ.s 			page 23


 295      CE949CEF 
 295      AA72BEAB 
 296 0616 C0DC4398 		.ascii	"\300\334C\230\242S}\327\264|\251\014\223y\352b\224R"
 296      A2537DD7 
 296      B47CA90C 
 296      9379EA62 
 296      9452
 297 0628 BA81E553 		.ascii	"\272\201\345SKw_\005s_\201y@\3428A\264\272\323l\242"
 297      4B775F05 
 297      735F8179 
 297      40E23841 
 297      B4BAD36C 
 298 063d C3E5F0EA 		.ascii	"\303\345\360\352\336x\373\335\270D\356\271D\273#\331"
 298      DE78FBDD 
 298      B844EEB9 
 298      44BB23D9 
 299 064d B122C9EC 		.ascii	"\261\"\311\354\366\230\255\356\324T\267\013VNG\262\331"
 299      F698ADEE 
 299      D454B70B 
 299      564E47B2 
 299      D9
 300 065e 9366355B 		.ascii	"\223f5[\355\251\266T\352\221`\345t\036\307\3076\321"
 300      EDA9B654 
 300      EA9160E5 
 300      741EC7C7 
 300      36D1
 301 0670 FB7773BA 		.ascii	"\373ws\272'\315\354t[-N\263{\225\327\374\201\325\032"
 301      27CDEC74 
 301      5B2D4EB3 
 301      7B95D7FC 
 301      81D51A
 302 0683 6F494B8D 		.ascii	"oIK\215w\271]\266x\233%\331\021\377\242\370r\374\302"
 302      77B95DB6 
 302      789B25D9 
 302      11FFA2F8 
 302      72FCC2
 303 0696 052FFCF1 		.ascii	"\005/\374\361\237\213\314\024\007\014\314\021\006\346"
 303      9F8BCC14 
 303      070CCC11 
 303      06E6
 304 06a4 17135E4E 		.ascii	"\027\023^NXdv\270\254\316\364\024\233\331\343MI\261"
 304      586476B8 
 304      ACCEF414 
 304      9BD9E34D 
 304      49B1
 305 06b6 BD9F60E7 		.ascii	"\275\237`\347\236\260\332\023!\324\022'\200/q:>p\331"
 305      9EB0DA13 
 305      21D41227 
 305      802F713A 
 305      3E70D9
 306 06c9 5296CD79 		.ascii	"R\226\315yX7\233\251\336\260y\223\274\026o\272\347o"
 306      58379BA9 
 306      DEB07993 
 306      BC166FBA 
 306      E76F
 307 06db FA7487CB 		.ascii	"\372t\207\313\373\222\3505\210\242\274z\357\377\341"
 307      FB92E835 
ARM GAS  /var/folders/nz/mg232qzd5vg5_0nfk_8jw8mc0000gn/T//ccAqzmeQ.s 			page 24


 307      88A2BC7A 
 307      EFFFE1
 308 06ea 18C94D61 		.ascii	"\030\311Ma\225j\261\332\035.\233Y\004n\226t\247W\364"
 308      956AB1DA 
 308      1D2E9B59 
 308      046E9674 
 308      A757F4
 309 06fd 66ACB279 		.ascii	"f\254\262y\200\345\312\337\216\355\311\360\230EH\033"
 309      80E5CADF 
 309      8EEDC9F0 
 309      9845481B 
 310 070d C802E04C 		.ascii	"\310\002\340LQ\264\333,\253\304d\213\307&\212z\227\355"
 310      51B4DB2C 
 310      ABC4648B 
 310      C7268A7A 
 310      97ED
 311 071f 232F14DD 		.ascii	"#/\024\335(km\256\024Q\324\301_\320i\255vKZ\264(\276"
 311      286B6DAE 
 311      1451D4C1 
 311      5FD069AD 
 311      764B5AB4 
 312 0735 9FEEB28A 		.ascii	"\237\356\262\212\342Le\221\360\247\005\013\026E\323"
 312      E24C6591 
 312      F0A7050B 
 312      1645D3
 313 0744 D4172D14 		.ascii	"\324\027-\024\275\002\253\002]\032\254\366\244\014\317"
 313      BD02AB02 
 313      5D1AACF6 
 313      A40CCF
 314 0753 5B6EEB87 		.ascii	"[n\353\207\177P59\315;I\304j\007*@\301\260\312\235\346"
 314      7F503539 
 314      CD3B49C4 
 314      6A072A40 
 314      C1B0CA9D 
 315 0768 1521A70F 		.ascii	"\025!\247\017\347?<\015\364\235\307\274\344\235\345"
 315      E73F3C0D 
 315      F49DC7BC 
 315      E49DE5
 316 0777 89CB3F02 		.ascii	"\211\313?\002\017\234\237\177\3759\2251\367\330\274"
 316      0F9C9F7F 
 316      FD399531 
 316      F7D8BC
 317 0786 E26B4B92 		.ascii	"\342kK\222\376\262\362\235e3-\316\177[2<0[N(\334\302"
 317      FEB2F29D 
 317      65332DCE 
 317      7F5B323C 
 317      305B4E28 
 318 079c 87812031 		.ascii	"\207\201 1s\342\362\244eI\341\370\024\313\232\372:\244"
 318      73E2F2A4 
 318      6549E1F8 
 318      14CB9AFA 
 318      3AA4
 319 07ae 01703390 		.ascii	"\001p3\220\356\273.\312c\0062J\307\365\257\333\202m"
 319      EEBB2ECA 
 319      6306324A 
 319      C7F5AFDB 
 319      826D
ARM GAS  /var/folders/nz/mg232qzd5vg5_0nfk_8jw8mc0000gn/T//ccAqzmeQ.s 			page 25


 320 07c0 EA       		.ascii	"\352"
 321              		.text
 322              		.section	.gnu.lto_.symtab.598f7e4cd04b2bc1,"",%progbits
 323 0000 5F636F72 		.ascii	"_core_init\000\000\000\000\000\000\000\000\000\000\000"
 323      655F696E 
 323      69740000 
 323      00000000 
 323      00000000 
 324 0015 00AC0000 		.ascii	"\000\254\000\000\000chCoreAllocAlignedI\000\000\000"
 324      00636843 
 324      6F726541 
 324      6C6C6F63 
 324      416C6967 
 325 0030 00000000 		.ascii	"\000\000\000\000\000\000\000\000\000\266\000\000\000"
 325      00000000 
 325      00B60000 
 325      00
 326 003d 6368436F 		.ascii	"chCoreAllocAligned\000\000\000\000\000\000\000\000\000"
 326      7265416C 
 326      6C6F6341 
 326      6C69676E 
 326      65640000 
 327 0058 000000B8 		.ascii	"\000\000\000\270\000\000\000chCoreGetStatusX\000\000"
 327      00000063 
 327      68436F72 
 327      65476574 
 327      53746174 
 328 0071 00000000 		.ascii	"\000\000\000\000\000\000\000\000\000\000\273\000\000"
 328      00000000 
 328      0000BB00 
 328      00
 329 007e 005F5F68 		.ascii	"\000__heap_base__\000\000\002\000\000\000\000\000\000"
 329      6561705F 
 329      62617365 
 329      5F5F0000 
 329      02000000 
 330 0095 000000C6 		.ascii	"\000\000\000\306\000\000\000__heap_end__\000\000\002"
 330      0000005F 
 330      5F686561 
 330      705F656E 
 330      645F5F00 
 331 00ab 00000000 		.ascii	"\000\000\000\000\000\000\000\000\000\313\000\000\000"
 331      00000000 
 331      00CB0000 
 331      00
 332              		.text
 333              		.section	.gnu.lto_.opts,"",%progbits
 334 0000 272D666E 		.ascii	"'-fno-trapv' '-mcpu=cortex-m3' '-mno-thumb-interwor"
 334      6F2D7472 
 334      61707627 
 334      20272D6D 
 334      6370753D 
 335 0033 6B272027 		.ascii	"k' '-mthumb' '-ggdb' '-O2' '-fomit-frame-pointer' '"
 335      2D6D7468 
 335      756D6227 
 335      20272D67 
 335      67646227 
ARM GAS  /var/folders/nz/mg232qzd5vg5_0nfk_8jw8mc0000gn/T//ccAqzmeQ.s 			page 26


 336 0066 2D66616C 		.ascii	"-falign-functions=16' '-ffunction-sections' '-fdata"
 336      69676E2D 
 336      66756E63 
 336      74696F6E 
 336      733D3136 
 337 0099 2D736563 		.ascii	"-sections' '-fno-common' '-flto'\000"
 337      74696F6E 
 337      73272027 
 337      2D666E6F 
 337      2D636F6D 
 338              		.text
 339              		.comm	__gnu_lto_v1,1,1
 340              		.comm	__gnu_lto_slim,1,1
 341              		.ident	"GCC: (GNU Tools for ARM Embedded Processors) 4.9.3 20150529 (release) [ARM/embedded-4_9-br
ARM GAS  /var/folders/nz/mg232qzd5vg5_0nfk_8jw8mc0000gn/T//ccAqzmeQ.s 			page 27


DEFINED SYMBOLS
                            *ABS*:0000000000000000 chmemcore.c
                            *COM*:0000000000000001 __gnu_lto_v1
                            *COM*:0000000000000001 __gnu_lto_slim

NO UNDEFINED SYMBOLS
