ARM GAS  /var/folders/nz/mg232qzd5vg5_0nfk_8jw8mc0000gn/T//ccur7u72.s 			page 1


   1              		.syntax unified
   2              		.cpu cortex-m3
   3              		.fpu softvfp
   4              		.eabi_attribute 20, 1
   5              		.eabi_attribute 21, 1
   6              		.eabi_attribute 23, 3
   7              		.eabi_attribute 24, 1
   8              		.eabi_attribute 25, 1
   9              		.eabi_attribute 26, 1
  10              		.eabi_attribute 30, 2
  11              		.eabi_attribute 34, 1
  12              		.eabi_attribute 18, 4
  13              		.thumb
  14              		.file	"chmsg.c"
  15              		.text
  16              	.Ltext0:
  17              		.section	.gnu.lto_.profile.283350fe47e2255c,"",%progbits
  18 0000 789C6366 		.ascii	"x\234cf```a\200\000F\006?u\000\0017\000~"
  18      60606061 
  18      80004606 
  18      3F750001 
  18      37007E
  19              		.text
  20              		.section	.gnu.lto_.jmpfuncs.283350fe47e2255c,"",%progbits
  21 0000 789C6366 		.ascii	"x\234cf\300\016\002\24043\003\023##s}=#\323G&\306\357"
  21      C00E02A0 
  21      34330313 
  21      2323737D 
  21      3D23D347 
  22 0017 AD1F3AB9 		.ascii	"\255\037:\271^0\375db\340a`\\\316(\305\300\310\\\016"
  22      5E30FD64 
  22      62E06160 
  22      5CCE28C5 
  22      C0C85C0E 
  23 002b 54C3C4C0 		.ascii	"T\303\304\300\000\226\336\270\360\366wf\2604\037\003"
  23      0096DEB8 
  23      F0F67766 
  23      B0341F03 
  24 003b E30AA034 		.ascii	"\343\012\24043H/##\023X\025s9#\220\004\000\015z\020"
  24      33482F23 
  24      23135815 
  24      73392390 
  24      04000D7A 
  25 0050 5B       		.ascii	"["
  26              		.text
  27              		.section	.gnu.lto_.inline.283350fe47e2255c,"",%progbits
  28 0000 789C6366 		.ascii	"x\234cf\300\016b\24143\003\203\210\014##\003#\003\003"
  28      C00E62A1 
  28      34330383 
  28      880C2323 
  28      03230303 
  29 0014 93F88DCD 		.ascii	"\223\370\215\315\214\014\2347\314\230@\022L\334\014"
  29      8C0C9C37 
  29      CC984012 
  29      4CDC0C
  30 0023 40413039 		.ascii	"@A09\301\217\211A\220\037\310\2218\260\233\221\201m"
  30      C18F8941 
ARM GAS  /var/folders/nz/mg232qzd5vg5_0nfk_8jw8mc0000gn/T//ccur7u72.s 			page 2


  30      901FC891 
  30      38B09B91 
  30      816D
  31 0035 813C9202 		.ascii	"\201<\222\002f\006\016\001\240\014\313\002y\270\004"
  31      66060E01 
  31      A00CCB02 
  31      79B804
  32 0044 330F5072 		.ascii	"3\017Pr\202\337\004?\006\000\341F\012R"
  32      82DF043F 
  32      0600E146 
  32      0A52
  33              		.text
  34              		.section	.gnu.lto_.pureconst.283350fe47e2255c,"",%progbits
  35 0000 789C6366 		.ascii	"x\234cf```g\200\000f\006+&+f+\000\002\342\000\301"
  35      60606067 
  35      80006606 
  35      2B262B66 
  35      2B0002E2 
  36              		.text
  37              		.section	.gnu.lto_chMsgSend.283350fe47e2255c,"",%progbits
  38 0000 789C9555 		.ascii	"x\234\225UmLSW\030>\357\271\267\267\245\264\205\351"
  38      6D4C5357 
  38      183EEFB9 
  38      B7B7A5B4 
  38      85E9
  39 0012 9F8D7D40 		.ascii	"\237\215}@\342\210K\024\273\270\037K\266dn1Y\266\037"
  39      E2884B14 
  39      BBB81F4B 
  39      B6646E31 
  39      59B61F
  40 0025 6489F87F 		.ascii	"d\211\370\177\323\332\014\022k\261E\243Y\210\267Xu\037"
  40      D3DA0C12 
  40      6BB145A3 
  40      5988B758 
  40      751F
  41 0037 61733837 		.ascii	"as87\005\335$jtCa\340d\200_uCP&~\177!\210U@E%\002u\340"
  41      05DD246A 
  41      744361E0 
  41      64805F75 
  41      4350267E 
  42 0055 8DC1EE7D 		.ascii	"\215\301\356}\317\275cm)\233k\322\336{\316y\337\347"
  42      CFBD636D 
  42      299B6BD2 
  42      DE7BCE79 
  42      DFE7
  43 0067 FD78DEF3 		.ascii	"\375x\336\363Tb\023?\257\341W\2630v\037\237`b\300\327"
  43      5462133F 
  43      AFE157B3 
  43      30761F9F 
  43      6062C0D7 
  44 007b 9F622C60 		.ascii	"\237b,`\341\\jIc\252Un{\213\2516\011d}[\006\240\027"
  44      E15C6A49 
  44      63AA556E 
  44      7B8BA936 
  44      09647D5B 
  45 0092 066C1597 		.ascii	"\006l\025\227dX\005\375|\210Cc\365\303\366\324;\\\343"
  45      645805FD 
ARM GAS  /var/folders/nz/mg232qzd5vg5_0nfk_8jw8mc0000gn/T//ccur7u72.s 			page 3


  45      7C884363 
  45      F5C3F6D4 
  45      3B5CE3
  46 00a5 2C8BE1B2 		.ascii	",\213\341\262\251\354\370&\205\226 \323\262s}\364\256"
  46      A9ECF826 
  46      859620D3 
  46      B2737DF4 
  46      AE
  47 00b6 63FA4E55 		.ascii	"c\372NUU\007\207\367w\331\326\274\247q\316\"\234\301"
  47      550787F7 
  47      77D9D6BC 
  47      A771CE22 
  47      9CC1
  48 00c8 2EC880DD 		.ascii	".\310\200\335\220Ap?\302t\264\014\204J/\330\245\027"
  48      9041703F 
  48      C274B40C 
  48      844A2FD8 
  48      A517
  49 00da 81BC9A6B 		.ascii	"\201\274\232k.i\226\354\355\252Z\022:P\247\276-k\\\202"
  49      2E6996EC 
  49      EDAA5A12 
  49      3A50A7BE 
  49      2D6B5C82 
  50 00ee 9F408AF5 		.ascii	"\237@\212\365\303-\006U\220\215\326\273\356\0144HR\226"
  50      C32D0655 
  50      908DD6BB 
  50      EE0C3448 
  50      5296
  51 0100 F0BC5DD1 		.ascii	"\360\274]\321\253\331\310S\015\265\353\236\034\366$"
  51      ABD9C853 
  51      0DB5EB9E 
  51      1CF624
  52 010f 7AE2622F 		.ascii	"z\342b/d\223\371\231\026\355\261CzY\270\256\357\337"
  52      6493F999 
  52      16EDB143 
  52      7A59B8AE 
  52      EFDF
  53 0121 B6D331AD 		.ascii	"\266\3231\255\022\203\206\033\266\267\332\324\343j0"
  53      1283861B 
  53      B6B7DAD4 
  53      E36A30
  54 0130 1C8D6652 		.ascii	"\034\215fR\354\352x\004\375\203.C\301\261\313\251J\020"
  54      ECEA7804 
  54      FD832E43 
  54      C1B1CBA9 
  54      4A10
  55 0142 A3A5430D 		.ascii	"\243\245C\015L\033\343\214j\303\222~\006\005\360A\233"
  55      4C1BE38C 
  55      6AC3927E 
  55      0605F041 
  55      9B
  56 0153 3553426A 		.ascii	"5SBj4\032\271\\\371\305\234-|*&\215{2\245o\002\312\302"
  56      341AB95C 
  56      F9C59C2D 
  56      7C2A268D 
  56      7B32A56F 
  57 016a 0C548505 		.ascii	"\014T\205\0057d+\376\230\354zn\254\027q\250\333}\230"
ARM GAS  /var/folders/nz/mg232qzd5vg5_0nfk_8jw8mc0000gn/T//ccur7u72.s 			page 4


  57      37642BFE 
  57      98EC7A6E 
  57      AC1771A8 
  57      DB7D98
  58 017d 2D3EA5AB 		.ascii	"->\245\253PR_\333uV\"\350Q.a\360\357\317\177Y\315\213"
  58      50525FDB 
  58      755622E8 
  58      512E61F0 
  58      EFCF7F59 
  59 0193 1FAB9FAA 		.ascii	"\037\253\237\252\026\215+c\034DJ\327{O\237\265P\377"
  59      168D2B63 
  59      1C444AD7 
  59      7B4F9FB5 
  59      50FF
  60 01a5 15B1DC1D 		.ascii	"\025\261\334\035\010n\201\255P\021P\311\312\014\265"
  60      086E81AD 
  60      501150C9 
  60      CA0CB5
  61 01b4 500C7554 		.ascii	"P\014uT\002\236=\331\363U\235\222SE\275\232\241q\013"
  61      029E3DD9 
  61      F3559D92 
  61      5345BD9A 
  61      A1710B
  62 01c7 EC43C361 		.ascii	"\354C\303an\224v\350\310\271'r\316\014\252\376\027\310"
  62      6E9476E8 
  62      C8B92772 
  62      CE0CAAFE 
  62      17C8
  63 01d9 19267406 		.ascii	"\031&t\006\373!\207]\202\022\365MQ \026\202\231\320"
  63      FB21875D 
  63      8212F54D 
  63      51201682 
  63      99D0
  64 01eb 463A7944 		.ascii	"F:yD\252\324o$\351\025\321\313{\027*wZE/\007\273\313"
  64      AAD46F24 
  64      E915D1CB 
  64      7B172A77 
  64      5A452F07 
  65 0201 6E7D54B6 		.ascii	"n}T\266Z\335\201\257\3219\330\315\024\250O\326M\370"
  65      5ADD81AF 
  65      D139D8CD 
  65      14A84FD6 
  65      4DF8
  66 0213 15A6A1E3 		.ascii	"\025\246\241\343\215\322?\367\001\245\237\222\305\240"
  66      8DD23FF7 
  66      01A59F92 
  66      C5A0
  67 0221 014F3BA1 		.ascii	"\001O;\241\344\346\350\332[\233\224\270v\207\203^\321"
  67      E4E6E8DA 
  67      5B9B94B8 
  67      7687835E 
  67      D1
  68 0232 E4088778 		.ascii	"\344\010\207x\036\302\007?\037\301An\244#\236x\324w"
  68      1EC2073F 
  68      1FC1416E 
  68      A4239E78 
  68      D477
ARM GAS  /var/folders/nz/mg232qzd5vg5_0nfk_8jw8mc0000gn/T//ccur7u72.s 			page 5


  69 0244 12280C83 		.ascii	"\022(\014\203&:\226\022\030dp\000\260ip\220\270\003"
  69      263A9612 
  69      18647000 
  69      B0697090 
  69      B803
  70 0256 B617A89B 		.ascii	"\266\027\250\233\367\037m\2202\017\303VuS\226\306\255"
  70      F71F6D90 
  70      320FC356 
  70      755396C6 
  70      AD
  71 0267 E4B1B1F3 		.ascii	"\344\261\261\363q\300*c\233\340\020d\212V\225\257\371"
  71      71C02A63 
  71      9BE01064 
  71      8A5695AF 
  71      F9
  72 0278 6EB30D77 		.ascii	"n\263\015w\3400\310\"g\006G@\306\203\266u\333F\344\314"
  72      E030C822 
  72      67064740 
  72      C683B675 
  72      DB46E4CC 
  73 028c A38677AA 		.ascii	"\243\206w\252\030\270\373-M)\302;D\336p\024\257\011"
  73      18B8FB2D 
  73      4D29C23B 
  73      44DE7014 
  73      AF09
  74 029e 52FB6D63 		.ascii	"R\373mc\177\305|*(\226AI\240\357\177\364\303\200]g0"
  74      7FC57C2A 
  74      28964149 
  74      A0EF7FF4 
  74      C3805D67 
  75 02b3 A468DC86 		.ascii	"\244h\334\206-\207\337\014\006\267<\334\320\221F$\331"
  75      2D87DF0C 
  75      06B73CDC 
  75      D0914624 
  75      D9
  76 02c4 E177411E 		.ascii	"\341wA\036\327\311\033+}\260\035tf\237\243\033\320L"
  76      D7C91B2B 
  76      7DB01D74 
  76      669FA31B 
  76      D04C
  77 02d6 0C4AD4E5 		.ascii	"\014J\324\345c\2203\312M\024rd\335H\205\242O\223%&\014"
  77      639033CA 
  77      4D147264 
  77      DD4885A2 
  77      4F932526 
  78 02eb 8810E689 		.ascii	"\210\020\346\211!\034\320\"B\310z\210\372='\316\333"
  78      211CD022 
  78      42C87A88 
  78      FA3D27CE 
  78      DB
  79 02fc 8B3FC1B1 		.ascii	"\213?\301\261\205V\234\012\006\307\241\030G\201\033"
  79      85569C0A 
  79      06C7A118 
  79      47811B
  80 030b 45AC6E08 		.ascii	"E\254n\010\034\261\351\227\251\246\307\035\012nS\237"
  80      1CB1E997 
  80      A9A6C71D 
ARM GAS  /var/folders/nz/mg232qzd5vg5_0nfk_8jw8mc0000gn/T//ccur7u72.s 			page 6


  80      0A6E539F 
  81 031b 44A390E4 		.ascii	"D\243\220\344\036\033\354\237\030\237\245\320X\013\030"
  81      1E1BEC9F 
  81      189FA5D0 
  81      580B18
  82 032a 2075073A 		.ascii	" u\007:\332R\245\023 8~\320SzFI\202(C[R\304?\010\321"
  82      DA52A513 
  82      20387ED0 
  82      537A4649 
  82      8228435B 
  83 0343 229AAB9D 		.ascii	"\"\232\253\235\212\\\\\353\210\037\206c\017\236%\023"
  83      8A5C5CEB 
  83      881F8663 
  83      0F9E2513 
  84 0353 0A6C4C92 		.ascii	"\012lL\222<a\036N\212yh\027\271\304\320`I\312\002u{"
  84      3C611E4E 
  84      8A796817 
  84      B9C4D060 
  84      49CA0275 
  85 0368 70EBED2A 		.ascii	"p\353\355*\273\211\252<%ze\3221\3404u]\344\202w\270"
  85      BB89AA3C 
  85      257A65D2 
  85      31E03475 
  85      5DE48277 
  86 037d 7C1E418E 		.ascii	"|\036A\216r\232\220\201\261\233\367$\342Z\236IH\335"
  86      729A9081 
  86      B19BF724 
  86      E25A9E49 
  86      48DD
  87 038f 1D43CDD2 		.ascii	"\035C\315\322x\020\007\361p\306\010\262;\262\271\316"
  87      781007F1 
  87      70C608B2 
  87      3BB2B9CE 
  88 039f ACDFC7B3 		.ascii	"\254\337\307\263\002[1\260\317a\367\021\270\254\322"
  88      025B31B0 
  88      CF61F711 
  88      B8ACD2
  89 03ae F17F320D 		.ascii	"\361\1772\015\211,\317\013$\263\201t\201\262\324\307"
  89      892CCF0B 
  89      24B38174 
  89      81B2D4C7 
  90 03be 71A8AB7C 		.ascii	"q\250\253|\376dpr2\270\347\011\356b\\\321\227\010N\022"
  90      FE647072 
  90      32B8E709 
  90      EE625CD1 
  90      97084E12 
  91 03d2 70B5D7CA 		.ascii	"p\265\327\312\3370\340\376\263D\001\247\020\334\345"
  91      DF30E0FE 
  91      B34401A7 
  91      10DCE5
  92 03e1 B83AAF8C 		.ascii	"\270:\257\214\303\3257j\025\263\365\311\265>\315\344"
  92      C3D5376A 
  92      15B3F5C9 
  92      B53ECDE4 
  93 03f1 A6418740 		.ascii	"\246A\207@\262\320X\\\305v]\204\340\225\325\031\377"
  93      B2D0585C 
  93      C5765D84 
ARM GAS  /var/folders/nz/mg232qzd5vg5_0nfk_8jw8mc0000gn/T//ccur7u72.s 			page 7


  93      E095D519 
  93      FF
  94 0402 20D45676 		.ascii	" \324Vv\216\012\026L\016\006\235\306\010\365a\260\226"
  94      8E0A164C 
  94      0E069DC6 
  94      08F561B0 
  94      96
  95 0413 34A90B82 		.ascii	"4\251\013\202\241\257[\305X\263D\321M\217`\261\014\272"
  95      A1AF5BC5 
  95      58B344D1 
  95      4D8F60B1 
  95      0CBA
  96 0425 70F231B0 		.ascii	"p\3621\260\306\237\021n\262\320k\362\333\330\012I\375"
  96      C69F116E 
  96      B2D06BF2 
  96      DBD80A49 
  96      FD
  97 0436 A644489D 		.ascii	"\246DH\235\341\032\372\341\321\350\232\301\317\254\""
  97      E11AFAE1 
  97      D1E89AC1 
  97      CFAC22
  98 0445 BA8D4137 		.ascii	"\272\215A7dh|\252\250r\250o\251\236\242=A\005^\230\\"
  98      64687CAA 
  98      A872A86F 
  98      A99EA23D 
  98      41055E98 
  99 045a 05AE4FA2 		.ascii	"\005\256O\242\002\231\244\002aR\201\024j\302\015C\307"
  99      0299A402 
  99      61528114 
  99      6AC20D43 
  99      C7
 100 046b D3848EE3 		.ascii	"\323\204\216\343\377\015\006\031\327\361X\355\036~:"
 100      FF0D0619 
 100      D7F158ED 
 100      1E7E3A
 101 047a EDBE29B4 		.ascii	"\355\276)\264{\\\2700\006\364\374\213v\373\215\033g"
 101      7B5CB830 
 101      06F4FC8B 
 101      76FB8D1B 
 101      67
 102 048b 9E70E37A 		.ascii	"\236p\343zAa\211\252\335\326\216\354\367\221\275%\361"
 102      416189AA 
 102      DDD68EEC 
 102      F791BD25 
 102      F1
 103 049c 68A81D28 		.ascii	"h\250\035(6\203[\311\005\375\266\270\300wb\004}\307"
 103      36835BC9 
 103      05FDB6B8 
 103      C0776204 
 103      7DC7
 104 04ae 40B849F9 		.ascii	"@\270I\371[\253{\204V\367\013\255N\024\346\273(\314"
 104      5BAB7B84 
 104      56F70BAD 
 104      4E14E6BB 
 104      28CC
 105 04c0 DD100837 		.ascii	"\335\020\0107\373\015\022\030\375'\003q\213F\031s\363"
 105      FB0D1218 
ARM GAS  /var/folders/nz/mg232qzd5vg5_0nfk_8jw8mc0000gn/T//ccur7u72.s 			page 8


 105      FD270371 
 105      8B461973 
 105      F3
 106 04d1 0B16167C 		.ascii	"\013\026\026|\220\347\364\372\235\276\"\247\337\347"
 106      90E7F4FA 
 106      9DBE22A7 
 106      DFE7
 107 04df 72BAF23D 		.ascii	"r\272\362=\376\217g\271\030/*\224\360Mr\025\025\232"
 107      FE8F67B9 
 107      182F2A94 
 107      F04D7215 
 107      159A
 108 04f1 962F58BC 		.ascii	"\226/X\274\314=3\306\326\345\365x\274K\234\205^_\221"
 108      CC3D33C6 
 108      D6E5F578 
 108      BC4B9C85 
 108      5E5F91
 109 0504 DFF9CEBC 		.ascii	"\337\371\316\274\334\271\271+\320\321\345\365\271?\\"
 109      DCB9B92B 
 109      D0D1E5F5 
 109      B93F5C
 110 0513 FEBA6756 		.ascii	"\376\272gV>\233=\321\330\275\242\310977\357\375<g\301"
 110      3E9B3DD1 
 110      D8BDA2C8 
 110      393737EF 
 110      FD3C67C1 
 111 0527 12D7E265 		.ascii	"\022\327\342e\213\334Na\357\362\274\273l\211\013]^\212"
 111      8BDC4E61 
 111      EFF2BCBB 
 111      6C890B5D 
 111      5E8A
 112 0539 CF65DC28 		.ascii	"\317e\334(\337\277\322\217\307\351\271y\363\262\026"
 112      DFBFD28F 
 112      C7E9B979 
 112      F3B216
 113 0548 2EF0BB0B 		.ascii	".\360\273\013}\0053\263\262_e\334\307\314\036\267\307"
 113      7D0533B3 
 113      B25F65DC 
 113      C7CC1EB7 
 113      C7
 114 0559 EB5BC9A4 		.ascii	"\353[\311\244\242\245\205\231\223\272\273\362\027\241"
 114      A2A58599 
 114      93BABBF2 
 114      17A1
 115 0567 FF5FA72C 		.ascii	"\377_\247,}\025"
 115      7D15
 116              		.text
 117              		.section	.gnu.lto_chMsgWait.283350fe47e2255c,"",%progbits
 118 0000 789C8D56 		.ascii	"x\234\215VmLSg\024~\317\373^n\201\266H\366\313\220m"
 118      6D4C5367 
 118      147ECFFB 
 118      5E6E81B6 
 118      48F6CB90 
 119 0015 9090C51F 		.ascii	"\220\220\305\037ZK\226%[\262,f!Y\266\037d\211$\313\376"
 119      5A4B9625 
 119      5BB22C66 
 119      2159B61F 
ARM GAS  /var/folders/nz/mg232qzd5vg5_0nfk_8jw8mc0000gn/T//ccur7u72.s 			page 9


 119      648924CB 
 120 002a 6D58C960 		.ascii	"mX\311`\241\302Z0\372\303y\213\335tK\330\026t\033 N"
 120      A1C25A30 
 120      FAC3798B 
 120      DD744BD8 
 120      16741B20 
 121 003f F02363D3 		.ascii	"\360#c\323\311\200\311\004\307\350&\002\"\370\005\202"
 121      C980C904 
 121      C7E82602 
 121      22F80582 
 122 004f 8883CA97 		.ascii	"\210\203\312\227_\030\371P\2611\320\235\363\336+\243"
 122      5F18F950 
 122      B131D09D 
 122      F3DE2BA3 
 123 005f 2D6434E9 		.ascii	"-d4\351\355\275\367\234\363\234s\236\367y\337S\301\""
 123      EDBDF79C 
 123      F39C739E 
 123      F779DF53 
 123      C122
 124 0071 3FAFE037 		.ascii	"?\257\3407*\2061\001\214A\024\003\376\315\005\306<\321"
 124      2A863101 
 124      8C411403 
 124      FECD05C6 
 124      3CD1
 125 0083 9C8B4726 		.ascii	"\234\213G&\246\305*\373[\031\323,\002\024\375\275\002"
 125      A6C52AFB 
 125      5B19D32C 
 125      0214FDBD 
 125      02
 126 0094 40370CD8 		.ascii	"@7\014\330N.\024\330\011w\370\024\207\206\023\017\273"
 126      4E2E14D8 
 126      0977F814 
 126      8786130F 
 126      BB
 127 00a5 CCB77980 		.ascii	"\314\267y\200\263$\206\217\215\305\355%*=\202B\217}"
 127      B324868F 
 127      8DC5ED25 
 127      2A3D8242 
 127      8F7D
 128 00b7 BD257D31 		.ascii	"\275%}1k\216jZ\341\344tSN\351\276\012\264p6\303\031"
 128      6B8E6A5A 
 128      E1E47453 
 128      4EE9BE0A 
 128      B47036C3 
 129 00cc FC080950 		.ascii	"\374\010\011P\005\011\204\367\023\254!_\217\257\250"
 129      050984F7 
 129      13AC215F 
 129      8FAFA8
 130 00db C72A5E00 		.ascii	"\307*^\000\272\337u\312\323lI\256\3048\377\223\303m"
 130      BADF75CA 
 130      D36C49AE 
 130      C438FF93 
 130      C36D
 131 00ed 16AD5DF3 		.ascii	"\026\255]\363\372\203\301D\014\206\237A\204\306\323"
 131      FA83C144 
 131      0C869F41 
 131      84C6D3
ARM GAS  /var/folders/nz/mg232qzd5vg5_0nfk_8jw8mc0000gn/T//ccur7u72.s 			page 10


 132 00fc 0743A6BC 		.ascii	"\007C\246\274s}f\325\253iZ<\034\203dJ\202\330\307A\245"
 132      737D66D5 
 132      AB695A3C 
 132      1C83644A 
 132      82D8C741 
 133 0111 EEE84DF5 		.ascii	"\356\350M\365s>-\030\234\231\255\331m\257\342\361\202"
 133      733E2D18 
 133      9C99ADD9 
 133      6DAFE2F1 
 133      82
 134 0122 21984217 		.ascii	"!\230B\027\225.&\274\210X\272\230\0319[\350%c\243\370"
 134      952E26BC 
 134      8858BA98 
 134      19395BE8 
 134      2563A3F8 
 135 0136 A5A6C7F0 		.ascii	"\245\246\307\360\001\177E/\024\306S\262\231c\332>!\222"
 135      017F452F 
 135      14C653B2 
 135      9963DA3E 
 135      2192
 136 0148 64ADF77A 		.ascii	"d\255\367z*\217\306\312Z'/\024\217\177X\274K;\202\267"
 136      2A8FC6CA 
 136      5A272F14 
 136      8F7F58BC 
 136      4B3B82B7 
 137 015c C10D58AD 		.ascii	"\301\015X\255\002\277,U-\234\200d\014\274Y\364\250\016"
 137      02BF2C55 
 137      2D9C8064 
 137      0CBC59F4 
 137      A80E
 138 016e 882B2589 		.ascii	"\210+%\211A5Z\007\240p\270\357\363\361\0225\244\035"
 138      41355A07 
 138      A070B8EF 
 138      F3F11235 
 138      A41D
 139 0180 7FCBA7B2 		.ascii	"\177\313\247\262\217\031\016\241}\372\313\277|\214\313"
 139      8F190EA1 
 139      7DFACBBF 
 139      7C8CCB
 140 018f F62B9978 		.ascii	"\366+\231x\270i\254\023(\015\203\0322\2130\206\030\324"
 140      B869AC13 
 140      280D831A 
 140      328B3086 
 140      18D4
 141 01a1 828A85D4 		.ascii	"\202\212\205\324\021=\300\216\002\232\207&\236\354\025"
 141      113DC08E 
 141      029A8726 
 141      9EEC15
 142 01b0 89F57040 		.ascii	"\211\365p@+I\012\360(\212\370v\340\251'VA\016\3407H"
 142      2B490AF0 
 142      288AF876 
 142      E0A92756 
 142      410EE037 
 143 01c5 942C977D 		.ascii	"\224,\227}\366}\251\005\337\300IPd\315\014\352AAC\307"
 143      F67DA905 
 143      DFC04950 
 143      64CD0CEA 
ARM GAS  /var/folders/nz/mg232qzd5vg5_0nfk_8jw8mc0000gn/T//ccur7u72.s 			page 11


 143      414143C7 
 144 01d9 EE8AC74A 		.ascii	"\356\212\307Jb\203\021\255\222\357\245\211\326\306\030"
 144      628311AD 
 144      92EFA589 
 144      D6C618
 145 01e8 19FD3B45 		.ascii	"\031\375;E\303)\324\304u(\254o\350?\230B\015\315r\012"
 145      C329D4C4 
 145      7528AC6F 
 145      E83F9842 
 145      0DCD720A 
 146 01fc FCA1FBAB 		.ascii	"\374\241\373\253\023|\307Sm\217\026\035\340\2469\256"
 146      137CC753 
 146      6D8F161D 
 146      E0A639AE 
 147 020c AFE6D0E8 		.ascii	"\257\346\320\350\305\313\321\304\215I>Vy\274\345p\000"
 147      C5CBD1C4 
 147      8D493E56 
 147      79BCE570 
 147      00
 148 021d F67B34F2 		.ascii	"\366{4\362\212\206\006\330\001\215\224\035m\363\307"
 148      8A8606D8 
 148      018D941D 
 148      6DF3C7
 149 022c BFAE556D 		.ascii	"\277\256Um\307\260-\337k\001\036\003\247\321q\232\033"
 149      C7B02DDF 
 149      6B011E03 
 149      A7D1719A 
 149      1B
 150 023d AA686ABE 		.ascii	"\252hj\2762\257\350\306\325\244\236?\3006\215<b5M`c"
 150      32AFE8C6 
 150      D5A49E3F 
 150      C0368D3C 
 150      62354D60 
 151 0252 BDC0A990 		.ascii	"\275\300\251\220P\301=\030i\375\177\301\301\237\220"
 151      50C13D18 
 151      69FD7FC1 
 151      C19F90
 152 0261 8CF5CB7E 		.ascii	"\214\365\313~\002-u'\037B(\377c\363> \037c\345\224\010"
 152      022D7527 
 152      1F4228FF 
 152      63F33E20 
 152      1F63E594 
 153 0276 FE9B25FF 		.ascii	"\376\233%\377>bA,\356\227\313\262O>9x\337\272\320o,"
 153      3E62412C 
 153      EE97CBB2 
 153      4F3E3978 
 153      DFBAD06F 
 154 028b 6682BF8C 		.ascii	"f\202\277\214v\313\037\356\355_%;\232\374\342\326\335"
 154      76CB1FEE 
 154      ED5F253B 
 154      9AFCE2D6 
 154      DD
 155 029c F731C40C 		.ascii	"\3671\304\014\177\313\226\271\216\212>sE\017\016\203"
 155      7FCB96B9 
 155      8E8A3E73 
 155      450F0E83 
 156 02ac DEF51BD4 		.ascii	"\336\365\033\324\302\031\352Z\350fh\301\306\261\354"
ARM GAS  /var/folders/nz/mg232qzd5vg5_0nfk_8jw8mc0000gn/T//ccur7u72.s 			page 12


 156      C219EA5A 
 156      E86668C1 
 156      C6B1EC
 157 02bb C7BB7B54 		.ascii	"\307\273{T=\177\354J\023\372\234\224\354lX\262\372\343"
 157      3D7FEC4A 
 157      13FA9C94 
 157      EC6C58B2 
 157      FAE3
 158 02cd E7BAADB8 		.ascii	"\347\272\255\270\200h\377\030\367\017\264\202MO\324"
 158      8068FF18 
 158      F70FB482 
 158      4D4FD4
 159 02dc 063BD855 		.ascii	"\006;\330U\360^;s~.C_o\201\311$}cX\315#\223\270\001"
 159      F05E3B73 
 159      7E2E435F 
 159      6F81C924 
 159      7D6358CD 
 160 02f4 5E5FA04D 		.ascii	"^_\240M\256\001\013\227\202e\0065\310\240\035A\320T"
 160      AE010B97 
 160      82650635 
 160      C8A01D41 
 160      D054
 161 0306 5339302B 		.ascii	"S90+\210\037k\034\203s\220\020\340q\022F\221\333\222"
 161      881F6B1C 
 161      83739010 
 161      E0711246 
 161      91DB92
 162 0319 56A12658 		.ascii	"V\241&Xc\322\263\250\313\252*\\F\035\0212ZK\012:\037"
 162      63D2B3A8 
 162      CBAA2A5C 
 162      461D1132 
 162      5A4B0A3A 
 163 032e A9A0B544 		.ascii	"\251\240\265Dc\347\202x\272\236q\330\002zNS(\207\276"
 163      63E78278 
 163      BA9E71D8 
 163      027A4E53 
 163      2887BE
 164 0341 B725896A 		.ascii	"\267%\211j\030\211k\211\277\013\006\177,\214\274\325"
 164      18896B89 
 164      BF0B067F 
 164      2C8CBCD5 
 165 0351 44DE4504 		.ascii	"D\336E\004fp\011\233\376O\233\265\247\373;\314\302\017"
 165      6670099B 
 165      FE4F9BB5 
 165      A7FB3BCC 
 165      C20F
 166 0363 72FB3F18 		.ascii	"r\373?\030)\272\244.%T\001\227\227\024\352\025\022\252"
 166      29BAA42E 
 166      25540197 
 166      9714EA15 
 166      12AA
 167 0375 49DF78E3 		.ascii	"I\337x\343#}\255q!j\327J\265\012\276\307\027\014nX\331"
 167      237DAD71 
 167      216AD74A 
 167      B50ABEC7 
 167      170C6E58 
 168 038a D9EA3F1B 		.ascii	"\331\352?\033L!HC\327j\370\311\333M\246\036\251\355"
ARM GAS  /var/folders/nz/mg232qzd5vg5_0nfk_8jw8mc0000gn/T//ccur7u72.s 			page 13


 168      4C214843 
 168      D76AF8C9 
 168      DB4DA61E 
 168      A9ED
 169 039c ABC48B19 		.ascii	"\253\304\213\031\355\367\347\206\357\311\265\023\353"
 169      EDF7E786 
 169      EFC9B513 
 169      EB
 170 03a9 C87DB07F 		.ascii	"\310}\260\177\252E,,\202\231X\3525X\252\232)\2555\351"
 170      AA452C2C 
 170      829958EA 
 170      3558AA9A 
 170      29AD35E9 
 171 03bd DAEE6CAB 		.ascii	"\332\356l\253\266\332\250\246>I\227\320Q\341\232\334"
 171      B6DAA8A6 
 171      3E4997D0 
 171      51E19ADC 
 172 03cd B585DAEB 		.ascii	"\265\205\332\353\004O\3310\205\354\255f\264l\243\236"
 172      044FD930 
 172      85ECAD66 
 172      B46CA39E 
 173 03dd D2B2949C 		.ascii	"\322\262\224\234\315\221+\301\241_B+\006\364u}M\213"
 173      CD912BC1 
 173      A15F422B 
 173      06F4757D 
 173      4D8B
 174 03ef 6FC611CE 		.ascii	"o\306\021\316J\013\365\251\2044\020R\344\015\260a\031"
 174      4A0BF5A9 
 174      84341052 
 174      E40DB061 
 174      19
 175 0400 04F6DDD4 		.ascii	"\004\366\335\324h\331{\006\\DM\226\245\266\330\363\004"
 175      68D97B06 
 175      5C444D96 
 175      A5B6D8F3 
 175      04
 176 0411 F78F848B 		.ascii	"\367\217\204\2132\340\006\011\316DmK\366i\244\321\200"
 176      32E00609 
 176      CE446D4B 
 176      F669A4D1 
 176      80
 177 0422 23FCC9C9 		.ascii	"#\374\311\311\340ea\310d\261\374\242\226kz\025\014I"
 177      E06561C8 
 177      64B1FCA2 
 177      966B7A15 
 177      0C49
 178 0434 6C95A4E1 		.ascii	"l\225\244\341\007\033\332&j+Z\345\321c\2652\270\211"
 178      071BDA26 
 178      6A2B5AE5 
 178      D163B532 
 178      B889
 179 0446 01CF86DC 		.ascii	"\001\317\206\334\342\3016\275\262\3016,\007\333\302"
 179      E2C136BD 
 179      B2C1362C 
 179      07DBC2
 180 0455 61A6E0AB 		.ascii	"a\246\340\253\221\345\007\233\367\020\030:2E\234\217"
 180      91E5079B 
ARM GAS  /var/folders/nz/mg232qzd5vg5_0nfk_8jw8mc0000gn/T//ccur7u72.s 			page 14


 180      F710183A 
 180      32459C8F 
 181 0465 A3A4A1B0 		.ascii	"\243\244\241\260\231\326\321\205l\214\221\177t\270i"
 181      99D6D185 
 181      6C8C917F 
 181      74B869
 182 0474 AA0B2839 		.ascii	"\252\013(9\203\361\245\307\335-)\311\333\213\306\335"
 182      83F1A5C7 
 182      DD2D29C9 
 182      DB8BC6DD 
 183 0484 91FBFE46 		.ascii	"\221\373\376F\365\331$\033\221\223\354\216\234d\341"
 183      F5D9241B 
 183      9193EC8E 
 183      9C64E1
 184 0493 63EB2E8E 		.ascii	"c\353.\216\255A\360\370[\016\031{\335\314\350\217\001"
 184      AD41F0F8 
 184      5B0E197B 
 184      DDCCE88F 
 184      01
 185 04a4 D0C9835E 		.ascii	"\320\311\203^\011\251Y\331\233\262\337M\267\347\272"
 185      09A959D9 
 185      9BB2DF4D 
 185      B7E7BA
 186 04b3 EDAE7CBB 		.ascii	"\355\256|\273\333\345\260;\262\234\356\217\326;\030"
 186      DBE5B03B 
 186      B29CEE8F 
 186      D63B18
 187 04c2 CFCF8BDA 		.ascii	"\317\317\213\332\232\221S\220\271n\221\217#\327\351"
 187      9A915390 
 187      B96E918F 
 187      23D7E9
 188 04d1 CCDD62CF 		.ascii	"\314\335b\317\313u\345\273\355onLKM\333\206\001\216"
 188      CB75E5BB 
 188      ED6F6E4C 
 188      4B4DDB86 
 188      018E
 189 04e3 5C57E607 		.ascii	"\\W\346\007[_u\256\317b/G:gn\313\267\247\246\245\277"
 189      5B5F75AE 
 189      CF622F47 
 189      3A676ECB 
 189      B7A7A6A5 
 190 04f8 936ECFDE 		.ascii	"\223n\317\336\342\310)\330\234i\227\376\016\347[\005"
 190      E2C829D8 
 190      9C6997FE 
 190      0EE75B05 
 191 0508 5B1C18F2 		.ascii	"[\034\030\362bh\015\013NY\356\355n4\307\247\245oL\332"
 191      62680D0B 
 191      4E59EEED 
 191      6E34C7A7 
 191      A56F4CDA 
 192 051c 94E1CECC 		.ascii	"\224\341\316\314se\257Kz)\205q\027393\235\271\256\355"
 192      7365AF4B 
 192      7A298571 
 192      17333933 
 192      9DB9AEED 
 193 0530 CB87520B 		.ascii	"\313\207R\013YL\344\177\222\227\270,\272#k3\372\374"
 193      594CE47F 
ARM GAS  /var/folders/nz/mg232qzd5vg5_0nfk_8jw8mc0000gn/T//ccur7u72.s 			page 15


 193      9297B82C 
 193      BA236B33 
 193      FAFC
 194 0542 0B09B393 		.ascii	"\013\011\263\223\003"
 194      03
 195              		.text
 196              		.section	.gnu.lto_chMsgRelease.283350fe47e2255c,"",%progbits
 197 0000 789C8D53 		.ascii	"x\234\215S]H\223Q\030>\357\371>\347t\006\322\225\014"
 197      5D489351 
 197      183EEFF9 
 197      3EE77406 
 197      D2950C
 198 0013 6A03136F 		.ascii	"j\003\023o\304\257\272\351\322B\010\272\220@/\272,]"
 198      C4AFBAE9 
 198      D24208BA 
 198      90402FBA 
 198      2C5D
 199 0025 A309CEC9 		.ascii	"\243\011\316\311\246\242\027\342\231?%\201!V\244I\241"
 199      A6A217E2 
 199      993F2581 
 199      2156A449 
 199      A1
 200 0036 A898AEB4 		.ascii	"\250\230\256\264\324J\227\346,5\221\324B\263H\311U\323"
 200      D44A97E6 
 200      2C3591D4 
 200      42B348C9 
 200      55D3
 201 0048 8C14FC49 		.ascii	"\214\024\374I\353Cd\275\347s\0237\025\032\214\363\363"
 201      EB4364BD 
 201      E7731337 
 201      151A8CF3 
 201      F3
 202 0059 3ECF799F 		.ascii	">\317y\237\363\234\347\023\310\336\237\026\377\027D"
 202      F39CE713 
 202      C8DE9F16 
 202      FF1744
 203 0068 42BEE308 		.ascii	"B\276\343\010\002\001Z1F\210]M\001\370\204\000)\244"
 203      02015A31 
 203      46885D4D 
 203      01F88400 
 203      29A4
 204 007a 50083FE9 		.ascii	"P\010?\351\012\205\012\227\243J\023\333\310\030[^\235"
 204      0A850A97 
 204      A34A13DB 
 204      C8185B5E 
 204      9D
 205 008b 882A8D92 		.ascii	"\210*\215\222)!kt\373\030h\202X\204\330]\345\223\207"
 205      29216B74 
 205      FB186882 
 205      5884D85D 
 205      E59387
 206 009e 84234070 		.ascii	"\204#@p\336\335\372{T\263@e\012z\276tV\016W\251\370"
 206      DEDDFA7B 
 206      54B34065 
 206      0A7ABE74 
 206      560E57A9 
 207 00b3 928A7C39 		.ascii	"\222\212|9\3206%\253c\352\031+r\365\266\263\323\242"
ARM GAS  /var/folders/nz/mg232qzd5vg5_0nfk_8jw8mc0000gn/T//ccur7u72.s 			page 16


 207      D03625AB 
 207      63EA192B 
 207      72F5B6B3 
 207      D3A2
 208 00c5 4C057800 		.ascii	"L\005x\000\002\236\007\315\240\205\026\320\022\334\""
 208      029E07CD 
 208      A08516D0 
 208      12DC22
 209 00d4 E0801844 		.ascii	"\340\200\030D7-,u\011\202^9\367G\215G\216\340L\346\032"
 209      372D2C75 
 209      09825E39 
 209      F7478D47 
 209      8EE04CE6 
 210 00e9 DF668AF0 		.ascii	"\337f\212\3600\230)\022x\0041\034\276R\262\365Q\243"
 210      30982912 
 210      7804311C 
 210      BE52B2F5 
 210      51A3
 211 00fb 2A4178E4 		.ascii	"*Ax\344\226_0\264\202\012pl;\354b^o}\353\314\0071T\000"
 211      965F30B4 
 211      820A706C 
 211      3BEC625E 
 211      6F7DEBCC 
 212 0113 DE4B0485 		.ascii	"\336K\004\205G<\010\343\006\314Q\312Ga\012\212\"\371"
 212      473C08E3 
 212      06CC51CA 
 212      47610A8A 
 212      22F9
 213 0125 696B0E76 		.ascii	"ik\016vK\020\216)B~M\3265\206G\327\341\025\226?W\316"
 213      4B108E29 
 213      427E4DD6 
 213      358647D7 
 213      E115963F 
 214 013b 5FAA2C66 		.ascii	"_\252,f\0158\365&\350d\032\002m\201\212|.=\206h$~-_"
 214      0D38F526 
 214      E8641A02 
 214      6D818A7C 
 214      2E3D8668 
 215 0153 EF006E45 		.ascii	"\357\000nE\210\236\300\023\254NC\321\267\331\253\363"
 215      889EC013 
 215      AC4E43D1 
 215      B7D9ABF3 
 216 0163 55AA00BD 		.ascii	"U\252\000\275\356\206\026P\244\256Q\010\274\211\273"
 216      EE861650 
 216      A4AE5108 
 216      BC89BB
 217 0172 F3FA4608 		.ascii	"\363\372F\010\201v^\242\301\245\271\267\300\373\020"
 217      81765EA2 
 217      C1A5B9B7 
 217      C0FB10
 218 0181 E8E06521 		.ascii	"\350\340e!\310\003\002\235\240B%O\271\003@\232\001\313"
 218      C803029D 
 218      A042254F 
 218      B903409A 
 218      01CB
 219 0193 B38B7F6F 		.ascii	"\263\213\177o\012:'\334cUz\231\2528\343\366\364\246"
 219      0A3A27DC 
ARM GAS  /var/folders/nz/mg232qzd5vg5_0nfk_8jw8mc0000gn/T//ccur7u72.s 			page 17


 219      63557A99 
 219      AA38E3F6 
 219      F4A6
 220 01a5 3D5C4413 		.ascii	"=\\D\023\340\031\350\010\337\271[z\247:\002w\3409\210"
 220      E019E808 
 220      DFB95B7A 
 220      A73A0277 
 220      E03988
 221 01b8 8A68025D 		.ascii	"\212h\002] ba\344Z\355\206\250\353\365\261C9\366\335"
 221      206261E4 
 221      5AED86A8 
 221      EBF5B143 
 221      39F6DD
 222 01cb E290334C 		.ascii	"\342\2203Laws68A$~\007\213\273\354}\021\333\256\255"
 222      61777336 
 222      3841247E 
 222      078BBBEC 
 222      7D11DBAE 
 223 01e0 4E7C8A60 		.ascii	"N|\212`\303\254\304\355\365\352\366y\177\237g/ \372"
 223      C3ACC4ED 
 223      F5EAF679 
 223      7F9F672F 
 223      20FA
 224 01f2 0F5EC3CF 		.ascii	"\017^\303\317\357Yw\016j8\237\261jVK\313\\^o\302>\021"
 224      EF59770E 
 224      6A389FB1 
 224      6A564BCB 
 224      5C5E6FC2 
 225 0208 F0917B38 		.ascii	"\360\221{8Y$3P\352\256\031\3338\021h\225\247\0058\200"
 225      59243350 
 225      EAAE19DB 
 225      38116895 
 225      A7053880 
 226 021c 77F0F92C 		.ascii	"w\360\371,\356q\253Wq\353%(\256\334\237\270\321J\013"
 226      EE71AB57 
 226      71EB2528 
 226      AEDC9FB8 
 226      D14A0B
 227 022f 36591953 		.ascii	"6Y\031S\313T\275\206\317\314\313\320\007\005\004%b#"
 227      CB54BD86 
 227      CFCCCBD0 
 227      07050425 
 227      6223
 228 0241 9986ED08 		.ascii	"\231\206\355\010\335\035\217\325\377\213\207K\211\307"
 228      DD1D8FD5 
 228      FF8B874B 
 228      89C7
 229 024f AC67FCBD 		.ascii	"\254g\374\275Z\211\007n\365\037\034\217\022\207?\036"
 229      5A89076E 
 229      F51F1C8F 
 229      12873F1E 
 230 025f AA3DB25F 		.ascii	"\252=\262_q\331A\301\030\031E\255\2579>4\270\2642\012"
 230      71D941C1 
 230      181945AD 
 230      AF393E34 
 230      B8B4320A 
 231 0273 BC398181 		.ascii	"\2749\201\201\37533\250\2700\264+3\015Kn\247\312\037"
ARM GAS  /var/folders/nz/mg232qzd5vg5_0nfk_8jw8mc0000gn/T//ccur7u72.s 			page 18


 231      FD3333A8 
 231      B830B42B 
 231      330D4B6E 
 231      A7CA1F
 232 0286 877E250E 		.ascii	"\207~%\016o\2248\004\277\3750\276\375\027\260\273\033"
 232      6F943804 
 232      BFFD30BE 
 232      FD17B0BB 
 232      1B
 233 0297 1D615C2C 		.ascii	"\035a\\,\277\247\007\363\214\037\025b\264\211\246\364"
 233      BFA707F3 
 233      8C1F1562 
 233      B489A6F4 
 234 02a7 B4F4F329 		.ascii	"\264\364\363)\222\305&Y\263%\233\325 \031Lf\333\225"
 234      92C52659 
 234      B3259BD5 
 234      20194C66 
 234      DB95
 235 02b9 7803A1D9 		.ascii	"x\003\241\331Y\002\316BrS3r\214q\273p\006\213\331l\311"
 235      5902CE42 
 235      72533372 
 235      8C71BB70 
 235      068BD96C 
 236 02ce 94B22CD6 		.ascii	"\224\262,\326l\233t&9)1)\017I\006\213\325x1\367\224"
 236      6C9B7426 
 236      39293129 
 236      0F49068B 
 236      D57831F7 
 237 02e3 39DE444E 		.ascii	"9\336DN\356\005\033\363\262\245\304\244\224s)Rz\246"
 237      EE051BF3 
 237      B2A5C4A4 
 237      94732952 
 237      7AA6
 238 02f5 2123E7B2 		.ascii	"!#\347\262QR\360\006\363\331\234L\003R\216\006\352\330"
 238      5152F006 
 238      F3D99C4C 
 238      03528E06 
 238      EAD8
 239 0307 01996CF9 		.ascii	"\001\231l\3716,G&\245$\353\323Rm\306,kz\234>\3468\241"
 239      362C4726 
 239      A524EBD3 
 239      526DC62C 
 239      6B7A9C3E 
 240 031e 56126A36 		.ascii	"V\022j6\232-\326\374\203\251\374\032&\362\017\224F\317"
 240      9A2DD6FC 
 240      83A9FC1A 
 240      26F20F94 
 240      46CF
 241 0330 1E       		.ascii	"\036"
 242              		.text
 243              		.section	.gnu.lto_.symbol_nodes.283350fe47e2255c,"",%progbits
 244 0000 789C4DC8 		.ascii	"x\234M\310\255\015\002A\024E\341s\337\233!\310\355\200"
 244      AD0D0241 
 244      1445E173 
 244      DF9B21C8 
 244      ED80
 245 0012 52EF8A55 		.ascii	"R\357\212U\004A\005\004\261]\360+\010$\010z\300\240"
ARM GAS  /var/folders/nz/mg232qzd5vg5_0nfk_8jw8mc0000gn/T//ccur7u72.s 			page 19


 245      04410504 
 245      B15DF02B 
 245      0824087A 
 245      C0A0
 246 0024 A88140C2 		.ascii	"\250\201@\302\2129\356;\011\254\230\212\235\014\353"
 246      8A39EE3B 
 246      09AC988A 
 246      9D0CEB
 247 0033 07D86CB6 		.ascii	"\007\330l\266s\352Qt&\366\262\332\037\0079\332\241\263"
 247      73EA5174 
 247      26F6B2DA 
 247      1F0739DA 
 247      A1B3
 248 0045 9CFF41DF 		.ascii	"\234\377A\337\377|\222K\353\213\\\033'\225\341~\313"
 248      FF7C924B 
 248      EB8B5C1B 
 248      2795E17E 
 248      CB
 249 0056 A4302EDF 		.ascii	"\2440.\337\213\214\302p})s\306\370\374\210/\223t&1"
 249      8B8CC270 
 249      7D2973C6 
 249      F8FC882F 
 249      93742631 
 250              		.text
 251              		.section	.gnu.lto_.refs.283350fe47e2255c,"",%progbits
 252 0000 789C6366 		.ascii	"x\234cf``\340c\200\000F bdbb`df`\344d\000\000\002\013"
 252      6060E063 
 252      80004620 
 252      62646262 
 252      60646660 
 253 001a 0027     		.ascii	"\000'"
 254              		.text
 255              		.section	.gnu.lto_.decls.283350fe47e2255c,"",%progbits
 256 0000 789CB53A 		.ascii	"x\234\265:iTTW\232u\337\255\242\026\012\260c\332\344"
 256      69545457 
 256      9A75DFAD 
 256      A2160AB0 
 256      63DAE4
 257 0013 78321D43 		.ascii	"x2\035Cf8==I0\335Y:?\372\244\273\355t\237L&\035'\236"
 257      66383D3D 
 257      4930DD59 
 257      3A3FFAA4 
 257      BBED749F 
 258 002c 9CFE9139 		.ascii	"\234\376\2219SM\260\"t\330\272\252\3208\363c\212M6\005"
 258      534DB022 
 258      74D8BAAA 
 258      D038F363 
 258      8A4D3605 
 259 0040 049145C5 		.ascii	"\004\221E\305B@@v%\312\246\340\206\354\340.\202R\002"
 259      42404076 
 259      25CAA6E0 
 259      86ECE02E 
 259      825202
 260 0053 0AEE20A8 		.ascii	"\012\356 \250\210\002\363\335{\337\253\367\252|\205"
 260      8802F3DD 
 260      7BDFABF7 
 260      AA7C85
ARM GAS  /var/folders/nz/mg232qzd5vg5_0nfk_8jw8mc0000gn/T//ccur7u72.s 			page 20


 261 0062 3967CE70 		.ascii	"9g\316p\374\254\367\275\373\335o\277\337\375\356\255"
 261      FCACF7BD 
 261      FBDD6FBF 
 261      DFFDEEAD 
 262 0072 C20A85E2 		.ascii	"\302\012\205\342UN\241X\200\277\277\255T(B=\024\012"
 262      554EA158 
 262      80BFBFAD 
 262      5428423D 
 262      140A
 263 0084 25BC5B0D 		.ascii	"%\274[\015\200\000\226)\330\037\274VD\301\213X\200D"
 263      80009629 
 263      D81FBC56 
 263      44C18B58 
 263      8044
 264 0096 802D005B 		.ascii	"\200-\000[\0012\020\243\273\215\024N\177\204\366e\370"
 264      013210A3 
 264      BB8D144E 
 264      7F84F665 
 264      F8
 265 00a7 F406D003 		.ascii	"\364\006\320\003\324\002\374\007\274\273\203\030\317"
 265      D402FC07 
 265      BCBB8318 
 265      CF
 266 00b4 BBF0390E 		.ascii	"\273\3609\016P\004p\014\360\373\3609\015\360\031@\010"
 266      5004700C 
 266      F0FBF039 
 266      0DF01940 
 266      08
 267 00c5 C07F0278 		.ascii	"\300\177\002x\001<\004H\005x\004\220\014\240\003\332"
 267      013C0448 
 267      05780490 
 267      0CA003DA 
 268 00d5 51F82C04 		.ascii	"Q\370,\004\370\032\340/\000\237\000\004\003\374\027"
 268      F81AE02F 
 268      009F0004 
 268      03FC17
 269 00e4 C07F037C 		.ascii	"\300\177\003|\016\360\007\000-\257\307\023\200\247D"
 269      0EF00700 
 269      2DAFC713 
 269      80A744
 270 00f3 4FB0D383 		.ascii	"O\260\323\203cz\023\3755\360\254\003\200\177\212\245"
 270      637A13FD 
 270      35F0AC03 
 270      807F8AA5 
 271 0103 DCF33610 		.ascii	"\334\3636\020[\227Hl\020\364\227\352+\265\3433^\357"
 271      5B97486C 
 271      10F497EA 
 271      2BB5E333 
 271      5EEF
 272 0115 47BC8DC9 		.ascii	"G\274\215\311\274\015j\211\316D\327u\274\276\202\256"
 272      BC0D6A89 
 272      CE44D775 
 272      BCBE82AE 
 273 0125 5A5E9654 		.ascii	"Z^\226T\317\3278\246\343\012N\324S\316\317\211\274O"
 273      CFD738A6 
 273      E30A4ED4 
 273      53CECF89 
ARM GAS  /var/folders/nz/mg232qzd5vg5_0nfk_8jw8mc0000gn/T//ccur7u72.s 			page 21


 273      BC4F
 274 0137 56BBE849 		.ascii	"V\273\350I\374-\325\363\015\230\037\317\317\325\360"
 274      FC2DD5F3 
 274      0D981FCF 
 274      CFD5F0
 275 0146 F3A4F2DE 		.ascii	"\363\244\362\336\344X,\245\262~\3019\313\232\344P}\345"
 275      E4582CA5 
 275      B27EC139 
 275      CB9AE450 
 275      7DE5
 276 0158 74B7E738 		.ascii	"t\267\3478\207\274u+\010\332\220\336\226\355\001\250"
 276      87BC752B 
 276      08DA90DE 
 276      96ED01A8 
 277 0168 5EA72468 		.ascii	"^\247$hm\353P\267\027\346\020y.\310\276vN\367\326>\253"
 277      6DEB50B7 
 277      17E61079 
 277      2EC8BE76 
 277      4EF7D63E 
 278 017d D59A606D 		.ascii	"\325\232`miA\"\213\306\261\350~5\366\241D3\267\306\356"
 278      6941228B 
 278      C6B1E87E 
 278      35F6A144 
 278      33B7C6EE 
 279 0191 20FC0A7D 		.ascii	" \374\012}\256\274r|\003\260\362\320\301\024\353\014"
 279      AEBC727C 
 279      03B0F2D0 
 279      C114EB0C 
 280 01a1 C947F43F 		.ascii	"\311G\364?\360\272\375lo\237\212\276'\257\324@\311="
 280      F0BAFD6C 
 280      6F9F8ABE 
 280      27AFD440 
 280      C93D
 281 01b3 395157E5 		.ascii	"9QW\345\201t~\011\2042-\306\252m\363V\240b\264\034\225"
 281      81747E09 
 281      84322DC6 
 281      AA6DF356 
 281      A062B41C 
 282 01c8 A0E50A54 		.ascii	"\240\345\012T\215\374\200\030\355Co)P\005\274\254\204"
 282      8DFC8018 
 282      ED436F29 
 282      5005BCAC 
 282      84
 283 01d9 97854038 		.ascii	"\227\205@8\321>\177\015Y\255JT\205t\250\034aJ\001\206"
 283      D13E7F0D 
 283      59AD4A54 
 283      8574A81C 
 283      614A0186 
 284 01ed 7AE804D5 		.ascii	"z\350\004\325\270\376\037\362\033\274\221\237\216\222"
 284      B8FE1FF2 
 284      1BBC919F 
 284      8E92
 285 01fb CF8DF4FE 		.ascii	"\317\215\364\376\224\220\357\007\3622\221\034f3zy\351"
 285      9490EF07 
 285      F232911C 
 285      66337A79 
 285      E9
ARM GAS  /var/folders/nz/mg232qzd5vg5_0nfk_8jw8mc0000gn/T//ccur7u72.s 			page 22


 286 020c 3532D281 		.ascii	"52\322\201\363\2363#IH\340\234W<\034\024c\375-\252\005"
 286      F39E3323 
 286      4948E09C 
 286      573C1C14 
 286      63FD2DAA 
 287 0221 CEA522E7 		.ascii	"\316\245\"\347\375\213s> \313\031\025\265<N\346hDl4"
 287      FD8B733E 
 287      20CB1915 
 287      B53C4EE6 
 287      68446C34 
 288 0235 06FBEA92 		.ascii	"\006\373\352\222\236jhH\376@\320\322\375\025\3678\274"
 288      9E6A6848 
 288      FE40D0D2 
 288      FD15F738 
 288      BC
 289 0246 89C56464 		.ascii	"\211\305ddw\347\015\037\234\312\220\033\005\225{\274"
 289      77E70D1F 
 289      9CCA901B 
 289      05957BBC 
 290 0256 710E436E 		.ascii	"q\016Cn\317\246\244ip\036C.\244\336>\247\307\005\014"
 290      CFA6A469 
 290      701E432E 
 290      A4DE3EA7 
 290      C7050C
 291 0269 693E32D3 		.ascii	"i>2\323\252\303e\014\331\234`o\327\341Z\206D\355m\334"
 291      AAC3650C 
 291      D99C606F 
 291      D7E15A86 
 291      44ED6DDC 
 292 027d AC06496F 		.ascii	"\254\006Io\350h\\\207v<)\324R\224\004\312\207X\335v"
 292      E8685C87 
 292      763C29D4 
 292      529404CA 
 292      8758DD76 
 293 0291 C35A20F8 		.ascii	"\303Z \370\263\257\335\244AG\301\342\303\242\305o\210"
 293      B3AFDDA4 
 293      4147C1E2 
 293      C3A2C56F 
 293      88
 294 02a2 06473F6F 		.ascii	"\006G?op\013\030\374\006o\360\021x\331\314\\y\362\331"
 294      700B18FC 
 294      066FF011 
 294      78D9CC5C 
 294      79F2D9
 295 02b5 9158158B 		.ascii	"\221X\025\213\276\314\244\3432\223X8c\322\227\221p\036"
 295      BECCA4E3 
 295      32935838 
 295      63D29791 
 295      701E
 296 02c7 03159A44 		.ascii	"\003\025\232D\025\216\"1\374\2057\243\313T\216 \305"
 296      158E2231 
 296      FC8537A3 
 296      CB548E20 
 296      C5
 297 02d8 B3209D04 		.ascii	"\263 \235\004\372F\221\376\030ZT\347\023\262:\243\276"
 297      FA4691FE 
 297      185A54E7 
ARM GAS  /var/folders/nz/mg232qzd5vg5_0nfk_8jw8mc0000gn/T//ccur7u72.s 			page 23


 297      13B23AA3 
 297      BE
 298 02e9 DCE9734A 		.ascii	"\334\351sJ\334\314\374V\230\271\275\\E#\244!h\311\365"
 298      DCCCFC56 
 298      98B9BD5C 
 298      4523A421 
 298      68C9F5
 299 02fc A7135A7C 		.ascii	"\247\023Z|\202\215\265v\237\036E,\232\034\301\363G:"
 299      828DB576 
 299      9F1E452C 
 299      9A1CC1F3 
 299      473A
 300 030e 3A3D29ED 		.ascii	":=)\355?\0224\255\270\245\325\023\237f\264g\036\324"
 300      3F1234AD 
 300      B8A5D513 
 300      9F66B467 
 300      1ED4
 301 0320 5BD5F80A 		.ascii	"[\325\370\012E\270-\247\207\346\225\310OOu\357)\233"
 301      45B82DA7 
 301      87E695C8 
 301      4F4F75EF 
 301      299B
 302 0332 FA3E0A74 		.ascii	"\372>\012t\357Az\324%\352\376\205\236\251\236$\252\216"
 302      EF417AD4 
 302      25EAFE85 
 302      9EA99E24 
 302      AA8E
 303 0344 562F1395 		.ascii	"V/\023\225\357\006\345\277\320\363\324 \340\221\265"
 303      EF06E5BF 
 303      D0F3D420 
 303      E091B5
 304 0353 3509D205 		.ascii	"5\011\322\005SiIS\261G\3658\235!\367\017\267\357\362"
 304      53694953 
 304      B147F538 
 304      9D21F70F 
 304      B7EFF2
 305 0366 C1990C19 		.ascii	"\301\231\014\031\237\034\277\340\215\263\031\222q\253"
 305      9F1CBFE0 
 305      8DB31992 
 305      71AB
 306 0374 65D81BEF 		.ascii	"e\330\033\357`H\347\360\314\224\236j\277\204\240{\232"
 306      6048E7F0 
 306      CC949E6A 
 306      BF84A07B 
 306      9A
 307 0385 4762F438 		.ascii	"Gb\3648\217\215\015\244m*\321\342|\206\344<\356j\365"
 307      8F8D0DA4 
 307      6D2AD1E2 
 307      7C86E43C 
 307      EE6AF5
 308 0398 A184AF12 		.ascii	"\241\204\257\022\264<?\347\240\026\027\261\261{\355"
 308      B43C3FE7 
 308      A01617B1 
 308      B17BED
 309 03a7 E5C31C2E 		.ascii	"\345\303\034.e\210P\177\364\264\376xN\2276\346\353\221"
 309      6588507F 
 309      F4B4FE78 
ARM GAS  /var/folders/nz/mg232qzd5vg5_0nfk_8jw8mc0000gn/T//ccur7u72.s 			page 24


 309      4E9736E6 
 309      EB91
 310 03b9 2FFB5BEA 		.ascii	"/\373[\352\353\347k\003\323&\006+\356\375kz\214\265"
 310      EBE76B03 
 310      D326062B 
 310      EEFD6B7A 
 310      8CB5
 311 03cb F055EA80 		.ascii	"\360U\352\200>p\3000Z*\232\371\363\345\012\03210\222"
 311      3E70C030 
 311      5A2A9AF9 
 311      F3E50A1A 
 311      313092
 312 03de 90DB0E97 		.ascii	"\220\333\016\227y\264\255\244\244\347]I\317!\027\332"
 312      79B4ADA4 
 312      A4E75D49 
 312      CF2117DA 
 313 03ee 230EDA0B 		.ascii	"#\016\332\013\256\264\027)\355/\034\244\215\016\322"
 313      AEB41729 
 313      ED2F1CA4 
 313      8D0ED2
 314 03fd 33AEA4A7 		.ascii	"3\256\244\247\\\33168hO\313\323\212l\333\034\244\375"
 314      5CD93638 
 314      684FCBD3 
 314      8A6CDB1C 
 314      A4FD
 315 040f AEA4975D 		.ascii	"\256\244\227]H\353\034\244\275\262>\240\224[i\261\261"
 315      48EB1CA4 
 315      BDB23EA0 
 315      945B69B1 
 315      B1
 316 0420 5A7F6B51 		.ascii	"Z\177kQ\240v\030\356 \303\235<=\244\002\032\205\254"
 316      A07618EE 
 316      20C39D3C 
 316      3DA4021A 
 316      85AC
 317 0432 B8867CD1 		.ascii	"\270\206|\321\000\300\020\300U\200\353\000\203\000W"
 317      00C010C0 
 317      5580EB00 
 317      830057
 318 0441 004600EC 		.ascii	"\000F\000\354\310\227f\026\025\333\354\020{I\336G\314"
 318      C8976616 
 318      15DBEC10 
 318      7B49DE47 
 318      CC
 319 0452 7092A9F6 		.ascii	"p\222\251\366-\311\036VDh\024|\332\361\177\204\221\275"
 319      2DC91E56 
 319      4468147C 
 319      DAF17F84 
 319      91BD
 320 0464 A9AC436F 		.ascii	"\251\254Co\345Y\235\225\017\0155\001\362b,.\241P\245"
 320      E5599D95 
 320      0F0D3501 
 320      F2622C2E 
 320      A150A5
 321 0477 9726B694 		.ascii	"\227&\266\224X\201n =\277\375\354\251\336\025\247\303"
 321      58816E20 
 321      3DBFFDEC 
ARM GAS  /var/folders/nz/mg232qzd5vg5_0nfk_8jw8mc0000gn/T//ccur7u72.s 			page 25


 321      A9DE15A7 
 321      C3
 322 0488 FD349D70 		.ascii	"\3754\235pI\337\201\247\220?K\375h\336\364t\356\335"
 322      49DF81A7 
 322      903F4BFD 
 322      68DEF474 
 322      EEDD
 323 049a C8F206C8 		.ascii	"\310\362\006\310\321\030H\274\271\230\317b\250\317\034"
 323      D11848BC 
 323      B998CF62 
 323      A8CF1C
 324 04a9 C36D3C3D 		.ascii	"\303m<=\361\331-\360\3318\357\023jgN\034\261\363\346"
 324      F1D92DF0 
 324      D938EF13 
 324      6A674E1C 
 324      B1F3E6
 325 04bc 73768242 		.ascii	"sv\202BM\263\333\223\265x\220\345wn\311\310=%\2663d"
 325      4DB3DB93 
 325      B57890E5 
 325      776EC9C8 
 325      3D25B633 
 326 04d1 6A7CCB8C 		.ascii	"j|\313\214\016\337`H[\331\256\277\342;\364Y9\262\263"
 326      0EDF6048 
 326      5BD9AEBF 
 326      E23BF459 
 326      39B2B3
 327 04e4 FAA00FF2 		.ascii	"\372\240\017\362[\276\234\226\252\004X\351\017\240J"
 327      5BBE9C96 
 327      AA0458E9 
 327      0FA04A
 328 04f3 DD4358B2 		.ascii	"\335CX\262Yg\303\373\231\217\311\000<j\350'-Y\023\351"
 328      5967C3FB 
 328      998FC900 
 328      3C6AE827 
 328      2D5913E9 
 329 0507 56FCAA02 		.ascii	"V\374\252\002\275\265\034\3753(}\037\024%C\0124\011"
 329      BDB51CFD 
 329      33287D1F 
 329      1425430A 
 329      3409
 330 0519 764CB06A 		.ascii	"vL\260j5\2341\231\250\322\361\324\011/\242\316N\312"
 330      359C3199 
 330      A8D2F1D4 
 330      092FA2CE 
 330      4ECA
 331 052b 4ED03BB9 		.ascii	"N\320;\271~\012\224\021]?\355p\375\374\225\324)\025"
 331      7E0A9411 
 331      5D3FED70 
 331      FDFC95D4 
 331      2915
 332 053d 9E64F6EC 		.ascii	"\236d\366\354/(:\250\245\225\356\267\004=|3\255Q\207"
 332      2F283AA8 
 332      A595EEB7 
 332      043D7C33 
 332      AD5187
 333 0550 1FB1B16D 		.ascii	"\037\261\261m\023u\227\2648JI\221\311\356]'\274q\222"
 333      137597B4 
ARM GAS  /var/folders/nz/mg232qzd5vg5_0nfk_8jw8mc0000gn/T//ccur7u72.s 			page 26


 333      384A4991 
 333      C9EE5D27 
 333      BC7192
 334 0563 D269CFF1 		.ascii	"\322i\317\361e{\316\223\370\304X\035E\027\204?Z\015"
 334      657BCE93 
 334      F8C4581D 
 334      4517843F 
 334      5A0D
 335 0575 3BE2B616 		.ascii	";\342\266\026\351\205=\302\026c\375IT\315k\012\364\010"
 335      E9853DC2 
 335      1663FD49 
 335      54CD6B0A 
 335      F408
 336 0587 7422CB09 		.ascii	"t\"\313\011\315\201\035\276|\225\236\205\227O\035-\302"
 336      CD811DBE 
 336      7C959E85 
 336      974F1D2D 
 336      C2
 337 0598 A3D6D7C8 		.ascii	"\243\326\327\310&\361\014,x\"\026N_q\217\270\362C\373"
 337      26F10C2C 
 337      7822164E 
 337      5F718FB8 
 337      F243FB
 338 05ab 9CCA3DE7 		.ascii	"\234\312=\347\005w\234\347\216g\320\355g\0368\317\210"
 338      05779CE7 
 338      8E67D0ED 
 338      671E38CF 
 338      88
 339 05bc 9C9F49B6 		.ascii	"\234\237I\266\237\234\251\313m\213(\035\305\271a\335"
 339      9F9CA9CB 
 339      6D8B281D 
 339      C5B961DD 
 340 05cc 53F67875 		.ascii	"S\366xu4\344\200\225\323\241\307\"\353y\2215J\232\037"
 340      34E48095 
 340      D3A1C722 
 340      EB799135 
 340      4A9A1F
 341 05df EEF2748A 		.ascii	"\356\362t\212\021!\026c\024\315\0111\332<\265m\011\316"
 341      11211663 
 341      14CD0931 
 341      DA3CB56D 
 341      09CE
 342 05f1 64CE7E36 		.ascii	"d\316~6\027\233\345\203\363\030\222u\372\322!%.fH\322"
 342      179BE583 
 342      F3189275 
 342      FAD22125 
 342      2E6648D2 
 343 0605 4069971A 		.ascii	"@i\227\032W9\307d\031\213IJg\356QLQ\026\213\364\221"
 343      5739C764 
 343      198B494A 
 343      67EE514C 
 343      51168BF4 
 344 061a E9222498 		.ascii	"\351\"$\230\345\234}I`\3222\336\244xn9J\340\2048\314"
 344      E59C7D49 
 344      60D232DE 
 344      A4786E39 
 344      4AE08438 
ARM GAS  /var/folders/nz/mg232qzd5vg5_0nfk_8jw8mc0000gn/T//ccur7u72.s 			page 27


 345 062f DA69AB96 		.ascii	"\332i\253\226\010Zn\342\034&-\023\235e\277X\364\357"
 345      085A6EE2 
 345      1C262D13 
 345      9D65BF58 
 345      F4EF
 346 0641 F24C37BB 		.ascii	"\362L7\273c:\027\323I\033\272d`\032'2\005\031\"\327"
 346      633A17D3 
 346      491BBA64 
 346      601A2732 
 346      051922D7 
 347 0655 FCC7EBE4 		.ascii	"\374\307\353\344\271\246\270\343\232W<\3643\302u\013"
 347      B9A6B8E3 
 347      9A573CF4 
 347      33C2750B 
 348 0665 708D15B9 		.ascii	"p\215\025\271&\213\\Ql\341\2439%\256g\336\352>\237\035"
 348      268B5C51 
 348      6CE1A339 
 348      25AE67DE 
 348      EA3E9F1D 
 349 0679 E7859B29 		.ascii	"\347\205\233)\302\235\237\333\264T^^\272\033y\266gV"
 349      C29D9FDB 
 349      B4545E5E 
 349      BA1B79B6 
 349      6756
 350 068b AB4681B6 		.ascii	"\253F\201\266\202\2644yi\005-y\035J|\212I\333\031?="
 350      82B43479 
 350      69052D79 
 350      1D4A7C8A 
 350      49DB193F 
 351 06a0 ABC4DD4C 		.ascii	"\253\304\335LZ\355\226\2418,/n\273;q\363T\\&\210\333"
 351      5AED96A1 
 351      382C2F6E 
 351      BB3B71F3 
 351      545C2688 
 352 06b5 262FAE39 		.ascii	"&/\2569\363\310#\015>\257t\332\360\275\331\206\237v"
 352      F3C8230D 
 352      3EAF74DA 
 352      F0BDD986 
 352      9F76
 353 06c7 B17F5E83 		.ascii	"\261\177^\203/\263\261s\245}6\037|\215!\227\372O\354"
 353      2FB3B173 
 353      A57D361F 
 353      7C8D2197 
 353      FA4FEC
 354 06da 52E35B0C 		.ascii	"R\343[\014\251\337VrR\217'\031r\374@\343'\030\032<\332"
 354      A9DF5672 
 354      528F2719 
 354      72FC40E3 
 354      27181A3C 
 355 06ef 16A45665 		.ascii	"\026\244Veq8\211!\325\315e\211\254`\374\225\240\217"
 355      71388921 
 355      D5CD6589 
 355      AC60FC95 
 355      A08F
 356 0701 E3261275 		.ascii	"\343&\022u\264\023\320S\311\355\267\256\252q:#\275\027"
 356      B413D053 
 356      C9EDB7AE 
ARM GAS  /var/folders/nz/mg232qzd5vg5_0nfk_8jw8mc0000gn/T//ccur7u72.s 			page 28


 356      AA713A23 
 356      BD17
 357 0713 9F759EC3 		.ascii	"\237u\236\303\273\031\222\333>\340\203\253\330\363\236"
 357      BB1992DB 
 357      3EE083AB 
 357      D8F39E
 358 0722 AA99493D 		.ascii	"\252\231I=na\310\241\273E\333U\270\225\"\334\376]'s"
 358      6E61C8A1 
 358      BB45DB55 
 358      B89522DC 
 358      FE5D2773 
 359 0736 B47CEF67 		.ascii	"\264|\357g\333\202\021*\006\223\213\270\037\333\234"
 359      DB82112A 
 359      06938BB8 
 359      1FDB9C
 360 0745 EFE5649B 		.ascii	"\357\345d\233\363\322\302m[\324\270\213\311\233\351"
 360      F3D2C26D 
 360      5BD4B88B 
 360      C99BE9
 361 0754 19DDA7C6 		.ascii	"\031\335\247\306}\014\311l\332\231\316\254\261R|\342"
 361      7D0CC96C 
 361      DA99CEAC 
 361      B1527CE2 
 362 0764 6ADAAC17 		.ascii	"j\332\254\027\276\310\006oG\355\273\212\261\235!\333"
 362      BEC8066F 
 362      47EDBB8A 
 362      B19D21DB 
 363 0774 CB76CD7A 		.ascii	"\313v\315z\340\033\014\251\2745\271M\205\3571\244\346"
 363      E01B0CA9 
 363      BC35B94D 
 363      85EF31A4 
 363      E6
 364 0785 E6E5B7F1 		.ascii	"\346\345\267\361C\246\177\316\364\365\016\344\266+\256"
 364      43A67FCE 
 364      F4F50EE4 
 364      B62BAE
 365 0794 E1E4BB62 		.ascii	"\341\344\273b[2XZ\015\226Vq\317w\270 a\327\340\336\335"
 365      5B32585A 
 365      0D965671 
 365      CF77B820 
 365      61D7E0DE 
 366 07a9 7A1CE5C1 		.ascii	"z\034\345\301T\254\233\274\346\215\023\0302_\260\031"
 366      54AC9BBC 
 366      E68D1318 
 366      325FB019 
 367 07b9 BAE22486 		.ascii	"\272\342$\206\\\253\032\273\311\341\034\206tU\366W\373"
 367      5CAB1ABB 
 367      C9E11C86 
 367      7455F657 
 367      FB
 368 07ca E0528694 		.ascii	"\340R\206\224\014\367"
 368      0CF7
 369 07d0 A47BD128 		.ascii	"\244{\321(\375\234\026\375\321\313\003Z\\\303\306z\357"
 369      FD9C16FD 
 369      D1CB035A 
 369      5CC3C67A 
 369      EF
ARM GAS  /var/folders/nz/mg232qzd5vg5_0nfk_8jw8mc0000gn/T//ccur7u72.s 			page 29


 370 07e1 E62D6870 		.ascii	"\346-hp\003C\206\036\017\035SS\302\225\324\003\027\032"
 370      0343861E 
 370      0F1D5353 
 370      C295D403 
 370      171A
 371 07f3 1E68F071 		.ascii	"\036h\360q6\026\325Rq\226\215\375\232F\376~\352a\025"
 371      3616D552 
 371      71968DFD 
 371      9A46FE7E 
 371      EA6115
 372 0806 EE6463C5 		.ascii	"\356dc\305\367n\333\364\370\234\207\323\236\242\247"
 372      F76EDBF4 
 372      F89C87D3 
 372      9EA2A7
 373 0815 7BCA6F1E 		.ascii	"{\312o\036\034.z\240\344\273C?_=\351\020\341\323\327"
 373      1C2E7AA0 
 373      E4BB433F 
 373      5F3DE910 
 373      E1D3D7
 374 0828 6FE952DA 		.ascii	"o\351R\332.\302\377z=y\305\003\240/\323\001\275\336"
 374      2EC2FF7A 
 374      3D79C503 
 374      A02FD301 
 374      BDDE
 375 083a 8FFEC1B3 		.ascii	"\217\376\301\263\215,\361\206\306\352\177\252\337om"
 375      8D2CF186 
 375      C6EA7FAA 
 375      DF6F6D
 376 0849 89C5F4C8 		.ascii	"\211\305\364\310\226\013\276\272\303\275,\327\030\320"
 376      960BBEBA 
 376      C3BD2CD7 
 376      18D0
 377 0857 FEA7BC98 		.ascii	"\376\247\274\230\364?\344\334\320\012\325\370\006\347"
 377      F43FE4DC 
 377      D00AD5F8 
 377      06E7
 378 0865 BE999B98 		.ascii	"\276\231\233\230m\234X\223A;\216AN\217\312\201q\377"
 378      6D9C5893 
 378      413B8E41 
 378      4E8FCA81 
 378      71FF
 379 0877 22E4D50D 		.ascii	"\"\344\325\015\215%~9V\3331\204\332\200|\327\242zX\355"
 379      8D257E39 
 379      56DB3184 
 379      DA807CD7 
 379      A27A58ED 
 380 088b BB4A7B68 		.ascii	"\273J{h\373Dt\316Y\234\326\226\367/@x\025d\327qLe\307"
 380      FB4474CE 
 380      599CD696 
 380      F72F4078 
 380      1564D771 
 381 08a2 B6738873 		.ascii	"\266s\210sn\331&\352\017\333\274\332\241*P\362=b\336"
 381      6ED926EA 
 381      0FDBBCDA 
 381      A12A50F2 
 381      3D62DE
 382 08b5 9CE5968A 		.ascii	"\234\345\226\212\275\033\370\354\331?40\237A\003\200"
ARM GAS  /var/folders/nz/mg232qzd5vg5_0nfk_8jw8mc0000gn/T//ccur7u72.s 			page 30


 382      BD1BF8EC 
 382      D93F3430 
 382      9F410380 
 383 08c5 1EBA7A42 		.ascii	"\036\272zB\322-K\267\245+`\227\270-\265\261mI\322N?"
 383      D22D4BB7 
 383      A52B6097 
 383      B82DB5B1 
 383      6D49D24E 
 384 08da 80F146CE 		.ascii	"\200\361F\316\205W\023\347\034\200'\245\002i\245{\263"
 384      855713E7 
 384      1C8027A5 
 384      0269A57B 
 384      B3
 385 08eb A57DEF0F 		.ascii	"\245}\357\0170|\220\014\367\300:!\254I\0177\015\317"
 385      307C900C 
 385      F7C03A21 
 385      AC490F37 
 385      0DCF
 386 08fd 37395FF4 		.ascii	"79_\364\024\340(@\027@\037\300\020\300)\200\011\200"
 386      14E02840 
 386      17401FC0 
 386      10C02980 
 386      0980
 387 090f 6E800B00 		.ascii	"n\200\013\000v\200\001\200{\000'\001\236\001\264\003"
 387      76800180 
 387      7B002701 
 387      9E01B403 
 388 091f 5C06E8E5 		.ascii	"\\\006\350\345\034\275\261\325^Q\314bB\032\305\333\362"
 388      1CBDB1D5 
 388      5E51CC62 
 388      421AC5DB 
 388      F2
 389 0930 D9213916 		.ascii	"\331!9\026\364\217\251\262W\322\235%\225\267\231/\327"
 389      F48FA9B2 
 389      57D29D25 
 389      95B7992F 
 389      D7
 390 0941 924E9F8F 		.ascii	"\222N\237\217\311\2635\344\260\332\011$\207\304\026"
 390      C9B335E4 
 390      B0DA0924 
 390      87C416
 391 0950 E0863424 		.ascii	"\340\2064$\220=u\357\260\354\201C\336\021W'6\2738\261"
 391      903D75EF 
 391      B0EC8143 
 391      DE115727 
 391      36BB38B1 
 392 0964 8A663149 		.ascii	"\212f1I\313;\256z\236s\221>\333X\375\031\221>\014D\025"
 392      CB3BAE7A 
 392      9E73913E 
 392      DB58FD19 
 392      913E0C44 
 393 0979 6242F40B 		.ascii	"bB\364\013\322e\333\345k\340\336I\336\325\217\341y\234"
 393      D265DBE5 
 393      6BE0DE49 
 393      DED58FE1 
 393      799C
 394 098b 771323B6 		.ascii	"w\023#\266QbG\022\026\000\327\263<\361C \036\003\277"
ARM GAS  /var/folders/nz/mg232qzd5vg5_0nfk_8jw8mc0000gn/T//ccur7u72.s 			page 31


 394      51624712 
 394      1600D7B3 
 394      3CF14320 
 394      1E03BF
 395 099e CE4AFC5A 		.ascii	"\316J\374Z=w\270\026GQ\333HV\026\002\371%i\022;g{\365"
 395      3D77B816 
 395      4751DB48 
 395      561602F9 
 395      2569123B 
 396 09b5 6CE3B80B 		.ascii	"l\343\270\013u\277[j\342\267\351\237eY\355-\210\356"
 396      75BF5B6A 
 396      E2B7E99F 
 396      6559ED2D 
 396      88EE
 397 09c7 BA197291 		.ascii	"\272\031r\221x\313\261\220zi\356\221%\227\367\343ro"
 397      78CBB190 
 397      7A69EE91 
 397      2597F7E3 
 397      726F
 398 09d9 37ECB636 		.ascii	"7\354\2666\360=\312\347\225&6>\002\033\317\201\215#"
 398      F03DCAE7 
 398      9526363E 
 398      021BCF81 
 398      8D23
 399 09eb 4E4E6113 		.ascii	"NNa\023\366\301\004\022\001T\306\353M&<\201\011\347"
 399      F6C10412 
 399      0154C6EB 
 399      4D263C81 
 399      09E7
 400 09fd 61C23180 		.ascii	"a\3021\200Q\356\271\303\030)F\207\345\227\215#\335`"
 400      51EEB9C3 
 400      18294687 
 400      E5978D23 
 400      DD60
 401 0a0f 33A0B444 		.ascii	"3\240\264D\347\003\256\264\227%\251)]\257\235\234\364"
 401      E703AEB4 
 401      9725A929 
 401      5DAF9D9C 
 401      F4
 402 0a20 9445B285 		.ascii	"\224E\262\205\005\337\035\015\272\016\212\212dR\273"
 402      05DF1D0D 
 402      BA0E8A8A 
 402      6452BB
 403 0a2f 1CEE6F05 		.ascii	"\034\356o\005\222E\202\035m\257;\305\026\021\341sW>"
 403      9245821D 
 403      6DAF3BC5 
 403      1611E173 
 403      573E
 404 0a41 39C54564 		.ascii	"9\305Ed\277U\334\343i\205eDz\230,\271\340es\222u4\252"
 404      BF55DCE3 
 404      69856544 
 404      7A982CB9 
 404      E0657392 
 405 0a58 6F23B5ED 		.ascii	"o#\265\355\014\020\325\212\251<\351\234\312.\2018\015"
 405      0C10D58A 
 405      A93CE99C 
 405      CA2E8138 
ARM GAS  /var/folders/nz/mg232qzd5vg5_0nfk_8jw8mc0000gn/T//ccur7u72.s 			page 32


 405      0D
 406 0a69 4ABE2010 		.ascii	"J\276 \020\320}\036n\372\214\225z\322Y\224\360\301^"
 406      D07D1E6E 
 406      FA8C957A 
 406      D25994F0 
 406      C15E
 407 0a7b 646798E1 		.ascii	"dg\230\341w\206\333`e=\222\335\031\234\252r\265\276"
 407      7786DB60 
 407      653D92DD 
 407      199CAA72 
 407      B5BE
 408 0a8d 9C684E2A 		.ascii	"\234hN*\350NQ\363AN\377\274\346\216zW\307{\357\377\251"
 408      E84E51F3 
 408      414EFFBC 
 408      E68E7A57 
 408      C77BEFFF 
 409 0aa2 DE916DA0 		.ascii	"\336\221m\240\3665~\033\030\344\3558\313\311\236\251"
 409      F6357E1B 
 409      18E4ED38 
 409      CBC99EA9 
 410 0ab2 69B6CE17 		.ascii	"i\266\316\027\011E\207PN.BYR,\245\274\261\010\3458]"
 410      09458750 
 410      4E2E4259 
 410      522CA5BC 
 410      B108E538 
 411 0ac7 91534059 		.ascii	"\221S@Y\352~E:\335\0348\345\364m\346\300t\231\032\246"
 411      EA7E453A 
 411      DD1C38E5 
 411      F46DE6C0 
 411      74991AA6 
 412 0adb A0DC88EF 		.ascii	"\240\334\210\357f\300w'\300\366\026\200\373\000\307"
 412      66C07727 
 412      C0F61680 
 412      FB00C7
 413 0aea 012E02DC 		.ascii	"\001.\002\334\002\350\000\270+M\337\3042\226\276\244"
 413      02E800B8 
 413      2B4DDFC4 
 413      3296BEA4 
 414 0afa EFDAFF82 		.ascii	"\357\332\377\202}9\233.I\222\215\007]\227\344!\347\202"
 414      7D399B2E 
 414      49928D07 
 414      5D97E421 
 414      E782
 415 0b0c 6D6F6C67 		.ascii	"molgl\241\270\357xA\207\322M\235\007\207>\024\343\312"
 415      6CA1B8EF 
 415      784187D2 
 415      4D9D0787 
 415      3E14E3CA 
 416 0b20 557A4323 		.ascii	"UzC#[\267\177\340\260l\335\226z\260\337\311\203\017"
 416      5BB77FE0 
 416      B06CDD96 
 416      7AB0DFC9 
 416      830F
 417 0b32 9807A504 		.ascii	"\230\007\245\004\227\234\010\246\030\001\275(\331\035"
 417      979C08A6 
 417      1801BD28 
 417      D91D
ARM GAS  /var/folders/nz/mg232qzd5vg5_0nfk_8jw8mc0000gn/T//ccur7u72.s 			page 33


 418 0b40 4F2E4AC8 		.ascii	"O.J\310\306\345|QB\273\325\315jD\333\214\347\207`yU"
 418      C6E57C51 
 418      42BBD5CD 
 418      6A44DB8C 
 418      E7876079 
 419 0b55 AF2287E0 		.ascii	"\257\"\207\340K\362\303P\303_\311&\313cRv\334\236\022"
 419      4BF2C350 
 419      C35FC926 
 419      CB635276 
 419      DC9E12
 420 0b68 AC211E93 		.ascii	"\254!\036\223\233:\3338\272\212\\\246\366?7\223\317"
 420      9B3ADB38 
 420      BA8A5CA6 
 420      F63F3793 
 420      CF
 421 0b79 F03A6986 		.ascii	"\360:i\2067\310f\270dO\337\347H\334\006\331\304\225"
 421      37C866B8 
 421      644FDFE7 
 421      48DC06D9 
 421      C495
 422 0b8b 54AE7249 		.ascii	"T\256rI\242\324\273\006\252AR\275I\353;\333\270\240"
 422      A2D4BB06 
 422      AA4152BD 
 422      49EB3BDB 
 422      B8A0
 423 0b9d 53922F6E 		.ascii	"S\222/n\310\336\3635\375*\340D\356\211T/\372\216\210"
 423      C8DEF335 
 423      FD2AE044 
 423      EE89542F 
 423      FA8E88
 424 0bb0 9BE3E8CB 		.ascii	"\233\343\350\313\313c\331\307t\257d\362\241]\242\244"
 424      CB63D9C7 
 424      74AF64F2 
 424      A15DA2A4 
 425 0bc0 F4622C16 		.ascii	"\364b,\026\270W\310\335\001\247dl/\3657Na<\250f\307"
 425      B857C8DD 
 425      01A7646C 
 425      2FF5374E 
 425      613CA866 
 426 0bd5 B1697BAC 		.ascii	"\261i{\254\367\212<\253\255z\242\247\271\311+\013\312"
 426      F78A3CAB 
 426      AD7AA2A7 
 426      B9C92B0B 
 426      CA
 427 0be6 93D5BEB0 		.ascii	"\223\325\276\260\360:\235\205\254X(:\012\362L=\204\242"
 427      F03A9D85 
 427      AC58283A 
 427      0AF24C3D 
 427      84A2
 428 0bf8 F00A7253 		.ascii	"\360\012rS}`\177\203^*s\320\251\315\213\306D\346\327"
 428      7D607F83 
 428      5E2A73D0 
 428      A9CD8BC6 
 428      44E6D7
 429 0c0b BCC8F4F8 		.ascii	"\274\310\364\370\007\355\032\034\245\241\"\257\333\023"
 429      07ED1A1C 
 429      A5A122AF 
ARM GAS  /var/folders/nz/mg232qzd5vg5_0nfk_8jw8mc0000gn/T//ccur7u72.s 			page 34


 429      DB13
 430 0c19 BA311569 		.ascii	"\2721\025i\277?\322\012\336\260\266,,|L\247\240\030"
 430      BF3FD20A 
 430      DEB0B62C 
 430      2C7C4CA7 
 430      A018
 431 0c2b 89C01841 		.ascii	"\211\300\030A`,\025\370bo\304a\372r,\363\261\015I5\223"
 431      602C15F8 
 431      626FC461 
 431      FA722CF3 
 431      B10D4935 
 432 0c40 DC87C349 		.ascii	"\334\207\303I\230*\266\011\363\232\325\266=\032\362"
 432      982AB609 
 432      F39AD5B6 
 432      3D1AF2
 433 0c4f C6C94CB3 		.ascii	"\306\311L\263\3357jm\236L\263\335'\215-\261\326g\013"
 433      DD376A6D 
 433      9E4CB3DD 
 433      278D2DB1 
 433      D6670B
 434 0c62 0B984E41 		.ascii	"\013\230NA\011\022\305\022\004\305\022\251b53\315\003"
 434      0912C512 
 434      04C512A9 
 434      623533CD 
 434      03
 435 0c73 2AAA04E9 		.ascii	"*\252\004\351\352\230b\303\231\027\022|\334\352\220"
 435      EA9862C3 
 435      9917127C 
 435      DCEA90
 436 0c82 4C754812 		.ascii	"LuH\022t\3306\\=\240\302\331L\207\232\333\023=:\320"
 436      74D8365C 
 436      3DA0C2D9 
 436      4C879ADB 
 436      133D3AD0 
 437 0c96 C14E12BC 		.ascii	"\301N\022\274\344\223\250\202M6\352 \364:\231\2066K"
 437      E493A882 
 437      4D36EA20 
 437      F43A9986 
 437      364B
 438 0ca8 F4D82CE8 		.ascii	"\364\330,\350\261\205\352\221r\253\262N\345p\006\323"
 438      B185EA91 
 438      72ABB24E 
 438      E57006D3 
 439 0cb8 63B4645F 		.ascii	"c\264d_\263\312}\224R\251\")\202\"\263\031\223\345:"
 439      B3CA7D94 
 439      52A92229 
 439      8222B319 
 439      93E53A
 440 0ccb BC972992 		.ascii	"\274\227)\222\273\351r\003S\304^Rc\311\261\346G[\347"
 440      BBE97203 
 440      53C45E52 
 440      63C9B1E6 
 440      475BE7
 441 0cde C9551C99 		.ascii	"\311U\034\231\204\322$j\244\011jl\245jlN|\234\244\306"
 441      84D2246A 
 441      A4096A6C 
 441      A56A6C4E 
ARM GAS  /var/folders/nz/mg232qzd5vg5_0nfk_8jw8mc0000gn/T//ccur7u72.s 			page 35


 441      7C9CA4C6 
 442 0cf2 FB1993A4 		.ascii	"\373\031\223\244Dk\264\2061)\257\371\253\204\011\361"
 442      446BB486 
 442      3129AFF9 
 442      AB8409F1 
 443 0d02 69BA8449 		.ascii	"i\272\204I\272\300$\2032\351-l\336\252cGi5\215L\312"
 443      BAC02483 
 443      32E92D6C 
 443      DEAA6347 
 443      69358D4C 
 444 0d17 FE27EC4B 		.ascii	"\376'\354K\311\010\202n\352\2573\342f&\342\320\321\351"
 444      C908826E 
 444      EAAF33E2 
 444      6626E2D0 
 444      D1E9
 445 0d29 9FE04EF6 		.ascii	"\237\340N\366\3348s\260\330\233N\263\263\303c\323\370"
 445      DC3873B0 
 445      D89B4EB3 
 445      B3C363D3 
 445      F8
 446 0d3a 43F61DC4 		.ascii	"C\366\035\304k\004\215\236{:\352\215\3173\332\372\242"
 446      6B048D9E 
 446      7B3AEA8D 
 446      CF33DAFA 
 446      A2
 447 0d4b 43A55E78 		.ascii	"C\245^x\230!{\217\244\014!<A\021M\305\225\244\026\214"
 447      98217B8F 
 447      A40C213C 
 447      41114DC5 
 447      95A4168C 
 448 0d5f 7C97B233 		.ascii	"|\227\2623&]\266m\025l\331\012'\300<,\277\317Kw\344"
 448      265DB66D 
 448      156CD90A 
 448      27C03C2C 
 448      BFCF4B77 
 449 0d74 6CBC1CE5 		.ascii	"l\274\034\345`\030\337\201\331\004R^\013\260\037\332"
 449      6018DF81 
 449      D904525E 
 449      0BB01FDA 
 450 0d84 837DD12E 		.ascii	"\203}\321.\200\335\0006\200|\200B,\366\025\266\216\012"
 450      80DD0036 
 450      807C8042 
 450      2CF615B6 
 450      8E0A
 451 0d96 0FC97942 		.ascii	"\017\311yBF\226\244\240tw\213\215\323\035WjIWO\013U"
 451      4696A4A0 
 451      74778B8D 
 451      D31D576A 
 451      49574F0B 
 452 0dab 4F8587A4 		.ascii	"O\205\207\244\307\222!\025;G{s\305\237\255\374\001\222"
 452      C7922115 
 452      3B477B73 
 452      C59FADFC 
 452      0192
 453 0dbd 74D38458 		.ascii	"t\323\204X\246\233\246\225\366\310\026R\340\201B\356"
 453      A69BA695 
 453      F6C81652 
ARM GAS  /var/folders/nz/mg232qzd5vg5_0nfk_8jw8mc0000gn/T//ccur7u72.s 			page 36


 453      E08142EE 
 454 0dcd C6BF5FA2 		.ascii	"\306\277_\242\340N\354\"Urd\234\344\270\312\251\223"
 454      E04EEC22 
 454      5572649C 
 454      E4B8CAA9 
 454      93
 455 0dde 439E68A9 		.ascii	"C\236h\251\237\254\027\367\202\347~\254\027\371\366"
 455      9FAC17F7 
 455      82E77EAC 
 455      17F9F6
 456 0ded A9C9EB08 		.ascii	"\251\311\353\010\331\037\212`V\256#\327\250\236\364"
 456      D91F8A60 
 456      56AE23D7 
 456      A89EF4
 457 0dfc 0FE23E58 		.ascii	"\017\342>Xx\361\220\022\317\260$(\235>q\007\343y\206"
 457      78F19012 
 457      CFB02428 
 457      9D3E7107 
 457      E37986
 458 0e0f 541E6869 		.ascii	"T\036hi\367\304\333\264\0249qz\240\314\203}\205\307"
 458      F7C4DBB4 
 458      1439717A 
 458      A0CC837D 
 458      85C7
 459 0e21 6E7A3AEB 		.ascii	"nz:\353\256\260\213\252\227\011\332Z0\262M\213\313\030"
 459      AEB08BAA 
 459      9709DA5A 
 459      30B24D8B 
 459      CB18
 460 0e33 ED586574 		.ascii	"\355Xet\012\207\033\031\222{\361\3724\246\204\364\253"
 460      0A871B19 
 460      927BF1FA 
 460      34A684F4 
 460      AB
 461 0e44 BF9E3C5B 		.ascii	"\277\236<[\255\017\356bc\231\035;RU\370\002C\322\256"
 461      AD0FEE62 
 461      63991D3B 
 461      5255F802 
 461      43D2AE
 462 0e57 A59F55E2 		.ascii	"\245\237U\342!\255\323\355\353\012v\373\232u{\246VC"
 462      21ADD3ED 
 462      EB0A76FB 
 462      9A757BA6 
 462      5643
 463 0e69 51528EC8 		.ascii	"QR\216\3107\317W\372\256\011\027[\023\355\007\257\323"
 463      37CF57FA 
 463      AE09175B 
 463      13ED07AF 
 463      D3
 464 0e7a 7BD51FB0 		.ascii	"{\325\037\260\016\325\210V\256\220~\247i\215\261\252"
 464      0ED58856 
 464      AE907EA7 
 464      698DB1AA 
 465 0e8a 4ABC695B 		.ascii	"J\274i[\214*\2113k\301\201+\370\313\243\375\340\341"
 465      8C2A8933 
 465      6BC1812B 
 465      F8CBA3FD 
ARM GAS  /var/folders/nz/mg232qzd5vg5_0nfk_8jw8mc0000gn/T//ccur7u72.s 			page 37


 465      E0E1
 466 0e9c 03987E0F 		.ascii	"\003\230~\017{`\370^\262\316\361e\371\361\024z\275}"
 466      7B60F85E 
 466      B2CEF165 
 466      F9F1147A 
 466      BD7D
 467 0eae 0818578B 		.ascii	"\010\030W\213\214A\316b\234\017\312s>Zs.\027\013\234"
 467      8C41CE62 
 467      9C0FCA73 
 467      3E5A732E 
 467      170B9C
 468 0ec1 EB0FD7AE 		.ascii	"\353\017\327\256!\033{=p\256\0229\037Z\234s\235,g\324"
 468      211B7B3D 
 468      70AE1239 
 468      1F5A9C73 
 468      9D2C67D4 
 469 0ed5 5579AB55 		.ascii	"Uy\253U\217o1\317\035\353\255\333\216h\015\374B(\201"
 469      8F6F31CF 
 469      1DEBADDB 
 469      8E680DFC 
 469      422881
 470 0ee8 8F9B4F4E 		.ascii	"\217\233ONz\270-\305M\264\0026\012\025\260\361\352T"
 470      7AB82DC5 
 470      4DB40236 
 470      0A15B0F1 
 470      EA54
 471 0efa A7164F30 		.ascii	"\247\026O0f\345\031\207Z\234o\330\201Z2\367\010\026"
 471      66E51987 
 471      5A9C6FD8 
 471      815A32F7 
 471      0816
 472 0f0c BF58E5CA 		.ascii	"\277X\345\312\317\226dz\"\275\237;r\324\002\352\213"
 472      CF96647A 
 472      22BD9F3B 
 472      72D402EA 
 472      8B
 473 0f1d 33E8BA69 		.ascii	"3\350\272i\212\321\301\272i\206\227\207E/\000\215#="
 473      8AD1C1BA 
 473      69869787 
 473      452F008D 
 473      233D
 474 0f2f 4F9DCC2D 		.ascii	"O\235\314-W\343'L\235\235M\031s\032<O\021\335\305\370"
 474      57E3274C 
 474      9D9D4D19 
 474      731A3C4F 
 474      11DDC5F8 
 475 0f43 6D591EC8 		.ascii	"mY\036\310\217\335x\371\371\372R~\355\005/\001\277\223"
 475      8FDD78F9 
 475      F9FA527E 
 475      ED052F01 
 475      BF93
 476 0f55 90EEE522 		.ascii	"\220\356\345\"\277V\354|\2073\355\317\337{\021\271G"
 476      BF56EC7C 
 476      8733EDCF 
 476      DF7B11B9 
 476      47
 477 0f66 81AED55D 		.ascii	"\201\256\325]}q:\030\201\303\313H\024\216\203\031\255"
ARM GAS  /var/folders/nz/mg232qzd5vg5_0nfk_8jw8mc0000gn/T//ccur7u72.s 			page 38


 477      7D713A18 
 477      81C3CB48 
 477      148E8319 
 477      AD
 478 0f77 FC32EC80 		.ascii	"\3742\354\200\3476Xv\235\000\247\000N\000ta\231\343"
 478      E7365876 
 478      9D00A700 
 478      4E007461 
 478      99E3
 479 0f89 AD30B982 		.ascii	"\2550\271\202\027\367\242\311\264X=K\366(YIs\244\201"
 479      17F7A2C9 
 479      B4583D4B 
 479      F6285949 
 479      73A481
 480 0f9c 9FE64805 		.ascii	"\237\346H\005"
 481 0fa0 9793957D 		.ascii	"\227\223\225}\266\223\325\230v\314\316\016N&\311\237"
 481      B693D598 
 481      76CCCE0E 
 481      4E26C99F 
 482 0fb0 084E6269 		.ascii	"\010Nbi\273\332\216\305v\365\011\375\376\262U\276\232"
 482      BBDA8EC5 
 482      76F509FD 
 482      FEB255BE 
 482      9A
 483 0fc1 3D95486A 		.ascii	"=\225Hj\220\225$\351\013\027h\247\017\231x\314\325\315"
 483      909524E9 
 483      0B1768A7 
 483      0F9978CC 
 483      D5CD
 484 0fd3 CEDF74A6 		.ascii	"\316\337t\246w\015\314c\034\255#\221\365(:\033\177J"
 484      770DCC63 
 484      1CAD2391 
 484      F5283A1B 
 484      7F4A
 485 0fe5 C9761FFA 		.ascii	"\311v\037\372\025\246-\227\026m\301\264^y\323d\257\037"
 485      15A62D97 
 485      166DC1B4 
 485      5E79D364 
 485      AF1F
 486 0ff7 4A31A327 		.ascii	"J1\243'\356>\013\356\356"
 486      EE3E0BEE 
 486      EE
 487 1000 01179F06 		.ascii	"\001\027\237\006\350\0038#q\265=\257\"Eo\2258\273w1"
 487      E8033823 
 487      71B53DAF 
 487      22456F95 
 487      38BB7731 
 488 1014 67EFEC76 		.ascii	"g\357\354vv\301\363\032I\266\247J\011\347ny\316\342"
 488      76C1F31A 
 488      49B6A74A 
 488      09E76E79 
 488      CEE2
 489 1026 59DD9E43 		.ascii	"Y\335\236C7\222\336\347\\\017\353k\347\266\351l\245"
 489      3792DEE7 
 489      5C0FEB6B 
 489      E7B6E96C 
 489      A5
ARM GAS  /var/folders/nz/mg232qzd5vg5_0nfk_8jw8mc0000gn/T//ccur7u72.s 			page 39


 490 1037 CBDEE030 		.ascii	"\313\336\3400\364<\030\367\"C\371\312S\347}\211\354"
 490      F43C18F7 
 490      2243F9CA 
 490      53E77D89 
 490      EC
 491 1048 09E780BA 		.ascii	"\011\347\200\272D\\$\275\222=a\327\320\315)%N\326\261"
 491      445C24BD 
 491      923D61D7 
 491      D0CD2925 
 491      4ED6B1
 492 105b 9F3CCDEF 		.ascii	"\237<\315\357\256\322\340t\206\264\\\217;\347\205\363"
 492      AED2E074 
 492      86B45C8F 
 492      3BE785F3 
 493 106b 19726CB8 		.ascii	"\031rl\270+YK\252C\314\213\276#\335^W\376P\213k\350"
 493      2B594BAA 
 493      43CC8BBE 
 493      23DD5E57 
 493      FE508B6B 
 494 1080 347CBAAF 		.ascii	"4|\272\257\360\222\206}=\035\033\003\313\321\376a\027"
 494      F092867D 
 494      3D1D1B03 
 494      CBD1FE61 
 494      17
 495 1091 5B8EFDE0 		.ascii	"[\216\375\340\316\313\240\321\340b\001v9\270]\342\351"
 495      CECBA0D1 
 495      E0620176 
 495      39B85DE2 
 495      E9
 496 10a2 89DD57C0 		.ascii	"\211\335W\300\356\001\211\255\366q\352\314A9g^\032\255"
 496      EE0189AD 
 496      F671EACC 
 496      4139675E 
 496      1AAD
 497 10b4 2BE71CCE 		.ascii	"+\347\034\316ta:\004\214\3341\005\007\336\361\246\267"
 497      74613A04 
 497      8CDC3105 
 497      07DEF1A6 
 497      B7
 498 10c5 295781E2 		.ascii	")W\201\342\242\350\300A\211\003\027b\273\372\020ndn"
 498      A2E8C041 
 498      89031762 
 498      BBFA106E 
 498      646E
 499 10d7 CAEC2BBF 		.ascii	"\312\354+\277\240\306\315,\267k\262\247\206U\364\366"
 499      A0C6CD2C 
 499      B76BB2A7 
 499      8655F4F6 
 500 10e7 9E7E3D4F 		.ascii	"\236~=OZ\\\373o\352\243\251\375$\"\027\200\341\015\370"
 500      5A5CFB6F 
 500      EAA3A9FD 
 500      24221780 
 500      E10DF8
 501 10fa 7404F6A2 		.ascii	"t\004\366\242KWbk\252\"\213\201\010\267\363\264n\016"
 501      4B57626B 
 501      AA228B81 
 501      08B7F3B4 
ARM GAS  /var/folders/nz/mg232qzd5vg5_0nfk_8jw8mc0000gn/T//ccur7u72.s 			page 40


 501      6E0E
 502 110c CF565BB9 		.ascii	"\317V[\271?P\222\275\277\230\247t\264\022.\007\3626"
 502      3F5092BD 
 502      BF98A774 
 502      B4122E07 
 502      F236
 503 111e 42486EB4 		.ascii	"BHn\264\256\361\204\216\273\024\351E\2714\361\266\001"
 503      AEF1848E 
 503      BB14E945 
 503      B934F1B6 
 503      01
 504 112f A74CC229 		.ascii	"\247L\302)\213\237A|5\006\276\032\205\204\033\006\030"
 504      8B9F417C 
 504      3506BE1A 
 504      85841B06 
 504      18
 505 1140 01B82E0D 		.ascii	"\001\270.\015FI*=\003\313\005c\344`r\006\347\222\331"
 505      46492A3D 
 505      03CB0563 
 505      E4607206 
 505      E792D9
 506 1153 0E013781 		.ascii	"\016\0017\201\351\217\021@\256\360}\032H`\306\201z\273"
 506      E98F1140 
 506      AEF07D1A 
 506      4860C681 
 506      7ABB
 507 1165 18981B92 		.ascii	"\030\230\033\222\300L\355\270f\303\270\203\005f\372"
 507      C04CEDB8 
 507      66C3B883 
 507      0566FA
 508 1174 6E5322F7 		.ascii	"nS\"\367f>;h\324\375\341h\0218\002\024\375x\341c\312"
 508      663E3B68 
 508      D4FDE168 
 508      11380214 
 508      FD78E163 
 509 1189 E21663E1 		.ascii	"\342\026c\341\320DA\336\020>\3506~\223\264\340\007\022"
 509      D04441DE 
 509      103EE836 
 509      7E93B4E0 
 509      0712
 510 119b 06D44E9B 		.ascii	"\006\324N\233\343U\247\013\200;\254\242\222O\362\225"
 510      E355A70B 
 510      803BACA2 
 510      924FF295 
 511 11ab CEE98E7E 		.ascii	"\316\351\216~\245\023\365\270S\375\275\313S\337\245"
 511      A513F5B8 
 511      53FDBDCB 
 511      53DFA5
 512 11ba D449C935 		.ascii	"\324I\3115\013j\235\344[9\350\237$\304\367H\237\000"
 512      0B6A9DE4 
 512      5B39E89F 
 512      24C4F748 
 512      9F00
 513 11cc 4124F77D 		.ascii	"A$\367}@\2357\276=W\373R\032\177\307\274\002\321\037"
 513      409D37BE 
 513      3D57FB52 
 513      1A7FC7BC 
ARM GAS  /var/folders/nz/mg232qzd5vg5_0nfk_8jw8mc0000gn/T//ccur7u72.s 			page 41


 513      02D11F
 514 11df 4E083546 		.ascii	"N\0105F\201\356\343\227\2049\024\221|\371\344\315\177"
 514      81EEE397 
 514      84391491 
 514      7CF9E4CD 
 514      7F
 515 11f0 F95460BF 		.ascii	"\371T`\277\215h\223F\317\032\351quu\336\024\365 ha\341"
 515      8D689346 
 515      CF1AE971 
 515      7575DE14 
 515      F5206861 
 516 1205 C4762FF7 		.ascii	"\304v/\367\312L\011\312<`\355\310\335\230\333\025\036"
 516      CA4C09CA 
 516      3C60EDC8 
 516      DD98DB15 
 516      1E
 517 1216 BC365641 		.ascii	"\2746VA\233\011p\342$\325f\232j3\305\264\231\246\332"
 517      9B0970E2 
 517      24D5669A 
 517      6A33C5B4 
 517      99A6DA
 518 1229 24EDB959 		.ascii	"$\355\271Y\213\234|\223\352\324f<\344}\363\220\372\346"
 518      8B9C7C93 
 518      EAD4663C 
 518      E47DF390 
 518      FAE6
 519 123b 684E75A5 		.ascii	"hNu\245\363O3\222\235\250\037\361\324\217(u\343\323"
 519      F34F3392 
 519      9DA81FF1 
 519      D48F2875 
 519      E3D3
 520 124d E1734AB7 		.ascii	"\341sJ\267\315\317c\247C\372\321\334\342,-\356f\331"
 520      CDCF63A7 
 520      43FAD1DC 
 520      E22C2DEE 
 520      66D9
 521 125f 5132B870 		.ascii	"Q2\270p\205\034\322[\252\253\253\006J\374s\2546vr\373"
 521      851CD25B 
 521      AAABAB06 
 521      4AFC73AC 
 521      367672FB 
 522 1273 3D998466 		.ascii	"=\231\204f$'\267\031\341\344\366\204\236\334F\317MZ"
 522      2427B719 
 522      E1E4F684 
 522      9EDC46CF 
 522      4D5A
 523 1285 75F811E3 		.ascii	"u\370\021\343\262\367n\323\270\226q\031\254\030\326"
 523      B2F76ED3 
 523      B8967119 
 523      AC18D6
 524 1294 BB709995 		.ascii	"\273p\231\225p\231\025\270<\245\\\022*\252\233\264\264"
 524      709915B8 
 524      3CA55C12 
 524      2AAA9BB4 
 524      B4
 525 12a5 8F3BE638 		.ascii	"\217;\3468\354\017\034\230\277\347\376L=Gmy&4r\363\366"
 525      EC0F1C98 
ARM GAS  /var/folders/nz/mg232qzd5vg5_0nfk_8jw8mc0000gn/T//ccur7u72.s 			page 42


 525      BFE7FE4C 
 525      3D476D79 
 525      263472F3 
 526 12ba 54AB165B 		.ascii	"T\253\026[=\251\032\3717\373Su8\205!wO\315\037 \307"
 526      3DA91AF9 
 526      37FB5375 
 526      38852177 
 526      4FCD1F20 
 527 12cf 64B44045 		.ascii	"d\264@E\302\233\230\214\226iD\265\234h\272R\362\307"
 527      C29B988C 
 527      966944B5 
 527      9C68BA52 
 527      F2C7
 528 12e1 AD559BD8 		.ascii	"\255U\233\330\235\004\332\335\222\246$\214\321\274\240"
 528      9D04DADD 
 528      92A6248C 
 528      D1BCA0
 529 12f0 29B22A95 		.ascii	")\262*\225\012\2022e\243\224D\331\207I\363\371\236T"
 529      0A823265 
 529      A39444D9 
 529      8749F3F9 
 529      9E54
 530 1302 5948765E 		.ascii	"YHv^\331\235\011\015}\036\216\303x\264\222\276\254y"
 530      D99D090D 
 530      7D1E8EC3 
 530      78B492BE 
 530      AC79
 531 1314 D081DD1A 		.ascii	"\320\201\335\032\020\253$\006\304(y\003\016g\034\313"
 531      10AB2406 
 531      C4287903 
 531      0E671CCB 
 532 1324 40B897E9 		.ascii	"@\270\227\351\234\3724\213c\01264\326~u\264HTp\011\231"
 532      9CFA348B 
 532      630A3634 
 532      D67E75B4 
 532      48547009 
 533 1339 87E294A2 		.ascii	"\207\342\224\242'\341\231)\267\211*w\360\362\326\034"
 533      27E19929 
 533      B7892A77 
 533      F0F2D61C 
 534 1349 3D1E647C 		.ascii	"=\036d|\346\017n\237\345\204\250\316\270F5^\302%^\340"
 534      E60F6E9F 
 534      E584A8CE 
 534      B846355E 
 534      C2255EE0 
 535 135d 9240B9E4 		.ascii	"\222@\271\344\365]\271\251\304\343<\227\230\276!\225"
 535      F55DB9A9 
 535      C4E33C97 
 535      98BE2195 
 536 136d 10D57BAE 		.ascii	"\020\325{\256QM\224pI\024\270$Q.cG\356X\331\357ZW\023"
 536      514D9470 
 536      4914B824 
 536      512E6347 
 536      EE58D9EF 
 537 1384 3E5B6627 		.ascii	">[f'\273\331B\323\321{\251\266\254\367)\246%X\303\303"
 537      BBD942D3 
 537      D17BA9B6 
ARM GAS  /var/folders/nz/mg232qzd5vg5_0nfk_8jw8mc0000gn/T//ccur7u72.s 			page 43


 537      ACF729A6 
 537      2558C3C3 
 538 1398 4D8DD8FD 		.ascii	"M\215\330\375\262KQ\362\313n\213\222.\273\233I\2459"
 538      B24B51F2 
 538      CB6E8B92 
 538      2EBB9B49 
 538      A539
 539 13aa 9CEBB24B 		.ascii	"\234\353\262KV.G\233\225\364\242C\371\2220\211\212\252"
 539      562E479B 
 539      95F4A243 
 539      F9923089 
 539      8AAA
 540 13bc DD77502D 		.ascii	"\335wP-\245\236Z\214\372zz\346\004\306\323\314\370\274"
 540      A59E5A8C 
 540      FA7A7AE6 
 540      04C6D3CC 
 540      F8BC
 541 13ce 858ED308 		.ascii	"\205\216\323\010\3171\344\316h}(\224\320>\333DO\363"
 541      CF31E4CE 
 541      687D2894 
 541      D03EDB44 
 541      4FF3
 542 13e0 B8578635 		.ascii	"\270W\2065z3\264\330\013\037\277\216\322\224/\241\255"
 542      7A33B4D8 
 542      0B1FBF8E 
 542      D2942FA1 
 542      AD
 543 13f1 E08828BC 		.ascii	"\340\210(\274B\3027\235\270\003\355E\220|\031JRD\263"
 543      42C2379D 
 543      B803ED45 
 543      907C194A 
 543      5244B3
 544 1404 B677EE54 		.ascii	"\266w\356T\343d=\375\005\330\350\223\253\217\325h\271"
 544      E3643DFD 
 544      05D8E893 
 544      AB8FD568 
 544      B9
 545 1415 D66F39F9 		.ascii	"\326o9\371q\327v\245V\021O\177\324\021\235\266\344\357"
 545      71D776A5 
 545      56114F7F 
 545      D4119DB6 
 545      E4EF
 546 1427 8E1F7564 		.ascii	"\216\037ud)\375\350\220\002e\002\333l%\373\316\237\374"
 546      29FDE890 
 546      026502DB 
 546      6C25FBCE 
 546      9FFC
 547 1439 5C0CDEA2 		.ascii	"\\\014\336\242mJ\327\237\2131Fnn\207\242\343cO8\035"
 547      6D4AD79F 
 547      8B31466E 
 547      6E87A2E3 
 547      634F381D 
 548 144d 8D080FD1 		.ascii	"\215\010\017\321\307\2714#s\204\214\034\253l<\242\307"
 548      C7B93423 
 548      73848C1C 
 548      AB6C3CA2 
 548      C7
ARM GAS  /var/folders/nz/mg232qzd5vg5_0nfk_8jw8mc0000gn/T//ccur7u72.s 			page 44


 549 145e 5BA9B2E8 		.ascii	"[\251\262\350t\312\304\035~\315\264O>\323\227\223\036"
 549      74CAC41D 
 549      7ECDB44F 
 549      3ED39793 
 549      1E
 550 146f 865C97A1 		.ascii	"\206\\\227\241\250\330\337\221\211h\207$\015v\010i\260"
 550      A8D8DF91 
 550      89688724 
 550      0D760869 
 550      B0
 551 1480 D3ED7A39 		.ascii	"\323\355z9p\342\331\200\267\373\213\252<\252\312.A\225"
 551      70E2D980 
 551      B7FB8BAA 
 551      3CAACA2E 
 551      4195
 552 1492 A62E5BB5 		.ascii	"\246.[\265\017na\252\304\035\237\332\347#\254\216\351"
 552      0F6E61AA 
 552      C41D9FDA 
 552      E723AC8E 
 552      E9
 553 14a3 AFB6164B 		.ascii	"\257\266\026KW\007LD\273%\252\354\026T\261QU\216\025"
 553      57074C44 
 553      BB25AAEC 
 553      1654B151 
 553      558E15
 554 14b6 CFD67B38 		.ascii	"\317\326{8U\323x\247j\232\257d\325\024>\201\272-\356"
 554      55D378A7 
 554      6A9AAF64 
 554      D5143E81 
 554      BA2DEE
 555 14c9 CE20C667 		.ascii	"\316 \306g\230\330\261\263\335\275z\301\003\205>R\017"
 555      98D8B1B3 
 555      DDBD7AC1 
 555      03853E52 
 555      0F
 556 14da 20CA658F 		.ascii	" \312e\217D\354\036Al\001\025\273#\355L\016\373MM\020"
 556      44EC1E41 
 556      6C0115BB 
 556      23ED4C0E 
 556      FB4D4D10 
 557 14ee 4DA3FDB6 		.ascii	"M\243\375\266V\366\373n/\272\037=({\252t\237\372{\205"
 557      56F6FB6E 
 557      2FBA1F3D 
 557      287BAA74 
 557      9FFA7B85 
 558 1502 D4271D12 		.ascii	"\324'\035\0229\000\247\236\274\244wM\375B\310\216\""
 558      3900A79E 
 558      BCA4774D 
 558      FD42C88E 
 558      22
 559 1513 9A74C534 		.ascii	"\232t\3054\231\367\012\311\\6\376C\025\347\232\372n"
 559      99F70AC9 
 559      5C36FE43 
 559      15E79AFA 
 559      6E
 560 1524 A96FCC97 		.ascii	"\251o\314\227\225\372`;\2638f\254\364\200\247\220\356"
 560      95FA603B 
ARM GAS  /var/folders/nz/mg232qzd5vg5_0nfk_8jw8mc0000gn/T//ccur7u72.s 			page 45


 560      B33866AC 
 560      F480A790 
 560      EE
 561 1535 253F95A4 		.ascii	"%?\225\244{\011\237\356\211\220\356\"\257R1\335\367"
 561      7B099FEE 
 561      8990EE22 
 561      AF5231DD 
 561      F7
 562 1546 29DF54A8 		.ascii	")\337T\250B\315\353\014\026\217?\375\371\253\025\253"
 562      42CDEB0C 
 562      168F3FFD 
 562      F9AB15AB 
 563 1556 14EAE030 		.ascii	"\024\352\3400\313\257~i\260h\015\006\376\351k\377H\263"
 563      CBAF7E69 
 563      B0680D06 
 563      FEE96BFF 
 563      48B3
 564 1568 C93F243C 		.ascii	"\311?$<0 \304?<\302\342\277.0\360\355\000S\350\333a"
 564      3020C43F 
 564      3CC2E2BF 
 564      2E30F0ED 
 564      0053E8DB 
 565 157d E161C6B7 		.ascii	"\341a\306\267\215\001\337\004\277\375\236\341\243\267"
 565      8D01DF04 
 565      BFFD9EE1 
 565      A3B7
 566 158b 7FB9F2DD 		.ascii	"\177\271\362\335\367\377\376+\177\247\001\377\340\260"
 566      F7FFFE2B 
 566      7FA701FF 
 566      E0B0
 567 1599 C090C8B5 		.ascii	"\300\220\310\265F\377\320\200\300\240\3400\243\277a"
 567      46FFD080 
 567      C0A0E030 
 567      A3BF61
 568 15a8 ADF1DB80 		.ascii	"\255\361\333\200\310\020\213\301\2621\302h~'H\261\372"
 568      C8108BC1 
 568      B231C268 
 568      7E2748B1 
 568      FA
 569 15b9 FFCEDBBC 		.ascii	"\377\316\333\274\321\354o0[\326\202\266\300\360\303"
 569      D1EC6F30 
 569      5BD682B6 
 569      C0F0C3
 570 15c8 5541C1DF 		.ascii	"UA\301\337\004\177\261\306?\334\354\037\030\036\032"
 570      047FB1C6 
 570      3FDCEC1F 
 570      181E1A
 571 15d7 1A1EE61F 		.ascii	"\032\036\346\037\021n\262\230\375\177\367\345\347\253"
 571      116EB298 
 571      FD7FF7E5 
 571      E7AB
 572 15e5 3EFF9EBC 		.ascii	">\377\236\274\213\010\0161\232\314\376\177Z\265\312"
 572      8B080E31 
 572      9ACCFE7F 
 572      5AB5CA
 573 15f4 3F304850 		.ascii	"?0HPDc\0112\031\003\326\202\335\201A\006\366\254\014"
 573      44630932 
ARM GAS  /var/folders/nz/mg232qzd5vg5_0nfk_8jw8mc0000gn/T//ccur7u72.s 			page 46


 573      1903D682 
 573      DD814106 
 573      F6AC0C
 574 1607 337E6F51 		.ascii	"3~oQF\230\214\353\325\226\010Sp\270\301\242\211\344"
 574      46988CEB 
 574      D5960853 
 574      70B8C1A2 
 574      89E4
 575 1619 5DA23318 		.ascii	"]\2423\030\204G%\031\322\023\031\206\300\3600\013L\361"
 575      84472519 
 575      D2131986 
 575      C0F0300B 
 575      4CF1
 576 162b A4080C07 		.ascii	"\244\010\014\007Z\276\327\230\214\353@m\203\345\347"
 576      5ABED798 
 576      8CEB406D 
 576      83E5E7
 577 163a 2FD22B28 		.ascii	"/\322+(0\334d\004E8\323{\234\351}\316\364\001g\372\220"
 577      30DC6404 
 577      4538D37B 
 577      9CE97DCE 
 577      F40167FA 
 578 164f 33FD9A33 		.ascii	"3\375\2323}\204M\357\256\004x\227\0131\275\365\243\270"
 578      7D844DEF 
 578      AE047897 
 578      0B31BDF5 
 578      A3B8
 579 1661 18D67F18 		.ascii	"\030\326\177\030J8\231#0\250\240\0123n0\232T\341!k\215"
 579      4A389923 
 579      30A8A00A 
 579      336E309A 
 579      54E1216B 
 580 1676 26656050 		.ascii	"&e`P\200I\031\026\020j\324\231-\337\005\204\004\257"
 580      80491916 
 580      106AD499 
 580      2DDF0584 
 580      04AF
 581 1688 0BE3ADFA 		.ascii	"\013\343\255\372\340=\207U\344Q\003\303!\301\241\301"
 581      E03D8755 
 581      E45103C3 
 581      21C1A1C1 
 582 1698 168DC56C 		.ascii	"\026\215\305l\011\260\030\015\0265\031\3725\315\013"
 582      09B0180D 
 582      163519FA 
 582      35CD0B
 583 16a7 FE494547 		.ascii	"\376IEG\324\226\320\360\2650\256\3726$`\235Ym1\031\277"
 583      D496D0F0 
 583      B530AEFA 
 583      3624609D 
 583      596D3119 
 584 16bc 358357C8 		.ascii	"5\203W\310\207\207i\355FH-\215\361\373`K \020yl\260"
 584      878769ED 
 584      46482D8D 
 584      F1FB604B 
 584      2010796C 
 585 16d1 847FF3B7 		.ascii	"\204\177\363\267\210\227xW\003\211\321d\014\013$\223"
 585      88977857 
ARM GAS  /var/folders/nz/mg232qzd5vg5_0nfk_8jw8mc0000gn/T//ccur7u72.s 			page 47


 585      0389D164 
 585      0C0B2493 
 586 16e1 37582CA6 		.ascii	"7X,\246\010\265\331\030f\201\011z\010\201\331\030\032"
 586      08B5D918 
 586      6681097A 
 586      0881D918 
 586      1A
 587 16f2 101104C6 		.ascii	"\020\021\004\306\3700j\263\341\357\221\306H ]\342\210"
 587      F8306AB3 
 587      E1EF91C6 
 587      48205DE2 
 587      88
 588 1703 0FFF4AC5 		.ascii	"\017\377J\305\376\017\014\203\254\302\360?H\201\311"
 588      FE0F0C83 
 588      ACC2F03F 
 588      4881C9
 589 1712 111AA00B 		.ascii	"\021\032\240\013\215\204x\250\3027\204\031Mj\372l \243"
 589      8D8478A8 
 589      C2378419 
 589      4D6AFA6C 
 589      20A3
 590 1724 A196EF23 		.ascii	"\241\226\357#<\215\353\211\254\000\363w\360\312\270"
 590      3C8DEB89 
 590      AC00F377 
 590      F0CAB8
 591 1733 813CA048 		.ascii	"\201<\240Ho\201oH\260\031\230\371H$\2217\352\015\001"
 591      6F816F48 
 591      B01998F9 
 591      48249137 
 591      EA0D01
 592 1746 C196E0B0 		.ascii	"\301\226\340\260u\032P\221\312\324\030#\214a\220w\353"
 592      751A5091 
 592      CAD41823 
 592      8C619077 
 592      EB
 593 1757 D4C09250 		.ascii	"\324\300\222P@\264\003BH>\250B#\302\303C^\227D\313d"
 593      40B40342 
 593      483EA842 
 593      23C2C343 
 593      5E9744CB 
 594 176c 71246C60 		.ascii	"q$l`\22090h-\004\350g\356\306\201\035\014\277\351v\372"
 594      90393068 
 594      2D04E867 
 594      EEC6811D 
 594      0CBFE976 
 595 1781 46B390B6 		.ascii	"F\263\220\266nY\200\013`\030\222\371s\363\2725\240\345"
 595      6E59800B 
 595      601892F9 
 595      73F3BA35 
 595      A0E5
 596 1793 726742B3 		.ascii	"rgB\263)\220\3101\257{'\220'\372\013\030\247\247O_\032"
 596      2990C831 
 596      AF7B2790 
 596      27FA0B18 
 596      A7A74F5F 
 597 17a8 438C0166 		.ascii	"C\214\001f\243W`\320\232\300\240?\205\257\0111\032#"
 597      A35760D0 
ARM GAS  /var/folders/nz/mg232qzd5vg5_0nfk_8jw8mc0000gn/T//ccur7u72.s 			page 48


 597      9AC0A03F 
 597      85AF0931 
 597      1A23
 598 17ba D67852EC 		.ascii	"\326xR\354Kp\306\306O\365\364\371/\001\337\031#\351"
 598      4B70C6C6 
 598      4FF5F4F9 
 598      2F01DF19 
 598      23E9
 599 17cc 80812864 		.ascii	"\200\201(d"
 600 17d0 0C656B87 		.ascii	"\014ek\207=\353\211\3336\362\216\004N\006\021W\007F"
 600      3DEB89DB 
 600      36F28E04 
 600      4E061157 
 600      0746
 601 17e2 9A20EC16 		.ascii	"\232 \354\026\225\211`?]\037l\262D\006\204\030,\301"
 601      9589603F 
 601      5D1F6CB2 
 601      44068418 
 601      2CC1
 602 17f4 A1B02AF9 		.ascii	"\241\260*\371\031\313`\206\314\200\217\323;\226\013"
 602      19CB6086 
 602      CC808FD3 
 602      3B960B
 603 1803 4EAFB444 		.ascii	"N\257\264D:<\360I\375\356\007\216\244&\217\252\265\306"
 603      3A3CF049 
 603      FDEE078E 
 603      A4268FAA 
 603      B5C6
 604 1815 104B8066 		.ascii	"\020K\200f\275\345\333\310\260@\310Q\362\201#\002L\232"
 604      BDE5DBC8 
 604      B040C851 
 604      F2812302 
 604      4C9A
 605 1827 9000B385 		.ascii	"\220\000\263\205L\363Xo!b\274y{\326\032\277\211\\\307"
 605      4CF3586F 
 605      2162BC79 
 605      7BD61ABF 
 605      895CC7
 606 183a F240FA46 		.ascii	"\362@\372F\033\021\020\026\034h\000\347\341\265\337"
 606      1B111016 
 606      1C6800E7 
 606      E1B5DF
 607 1849 ACD38506 		.ascii	"\254\323\205\006\000{\232&\\`\020x`\315F\363\277\205"
 607      007B9A26 
 607      5C601078 
 607      60CD46F3 
 607      BF85
 608 185b 077EE73E 		.ascii	"\007~\347>2\033I\340\264\264H@\341\373\316\313\000\311"
 608      321B49E0 
 608      B4B44840 
 608      E1FBCECB 
 608      00C9
 609 186d 6E31FCFE 		.ascii	"n1\374\376wk>Y\375\345\247^\001!\033\0026\232\241|\204"
 609      776B3E59 
 609      FDE5A75E 
 609      01211B02 
 609      369AA17C 
ARM GAS  /var/folders/nz/mg232qzd5vg5_0nfk_8jw8mc0000gn/T//ccur7u72.s 			page 49


 610 1882 40C1FCE5 		.ascii	"@\301\374\345\363\353\035\012\214\377\252\317\327|\272"
 610      F3EB1D0A 
 610      8CFFAACF 
 610      D77CBA
 611 1891 46644996 		.ascii	"FdI\226|`\350\037\301\032`\254g\353$8\314l4Y<\251:_"
 611      7C60E81F 
 611      C11A60AC 
 611      67EB2438 
 611      CC6C3459 
 612 18a9 851139AC 		.ascii	"\205\0219\254,E\322g\215\301@}`\360\022\036\336y\377"
 612      2C45D267 
 612      8DC1407D 
 612      60F0121E 
 612      DE79FF
 613 18bc A38FDE53 		.ascii	"\243\217\336S\031~\017i\353C\263\340S\363j\226\334\237"
 613      197E0F69 
 613      EB43B3E0 
 613      53F36A96 
 613      DC9F
 614 18ce BA4F5348 		.ascii	"\272OSH\237 \305O\230\300o\203\277\015\207(\207\206"
 614      9F20C54F 
 614      98C06F83 
 614      BF0D8728 
 614      8786
 615 18e0 AF279923 		.ascii	"\257'\231#\246\321\032Q\304\007+W\376\352\177\001\255"
 615      A6D11A51 
 615      C4072B57 
 615      FEEA7F01 
 615      AD
 616 18f1 15546A   		.ascii	"\025Tj"
 617              		.text
 618              		.section	.gnu.lto_.symtab.283350fe47e2255c,"",%progbits
 619 0000 63684D73 		.ascii	"chMsgSend\000\000\000\000\000\000\000\000\000\000\000"
 619      6753656E 
 619      64000000 
 619      00000000 
 619      00000000 
 620 0014 00810100 		.ascii	"\000\201\001\000\000chMsgWait\000\000\000\000\000\000"
 620      0063684D 
 620      73675761 
 620      69740000 
 620      00000000 
 621 0028 00000000 		.ascii	"\000\000\000\000\000\000\204\001\000\000chMsgReleas"
 621      00008401 
 621      00006368 
 621      4D736752 
 621      656C6561 
 622 003d 65000000 		.ascii	"e\000\000\000\000\000\000\000\000\000\000\000\000\211"
 622      00000000 
 622      00000000 
 622      0089
 623 004b 01000063 		.ascii	"\001\000\000ch\000\000\002\000\000\000\000\000\000\000"
 623      68000002 
 623      00000000 
 623      000000
 624 005a 0000EB01 		.ascii	"\000\000\353\001\000\000chSchGoSleepS\000\000\002\000"
 624      00006368 
ARM GAS  /var/folders/nz/mg232qzd5vg5_0nfk_8jw8mc0000gn/T//ccur7u72.s 			page 50


 624      53636847 
 624      6F536C65 
 624      65705300 
 625 0071 00000000 		.ascii	"\000\000\000\000\000\000\000\000\215\001\000\000chS"
 625      00000000 
 625      8D010000 
 625      636853
 626 0080 63685265 		.ascii	"chReadyI\000\000\002\000\000\000\000\000\000\000\000"
 626      61647949 
 626      00000200 
 626      00000000 
 626      000000
 627 0093 00910100 		.ascii	"\000\221\001\000\000chSchWakeupS\000\000\002\000\000"
 627      00636853 
 627      63685761 
 627      6B657570 
 627      53000002 
 628 00a9 00000000 		.ascii	"\000\000\000\000\000\000\000\223\001\000\000"
 628      00000093 
 628      010000
 629              		.text
 630              		.section	.gnu.lto_.opts,"",%progbits
 631 0000 272D666E 		.ascii	"'-fno-trapv' '-mcpu=cortex-m3' '-mno-thumb-interwor"
 631      6F2D7472 
 631      61707627 
 631      20272D6D 
 631      6370753D 
 632 0033 6B272027 		.ascii	"k' '-mthumb' '-ggdb' '-O2' '-fomit-frame-pointer' '"
 632      2D6D7468 
 632      756D6227 
 632      20272D67 
 632      67646227 
 633 0066 2D66616C 		.ascii	"-falign-functions=16' '-ffunction-sections' '-fdata"
 633      69676E2D 
 633      66756E63 
 633      74696F6E 
 633      733D3136 
 634 0099 2D736563 		.ascii	"-sections' '-fno-common' '-flto'\000"
 634      74696F6E 
 634      73272027 
 634      2D666E6F 
 634      2D636F6D 
 635              		.text
 636              		.comm	__gnu_lto_v1,1,1
 637              		.comm	__gnu_lto_slim,1,1
 638              		.ident	"GCC: (GNU Tools for ARM Embedded Processors) 4.9.3 20150529 (release) [ARM/embedded-4_9-br
ARM GAS  /var/folders/nz/mg232qzd5vg5_0nfk_8jw8mc0000gn/T//ccur7u72.s 			page 51


DEFINED SYMBOLS
                            *ABS*:0000000000000000 chmsg.c
                            *COM*:0000000000000001 __gnu_lto_v1
                            *COM*:0000000000000001 __gnu_lto_slim

NO UNDEFINED SYMBOLS
