ARM GAS  /var/folders/nz/mg232qzd5vg5_0nfk_8jw8mc0000gn/T//ccVRxE95.s 			page 1


   1              		.syntax unified
   2              		.cpu cortex-m3
   3              		.fpu softvfp
   4              		.eabi_attribute 20, 1
   5              		.eabi_attribute 21, 1
   6              		.eabi_attribute 23, 3
   7              		.eabi_attribute 24, 1
   8              		.eabi_attribute 25, 1
   9              		.eabi_attribute 26, 1
  10              		.eabi_attribute 30, 2
  11              		.eabi_attribute 34, 1
  12              		.eabi_attribute 18, 4
  13              		.thumb
  14              		.file	"crt1.c"
  15              		.text
  16              	.Ltext0:
  17              		.section	.gnu.lto_.profile.ade58b5d629479fd,"",%progbits
  18 0000 789C6366 		.ascii	"x\234cf```a\200\000F\006IQ\000\000\273\0007"
  18      60606061 
  18      80004606 
  18      49510000 
  18      BB0037
  19              		.text
  20              		.section	.gnu.lto_.jmpfuncs.ade58b5d629479fd,"",%progbits
  21 0000 789C6366 		.ascii	"x\234cf\300\016\004\2414+\020320010030\260\0009\000"
  21      C00E04A1 
  21      342B1033 
  21      32303031 
  21      30303330 
  22 0018 03080024 		.ascii	"\003\010\000$"
  23              		.text
  24              		.section	.gnu.lto_.inline.ade58b5d629479fd,"",%progbits
  25 0000 789C6366 		.ascii	"x\234cf\300\016\342\2414+\003\0033\023#\003\023\220"
  25      C00EE2A1 
  25      342B0303 
  25      33132303 
  25      1390
  26 0012 C9B6401E 		.ascii	"\311\266@\036D10b\2100a\2100\003y\020\021\0260\011\244"
  26      44313062 
  26      88306188 
  26      30037910 
  26      11163009 
  27 0027 445E7102 		.ascii	"D^q\002E\224\332\026\315d\204+c\000\000\376\271\006"
  27      4594DA16 
  27      CD64842B 
  27      630000FE 
  27      B906
  28 0039 9F       		.ascii	"\237"
  29              		.text
  30              		.section	.gnu.lto_.pureconst.ade58b5d629479fd,"",%progbits
  31 0000 789C6366 		.ascii	"x\234cf``\340f\200\000V\006\011F\011&\011f\023\026)"
  31      6060E066 
  31      80005606 
  31      09460926 
  31      09661316 
  32 0015 00043A00 		.ascii	"\000\004:\000\264"
  32      B4
ARM GAS  /var/folders/nz/mg232qzd5vg5_0nfk_8jw8mc0000gn/T//ccVRxE95.s 			page 2


  33              		.text
  34              		.section	.gnu.lto___core_init.ade58b5d629479fd,"",%progbits
  35 0000 789C6366 		.ascii	"x\234cf\300\004R@\\\002\304\026@\314\310\314\300\310"
  35      C0045240 
  35      5C02C416 
  35      40CCC8CC 
  35      C0C8
  36 0012 34E11C03 		.ascii	"4\341\034\003C#\007\023##\210\301\300\310P\317\304X"
  36      43230713 
  36      232388C1 
  36      C0C850CF 
  36      C458
  37 0024 CFF892E9 		.ascii	"\317\370\222\351#\023\343\204\003\253gp\253/mhh\370"
  37      2313E384 
  37      03AB6770 
  37      AB2F6D68 
  37      68F8
  38 0036 D07459A2 		.ascii	"\320tY\242U\342'\023\003\303g&\2101\214\313\031\325"
  38      55E22713 
  38      03C36726 
  38      88318CCB 
  38      19D5
  39 0048 19806A3E 		.ascii	"\031\200j>\266\374\275\316\315\326\002T#\000\221c\\"
  39      B6FCBDCE 
  39      CDD60254 
  39      23009163 
  39      5C
  40 0059 C1C8C608 		.ascii	"\301\310\306\010\244\327\013\035h\370\377\177\361\234"
  40      A4D70B1D 
  40      68F8FF7F 
  40      F19C
  41 0067 37975980 		.ascii	"7\227Y\200\302O\200\030d\376S&&\020\315|\217\221\021"
  41      C24F8018 
  41      64FE5326 
  41      2610CD7C 
  41      8F9111
  42 007a A41064D2 		.ascii	"\244\020d\322\023&F\220\020P\201\231sFfR\246\177\260"
  42      13264690 
  42      10508199 
  42      73466652 
  42      A67FB0
  43 008d 7E7EB17E 		.ascii	"~~\261~r~nn~\236~qIbQIi\201\276c\220\257\263o\005H\264"
  43      727E6E6E 
  43      7E9E7E71 
  43      49625149 
  43      6981BE63 
  44 00a8 203327B5 		.ascii	" 3'\265\250X\337\335\331Y?\271\250\304P/\231\001\000"
  44      A858DFDD 
  44      D9593FB9 
  44      A8C4502F 
  44      990100
  45 00bb E5443C1C 		.ascii	"\345D<\034"
  46              		.text
  47              		.section	.gnu.lto___early_init.ade58b5d629479fd,"",%progbits
  48 0000 789C6366 		.ascii	"x\234cf\300\004R@\\\004\304\026@\314\310\314\300\310"
  48      C0045240 
  48      5C04C416 
ARM GAS  /var/folders/nz/mg232qzd5vg5_0nfk_8jw8mc0000gn/T//ccVRxE95.s 			page 3


  48      40CCC8CC 
  48      C0C8
  49 0012 34E11C03 		.ascii	"4\341\034\003C#\007\023##\210\301\300\310P\317\304X"
  49      43230713 
  49      232388C1 
  49      C0C850CF 
  49      C458
  50 0024 CFF892E9 		.ascii	"\317\370\222\351#\023\343\204\003\253gp\253/mhh\370"
  50      2313E384 
  50      03AB6770 
  50      AB2F6D68 
  50      68F8
  51 0036 B0E9BA44 		.ascii	"\260\351\272D\253\304O&\006\206\317L\020c\030\2273\252"
  51      ABC44F26 
  51      0686CF4C 
  51      10631897 
  51      33AA
  52 0048 3300D57C 		.ascii	"3\000\325|l\371{\235\233\255\005\250F\000\"\307\270"
  52      6CF97B9D 
  52      9BAD05A8 
  52      460022C7 
  52      B8
  53 0059 82918D11 		.ascii	"\202\221\215\021H\257\027:\320\360\377\377\3439\022"
  53      48AF173A 
  53      D0F0FFFF 
  53      E33912
  54 0068 40C12740 		.ascii	"@\301'@\0142\375)\023\023\210f\276\307\310\010R\006"
  54      0C32FD29 
  54      13138866 
  54      BEC7C808 
  54      5206
  55 007a 32E70913 		.ascii	"2\347\011\023#H\010\250\300\3149#3)\323?X?\277X?9?7"
  55      234808A8 
  55      C0CC3923 
  55      3329D33F 
  55      583FBF58 
  56 0092 373F4FBF 		.ascii	"7?O\277\270$\261\250\244\264@\3371\310\327\331\267\002"
  56      B824B1A8 
  56      A4B440DF 
  56      31C8D7D9 
  56      B702
  57 00a4 245A9099 		.ascii	"$Z\220\231\223ZT\254\357\356\354\254\237\\Tb\250\227"
  57      935A54AC 
  57      EFEEECAC 
  57      9F5C5462 
  57      A897
  58 00b6 CC00003A 		.ascii	"\314\000\000:\331:\343"
  58      D93AE3
  59              		.text
  60              		.section	.gnu.lto___late_init.ade58b5d629479fd,"",%progbits
  61 0000 789C6366 		.ascii	"x\234cf\300\004R@\\\004\304\026@\314\310\314\300\310"
  61      C0045240 
  61      5C04C416 
  61      40CCC8CC 
  61      C0C8
  62 0012 34E11C03 		.ascii	"4\341\034\003C#\007\023##\210\301\300\310P\317\304X"
  62      43230713 
ARM GAS  /var/folders/nz/mg232qzd5vg5_0nfk_8jw8mc0000gn/T//ccVRxE95.s 			page 4


  62      232388C1 
  62      C0C850CF 
  62      C458
  63 0024 CFF892E9 		.ascii	"\317\370\222\351#\023\343\204\003\253gp\253/mhh\370"
  63      2313E384 
  63      03AB6770 
  63      AB2F6D68 
  63      68F8
  64 0036 30E9B644 		.ascii	"0\351\266D\253\304O&\006\206\317L\020c\030\2273\252"
  64      ABC44F26 
  64      0686CF4C 
  64      10631897 
  64      33AA
  65 0048 3300D57C 		.ascii	"3\000\325|l\371{\235\233\255\005\250F\000\"\307\270"
  65      6CF97B9D 
  65      9BAD05A8 
  65      460022C7 
  65      B8
  66 0059 82918D11 		.ascii	"\202\221\215\021H\257\027:\320\360\377\377\3429\022"
  66      48AF173A 
  66      D0F0FFFF 
  66      E23912
  67 0068 40C12740 		.ascii	"@\301'@\0142\375)\023\023\210f\276\307\310\010R\006"
  67      0C32FD29 
  67      13138866 
  67      BEC7C808 
  67      5206
  68 007a 32E70913 		.ascii	"2\347\011\023#H\010\250\300\3149#3)\323?X?\277X?9?7"
  68      234808A8 
  68      C0CC3923 
  68      3329D33F 
  68      583FBF58 
  69 0092 373F4FBF 		.ascii	"7?O\277\270$\261\250\244\264@\3371\310\327\331\267\002"
  69      B824B1A8 
  69      A4B440DF 
  69      31C8D7D9 
  69      B702
  70 00a4 245A9099 		.ascii	"$Z\220\231\223ZT\254\357\356\354\254\237\\Tb\250\227"
  70      935A54AC 
  70      EFEEECAC 
  70      9F5C5462 
  70      A897
  71 00b6 CC000011 		.ascii	"\314\000\000\021}:\207"
  71      7D3A87
  72              		.text
  73              		.section	.gnu.lto___default_exit.ade58b5d629479fd,"",%progbits
  74 0000 789C6366 		.ascii	"x\234cf\300\004&@\\\014\304\026@\314\310\312\300\310"
  74      C0042640 
  74      5C0CC416 
  74      40CCC8CA 
  74      C0C8
  75 0012 34E11C03 		.ascii	"4\341\034\003C#\007\023#3\210\301\310\314\310\002\021"
  75      43230713 
  75      233388C1 
  75      C8CCC802 
  75      11
  76 0023 60810838 		.ascii	"`\201\010822\32431\2630\002\011\210\376\227L\037\231"
ARM GAS  /var/folders/nz/mg232qzd5vg5_0nfk_8jw8mc0000gn/T//ccVRxE95.s 			page 5


  76      3232D433 
  76      31B33002 
  76      0988FE97 
  76      4C1F99
  77 0036 18271C58 		.ascii	"\030'\034X=\203[}iCC\303\207Gw%Z%~210|f\202(`\\\316"
  77      3D835B7D 
  77      694343C3 
  77      87477725 
  77      5A257E32 
  78 0053 A8CE0054 		.ascii	"\250\316\000T\363\261\345\357un\266\026\240\032\001"
  78      F3B1E5EF 
  78      756EB616 
  78      A01A01
  79 0062 881CE30A 		.ascii	"\210\034\343\012F6F \275^\350@\303\377\377\217\347\356"
  79      46364620 
  79      BD5EE840 
  79      C3FFFF8F 
  79      E7EE
  80 0074 B9CF02E4 		.ascii	"\271\317\002\344>\001J1\002I&\240\335O\200\226\000-"
  80      3E014A31 
  80      024926A0 
  80      DD4F8096 
  80      002D
  81 0086 657CC2C4 		.ascii	"e|\302\304\002\245\031\301F\2329gd&e\372\007\353\347"
  81      02A519C1 
  81      469A3967 
  81      642665FA 
  81      07EBE7
  82 0099 17EB27E7 		.ascii	"\027\353'\347\347\346\346\347\351\027\227$\026\225\224"
  82      E7E6E6E7 
  82      E9179724 
  82      169594
  83 00a8 16E83B06 		.ascii	"\026\350;\006\371:\373V\200D\0132sR\213\212\365\335"
  83      F93AFB56 
  83      80440B32 
  83      73528B8A 
  83      F5DD
  84 00ba 9D9DF593 		.ascii	"\235\235\365\223\213J\014\365\222\031\000\000:?G"
  84      8B4A0CF5 
  84      92190000 
  84      3A3F47
  85              		.text
  86              		.section	.gnu.lto___init_ram_areas.ade58b5d629479fd,"",%progbits
  87 0000 789C8D54 		.ascii	"x\234\215T\377k[U\024\277\347\336\227\367^\362\022\223"
  87      FF6B5B55 
  87      14BFE7DE 
  87      97F75EF2 
  87      1293
  88 0012 AE15C640 		.ascii	"\256\025\306@\024\372\303\374e{\316\037D\007\242\245"
  88      14FAC3FC 
  88      657BCE1F 
  88      4407A2A5 
  89 0022 3FE82F53 		.ascii	"?\350/S\320\177\300Y\005\013n\015m\005a\226\276\266"
  89      D07FC059 
  89      050B6E0D 
  89      6D056196 
  89      BEB6
ARM GAS  /var/folders/nz/mg232qzd5vg5_0nfk_8jw8mc0000gn/T//ccVRxE95.s 			page 6


  90 0034 D1B1E2BA 		.ascii	"\321\261\342\272:\334\010\3106\207_\326\332v\335\254"
  90      3ADC08C8 
  90      36875FD6 
  90      DA76DDAC 
  91 0044 DB92765F 		.ascii	"\333\222v_\322u.\235\326\3120\353`\033\263\214\256*"
  91      D2752E9D 
  91      D6CA30EB 
  91      601BB38C 
  91      AE2A
  92 0056 A8344697 		.ascii	"\2504F\227F-\361\234sSL\263U\014\344\335{\316=\367s"
  92      462DF19C 
  92      73534CB3 
  92      550CE4DD 
  92      7BCE3DF7 
  93 006b 3EE773DE 		.ascii	">\347s\336;J\334\375;\210\377\035\246\020u\270BP\200"
  93      3B4ADCFD 
  93      3B88FF1D 
  93      A61075B8 
  93      425080
  94 007e EC9D16A2 		.ascii	"\354\235\026\242\303\226\240\364F\201Oo\014\275\031"
  94      C396A0F4 
  94      46814F6F 
  94      0CBD19
  95 008d B77DD278 		.ascii	"\267}\322x7-\204\0270c\226\360\202&\330\344\007K\257"
  95      372D8417 
  95      306396F0 
  95      8226D8E4 
  95      074BAF
  96 00a0 E3B62D2D 		.ascii	"\343\266--}\356\347s\277t\264\031`\323\321\300u\001"
  96      7DEEE773 
  96      BF74B419 
  96      60D3D1C0 
  96      7501
  97 00b2 005A0588 		.ascii	"\000Z\005\210v\251\014\237i\331~'\000\355\206\022P,"
  97      76A90C9F 
  97      69D97E27 
  97      00ED8612 
  97      502C
  98 00c4 16DB999B 		.ascii	"\026\333\231\233OS\264\365\362\223\314J\350M\015\304"
  98      4F53B4F5 
  98      F293CC4A 
  98      E84D0DC4 
  99 00d4 9DF59F78 		.ascii	"\235\365\237x\236\267\320\231]\373\366\332\202\024\""
  99      9EB7D099 
  99      5DFBF6DA 
  99      821422
 100 00e3 2775001C 		.ascii	"'u\000\034\201\365\002c\206\0072\007A=\001\264O\036"
 100      81F50263 
 100      86073207 
 100      413D01B4 
 100      4F1E
 101 00f5 FDFD1BE7 		.ascii	"\375\375\033\347GY\220\360\020\231\243{'\343&\231\322"
 101      475990F0 
 101      1099A37B 
 101      27E32699 
 101      D2
 102 0106 20F3FAA7 		.ascii	" \363\372\247K\273d\355a\317\353\234\355NO\007\275I"
ARM GAS  /var/folders/nz/mg232qzd5vg5_0nfk_8jw8mc0000gn/T//ccVRxE95.s 			page 7


 102      4BBB64ED 
 102      61CFEB9C 
 102      ED4E4F07 
 102      BD49
 103 0118 2F365B2C 		.ascii	"/6[,>X\220\012\372@!.\364\303:\370\014\326\225\304\302"
 103      3E58900A 
 103      FA40212E 
 103      F4C33AF8 
 103      0CD695C4 
 104 012d 2BD9D8D2 		.ascii	"+\331\330\322U\307\214!\201\010\014@\255N\016\203`\202"
 104      55C78C21 
 104      81080C40 
 104      AD4E0E83 
 104      6082
 105 013f 108A3C18 		.ascii	"\020\212<\030\323\221\332\235\011\251'\231@W\242\343"
 105      D391DA9D 
 105      09A92799 
 105      4057A2E3 
 106 014f 5C50A7D8 		.ascii	"\\P\247\330\375C\272,\205\001C\367J\001G\031b\261o\327"
 106      FD43BA2C 
 106      850143F7 
 106      4A014719 
 106      62B16FD7 
 107 0163 19A99E66 		.ascii	"\031\251\236f\210\364\337w\256\334\307\020\037\366\034"
 107      88F4DF77 
 107      AEDCC710 
 107      1FF61C
 108 0172 31CB0086 		.ascii	"1\313\000\206\357\011p\014j\207\327\244\274bq\344\302"
 108      EF09700C 
 108      6A87D7A4 
 108      BC6271E4 
 108      C2
 109 0183 773B6BC7 		.ascii	"w;k\307\344\375 \210\227dh\305\347\006?m~\006\330\357"
 109      E4FD2088 
 109      976468C5 
 109      E7063F6D 
 109      7E06D8EF 
 110 0197 F03E2810 		.ascii	"\360>(\0206\204\017_\230\355\010\237U\221\267\232\035"
 110      36840F5F 
 110      98ED089F 
 110      5591B79A 
 110      1D
 111 01a8 350C25C4 		.ascii	"5\014%\304\034V}Y\210\333R\342\242f\2403\265\257\347"
 111      1C567D59 
 111      88DB52E2 
 111      A266A033 
 111      B5AFE7
 112 01bb 0156412B 		.ascii	"\001VA+\260\177O&\241\332\376\362\342\236]\220\346\222"
 112      B07F4F26 
 112      A1DAFEF2 
 112      E29E5D90 
 112      E692
 113 01cd D4DA7D3F 		.ascii	"\324\332}?\367\355e\233\3247\331\354\337\363~\002\016"
 113      F7ED659B 
 113      D437D9EC 
 113      DFF37E02 
 113      0E
ARM GAS  /var/folders/nz/mg232qzd5vg5_0nfk_8jw8mc0000gn/T//ccVRxE95.s 			page 8


 114 01de C0071DBD 		.ascii	"\300\007\035\275\024e\301qh\203\317\251\016<;4\327\027"
 114      1465C171 
 114      6883CFA9 
 114      0E3C3B34 
 114      D717
 115 01f0 771820F5 		.ascii	"w\030 \365,\306\303\010\006bm_@\233\240\264J\304,J\033"
 115      2CC6C308 
 115      06626D5F 
 115      409BA0B4 
 115      4AC42C4A 
 116 0205 613E7909 		.ascii	"a>y\011\342\032t\236\314^\314\251\212\026!}\342\315"
 116      E21A749E 
 116      CC5ECCA9 
 116      8A16217D 
 116      E2CD
 117 0217 1DC2FB27 		.ascii	"\035\302\373'\300\314\313@9\025\305\351N,\036\372%D"
 117      C0CCCB40 
 117      3915C5E9 
 117      4E2C1EFA 
 117      2544
 118 0229 543C2FE5 		.ascii	"T</\345\026\244\215\210p\262D\345\327\363=\177\2067"
 118      16A48D88 
 118      70B244E5 
 118      D7F33D7F 
 118      8637
 119 023b 0C789182 		.ascii	"\014x\221\202\364\303)\344\361\033\277o\220\200\015"
 119      F4C329E4 
 119      F11BBF6F 
 119      90800D
 120 024a 0229784F 		.ascii	"\002)xO\021*%Bd\246\361^Z\351DN\005\362\306\377BN22"
 120      112A2542 
 120      64A6F15E 
 120      5AE9444E 
 120      05F2C6FF 
 121 0262 10F2E80A 		.ascii	"\020\362\350\012\344c\204\354\0101\017\260B\331\331"
 121      E46384EC 
 121      08310FB0 
 121      42D9D9
 122 0271 EE9D6B96 		.ascii	"\356\235k\226\305\2051h\223}V^\3268S\177\274\204\002"
 122      C5853168 
 122      937D565E 
 122      D638537F 
 122      BC8402
 123 0284 19023F3A 		.ascii	"\031\002?:\205l\356t\317$\037\327tB\345u\033+\352\206"
 123      856CEE74 
 123      CF241FD7 
 123      7442E575 
 123      1B2BEA86 
 124 0298 820CE4A5 		.ascii	"\202\014\344\245\204\323\304\014\316\220\330xw\357\341"
 124      84D3C40C 
 124      CE90D878 
 124      77EFE1
 125 02a7 10DDACA8 		.ascii	"\020\335\254\250\302\342XU\212=\213\261\010\215\341"
 125      C2E25855 
 125      8A3D8BB1 
 125      088DE1
 126 02b6 5DF1776E 		.ascii	"]\361wn&\037\321\251\302\024@\357\344\014\310\177\213"
ARM GAS  /var/folders/nz/mg232qzd5vg5_0nfk_8jw8mc0000gn/T//ccVRxE95.s 			page 9


 126      261FD1A9 
 126      C21440EF 
 126      E40CC87F 
 126      8B
 127 02c7 08EBA8F9 		.ascii	"\010\353\250\371\344\243:*B)\313\243X\304\010w\330'"
 127      E4A33A2A 
 127      4229CBA3 
 127      58C40877 
 127      D827
 128 02d9 703C945A 		.ascii	"p<\224Z\314\227\225\320\006\307H\335\357\251\021\237"
 128      CC9795D0 
 128      06C748DD 
 128      EFA9119F 
 129 02e9 460AAEAC 		.ascii	"F\012\256\254eu\225\317\261\312,Y\012U\276\002\261\351"
 129      657595CF 
 129      B1CA2C59 
 129      0A55BE02 
 129      B1E9
 130 02fb AEED250C 		.ascii	"\256\355%\014\312!Hg\211\235T7\262o!\027c*\367\312<"
 130      CA214867 
 130      899D5437 
 130      B26F2117 
 130      632AF7CA 
 131 0310 286C80FA 		.ascii	"(l\200\372\231\034a\343t\216\3645\351\005\304P\314\244"
 131      991C61E3 
 131      748EF435 
 131      E905C450 
 131      CCA4
 132 0322 7C800E6B 		.ascii	"|\200\016kY\360\205\205\314GjU\331\214\222l\343\310"
 132      59F08585 
 132      CC476A55 
 132      D98C926C 
 132      E3C8
 133 0334 A3BC1D01 		.ascii	"\243\274\035\001\364\235\307\023\026hf\264$c5]\270K"
 133      F49DC713 
 133      166866B4 
 133      2463355D 
 133      B84B
 134 0346 C66A16C8 		.ascii	"\306j\026\310&\201\240L \20359\236Y\326\244\352\377"
 134      2681A04C 
 134      20833539 
 134      9E59D6A4 
 134      EAFF
 135 0358 6A32C19A 		.ascii	"j2\301\232P\355p\241B\223*\202eM\214\274\264M\354t\265"
 135      50ED70A1 
 135      42932A82 
 135      654D8CBC 
 135      B44DEC74 
 136 036d 35C82F98 		.ascii	"5\310/\230\237\004`\266\2676\353\330\032L\200\320_\337"
 136      9F0460B6 
 136      B736EBD8 
 136      1A4C80D0 
 136      5FDF
 137 037f 5ACC0579 		.ascii	"Z\314\005y\304\"\261/\313\270\363\207ZC\360S]c\007\024"
 137      C422B12F 
 137      CBB8F387 
 137      5A43F053 
ARM GAS  /var/folders/nz/mg232qzd5vg5_0nfk_8jw8mc0000gn/T//ccVRxE95.s 			page 10


 137      5D630714 
 138 0393 7D9168AF 		.ascii	"}\221h\257:,*\247\303\305\262\351\360\361\276\375\203"
 138      3A2C2AA7 
 138      C3C5B2E9 
 138      F0F1BEFD 
 138      83
 139 03a4 3ECAE1D8 		.ascii	">\312\341\330d^\232\350?\025v\207\274^/\265\031\013"
 139      645E9AE8 
 139      3F157687 
 139      BC5E2FB5 
 139      190B
 140 03b6 8534DE83 		.ascii	"\2054\336\203I=\021i\312O$\206\374z\226<L\243\375\022"
 140      493D1169 
 140      CA4F2486 
 140      FC7A963C 
 140      4CA3FD12 
 141 03ca B858EA57 		.ascii	"\270X\352W<Jh\2249b\304\204\333\330\002\034e7qxg\237"
 141      3C4A6894 
 141      3962C484 
 141      DBD8021C 
 141      65377178 
 142 03e0 D3D382CE 		.ascii	"\323\323\202\316\000\235H\350\261\372\327\032_n|\376"
 142      009D48E8 
 142      B1FAD71A 
 142      5F6E7CFE 
 143 03f0 45B7A9C5 		.ascii	"E\267\251\305mh\332\266\255i\273\333\322\272\265\271"
 143      6D68DAB6 
 143      AD69BBDB 
 143      D2BAB5B9 
 144 0400 F58DA85B 		.ascii	"\365\215\250[\367\302\226\372-o\2227\332\370\372\253"
 144      F7C296FA 
 144      2D6F9237 
 144      DAF8FAAB 
 145 0410 CD2DEE33 		.ascii	"\315-\3563\365\365nCs\353\246\215\015B5o\215\312\326"
 145      F5F56E43 
 145      73EBA68D 
 145      0D42356F 
 145      8DCAD6
 146 0423 2844FF01 		.ascii	"(D\377\001\250>T/"
 146      A83E542F 
 147              		.text
 148              		.section	.gnu.lto_.symbol_nodes.ade58b5d629479fd,"",%progbits
 149 0000 789C55CA 		.ascii	"x\234U\312\331Q\002a\024D\3413\377\314\350 (\270 \273"
 149      D9510261 
 149      1444E133 
 149      FFCCE820 
 149      28B820BB 
 150 0014 10098476 		.ascii	"\020\011\204vS0\002\212P\\\300\235]\020\005\001\201"
 150      5330028A 
 150      505CC09D 
 150      5D100501 
 150      81
 151 0025 40B08B07 		.ascii	"@\260\213\007\245_\276\252S\355\003U\217\335\334\015"
 151      A55FBEAA 
 151      53ED0355 
 151      8FDDDC0D 
 152 0035 06D71D30 		.ascii	"\006\327\0350\243\336\210p\267\230\267\027\3560\267"
ARM GAS  /var/folders/nz/mg232qzd5vg5_0nfk_8jw8mc0000gn/T//ccVRxE95.s 			page 11


 152      A3DE8870 
 152      B798B717 
 152      EE30B7
 153 0044 17EE31FF 		.ascii	"\027\3561\377/\004\270&\026\374\177\2045\032\316\374"
 153      2F04B826 
 153      16FC7F84 
 153      351ACEFC 
 154 0054 B0859732 		.ascii	"\260\205\2272\302\007\234x\304\027O\004\342\231P\274"
 154      C2079C78 
 154      C4174F04 
 154      E29950BC 
 155 0064 70205E39 		.ascii	"p ^9\024oD\242MLt8\022]\342\242GB\3649\026\003N\304"
 155      146F44A2 
 155      4D4C7438 
 155      125DE2A2 
 155      4742F439 
 156 007c 90A47827 		.ascii	"\220\244x'%F\234\2121g\342\203s1\341B|\222\026_\\\212"
 156      25469C8A 
 156      3167E283 
 156      7331E142 
 156      7C92165F 
 157 0092 29193123 		.ascii	")\0311#+\276\311\2119y\261\240 \226\024\305\017%\261"
 157      2BBEC989 
 157      3979B1A0 
 157      209614C5 
 157      0F25B1
 158 00a5 E24AAC29 		.ascii	"\342J\254)\213\015\225_\330\002OTIJ"
 158      8B0D955F 
 158      D8024F54 
 158      494A
 159              		.text
 160              		.section	.gnu.lto_.refs.ade58b5d629479fd,"",%progbits
 161 0000 789C25C1 		.ascii	"x\234%\301[\032\201P\030\000\300\377\233:\024\241(\227"
 161      5B1A8150 
 161      1800C0FF 
 161      9B3A14A1 
 161      2897
 162 0012 90E3B61A 		.ascii	"\220\343\266\032\373\337\217\207f\212\210\370\305L)"
 162      FBDF8F87 
 162      668A88F8 
 162      C54C29
 163 0021 91A69C2C 		.ascii	"\221\246\234,,Uj+k\215\215\255\235Vg\357\24078:9\273"
 163      2C556A2B 
 163      6B8D8DAD 
 163      9D5667EF 
 163      A037383A 
 164 0037 185DDDDC 		.ascii	"\030]\335\334M\036\262\247\227\267\217o\374\001}Z\003"
 164      4D1EB2A7 
 164      97B78F6F 
 164      FC017D5A 
 164      03
 165 0048 98       		.ascii	"\230"
 166              		.text
 167              		.section	.gnu.lto_.decls.ade58b5d629479fd,"",%progbits
 168 0000 789CA598 		.ascii	"x\234\245\230kP\024\331\025\307\347\366\235\031`\034"
 168      6B5014D9 
 168      15C7E7F6 
ARM GAS  /var/folders/nz/mg232qzd5vg5_0nfk_8jw8mc0000gn/T//ccVRxE95.s 			page 12


 168      9D19601C 
 169 0010 064B6B1F 		.ascii	"\006Kk\037e\2526\256VYy\254;\013*VR\225\354&Vj\267\222"
 169      65AA36AE 
 169      565979AC 
 169      3B0B2A56 
 169      5295EC26 
 170 0028 EC2BA97C 		.ascii	"\354+\251|\332\252L\261H\262$\010\006\306\312\372a\253"
 170      DAAA4CB1 
 170      48B22408 
 170      06C6CAFA 
 170      61AB
 171 003a 46501650 		.ascii	"FP\026P\001Q\021Dax\255\254\274\021P\336/y\203\250\240"
 171      01511144 
 171      6178ADAC 
 171      BC1150DE 
 171      2F7983A8 
 172 004f C2F2C607 		.ascii	"\302\362\306\007\262<\005\\@Qr\372\336\323\215\323\215"
 172      B23C055C 
 172      405172FA 
 172      DED38DD3 
 172      8D
 173 0060 C9874CD5 		.ascii	"\311\207L\325\341\366\3559\347w\376}\377\267{f\240\032"
 173      E1F6ED39 
 173      E777FE7D 
 173      FFB77B66 
 173      A01A
 174 0072 8DE62AD1 		.ascii	"\215\346*\321hV\340\365\253W4\232D\252\321\350\341\334"
 174      6856E0F5 
 174      AB57349A 
 174      44AAD1E8 
 174      E1DC
 175 0084 279AD597 		.ascii	"'\232\325\227\016\"\007\"\037\242\020\242\004\242\014"
 175      0E220722 
 175      1FA210A2 
 175      04A20C
 176 0093 E24D883F 		.ascii	"\342M\210?B\355\000\214\303\020\367 F!\306!\246 \036"
 176      42ED008C 
 176      C310F720 
 176      4621C621 
 176      A6201E
 177 00a6 41CC432C 		.ascii	"A\314C,A,C\254@\010\220\357\004a\200p\205X\017\361\012"
 177      412C43AC 
 177      400890EF 
 177      04618070 
 177      85580FF1 
 178 00bb C4EB103F 		.ascii	"\304\353\020?\202x\003b+\3046\210\237B\274\005\341\016"
 178      82780362 
 178      2BC43688 
 178      9F42BC05 
 178      E10E
 179 00cd B1136237 		.ascii	"\261\023b7\304/!\336\205\370-\304\357 > \032\207\227"
 179      C42F21DE 
 179      85F82DC4 
 179      EF203E20 
 179      1A8797
 180 00e0 A893BCA0 		.ascii	"\250\223\274\240\237\3409\345+\177\215\274\3745\362"
 180      9FE039E5 
ARM GAS  /var/folders/nz/mg232qzd5vg5_0nfk_8jw8mc0000gn/T//ccVRxE95.s 			page 13


 180      2B7F8DBC 
 180      FC35F2
 181 00ef 0AD7C82B 		.ascii	"\012\327\310+\\#\257d\215\274\2225\362\304u3b\236\011"
 181      5C23AF64 
 181      8DBC9235 
 181      F2C47533 
 181      629E09
 182 0102 8F3F84E4 		.ascii	"\217?\204\344\006\015_\317\217\340\270\027\306[\020"
 182      060D5FCF 
 182      8FE0B817 
 182      C65B10
 183 0111 1FC3F155 		.ascii	"\037\303\361U\030\177\017\241\205\270\006\321\006q\035"
 183      187F0FA1 
 183      85B806D1 
 183      06711D
 184 0120 A21D7B94 		.ascii	"\242\035{\224\341\370G\305:<\022HI\316|\373\272\207"
 184      E1F847C5 
 184      3A3C1248 
 184      49CE7CFB 
 184      BA87
 185 0132 02311936 		.ascii	"\0021\0316\213\323\322\230\2468=L\215\006\2558-{:\322"
 185      8BD3D298 
 185      A6383D4C 
 185      8D06AD38 
 185      2D7B3AD2 
 186 0146 A57DEDB4 		.ascii	"\245}\355\264\015^\321!\266\365Z\362\311\253\344\002"
 186      0D5ED121 
 186      B6F55AF2 
 186      C9ABE402 
 187 0156 D94432C8 		.ascii	"\331D2\310& ~K^\203\277\237i9\351\273\304\316\006g\012"
 187      26207E4B 
 187      5E83BF9F 
 187      6939E9BB 
 187      C4CE0667 
 188 016b D6C1716A 		.ascii	"\326\301qj\334p\227\341\255\213P\026f\253\236!\253\355"
 188      DC7097E1 
 188      AD8B5016 
 188      66AB9E21 
 188      ABED
 189 017d BE0B099B 		.ascii	"\276\013\011\233u\243\257\260\244#\327\306g\251V\320"
 189      75A3AFB0 
 189      A423D7C6 
 189      67A956D0 
 190 018d 902C42F9 		.ascii	"\220,B\371\273Q\021\225\025n\233\023mv\373Li^\004\215"
 190      BB511195 
 190      156E9B13 
 190      6D76FB4C 
 190      695E048D 
 191 01a1 B7D96B6D 		.ascii	"\267\331km\317WV\010kE.\022J2\311[\3202\233h5\342\224"
 191      CF575608 
 191      6B452E12 
 191      4A32C95B 
 191      D0329B68 
 192 01b8 2F620ED9 		.ascii	"/b\016\331\014\265\265'f'\011\375\364%\344C\003\215"
 192      0CB5B527 
 192      662709FD 
 192      F425E443 
ARM GAS  /var/folders/nz/mg232qzd5vg5_0nfk_8jw8mc0000gn/T//ccVRxE95.s 			page 14


 192      038D
 193 01ca 892646B6 		.ascii	"\211&F\266\227\245\353\233\242\253WV\336e\320\\\031"
 193      97A5EB9B 
 193      A2AB5756 
 193      DE65D05C 
 193      19
 194 01db 9A274273 		.ascii	"\232'Bs%h>\203\306\336>?\352B\377\372\022hI\337C;\341"
 194      25683E83 
 194      C6DE3E3F 
 194      EA42FFFA 
 194      126849DF 
 195 01f2 D01E0768 		.ascii	"\320\036\007h\201\014\275$B\013$h!\203\346\015D\316"
 195      810CBD24 
 195      420B2468 
 195      2183E60D 
 195      44CE
 196 0204 3AD17F30 		.ascii	":\321\1770h\317\360X\227\023=\310\216\223\342\022\357"
 196      68CFF058 
 196      97133DC8 
 196      8E93E212 
 196      EF
 197 0215 18C506C5 		.ascii	"\030\305\006\305R\203\201\236S\245.RKr\2310O\352N\304"
 197      5283819E 
 197      53A52E52 
 197      4B729930 
 197      4FEA4EC4 
 198 0229 0C0B62D7 		.ascii	"\014\013b\327d\373\224C\327\"\271\353\025\261k\221\324"
 198      64FB9443 
 198      D722B9EB 
 198      15B16B91 
 198      D4
 199 023a B584752D 		.ascii	"\265\204u-Ly\320\357D\203\011k5\032z\365S\021\221g\017"
 199      4C79D0EF 
 199      4483096B 
 199      351A7AF5 
 199      53119167 
 200 024f BBA06FB2 		.ascii	"\273\240o\262\311\210R\011\001e\245R}\031\253?]~.\306"
 200      C9885209 
 200      0165A552 
 200      7D19AB3F 
 200      5D7E2EC6 
 201 0263 856D141B 		.ascii	"\205m\024\033C\264\216,\316\031\331NY/N\253*\027\033"
 201      43B48E2C 
 201      CE19D94E 
 201      592F4EAB 
 201      2A171B
 202 0276 0CF424C7 		.ascii	"\014\364$\307\037\013\033j6\320s|r\350\233\262cN\220"
 202      1F0B1B6A 
 202      36D0737C 
 202      72E89BB2 
 202      634E90
 203 0289 F8A6815D 		.ascii	"\370\246\201]\323`\302R\232\013\233\212O\02378%4=\260"
 203      D360C252 
 203      9A0B9B8A 
 203      4F133738 
 203      25343DB0 
 204 029d A59AC836 		.ascii	"\245\232\3106C\032\354\227\231\216\364\221\017Bl\357"
ARM GAS  /var/folders/nz/mg232qzd5vg5_0nfk_8jw8mc0000gn/T//ccVRxE95.s 			page 15


 204      431AEC97 
 204      998EF491 
 204      0F426CEF 
 205 02ad 913A6220 		.ascii	"\221:b U\262\034V-\276\302l\266`q/\2724\2314\362V$\265"
 205      55B21C56 
 205      2DBEC26C 
 205      B660712F 
 205      BA349934 
 206 02c5 641B64B0 		.ascii	"d\033d\260\\R\015'k\340$\200\353\227+\017\353\210a\333"
 206      5C520D27 
 206      6BE02480 
 206      EB972B0F 
 206      EB8861DB 
 207 02d9 DA45F56B 		.ascii	"\332E\365k\0241\011G\303c^\265\331\264\344*H\250\\\225"
 207      14310947 
 207      C3635EB5 
 207      D9B4E42A 
 207      48A85C95 
 208 02ed 008AE47D 		.ascii	"\000\212\344}<=\030\232\2513F\254rY\362\352\255\321"
 208      3C3D189A 
 208      A93346AC 
 208      7259F2EA 
 208      ADD1
 209 02ff 408C9819 		.ascii	"@\214\230\031^\377(WK\273\370}q\254\250\346\201\211"
 209      5EFF2857 
 209      4BBBF87D 
 209      71ACA8E6 
 209      8189
 210 0311 DEE593E2 		.ascii	"\336\345\223\342\373\361q::\311'i\247c\263tl9\235\305"
 210      FBF1713A 
 210      3AC92769 
 210      A763B374 
 210      6C399DC5 
 211 0325 A93D3D7B 		.ascii	"\251=={ZO\027\331{\372\342\310\347g\335\310\226-[6n"
 211      5A4F17D9 
 211      7BFAE2C8 
 211      E767DDC8 
 211      962D5B36 
 212 033a D9668796 		.ascii	"\331f\207\2263\245}cD\2749\210\330\2074\201\304\016"
 212      33A57D63 
 212      44BC3988 
 212      D8873481 
 212      C40E
 213 034c B271F5C2 		.ascii	"\262q\365\302~\"*\270 \352\320\210\351\366\305\002\333"
 213      7E222AB8 
 213      20EAD088 
 213      E9F6C502 
 213      DB
 214 035d 7B8729CB 		.ascii	"{\207)\313mU\346\266\020E\362\344jr\343\232\340\237"
 214      6D55E6B6 
 214      1045F2E4 
 214      6A72E39A 
 214      E09F
 215 036f 89A927D8 		.ascii	"\211\251'\330#\301f{\317\252!\345\360v\005\303\210\311"
 215      23C1667B 
 215      CFAA21E5 
 215      F07605C3 
ARM GAS  /var/folders/nz/mg232qzd5vg5_0nfk_8jw8mc0000gn/T//ccVRxE95.s 			page 16


 215      88C9
 216 0381 B058E406 		.ascii	"\260X\344\006\254\3545\262\205\264A\\\207h'[\330\302"
 216      ACEC35B2 
 216      85B4415C 
 216      8768275B 
 216      D8C2
 217 0393 B106D3AB 		.ascii	"\261\006\323\253\015\232\327V\303:\210N\014Mx8\213\011"
 217      0D9AD756 
 217      C33A884E 
 217      0C4D7838 
 217      8B09
 218 03a5 1A6953CA 		.ascii	"\032iS\312\353?3W8\354L\217Pq}\204\366\350\261\223N"
 218      EB3F3357 
 218      38EC4C8F 
 218      50717D84 
 218      F6E8B193 
 219 03ba 64E3B6B5 		.ascii	"d\343\266\265D\221.\320\362\277t\261^KzB:!\361\346\252"
 219      44912ED0 
 219      F2BF74B1 
 219      5E4B7A42 
 219      3A21F1E6 
 220 03cf E3626BA9 		.ascii	"\343bk\251clQK\362\272\215\330\302\376\262\026\2325"
 220      636C514B 
 220      F2BA8DD8 
 220      C2FEB216 
 220      9A35
 221 03e1 F9E2EDD2 		.ascii	"\371\342\355\322\232\365:\277{\230\277\322\335d\304"
 221      9AF53ABF 
 221      7B98BFD2 
 221      DD64C4
 222 03f0 BB692175 		.ascii	"\273i!uh\234\260\271\2238\035z\036ms3\204\341sW\334"
 222      689CB0B9 
 222      93381D7A 
 222      1E6D7333 
 222      84E17357 
 223 0405 5EC61777 		.ascii	"^\306\027wW\217\270\023\301\015\322\315\3669I\212I{"
 223      578FB813 
 223      C10DD2CD 
 223      F639498A 
 223      497B
 224 0417 E4B2211A 		.ascii	"\344\262!\032/\177\263\225]\307mH\277\303\322\277#\033"
 224      2F7FB395 
 224      5DC76D48 
 224      BFC3D2BF 
 224      231B
 225 0429 A42231FB 		.ascii	"\244\"1\373F\335\255l\335\213\331\267\376[vH^W\272+"
 225      46DDAD6C 
 225      DD8BD9B7 
 225      FE5B7648 
 225      5E57BA2B 
 226 043d 3DCD569A 		.ascii	"=\315V\232\304\216\237\0121\320$>)\312\315\216'[\223"
 226      C48E9F0A 
 226      31D0243E 
 226      29CACD8E 
 226      275B93
 227 0450 6D43C143 		.ascii	"mC\301Ca\251-F{\023,\342\312\312\217\331\235\320\317"
 227      61A92D46 
ARM GAS  /var/folders/nz/mg232qzd5vg5_0nfk_8jw8mc0000gn/T//ccVRxE95.s 			page 17


 227      7B132CE2 
 227      CACA8FD9 
 227      9DD0CF
 228 0463 17F105CD 		.ascii	"\027\361\005\315\375\374q\002u\371q\261=n_=\205\217"
 228      FDFC7102 
 228      75F971B1 
 228      3D6E5F3D 
 228      858F
 229 0475 86A18A10 		.ascii	"\206\241\212\020\276\205\007\310V\366V\304@\377\021"
 229      BE8507C8 
 229      56F656C4 
 229      40FF11
 230 0484 575AC0F9 		.ascii	"WZ\300\371\025g\273~-\341;\035\361C*\374\220\214_\250"
 230      1567BB7E 
 230      2DE13B1D 
 230      F1432AFC 
 230      908C5FA8 
 231 0498 7F728620 		.ascii	"\177r\206 \036\036+\"~\030\361%\227\317\317;\321j\216"
 231      1E1E2B22 
 231      7E18F125 
 231      97CFCF3B 
 231      D16A8E
 232 04ab BF3D9575 		.ascii	"\277=\225u_\222\037\322\353\310\277\253\342\337\225"
 232      5F921FD2 
 232      EBC8BFAB 
 232      E2DF95
 233 04ba F9A77A23 		.ascii	"\371\247z#&\234$\376\253\214\177\017\371\241y\251\013"
 233      269C24FE 
 233      AB8C7F0F 
 233      F9A179A9 
 233      0B
 234 04cb 06DAC1F9 		.ascii	"\006\332\301\371qO\306\006\251\304\367\216\267%\007"
 234      714FC606 
 234      A9C4F78E 
 234      B72507
 235 04da DB6CE273 		.ascii	"\333l\342s\2265x\240j\360@npk&c\224b\203\2727X\203Q"
 235      963578A0 
 235      6AF0406E 
 235      706B2663 
 235      946283BA 
 236 04f2 6C90B910 		.ascii	"l\220\271\020\022\356\342Yh\013\263of\256\211\233m\220"
 236      12EEE259 
 236      680BB36F 
 236      66AE899B 
 236      6D90
 237 0504 7CC536DC 		.ascii	"|\3056\334\010\214\342\246\273\017#l<\362\220|%\226"
 237      088CE2A6 
 237      BB0F236C 
 237      3CF2907C 
 237      2596
 238 0516 3435A63E 		.ascii	"45\246>v\243\203\\\323\344\341\211\014#\327tTi\331\367"
 238      76A3835C 
 238      D3E4E189 
 238      0C23D774 
 238      5469D9F7 
 239 052a 2A49DFCB 		.ascii	"*I\337\313\222nL\336\337\313\025U\241c\343\250\250\241"
 239      926E4CDE 
ARM GAS  /var/folders/nz/mg232qzd5vg5_0nfk_8jw8mc0000gn/T//ccVRxE95.s 			page 18


 239      DFCB1555 
 239      A163E3A8 
 239      A8A1
 240 053c B37BD499 		.ascii	"\263{\324\231\316r\374\340`m\035\225\360\012\313&U\370"
 240      CE72FCE0 
 240      606D1D95 
 240      F00ACB26 
 240      55F8
 241 054e 49195F39 		.ascii	"I\031_9p\257\013\257\270\012-\233B~oS\310c\027\012\017"
 241      70AF0BAF 
 241      B80A2D9B 
 241      427E6F53 
 241      C863170A 
 242 0563 6371D2D5 		.ascii	"cq\322\325\033\222\256C\276\322\262\031\025\177F\346"
 242      1B92AE43 
 242      BED2B219 
 242      157F46E6 
 243 0573 CF7FBDD2 		.ascii	"\317\177\275\322G$>\267\354\021\362S\006VR\335h\024"
 243      47243EB7 
 243      EC11F253 
 243      065652DD 
 243      6814
 244 0585 E79F3A3E 		.ascii	"\347\237:>{Q/\361\225\226\315\251\032\314\311\015J\363"
 244      7B512FF1 
 244      9596CDA9 
 244      1ACCC90D 
 244      4AF3
 245 0597 E22F9BB0 		.ascii	"\342/\233\260\001Z6\217\015\346\207\033'\235\025\226"
 245      015A368F 
 245      0DE6871B 
 245      279D1596 
 246 05a7 4DA065D3 		.ascii	"M\240e\323h\331,Z\366\230[v\366\316\375y\312\036\026"
 246      68D92C5A 
 246      F6985B76 
 246      F6CEFD79 
 246      CA1E16
 247 05ba 02BBCFDA 		.ascii	"\002\273\317\332S\226\2644\211K<\276\\[`\340\022#\225"
 247      5396B434 
 247      894B3CBE 
 247      5C5B60E0 
 247      122395
 248 05cd 0E2EAA14 		.ascii	"\016.\252\024.\312\012\243+#\013\214\\a\013Z\270\204"
 248      2ECA0AA3 
 248      2B230B8C 
 248      5C610B5A 
 248      B884
 249 05df 0A4BD327 		.ascii	"\012K\323'{t\264\200\363\213N,\026\351$\276\302\302"
 249      7B74B480 
 249      F38B4E2C 
 249      16E924BE 
 249      C2C2
 250 05f1 A72AFE53 		.ascii	"\247*\376S\231?w/\356\216\200|\264p\031\371\307k\313"
 250      993F772F 
 250      EE8E807C 
 250      B47019F9 
 250      C76BCB
 251 0604 2FB9D06A 		.ascii	"/\271\320j\316\257\317l{\210K\034\251\264\360\271\212"
ARM GAS  /var/folders/nz/mg232qzd5vg5_0nfk_8jw8mc0000gn/T//ccVRxE95.s 			page 19


 251      CEAFCF6C 
 251      7B884B1C 
 251      A9B4F0B9 
 251      8A
 252 0615 FF5CE6F7 		.ascii	"\377\\\346\367\305D\254H\372\321\302\025\344geU\247"
 252      C544AC48 
 252      FAD1C215 
 252      E4676555 
 252      A7
 253 0626 0AB483F3 		.ascii	"\012\264\203\363\247\342J\312\250\304WZxHP6\2003\330"
 253      A7E24ACA 
 253      A8C4575A 
 253      78485036 
 253      8033D8
 254 0639 60E05C46 		.ascii	"`\340\\F\024Z\330\202\026\006\013\274A\307\342\223\031"
 254      145AD882 
 254      16060BBC 
 254      41C7E293 
 254      19
 255 064a ADC2C227 		.ascii	"\255\302\302'h\3413\264\320&p\013C\004fadN\332\234\033"
 255      68E133B4 
 255      D026700B 
 255      43046661 
 255      644EDA9C 
 256 065f B3908AD3 		.ascii	"\263\220\212\323\376;c7\234\350 \227x\357\361c\\\201"
 256      FE3B6337 
 256      9CE82097 
 256      78EFF163 
 256      5C81
 257 0671 78A583A1 		.ascii	"x\245\203\241*\201\241\262\300\320\233\211e\270\211"
 257      2A81A1B2 
 257      C0D09B89 
 257      65B889
 258 0680 DBD1C1AF 		.ascii	"\333\321\301\257Q`\177Vd\221@g9>\247d\360\212N\342+"
 258      51607F56 
 258      64914067 
 258      393EA764 
 258      F08A4EE2 
 259 0695 1C0C57F1 		.ascii	"\034\014W\361\303e~\307\321\320\004|\256\265\243\203"
 259      C3657EC7 
 259      D1D0047C 
 259      AEB5A383 
 260 06a5 11C8CF1D 		.ascii	"\021\310\317\035\312Jp\2456\035\343\307\224\035\336"
 260      CA4A70A5 
 260      361DE3C7 
 260      941DDE
 261 06b4 8A78A581 		.ascii	"\212x\245\201\307T\370c2\276!5\252S\306s\003\217#\376"
 261      C754F863 
 261      32BE2135 
 261      AA53C673 
 261      038F23FE 
 262 06c8 F0F2503F 		.ascii	"\360\362P?\245Q\034?VzcD\220\370J\003\243T\015\242\344"
 262      A5511C3F 
 262      567A6344 
 262      90F84A03 
 262      A3540DA2 
 263 06dd 060B63CF 		.ascii	"\006\013c\317\276u\306\006h`46H\356\252\273\25240L\340"
ARM GAS  /var/folders/nz/mg232qzd5vg5_0nfk_8jw8mc0000gn/T//ccVRxE95.s 			page 20


 263      BE75C606 
 263      68603436 
 263      48EEAABB 
 263      AA34304C 
 264 06f2 061E15B8 		.ascii	"\006\036\025\270\201\221h\340\011n\240\364C\310\304"
 264      819168E0 
 264      096EA0F4 
 264      43C8C4
 265 0701 7F083554 		.ascii	"\177\0105T<n\020h\022\227\330\334\324\223\270\216K<"
 265      3C6E1068 
 265      1297D8DC 
 265      D493B88E 
 265      4B3C
 266 0713 A774F094 		.ascii	"\247t\360\224J\341)Yan\375\304\220\216+\354F\007O\243"
 266      4AE12959 
 266      616EFDC4 
 266      908E2BEC 
 266      46074FA3 
 267 0727 C2F4BC86 		.ascii	"\302\364\274\206j\201\026p~U\354\263fW\211\257p\360"
 267      6A811670 
 267      7E55ECB3 
 267      665789AF 
 267      70F0
 268 0739 8C8A7F46 		.ascii	"\214\212\177F\346\267\226w\305\352\221\217\016\306!"
 268      E6B79677 
 268      C5EA918F 
 268      0EC621
 269 0748 3F6338A2 		.ascii	"?c8\242\\K\2539\177\372\320\354e|\206\234SZxV\305?+"
 269      5C4BAB39 
 269      7FFAD0EC 
 269      657C869C 
 269      535A7856 
 270 075f F32B133B 		.ascii	"\363+\023;\245\025\356F\013\023\220\177!&){\035\355"
 270      A515EE46 
 270      0B13907F 
 270      2126297B 
 270      1DED
 271 0771 E0FC94CC 		.ascii	"\340\374\224\314\322\223D\342+-<\257jp^n0\262T|\335"
 271      D29344E2 
 271      2B2D3CAF 
 271      6A705E6E 
 271      30B2547C 
 272 0786 151BA085 		.ascii	"\025\033\240\205\211\330 \365\370\320YAaa,Z\030\217"
 272      89D820F5 
 272      F8D05941 
 272      61612C5A 
 272      188F
 273 0798 169E430B 		.ascii	"\026\236C\013\223\270\205\023\235\011\245Ff\241N\234"
 273      93B88513 
 273      9D09A546 
 273      66A14E9C 
 274 07a8 1E8D1BEF 		.ascii	"\036\215\033\357^G\007\271\304\211\354\272\036'.1Ii"
 274      5E4707B9 
 274      C489ECBA 
 274      1E272E31 
 274      4969
 275 07ba 618A4A61 		.ascii	"a\212Ja\212\254\260&&\247\011\277\273\364\242\205\251"
ARM GAS  /var/folders/nz/mg232qzd5vg5_0nfk_8jw8mc0000gn/T//ccVRxE95.s 			page 21


 275      8AACB026 
 275      26A709BF 
 275      BBF4A285 
 275      A9
 276 07cb A870AEAF 		.ascii	"\250p\256\257`"
 276      60
 277 07d0 5C476739 		.ascii	"\\Gg9\277 %~\232J|\205\205\351*~\372\352&n9\231\216"
 277      BF20257E 
 277      9A4A7C85 
 277      85E92A7E 
 277      FAEA266E 
 278 07e7 16F6A285 		.ascii	"\026\366\242\205\337 \377\207\345\201p\370$\324s\375"
 278      DF20FF87 
 278      E58170F8 
 278      24D473FD 
 279 07f7 175B67D0 		.ascii	"\027[g\320\302$\245\205\031*~\206\314/\030IX2I|n\341"
 279      C224A585 
 279      192A7E86 
 279      CC2F1849 
 279      5832497C 
 280 080d B7C89F68 		.ascii	"\267\310\237h\275{\302\205Fq\276}!\361\244 \361\225"
 280      BD7BC285 
 280      4671BE7D 
 280      21F1A420 
 280      F195
 281 081f 1666AA1A 		.ascii	"\026f\252\032d\312\015\232\007\303o\343Gy/Z\230\205"
 281      64CA0D9A 
 281      07C36FE3 
 281      47792F5A 
 281      9885
 282 0831 0DCA2A1A 		.ascii	"\015\312*\032\027t\012\013\323\320\302\013h\341E\264"
 282      17740A0B 
 282      D3D0C20B 
 282      68E145B4 
 283 0841 309B5B18 		.ascii	"0\233[\030s\344\312\025\023\263P/N\333\316v\316\271"
 283      73E4CA15 
 283      13B3502F 
 283      4EDBCE76 
 283      CEB9
 284 0853 D2242E31 		.ascii	"\322$.1\352tX\2143\227xQia\236Ja\236\254\260\252\255"
 284      EA74588C 
 284      33977851 
 284      69619E4A 
 284      619EACB0 
 285 0869 A904150E 		.ascii	"\251\004\025\016\240\205\371\2500\270\273*\004>\011"
 285      A085F9A8 
 285      30B8BB2A 
 285      043E09
 286 0878 393F39A7 		.ascii	"9?9\247\342\210\253\304WXxI\305\277$\363g\222\332N\341"
 286      E288ABC4 
 286      57587849 
 286      C5BF24F3 
 286      6792DA4E 
 287 088d 737A002D 		.ascii	"sz\000-,D~\332\245\204f=\255\346\374\321\222\314? ^"
 287      2C447EDA 
 287      A584663D 
 287      ADE6FCD1 
ARM GAS  /var/folders/nz/mg232qzd5vg5_0nfk_8jw8mc0000gn/T//ccVRxE95.s 			page 22


 287      92CC3F20 
 288 08a2 E960B10A 		.ascii	"\351`\261\012_,\343\257\264\3254\310x\356\340e\304O"
 288      5F2CE3AF 
 288      B4D534C8 
 288      78EEE065 
 288      C44F
 289 08b4 B75F7FE6 		.ascii	"\267_\177\346D;8\376^hQ\253 \361\225\016\226\250\032"
 289      443B38FE 
 289      5E6851AB 
 289      20F1950E 
 289      96A81A
 290 08c7 94C80DDA 		.ascii	"\224\310\015\332\247\226\243q\213\017\240\203\245\330"
 290      A796A371 
 290      8B0FA083 
 290      A5D8
 291 08d5 206EEEE6 		.ascii	" n\356\346s\223\302\301\002t\260\010\035\274\202\016"
 291      7393C2C1 
 291      0274B008 
 291      1DBC820E 
 292 08e5 967107A5 		.ascii	"\226q\007\245\0376&\376\303&#\356N\216@\007\271\304"
 292      1F3626FE 
 292      C32623EE 
 292      4E8E4007 
 292      B9C4
 293 08f7 CC9B374A 		.ascii	"\314\2337J\361\333h\266\322\301J\225\302JY\341Dy\372"
 293      F1DB68B6 
 293      D2C14A95 
 293      C24A59E1 
 293      4479FA
 294 090a 042A1C43 		.ascii	"\004*\034C\007\253PaDGk\031|\035\345\374\356\350\271"
 294      07AB5061 
 294      44476B19 
 294      7C1DE5FC 
 294      EEE8B9
 295 091d CB2689AF 		.ascii	"\313&\211\257p\260F\305\257\221\371\363S\231\305\270"
 295      70B046C5 
 295      AF91F9F3 
 295      5399C5B8 
 296 092d 43C6D0C1 		.ascii	"C\306\320\301Z\351&\317\232\370\232R\233\023\343\027"
 296      5AE926CF 
 296      9AF89A52 
 296      9B13E317 
 297 093d 56D4546B 		.ascii	"V\324Tk\221\257\264\360\252\212\177U\346\337\356(\270"
 297      91AFB4F0 
 297      AA8A7F55 
 297      E6DFEE28 
 297      B8
 298 094e AD97F8DC 		.ascii	"\255\227\370\334\302z\344\333\253*\352\2144\212\363"
 298      C27AE4DB 
 298      AB2AEA8C 
 298      348AF3
 299 095d C7EBC6A3 		.ascii	"\307\353\306\243\365\022_ia\243\252A\243\334\340\331"
 299      F5125F69 
 299      61A3AA41 
 299      A3DCE0D9 
 300 096d 625F9574 		.ascii	"b_\225t\001ha\0236x\024wf\314Iaa5ZX\207\0266\240\205"
 300      01686113 
ARM GAS  /var/folders/nz/mg232qzd5vg5_0nfk_8jw8mc0000gn/T//ccVRxE95.s 			page 23


 300      36781477 
 300      66CC4961 
 300      61355A58 
 301 0986 CDDCC2A6 		.ascii	"\315\334\302\246\334\374\006\356z5!\275d\003\374>'c"
 301      DCFC06EE 
 301      7A3521BD 
 301      6403FC3E 
 301      2763
 302 0998 C493FC7C 		.ascii	"\304\223\374|\023\371\001\206\005\020pX\360$G\204M$"
 302      13F90186 
 302      05107058 
 302      F0244784 
 302      4D24
 303 09aa 06C69330 		.ascii	"\006\306\2230\332aL\2061\007\306\\\030\313a\254\200"
 303      DA614C86 
 303      3107C65C 
 303      18CB61AC 
 303      80
 304 09bb B145F014 		.ascii	"\261E\360\024\211a\361a\241\342\336\274n\037*\257\373"
 304      8961F161 
 304      A1E2DEBC 
 304      6E1F2AAF 
 304      FB
 305 09cc D826AD9B 		.ascii	"\330&\255\233\310\356\303\357\200\253\277G\373\304\357"
 305      C8EEC3EF 
 305      80ABBF47 
 305      FBC4EF
 306 09db 80A4152A 		.ascii	"\200\244\025*I\233\260\025\252/\265\326\324\351\035"
 306      499BB015 
 306      AA2FB5D6 
 306      D4E91D
 307 09ea FEF772EB 		.ascii	"\376\367r\353\205\377!hH\273\300\376\367\"\216\342\207"
 307      85FF2168 
 307      48BBC0FE 
 307      F7228EE2 
 307      87
 308 09fb D1E4C31A 		.ascii	"\321\344\303\032\255C\266\330f5\373\032f_c\331\303\003"
 308      AD43B6D8 
 308      6635FB1A 
 308      665F63D9 
 308      C303
 309 0a0d C1098294 		.ascii	"\301\011\202\224\035\366\322\377\353\220\016\250Zg\261"
 309      1DF6D2FF 
 309      EB900EA8 
 309      5A67B1
 310 0a1c 780704FA 		.ascii	"x\007\004\372X|\375}\255\372\367?\372\313\346=\032\355"
 310      587CFD7D 
 310      ADFAF73F 
 310      FACBE63D 
 310      1AED
 311 0a2e BF7DBCFE 		.ascii	"\277}\274\376\351\271\347\013\337\317}?\376\2639 \310"
 311      E9B9E70B 
 311      DFCF7D3F 
 311      FEB33920 
 311      C8
 312 0a3f EC1DB06F 		.ascii	"\354\035\260o_\200\2779\310\352\025h=\260\337\374\233"
 312      5F80BF39 
ARM GAS  /var/folders/nz/mg232qzd5vg5_0nfk_8jw8mc0000gn/T//ccVRxE95.s 			page 24


 312      C8EA1568 
 312      3DB0DFFC 
 312      9B
 313 0a50 3F7DB8E7 		.ascii	"?}\270\347\303/\305\263\373}\375|\002\203\314\357\357"
 313      C32FC5B3 
 313      FB7DFD7C 
 313      0283CCEF 
 313      EF
 314 0a61 D963F60E 		.ascii	"\331c\366\016\264\272\277\355\2551Z,>^\201~\007\031"
 314      B4BABFED 
 314      AD315A2C 
 314      3E5E817E 
 314      0719
 315 0a73 0FD87E5E 		.ascii	"\017\330~^V\3166Y,{}\376\346u\300\317j\361\371\322\327"
 315      56CE3659 
 315      2C7B7DFE 
 315      E675C0CF 
 315      6AF1F9D2 
 316 0a88 EAEC0F4D 		.ascii	"\352\354\017M\255\007\002\375\327[\330\333\226@\257"
 316      AD0702FD 
 316      D75BD8DB 
 316      9640AF
 317 0a97 7D16AF40 		.ascii	"}\026\257@\037\257 \347\003\276\376\326\035\036\026"
 317      1FAF20E7 
 317      03BEFED6 
 317      1D1E16
 318 0aa6 ABC16291 		.ascii	"\253\301b\221\016?3\037\010\0124\373\005x{\371\231\003"
 318      0E3F331F 
 318      080A34FB 
 318      05787BF9 
 318      9903
 319 0ab8 F65BCD7F 		.ascii	"\366[\315\177\367\366\336\356\025\270o\273\177\200\277"
 319      F7F6DEEE 
 319      15B86FBB 
 319      7F80BF
 320 0ac7 CF761FAF 		.ascii	"\317v\037\257\317}\267\357\264\374b\273\307;\356\273"
 320      CF7DB7EF 
 320      B4FC62BB 
 320      C73BEEBB 
 321 0ad7 FEB5C3EC 		.ascii	"\376\265\303\354\360\206\331\327\337\333\357\300^\037"
 321      F086D9D7 
 321      DFDBEFC0 
 321      5E1F
 322 0ae5 F33E2FEF 		.ascii	"\363>/\357/|\375}\314\262\012\353\301\375>Ao\177\241"
 322      2F7CFD7D 
 322      CCB20AEB 
 322      C1FD3E41 
 322      6F7FA1
 323 0af8 F9E4FF67 		.ascii	"\371\344\377g\007\035\0142[\202\254{A-\000M\354z\254"
 323      071D0C32 
 323      5B82AC7B 
 323      412D004D 
 323      EC7AAC
 324 0b0b 3E5F5AD9 		.ascii	">_Z\331\005\271\260\251xd\360\366\203\265a\207F\377"
 324      05B9B0A9 
 324      7864F0F6 
 324      83B56187 
ARM GAS  /var/folders/nz/mg232qzd5vg5_0nfk_8jw8mc0000gn/T//ccVRxE95.s 			page 25


 324      46FF
 325 0b1d 008B7CDE 		.ascii	"\000\213|\336M\274vyf\261\272\310k\261\301\"\256\313"
 325      4DBC7679 
 325      66B1BAC8 
 325      6BB1C122 
 325      AECB
 326 0b2f 3B9655A2 		.ascii	";\226U\242\305\365\305S\026\023\3168\331\342\206S\377"
 326      C5F5C553 
 326      1613CE38 
 326      D9E28653 
 326      FF
 327 0b40 00FE36AF 		.ascii	"\000\3766\257wW\327\273;\324\273;\326\273+\352=\324"
 327      7757D7BB 
 327      3BD4BB3B 
 327      D6BB2BEA 
 327      3DD4
 328 0b52 F51E0EF5 		.ascii	"\365\036\016\365\036\216\365\036\212\372\035\352\372"
 328      1E8EF51E 
 328      8AFA1DEA 
 328      FA
 329 0b5f 1D0EF53B 		.ascii	"\035\016\365;\034\353w(\352w\252\353w:\324\357t\254"
 329      1CEB7728 
 329      EA77AAEB 
 329      773AD4EF 
 329      74AC
 330 0b71 DFA9A8DF 		.ascii	"\337\251\250\337\245\256\337\345P\277\313\261~\227\242"
 330      A5AEDFE5 
 330      50BFCBB1 
 330      7E97A2
 331 0b80 DE535DEF 		.ascii	"\336S]\357\351P\357\351X\357\251\250\337\255\256\337"
 331      E950EFE9 
 331      58EFA9A8 
 331      DFADAEDF 
 332 0b90 ED50BFDB 		.ascii	"\355P\277\333\261~\267\\\377\037\321<\250\324"
 332      B17EB75C 
 332      FF1FD13C 
 332      A8D4
 333              		.text
 334              		.section	.gnu.lto_.symtab.ade58b5d629479fd,"",%progbits
 335 0000 5F5F636F 		.ascii	"__core_init\000\000\001\000\000\000\000\000\000\000"
 335      72655F69 
 335      6E697400 
 335      00010000 
 335      00000000 
 336 0015 0000AE00 		.ascii	"\000\000\256\000\000\000__early_init\000\000\001\000"
 336      00005F5F 
 336      6561726C 
 336      795F696E 
 336      69740000 
 337 002b 00000000 		.ascii	"\000\000\000\000\000\000\000\000\261\000\000\000__l"
 337      00000000 
 337      B1000000 
 337      5F5F6C
 338 003a 6174655F 		.ascii	"ate_init\000\000\001\000\000\000\000\000\000\000\000"
 338      696E6974 
 338      00000100 
 338      00000000 
ARM GAS  /var/folders/nz/mg232qzd5vg5_0nfk_8jw8mc0000gn/T//ccVRxE95.s 			page 26


 338      000000
 339 004d 00B40000 		.ascii	"\000\264\000\000\000__default_exit\000\000\001\000\000"
 339      005F5F64 
 339      65666175 
 339      6C745F65 
 339      78697400 
 340 0065 00000000 		.ascii	"\000\000\000\000\000\000\000\271\000\000\000__init_"
 340      000000B9 
 340      0000005F 
 340      5F696E69 
 340      745F
 341 0077 72616D5F 		.ascii	"ram_areas\000\000\000\000\000\000\000\000\000\000\000"
 341      61726561 
 341      73000000 
 341      00000000 
 341      00000000 
 342 008b 00BB0000 		.ascii	"\000\273\000\000\000__ram0_init_text__\000\000\002\000"
 342      005F5F72 
 342      616D305F 
 342      696E6974 
 342      5F746578 
 343 00a6 00000000 		.ascii	"\000\000\000\000\000\000\000\000\336\000\000\000__r"
 343      00000000 
 343      DE000000 
 343      5F5F72
 344 00b5 616D305F 		.ascii	"am0_init__\000\000\002\000\000\000\000\000\000\000\000"
 344      696E6974 
 344      5F5F0000 
 344      02000000 
 344      00000000 
 345 00ca 00E10000 		.ascii	"\000\341\000\000\000__ram0_clear__\000\000\002\000\000"
 345      005F5F72 
 345      616D305F 
 345      636C6561 
 345      725F5F00 
 346 00e2 00000000 		.ascii	"\000\000\000\000\000\000\000\344\000\000\000__ram0_"
 346      000000E4 
 346      0000005F 
 346      5F72616D 
 346      305F
 347 00f4 6E6F696E 		.ascii	"noinit__\000\000\002\000\000\000\000\000\000\000\000"
 347      69745F5F 
 347      00000200 
 347      00000000 
 347      000000
 348 0107 00E70000 		.ascii	"\000\347\000\000\000__ram1_init_text__\000\000\002\000"
 348      005F5F72 
 348      616D315F 
 348      696E6974 
 348      5F746578 
 349 0122 00000000 		.ascii	"\000\000\000\000\000\000\000\000\353\000\000\000__r"
 349      00000000 
 349      EB000000 
 349      5F5F72
 350 0131 616D315F 		.ascii	"am1_init__\000\000\002\000\000\000\000\000\000\000\000"
 350      696E6974 
 350      5F5F0000 
ARM GAS  /var/folders/nz/mg232qzd5vg5_0nfk_8jw8mc0000gn/T//ccVRxE95.s 			page 27


 350      02000000 
 350      00000000 
 351 0146 00EE0000 		.ascii	"\000\356\000\000\000__ram1_clear__\000\000\002\000\000"
 351      005F5F72 
 351      616D315F 
 351      636C6561 
 351      725F5F00 
 352 015e 00000000 		.ascii	"\000\000\000\000\000\000\000\361\000\000\000__ram1_"
 352      000000F1 
 352      0000005F 
 352      5F72616D 
 352      315F
 353 0170 6E6F696E 		.ascii	"noinit__\000\000\002\000\000\000\000\000\000\000\000"
 353      69745F5F 
 353      00000200 
 353      00000000 
 353      000000
 354 0183 00F40000 		.ascii	"\000\364\000\000\000__ram2_init_text__\000\000\002\000"
 354      005F5F72 
 354      616D325F 
 354      696E6974 
 354      5F746578 
 355 019e 00000000 		.ascii	"\000\000\000\000\000\000\000\000\371\000\000\000__r"
 355      00000000 
 355      F9000000 
 355      5F5F72
 356 01ad 616D325F 		.ascii	"am2_init__\000\000\002\000\000\000\000\000\000\000\000"
 356      696E6974 
 356      5F5F0000 
 356      02000000 
 356      00000000 
 357 01c2 00FC0000 		.ascii	"\000\374\000\000\000__ram2_clear__\000\000\002\000\000"
 357      005F5F72 
 357      616D325F 
 357      636C6561 
 357      725F5F00 
 358 01da 00000000 		.ascii	"\000\000\000\000\000\000\000\377\000\000\000__ram2_"
 358      000000FF 
 358      0000005F 
 358      5F72616D 
 358      325F
 359 01ec 6E6F696E 		.ascii	"noinit__\000\000\002\000\000\000\000\000\000\000\000"
 359      69745F5F 
 359      00000200 
 359      00000000 
 359      000000
 360 01ff 00020100 		.ascii	"\000\002\001\000\000__ram3_init_text__\000\000\002\000"
 360      005F5F72 
 360      616D335F 
 360      696E6974 
 360      5F746578 
 361 021a 00000000 		.ascii	"\000\000\000\000\000\000\000\000\007\001\000\000__r"
 361      00000000 
 361      07010000 
 361      5F5F72
 362 0229 616D335F 		.ascii	"am3_init__\000\000\002\000\000\000\000\000\000\000\000"
 362      696E6974 
ARM GAS  /var/folders/nz/mg232qzd5vg5_0nfk_8jw8mc0000gn/T//ccVRxE95.s 			page 28


 362      5F5F0000 
 362      02000000 
 362      00000000 
 363 023e 000A0100 		.ascii	"\000\012\001\000\000__ram3_clear__\000\000\002\000\000"
 363      005F5F72 
 363      616D335F 
 363      636C6561 
 363      725F5F00 
 364 0256 00000000 		.ascii	"\000\000\000\000\000\000\000\015\001\000\000__ram3_"
 364      0000000D 
 364      0100005F 
 364      5F72616D 
 364      335F
 365 0268 6E6F696E 		.ascii	"noinit__\000\000\002\000\000\000\000\000\000\000\000"
 365      69745F5F 
 365      00000200 
 365      00000000 
 365      000000
 366 027b 00100100 		.ascii	"\000\020\001\000\000__ram4_init_text__\000\000\002\000"
 366      005F5F72 
 366      616D345F 
 366      696E6974 
 366      5F746578 
 367 0296 00000000 		.ascii	"\000\000\000\000\000\000\000\000\025\001\000\000__r"
 367      00000000 
 367      15010000 
 367      5F5F72
 368 02a5 616D345F 		.ascii	"am4_init__\000\000\002\000\000\000\000\000\000\000\000"
 368      696E6974 
 368      5F5F0000 
 368      02000000 
 368      00000000 
 369 02ba 00180100 		.ascii	"\000\030\001\000\000__ram4_clear__\000\000\002\000\000"
 369      005F5F72 
 369      616D345F 
 369      636C6561 
 369      725F5F00 
 370 02d2 00000000 		.ascii	"\000\000\000\000\000\000\000\033\001\000\000__ram4_"
 370      0000001B 
 370      0100005F 
 370      5F72616D 
 370      345F
 371 02e4 6E6F696E 		.ascii	"noinit__\000\000\002\000\000\000\000\000\000\000\000"
 371      69745F5F 
 371      00000200 
 371      00000000 
 371      000000
 372 02f7 001E0100 		.ascii	"\000\036\001\000\000__ram5_init_text__\000\000\002\000"
 372      005F5F72 
 372      616D355F 
 372      696E6974 
 372      5F746578 
 373 0312 00000000 		.ascii	"\000\000\000\000\000\000\000\000#\001\000\000__ram5"
 373      00000000 
 373      23010000 
 373      5F5F7261 
 373      6D35
ARM GAS  /var/folders/nz/mg232qzd5vg5_0nfk_8jw8mc0000gn/T//ccVRxE95.s 			page 29


 374 0324 5F696E69 		.ascii	"_init__\000\000\002\000\000\000\000\000\000\000\000"
 374      745F5F00 
 374      00020000 
 374      00000000 
 374      0000
 375 0336 00260100 		.ascii	"\000&\001\000\000__ram5_clear__\000\000\002\000\000"
 375      005F5F72 
 375      616D355F 
 375      636C6561 
 375      725F5F00 
 376 034e 00000000 		.ascii	"\000\000\000\000\000\000\000)\001\000\000__ram5_noi"
 376      00000029 
 376      0100005F 
 376      5F72616D 
 376      355F6E6F 
 377 0363 6E69745F 		.ascii	"nit__\000\000\002\000\000\000\000\000\000\000\000\000"
 377      5F000002 
 377      00000000 
 377      00000000 
 377      00
 378 0374 2C010000 		.ascii	",\001\000\000__ram6_init_text__\000\000\002\000\000"
 378      5F5F7261 
 378      6D365F69 
 378      6E69745F 
 378      74657874 
 379 038f 00000000 		.ascii	"\000\000\000\000\000\000\0001\001\000\000__ram6_ini"
 379      00000031 
 379      0100005F 
 379      5F72616D 
 379      365F696E 
 380 03a4 745F5F00 		.ascii	"t__\000\000\002\000\000\000\000\000\000\000\000\000"
 380      00020000 
 380      00000000 
 380      000000
 381 03b3 34010000 		.ascii	"4\001\000\000__ram6_clear__\000\000\002\000\000\000"
 381      5F5F7261 
 381      6D365F63 
 381      6C656172 
 381      5F5F0000 
 382 03cb 00000000 		.ascii	"\000\000\000\000\000\0007\001\000\000__ram6_noinit_"
 382      00003701 
 382      00005F5F 
 382      72616D36 
 382      5F6E6F69 
 383 03e3 5F000002 		.ascii	"_\000\000\002\000\000\000\000\000\000\000\000\000:\001"
 383      00000000 
 383      00000000 
 383      003A01
 384 03f2 00005F5F 		.ascii	"\000\000__ra"
 384      7261
 385 03f8 6D375F69 		.ascii	"m7_init_text__\000\000\002\000\000\000\000\000\000\000"
 385      6E69745F 
 385      74657874 
 385      5F5F0000 
 385      02000000 
 386 0410 00003F01 		.ascii	"\000\000?\001\000\000__ram7_init__\000\000\002\000\000"
 386      00005F5F 
ARM GAS  /var/folders/nz/mg232qzd5vg5_0nfk_8jw8mc0000gn/T//ccVRxE95.s 			page 30


 386      72616D37 
 386      5F696E69 
 386      745F5F00 
 387 0428 00000000 		.ascii	"\000\000\000\000\000\000\000B\001\000\000__ram7_cle"
 387      00000042 
 387      0100005F 
 387      5F72616D 
 387      375F636C 
 388 043d 61725F5F 		.ascii	"ar__\000\000\002\000\000\000\000\000\000\000\000\000"
 388      00000200 
 388      00000000 
 388      00000000 
 389 044d 45010000 		.ascii	"E\001\000\000__ram7_noinit__\000\000\002\000\000\000"
 389      5F5F7261 
 389      6D375F6E 
 389      6F696E69 
 389      745F5F00 
 390 0466 00000000 		.ascii	"\000\000\000\000\000\000H\001\000\000"
 390      00004801 
 390      0000
 391              		.text
 392              		.section	.gnu.lto_.opts,"",%progbits
 393 0000 272D666E 		.ascii	"'-fno-trapv' '-mcpu=cortex-m3' '-mno-thumb-interwor"
 393      6F2D7472 
 393      61707627 
 393      20272D6D 
 393      6370753D 
 394 0033 6B272027 		.ascii	"k' '-mthumb' '-ggdb' '-O2' '-fomit-frame-pointer' '"
 394      2D6D7468 
 394      756D6227 
 394      20272D67 
 394      67646227 
 395 0066 2D66616C 		.ascii	"-falign-functions=16' '-ffunction-sections' '-fdata"
 395      69676E2D 
 395      66756E63 
 395      74696F6E 
 395      733D3136 
 396 0099 2D736563 		.ascii	"-sections' '-fno-common' '-flto'\000"
 396      74696F6E 
 396      73272027 
 396      2D666E6F 
 396      2D636F6D 
 397              		.text
 398              		.comm	__gnu_lto_v1,1,1
 399              		.comm	__gnu_lto_slim,1,1
 400              		.ident	"GCC: (GNU Tools for ARM Embedded Processors) 4.9.3 20150529 (release) [ARM/embedded-4_9-br
ARM GAS  /var/folders/nz/mg232qzd5vg5_0nfk_8jw8mc0000gn/T//ccVRxE95.s 			page 31


DEFINED SYMBOLS
                            *ABS*:0000000000000000 crt1.c
                            *COM*:0000000000000001 __gnu_lto_v1
                            *COM*:0000000000000001 __gnu_lto_slim

NO UNDEFINED SYMBOLS
