ARM GAS  /var/folders/nz/mg232qzd5vg5_0nfk_8jw8mc0000gn/T//ccCq3xdS.s 			page 1


   1              		.syntax unified
   2              		.cpu cortex-m3
   3              		.fpu softvfp
   4              		.eabi_attribute 20, 1
   5              		.eabi_attribute 21, 1
   6              		.eabi_attribute 23, 3
   7              		.eabi_attribute 24, 1
   8              		.eabi_attribute 25, 1
   9              		.eabi_attribute 26, 1
  10              		.eabi_attribute 30, 2
  11              		.eabi_attribute 34, 1
  12              		.eabi_attribute 18, 4
  13              		.thumb
  14              		.file	"hal.c"
  15              		.text
  16              	.Ltext0:
  17              		.section	.gnu.lto_.profile.f013a5280885a283,"",%progbits
  18 0000 789C6366 		.ascii	"x\234cf```a\200\000F\006m6\000\000\320\000:"
  18      60606061 
  18      80004606 
  18      6D360000 
  18      D0003A
  19              		.text
  20              		.section	.gnu.lto_.jmpfuncs.f013a5280885a283,"",%progbits
  21 0000 789C6366 		.ascii	"x\234cf\300\016T\2414#\204d\372\310\3048\255\377\312"
  21      C00E54A1 
  21      34238464 
  21      FAC8C438 
  21      ADFFCA
  22 0013 0EE6DADF 		.ascii	"\016\346\332\337\0153\0328~21\374e\002\211/g\254\005"
  22      0D331A38 
  22      7E3231FC 
  22      6502892F 
  22      67AC05
  23 0026 5200C12E 		.ascii	"R\000\301.\012\015"
  23      0A0D
  24              		.text
  25              		.section	.gnu.lto_.inline.f013a5280885a283,"",%progbits
  26 0000 789C6366 		.ascii	"x\234cf\300\0164\2414#\003\003\2076#\003\023\220\311"
  26      C00E34A1 
  26      34230303 
  26      87362303 
  26      1390C9
  27 0013 B6409E09 		.ascii	"\266@\236\011,\304\005#\230\270A\012\300L\006\000)\315"
  27      2CC40523 
  27      98B8410A 
  27      C04C0600 
  27      29CD
  28 0025 015A     		.ascii	"\001Z"
  29              		.text
  30              		.section	.gnu.lto_.pureconst.f013a5280885a283,"",%progbits
  31 0000 789C6366 		.ascii	"x\234cf```f\200\000F\006\011\000\000x\000 "
  31      60606066 
  31      80004606 
  31      09000078 
  31      0020
  32              		.text
ARM GAS  /var/folders/nz/mg232qzd5vg5_0nfk_8jw8mc0000gn/T//ccCq3xdS.s 			page 2


  33              		.section	.gnu.lto_halInit.f013a5280885a283,"",%progbits
  34 0000 789C7590 		.ascii	"x\234u\220\261J\003A\020\206\347\237\213\307\341!\210"
  34      B14A0341 
  34      1086E79F 
  34      8BC7E121 
  34      88
  35 0011 95C60748 		.ascii	"\225\306\007H\347=\204\235\215\202O\240i\022\020\004"
  35      E73D849D 
  35      8D824FA0 
  35      69121004 
  36 0021 539FB933 		.ascii	"S\237\2713)\254L\020\011\207\242\026\"&\306$\226i\204"
  36      29AC4C10 
  36      0987A216 
  36      2226C624 
  36      966984
  37 0034 7D028344 		.ascii	"}\002\203D\260\011\332DP\2600\244:\344\210\263\027\261"
  37      B009DA44 
  37      50B030A4 
  37      3AE488B3 
  37      17B1
  38 0046 D12C2CB3 		.ascii	"\321,,\263\273\377\267\377\374\214A\177WR\366.\210\026"
  38      BBFFB7FF 
  38      FC8C417F 
  38      5752F62E 
  38      8816
  39 0058 A5C22070 		.ascii	"\245\302 p\371\236\310\267\030\320\007\002\345\031y"
  39      F99EC8B7 
  39      18D00702 
  39      E51979
  40 0067 BCF38051 		.ascii	"\274\363\200QV\365\300N]z\236\367\271\327\361\327\024"
  40      56F5C04E 
  40      5D7A9EF7 
  40      B9D7F1D7 
  40      14
  41 0078 42261AF2 		.ascii	"B&\032\362\330\007WH\221@\203b\364d\233E\201f\307\032"
  41      D8075748 
  41      91408362 
  41      F4649B45 
  41      8166C71A 
  42 008c AA30C59F 		.ascii	"\2520\305\237Zs\312\033\215.*\037\335\204I\324\027I"
  42      5A73CA1B 
  42      8D2E2A1F 
  42      DD8449D4 
  42      1749
  43 009e 377865D6 		.ascii	"7xe\326\325\350\241\240\242\031\315j\223\263\356A\223"
  43      D5E8A1A0 
  43      A219CD6A 
  43      93B3EE41 
  43      93
  44 00af DD2F6FDF 		.ascii	"\335/o\337\263B\306\220\345?jp)\024\272\207\242:4\377"
  44      B342C690 
  44      E53F6A70 
  44      2914BA87 
  44      A23A34FF 
  45 00c3 258DA1E8 		.ascii	"%\215\241\350\204k!E\252\224\036\333\206H\201\226\022"
  45      846B2145 
  45      AA941EDB 
ARM GAS  /var/folders/nz/mg232qzd5vg5_0nfk_8jw8mc0000gn/T//ccCq3xdS.s 			page 3


  45      86488196 
  45      12
  46 00d4 91CE22AF 		.ascii	"\221\316\"\257/\375\316\203\365\306\362\022_k\245\243"
  46      2FFDCE83 
  46      F5C6F212 
  46      5F6BA5A3 
  47 00e4 364E71E2 		.ascii	"6Nq\342\22755\205:\\\334 \031k\347\375j`\213\301\274"
  47      97353585 
  47      3A5CDC20 
  47      196BE7FD 
  47      6A608BC1 
  48 00f9 C0680815 		.ascii	"\300h\010\0257E\023n\310&\351\304\307\323\223\022\033"
  48      3745136E 
  48      C826E9C4 
  48      C7D39312 
  48      1B
  49 010a 92A3F59B 		.ascii	"\222\243\365\233\270\240\332\023I\311\201\333\037\362"
  49      B8A0DA13 
  49      49C981DB 
  49      1FF2
  50 0118 19BEBA5B 		.ascii	"\031\276\272[\211I\3223\202\236\215\004_X\316d7\263"
  50      8949D233 
  50      829E8D04 
  50      5F58CE64 
  50      37B3
  51 012a ABEBCE76 		.ascii	"\253\353\316v\316\311ll9\271\235\264\256Ki\372\006&"
  51      CEC96C6C 
  51      39B99DB4 
  51      AE4B69FA 
  51      0626
  52 013c 629040   		.ascii	"b\220@"
  53              		.text
  54              		.section	.gnu.lto_.symbol_nodes.f013a5280885a283,"",%progbits
  55 0000 789C4DC8 		.ascii	"x\234M\310\273\011\200@\024D\321;\373V0\264^\223g`\001"
  55      BB098040 
  55      1444D13B 
  55      FB5630B4 
  55      5E936760 
  56 0015 56200696 		.ascii	"V \006\226bl\001\376\005\353\020A\015v\222\313\031\003"
  56      626C01FE 
  56      05EB1041 
  56      0D7692CB 
  56      1903
  57 0027 4AFE8549 		.ascii	"J\376\205I\016\315\010\356\264]N\266\212\302\321.\327"
  57      0ECD08EE 
  57      B45D4EB6 
  57      8AC2D12E 
  57      D7
  58 0038 F7535539 		.ascii	"\367SU9\332\344!\365\"\267\324\263<&62\372\343\226\021"
  58      DAE421F5 
  58      22B7D4B3 
  58      3C263632 
  58      FAE39611 
  59 004c 19DE1AD7 		.ascii	"\031\336\032\327\333@}\336\342\001\0314\"k"
  59      DB407DDE 
  59      E2011934 
  59      226B
ARM GAS  /var/folders/nz/mg232qzd5vg5_0nfk_8jw8mc0000gn/T//ccCq3xdS.s 			page 4


  60              		.text
  61              		.section	.gnu.lto_.refs.f013a5280885a283,"",%progbits
  62 0000 789C6366 		.ascii	"x\234cf```c\200\000F\006&F&\006\000\000\261\000\020"
  62      60606063 
  62      80004606 
  62      26462606 
  62      0000B100 
  63              		.text
  64              		.section	.gnu.lto_.decls.f013a5280885a283,"",%progbits
  65 0000 789CA555 		.ascii	"x\234\245U{LSW\030\277\247\247\017Z\253\030I\324\031"
  65      7B4C5357 
  65      18BFA7A7 
  65      0F5AAB18 
  65      49D419
  66 0013 331946B6 		.ascii	"3\031F\266,\342E\330\222-Y2\0257G\202\332\304\355/\377"
  66      2CE245D8 
  66      922D5932 
  66      15374782 
  66      DAC4ED2F 
  67 0028 A8A554DB 		.ascii	"\250\245T\333\244\266\254\275,\372\337\231\370\300\307"
  67      A4B6ACBD 
  67      2CFADF99 
  67      F8C0C7
  68 0037 C24371B2 		.ascii	"\302Cq\262\207\224\300&CP\334\230N\221\207n\002\242"
  68      8794C026 
  68      4350DC98 
  68      4E91876E 
  68      02A2
  69 0049 CCE94041 		.ascii	"\314\351@A\221\026\244Ub\226t>V\334\224\356;\347\336"
  69      9116A455 
  69      6296743E 
  69      56DC94EE 
  69      3BE7DE
  70 005c 3E53CD92 		.ascii	">S\315\222\335\364\353\271\337=\277\357\367\375\276"
  70      DDF4EBB9 
  70      DF3DBFEF 
  70      F7FDBE
  71 006b EF7CBDC5 		.ascii	"\357|\275\305\034\307\035\000\013\302\345Uq\334\253"
  71      1CC71D00 
  71      0BC2E555 
  71      71DCAB
  72 007a 328E830F 		.ascii	"2\216\203\017\247\003C`\003\234x)\300\006\301n\202\015"
  72      A7034360 
  72      039C7829 
  72      C006C16E 
  72      820D
  73 008c 8379C0C6 		.ascii	"\203y\300\306$\3148\027{Q\234J\342\360\202]\007\363"
  73      24CC3817 
  73      7B519C4A 
  73      E2F0825D 
  73      07F3
  74 009e 495CFD60 		.ascii	"I\\\375`#q\234c\022\337\260\304\237\210\363O\031\372"
  74      23719C63 
  74      12DFB0C4 
  74      9F88F34F 
  74      19FA
  75 00b0 FC7AC087 		.ascii	"\374z\300\207\357\311\320\014\215\007S\177\222L\366"
ARM GAS  /var/folders/nz/mg232qzd5vg5_0nfk_8jw8mc0000gn/T//ccCq3xdS.s 			page 5


  75      EFC9D00C 
  75      8D07537F 
  75      924CF6
  76 00bf 2481AFD5 		.ascii	"$\201\257\325\274C\335\332C\243\375\232\305\015\204"
  76      BC43DDDA 
  76      43A3FD9A 
  76      C50D84
  77 00ce 9012D239 		.ascii	"\220\022\32293\022\326\334qt\267\232\205m\240n`\207"
  77      3312D6DC 
  77      7174B79A 
  77      856DA06E 
  77      6087
  78 00e0 7FB78645 		.ascii	"\177\267\206Ei\251\353no\365)\261\032\321\373\323\307"
  78      69A9EB6E 
  78      6FF529B1 
  78      1AD1FBD3 
  78      C7
  79 00f1 1EF54D63 		.ascii	"\036\365Mc\310T\352\236\251\3509\244dH9u;\332'\2734"
  79      C854EA9E 
  79      A9E839A4 
  79      64483975 
  79      3BDA27BB 
  80 0106 783E43EE 		.ascii	"x>C\356+\361\\\324\340E\354\376\323o[\367\251\000\366"
  80      2BF15CD4 
  80      E045ECFE 
  80      D36F5BF7 
  80      A900F6
  81 0119 8A86A573 		.ascii	"\212\206\245s\177\371\244N\315\\\332\322dx$\353\361"
  81      7FF9A44E 
  81      CD5CDAD2 
  81      647824EB 
  81      F1
  82 012a 91DA1928 		.ascii	"\221\332\031(]S\007\332\374\367*\272\346\023\"G-H\203"
  82      5D5307DA 
  82      FCF72ABA 
  82      E6132247 
  82      2D4883
  83 013d 9A1146DF 		.ascii	"\232\021F\337\241\305\264d\032M\257\022B\266\221\262"
  83      A1C5B464 
  83      1A4DAF12 
  83      42B691B2 
  84 014d 62A2EE99 		.ascii	"b\242\356\231\301\241&4\017\035C\3638\364\003J\007\004"
  84      C1A12634 
  84      0F1D43F3 
  84      38F4034A 
  84      0704
  85 015f C3A213F0 		.ascii	"\303\242\023\360\360{x\010\304\027\236\266oW Mz\342"
  85      F07B7808 
  85      C4179EB6 
  85      6F57204D 
  85      7AE2
  86 0171 A0930982 		.ascii	"\240\223\011\202\230\204\257vT\314\246\022~\004\011"
  86      9884AF76 
  86      54CCA612 
  86      7E0409
  87 0180 C7231240 		.ascii	"\307#\022@Q\270i-\256\306n\214o#V\341\343\342R\267\022"
  87      51B8692D 
ARM GAS  /var/folders/nz/mg232qzd5vg5_0nfk_8jw8mc0000gn/T//ccCq3xdS.s 			page 6


  87      AEC66E8C 
  87      6F2356E1 
  87      E3E252B7 
  88 0195 8F8ACEC3 		.ascii	"\217\212\316\303\300\271&\005\366\212N]\345\301F\005"
  88      C0B92605 
  88      F68A4E5D 
  88      E5C14605 
  89 01a5 6B5112B8 		.ascii	"kQ\022\270\212\373c\273\3065(-%--\335\005\222\374C\335"
  89      8AFB63BB 
  89      C635282D 
  89      252D2DDD 
  89      0592FC43 
  90 01ba 7F7D5051 		.ascii	"\177}PQL\352\346\262T\247 \325Y\224\022\021\370\332"
  90      4CEAE6B2 
  90      54A720D5 
  90      59941211 
  90      F8DA
  91 01cc 3CC8FA3A 		.ascii	"<\310\372:|q\345 \213\224\021\262L\340P\003l\037Et\213"
  91      7C71E520 
  91      8B9411B2 
  91      4CE05003 
  91      6C1F4574 
  92 01e1 82411BEA 		.ascii	"\202A\033\352\200BZQ\032j\007kCiL#\345w\215\324*{2\031"
  92      80425A51 
  92      1A6A076B 
  92      43694C23 
  92      E5778DD4 
  93 01f9 F7E978EE 		.ascii	"\367\351x\3563(L\316\240\303a\350O\011e4Q<k\217g\260"
  93      33284CCE 
  93      A0C361E8 
  93      4F096534 
  93      513C6B8F 
  94 020f 56491085 		.ascii	"VI\020\205pRg\302\263$\333Y\335wT\206\322S\030\316m"
  94      705267C2 
  94      B324DB59 
  94      DD775486 
  94      D25318CE 
  95 0224 4C42E780 		.ascii	"LB\347\200\2501\322B\032\304\256D\005\241N\250\343E"
  95      A831D242 
  95      1AC4AE44 
  95      05A14EA8 
  95      E345
  96 0236 35414307 		.ascii	"5AC\007\236\365\275\214\277\220\261\346z\236\225\265"
  96      9EF5BD8C 
  96      BF90B1E6 
  96      7A9E95B5 
  97 0246 28708DE8 		.ascii	"(p\215\350\034\350-\337\200\353\305\373\252\300\345"
  97      1CE82DDF 
  97      80EBC5FB 
  97      AAC0E5
  98 0255 AE64D6F5 		.ascii	"\256d\326\365\271\324ml,;\250\302\307e13\254\025gx\242"
  98      B9D46D6C 
  98      2C3BA8C2 
  98      C7653133 
  98      AC156778 
  99 026a 63E2EC34 		.ascii	"c\342\3544|R\334s\007\334\347Ul/\023\\\325\224\273t"
  99      7C52DC73 
ARM GAS  /var/folders/nz/mg232qzd5vg5_0nfk_8jw8mc0000gn/T//ccCq3xdS.s 			page 7


  99      07DCE755 
  99      6C2F135C 
  99      D594BB74 
 100 027e 07427058 		.ascii	"\007BpXp\245G\013>\002\202\353Y\377z%\265\277\201\332"
 100      70A5470B 
 100      3E0282EB 
 100      59FF7A25 
 100      B5BF81DA 
 101 0292 2BA0F412 		.ascii	"+\240\364\022\330e\260>\260_#'A<Ok\327\020\350/m\307"
 101      D865B03E 
 101      B05F2327 
 101      413C4F6B 
 101      D710E82F 
 102 02a8 CFD00E1A 		.ascii	"\317\320\016\032\027.[<\012\261\301\024\354\232Z(A\177"
 102      172E5B3C 
 102      0AB1C114 
 102      EC9A5A28 
 102      417F
 103 02ba 89875E88 		.ascii	"\211\207^\21095\342*Y$!\273\342\221\335\361\244{C\320"
 103      3935E22A 
 103      592421BB 
 103      E291DDF1 
 103      A47B43D0 
 104 02ce 9E78E8C5 		.ascii	"\236x\350\3058\322\277C\351\317\307##\003\311\016x\222"
 104      38D2BF43 
 104      E9CFC723 
 104      2303C90E 
 104      7892
 105 02e0 0D426F82 		.ascii	"\015Bo\202A@5\217\032O\251p\033\353\253,8|\265\037\243"
 105      4140358F 
 105      1A4FA970 
 105      1BEBAB2C 
 105      387CB51F 
 106 02f5 94843D44 		.ascii	"\224\204=D\277C\353\376K\033Y\306\257MI\350\032\200"
 106      BF43EBFE 
 106      4B1B59C6 
 106      AF4D49E8 
 106      1A80
 107 0307 AF4646AA 		.ascii	"\257FF\25274R\220u{\315\356vu\212\224\306\365\2744\334"
 107      37345290 
 107      757BCDEE 
 107      76758A94 
 107      C6F5BC34 
 108 031c 7373D097 		.ascii	"ss\320\227Z\375T\011\322\356\211\2740P\177\324o\201"
 108      5AFD5409 
 108      D2EE89BC 
 108      30507FD4 
 108      6F81
 109 032e 4303484B 		.ascii	"C\003HK\221t\005t\353?c\375\3629\225,a1\231)G\272\331"
 109      91740574 
 109      EB3F63FD 
 109      F239952C 
 109      61319929 
 110 0345 51D8EB68 		.ascii	"Q\330\353h\016|\257\227\213\314c\235G\356&\343nq\324"
 110      0E7CAF97 
 110      8BCC639D 
 110      47EE26E3 
ARM GAS  /var/folders/nz/mg232qzd5vg5_0nfk_8jw8mc0000gn/T//ccCq3xdS.s 			page 8


 110      6E71D4
 111 0358 8E95571D 		.ascii	"\216\225W\035Q\245\036&\256f\177\365\336\303\270\212"
 111      51A51E26 
 111      AE667FF5 
 111      DEC3B88A 
 112 0368 B8B691A9 		.ascii	"\270\266\221\251`\020\261 t#\\\036G\357\23164\210R!"
 112      6010B120 
 112      74235C1E 
 112      47EF9936 
 112      34885221 
 113 037c D0756AFB 		.ascii	"\320uj\373\0039\236\220~\001\276\263\223\030X<\360\332"
 113      03399E90 
 113      7E01BEB3 
 113      9318583C 
 113      F0DA
 114 038e BC747F59 		.ascii	"\274t\177YyqY\035\361\004\203\013D\226\241(\226\241"
 114      7971591D 
 114      F104830B 
 114      4496A128 
 114      96A1
 115 03a0 10CB4DC6 		.ascii	"\020\313M\306\322P]:\240\302\237a\306\322\260\337\373"
 115      D2505D3A 
 115      A0C29F61 
 115      C6D2B0DF 
 115      FB
 116 03b1 701A6369 		.ascii	"p\032ci>\336\324\200\252HM\264\226[Q,\267B,\303\214"
 116      3EDED480 
 116      AA484DB4 
 116      965B512C 
 116      B7422CC3 
 117 03c6 A5FBF1E4 		.ascii	"\245\373\361\3447\032\271L\354\006\255\223\376\351L"
 117      371AB94C 
 117      EC06AD93 
 117      FEE94C
 118 03d5 04DA14CF 		.ascii	"\004\332\024\317\355\310\010\353\310m\024jI\375\215"
 118      EDC808EB 
 118      C86D146A 
 118      49FD8D
 119 03e4 5615EE15 		.ascii	"V\025\356\025e<9\341\3359]\2241\264+ \213\222\001Q\310"
 119      653C39E1 
 119      DD395D94 
 119      31B42B20 
 119      8B920151 
 120 03f9 1D25C31D 		.ascii	"\035%\303\035\222\341a2J\313\376\200W\347\240\3102\334"
 120      92E16132 
 120      4ACBFE80 
 120      57E7A0C8 
 120      32DC
 121 040b 36FA2059 		.ascii	"6\372 Yd\351\273r?\276\230\321(\226\321\020\313\030"
 121      64E9BB72 
 121      3FBE98D1 
 121      2896D110 
 121      CB18
 122 041d 63B97177 		.ascii	"c\271qw\274\032\343J9c\271VY|M\273\260\206\370\211\177"
 122      BC1AE34A 
 122      3963B956 
 122      597C4DBB 
ARM GAS  /var/folders/nz/mg232qzd5vg5_0nfk_8jw8mc0000gn/T//ccCq3xdS.s 			page 9


 122      B086F889 
 123 0432 E8EEC315 		.ascii	"\350\356\303\025\373\0114\226\370\203\357.`\323pGd\211"
 123      FB093496 
 123      F883EF2E 
 123      60D37047 
 123      6489
 124 0444 7A0FDC11 		.ascii	"z\017\334\021\271\3208Z\010\321#\207:\367\310cf\210"
 124      B9D0385A 
 124      08D12387 
 124      3AF7C863 
 124      6688
 125 0456 E68E74C1 		.ascii	"\346\216t\301+\315\220\227\315\220\257\366\340\325\244"
 125      2BCD9097 
 125      CD90AFF6 
 125      E0D5A4
 126 0465 18F4480C 		.ascii	"\030\364H\014\332'\241\351\252\\\265\346\243\324\034"
 126      DA27A1E9 
 126      AA5CB5E6 
 126      A3D41C
 127 0474 6E9653D8 		.ascii	"n\226S\330\234\235\245\337Th\261\353\235&\241\250P/"
 127      9C9DA5DF 
 127      5468B1EB 
 127      9D26A1A8 
 127      502F
 128 0486 2415596C 		.ascii	"$\025Yl\002<\0234z}\350v=_\344t\360V\273\321`\345\355"
 128      023C1334 
 128      7A7DE876 
 128      3D5FE474 
 128      F056BBD1 
 129 049d 8502BFC9 		.ascii	"\205\002\277\311h\314086g\330\3546S\206\311\220o\311"
 129      68CC3038 
 129      3667D8EC 
 129      365386C9 
 129      906FC9
 130 04b0 7843FF76 		.ascii	"xC\377vFV\346\3227?\316\346c6x\213\315h-*0\361\233\015"
 130      4656E6D2 
 130      373FCEE6 
 130      6336788B 
 130      CD682D2A 
 131 04c8 46B3C566 		.ascii	"F\263\305f\342\365\005\246\215\206\"\253\240\027\266"
 131      E2F505A6 
 131      8D8622AB 
 131      A017B6
 132 04d7 169A9C4B 		.ascii	"\026\232\234K\314\234\356\377s;\267:y\275S(\000\265"
 132      CC9CEEFF 
 132      733BB73A 
 132      79BD5328 
 132      00B5
 133 04e9 4088ED05 		.ascii	"@\210\355\005\016ltX\301\314\2319fK\276e\355:\336\356"
 133      0E6C7458 
 133      C1CC9939 
 133      664BBE65 
 133      ED3ADEEE 
 134 04fd E4CD90A0 		.ascii	"\344\315\220\240\320\356\020\234\374\272\017Wgg\361"
 134      D0EE109C 
 134      FCBA0F57 
 134      6767F1
ARM GAS  /var/folders/nz/mg232qzd5vg5_0nfk_8jw8mc0000gn/T//ccCq3xdS.s 			page 10


 135 050c 79792BF9 		.ascii	"yy+\371U\272\334\265\237,\345\013\015V\275\325Z\000"
 135      55BADCB5 
 135      9F2CE50B 
 135      0D56BDD5 
 135      5A00
 136 051e C14ADDF2 		.ascii	"\301J\335\362\225\006\301\240\324\255\020\227\034qY"
 136      9506C1A0 
 136      D4AD1097 
 136      1C7159
 137 052d 292EEFD1 		.ascii	").\357\321E\255[\236\227c\267m\264lR\001e\256\315\""
 137      45AD5B9E 
 137      9763B76D 
 137      B46C5201 
 137      65AECD22 
 138 0541 BC1497C5 		.ascii	"\274\024\227\305\3510\322u\211\221S:\005\012\230\037"
 138      E930D275 
 138      8991533A 
 138      050A981F 
 139 0551 07080BA7 		.ascii	"\007\010\013\247z\325\371v\203\243\200\302\262\342`"
 139      7AD5F976 
 139      83A380C2 
 139      B2E260
 140 0560 6C4392FB 		.ascii	"lC\222\373\376\322\314\354\234\267\364\253s\327\344"
 140      FED2CCEC 
 140      9CB7F4AB 
 140      73D7E4
 141 056f AE5E9E27 		.ascii	"\256^\236'nA\360t\275\244]o\001\002\2559\312\341_P\273"
 141      6E41F074 
 141      BDA45D6F 
 141      0102AD39 
 141      CAE15F50 
 142 0584 44B9650B 		.ascii	"D\271e\013o\016\227>\2132\205N\307\310\012\374\0278"
 142      6F0E973E 
 142      8B32854E 
 142      C7C80AFC 
 142      1738
 143 0596 A824C8   		.ascii	"\250$\310"
 144              		.text
 145              		.section	.gnu.lto_.symtab.f013a5280885a283,"",%progbits
 146 0000 68616C49 		.ascii	"halInit\000\000\000\000\000\000\000\000\000\000\000"
 146      6E697400 
 146      00000000 
 146      00000000 
 146      0000
 147 0012 00D80000 		.ascii	"\000\330\000\000\000pal_default_config\000\000\002\000"
 147      0070616C 
 147      5F646566 
 147      61756C74 
 147      5F636F6E 
 148 002d 00000000 		.ascii	"\000\000\000\000\000\000\000\000\344\000\000\000stI"
 148      00000000 
 148      E4000000 
 148      737449
 149 003c 6E697400 		.ascii	"nit\000\000\002\000\000\000\000\000\000\000\000\000"
 149      00020000 
 149      00000000 
 149      000000
ARM GAS  /var/folders/nz/mg232qzd5vg5_0nfk_8jw8mc0000gn/T//ccCq3xdS.s 			page 11


 150 004b DA000000 		.ascii	"\332\000\000\000boardInit\000\000\002\000\000\000\000"
 150      626F6172 
 150      64496E69 
 150      74000002 
 150      00000000 
 151 005f 00000000 		.ascii	"\000\000\000\000\000\334\000\000\000_pal_lld_init\000"
 151      00DC0000 
 151      005F7061 
 151      6C5F6C6C 
 151      645F696E 
 152 0076 00020000 		.ascii	"\000\002\000\000\000\000\000\000\000\000\000\340\000"
 152      00000000 
 152      000000E0 
 152      00
 153 0083 00006861 		.ascii	"\000\000hal_lld_init\000\000\002\000\000\000\000\000"
 153      6C5F6C6C 
 153      645F696E 
 153      69740000 
 153      02000000 
 154 0099 00000000 		.ascii	"\000\000\000\000\342\000\000\000"
 154      E2000000 
 155              		.text
 156              		.section	.gnu.lto_.opts,"",%progbits
 157 0000 272D666E 		.ascii	"'-fno-trapv' '-mcpu=cortex-m3' '-mno-thumb-interwor"
 157      6F2D7472 
 157      61707627 
 157      20272D6D 
 157      6370753D 
 158 0033 6B272027 		.ascii	"k' '-mthumb' '-ggdb' '-O2' '-fomit-frame-pointer' '"
 158      2D6D7468 
 158      756D6227 
 158      20272D67 
 158      67646227 
 159 0066 2D66616C 		.ascii	"-falign-functions=16' '-ffunction-sections' '-fdata"
 159      69676E2D 
 159      66756E63 
 159      74696F6E 
 159      733D3136 
 160 0099 2D736563 		.ascii	"-sections' '-fno-common' '-flto'\000"
 160      74696F6E 
 160      73272027 
 160      2D666E6F 
 160      2D636F6D 
 161              		.text
 162              		.comm	__gnu_lto_v1,1,1
 163              		.comm	__gnu_lto_slim,1,1
 164              		.ident	"GCC: (GNU Tools for ARM Embedded Processors) 4.9.3 20150529 (release) [ARM/embedded-4_9-br
ARM GAS  /var/folders/nz/mg232qzd5vg5_0nfk_8jw8mc0000gn/T//ccCq3xdS.s 			page 12


DEFINED SYMBOLS
                            *ABS*:0000000000000000 hal.c
                            *COM*:0000000000000001 __gnu_lto_v1
                            *COM*:0000000000000001 __gnu_lto_slim

NO UNDEFINED SYMBOLS
