ARM GAS  /var/folders/nz/mg232qzd5vg5_0nfk_8jw8mc0000gn/T//ccyhN1xW.s 			page 1


   1              		.syntax unified
   2              		.cpu cortex-m3
   3              		.fpu softvfp
   4              		.eabi_attribute 20, 1
   5              		.eabi_attribute 21, 1
   6              		.eabi_attribute 23, 3
   7              		.eabi_attribute 24, 1
   8              		.eabi_attribute 25, 1
   9              		.eabi_attribute 26, 1
  10              		.eabi_attribute 30, 2
  11              		.eabi_attribute 34, 1
  12              		.eabi_attribute 18, 4
  13              		.thumb
  14              		.file	"hal_lld.c"
  15              		.text
  16              	.Ltext0:
  17              		.section	.gnu.lto_.profile.e0fc6c3d1b8dc403,"",%progbits
  18 0000 789C6366 		.ascii	"x\234cf```a\200\000F\006gG\000\001;\000\215"
  18      60606061 
  18      80004606 
  18      67470001 
  18      3B008D
  19              		.text
  20              		.section	.gnu.lto_.jmpfuncs.e0fc6c3d1b8dc403,"",%progbits
  21 0000 789C6366 		.ascii	"x\234cf\300\0168\2404\023\0203\0021\000\0014\000\017"
  21      C00E38A0 
  21      34131033 
  21      02310001 
  21      34000F
  22              		.text
  23              		.section	.gnu.lto_.inline.e0fc6c3d1b8dc403,"",%progbits
  24 0000 789C6366 		.ascii	"x\234cf\300\016\264\2414\023\003\203\220 #\003\223\334"
  24      C00EB4A1 
  24      34130383 
  24      90202303 
  24      93DC
  25 0012 86578C0C 		.ascii	"\206W\214\014l\013\344\231@\202\214\014\306K\231\200"
  25      6C0BE499 
  25      40828C0C 
  25      C64B9980 
  26 0022 820917F6 		.ascii	"\202\011\027\366*\303\005\031\000\221\006\006\214"
  26      2AC30519 
  26      00910606 
  26      8C
  27              		.text
  28              		.section	.gnu.lto_.pureconst.e0fc6c3d1b8dc403,"",%progbits
  29 0000 789C6366 		.ascii	"x\234cf```e\200\000&\006)F)\000\000\371\000@"
  29      60606065 
  29      80002606 
  29      29462900 
  29      00F90040 
  30              		.text
  31              		.section	.gnu.lto_hal_lld_init.e0fc6c3d1b8dc403,"",%progbits
  32 0000 789C9D94 		.ascii	"x\234\235\224\315k\023A\030\207\3477\233\304\015\033"
  32      CD6B1341 
  32      1887E737 
  32      9BC40D1B 
ARM GAS  /var/folders/nz/mg232qzd5vg5_0nfk_8jw8mc0000gn/T//ccyhN1xW.s 			page 2


  33 0010 4CF454E2 		.ascii	"L\364T\342\037\320\323\032Z\377\001A\361 \210\207z\027"
  33      1FD0D31A 
  33      5AFF0141 
  33      F1208887 
  33      7A17
  34 0022 3F0E2D04 		.ascii	"?\016-\004Z\254\207\336\272i\243xQ\242\036\024kA\301"
  34      5AAC87DE 
  34      BA69A378 
  34      51A21E14 
  34      6B41C1
  35 0035 5A6BAC51 		.ascii	"Zk\254Q\253\211mR\033k\372\225J\245~P\360\240b\022P"
  35      AB896D52 
  35      1B6BFA95 
  35      4AA57E50 
  35      F0A06212 
  36 004a 4FC60AB2 		.ascii	"O\306\012\262\202\304yg\022\227\324\323fa\337\311\356"
  36      82C47967 
  36      1297D4D3 
  36      6661DFC9 
  36      EE
  37 005b EC3EEFF3 		.ascii	"\354>\357\363\276\263\023\215\375\177\204\305\251y\031"
  37      BEB3138D 
  37      FD7F84C5 
  37      A97919
  38 006a EB102334 		.ascii	"\353\020#4\006\236Xc,\246s\200~0\260A\216A|\345U\216"
  38      069E5863 
  38      2CA67380 
  38      7E30B041 
  38      8E417CE5 
  39 0080 443E79D5 		.ascii	"D>y\325h\037\263,\353\373\347\271\2663m6gl\223+\014"
  39      681FB32C 
  39      EBFBE7B9 
  39      B6336D36 
  39      676C932B 
  40 0095 C6D1CEC4 		.ascii	"\306\321\316\3043\325\370\237\015\303\027\027\317\204"
  40      33D5F89F 
  40      0DC31717 
  40      CF84
  41 00a3 D41CEEC0 		.ascii	"\324\034\356\300\0071\246v\346\255Z\255t=\367\316\263"
  41      0731A676 
  41      E6AD5AAD 
  41      743DF7CE 
  41      B3
  42 00b4 83339BC3 		.ascii	"\2033\233\303KA\247\340\247`P\010P\010R\010Q`\254,\020"
  42      4B41A7E0 
  42      A7605008 
  42      50085208 
  42      5160AC2C 
  43 00c9 E451E19C 		.ascii	"\344Q\341\234F\355=\346\323\325B'A\177qr*.\217M\373"
  43      46ED3DE6 
  43      D3D54227 
  43      417F7172 
  43      2A2E8F4D 
  44 00de BF709B73 		.ascii	"\277p\233s\353\3069\313C\012\037\313\257\326uy\213\321"
  44      EBC639CB 
  44      430A1FCB 
  44      AFD67579 
ARM GAS  /var/folders/nz/mg232qzd5vg5_0nfk_8jw8mc0000gn/T//ccyhN1xW.s 			page 3


  44      8BD1
  45 00f0 E5D0ED9B 		.ascii	"\345\320\355\2333\372(F`s\015\023\010\343.\302r\242"
  45      33FA2846 
  45      60730D13 
  45      08E32EC2 
  45      72A2
  46 0102 F4FB5AC5 		.ascii	"\364\373Z\3050\223V<\246\333\334\203$F\361CV\203{0\231"
  46      3093563C 
  46      A6DBDC83 
  46      2446F143 
  46      56837B30 
  47 0117 C8D44769 		.ascii	"\310\324Gi\\\020&\035\302}\230d2b\337\222r\250\211#"
  47      5C10261D 
  47      C27D9864 
  47      3262DF92 
  47      72A88923 
  48 012b C890122F 		.ascii	"\310\220\022/\272\002\203\270\017\034\356C\305mT\350"
  48      BA0283B8 
  48      0F1CEE43 
  48      C56D54E8 
  49 013b 11B71E29 		.ascii	"\021\267\036)f\372\342\002Wm\361\272P\236\222hZ\037"
  49      66FAE202 
  49      576DF1BA 
  49      509E9268 
  49      5A1F
  50 014d 3C6EADE8 		.ascii	"<n\255\350'\016!\015\263\305\0123\016\344\251\2004J"
  50      270E210D 
  50      B3C50A33 
  50      0EE4A980 
  50      344A
  51 015f 5A5FAC97 		.ascii	"Z_\254\227\244\273\020\232\226,\371\351\315\310\222"
  51      A4BB109A 
  51      962CF9E9 
  51      CDC892
  52 016e 867FFA14 		.ascii	"\206\177\372\024\305\257@+C\245\212!WE|\245\026\030"
  52      C5AF402B 
  52      43A58A21 
  52      57457CA5 
  52      1618
  53 0180 B22ADD25 		.ascii	"\262*\335%\270,=\347d\232\205)\370j\035\226\352\322"
  53      B82C3DE7 
  53      649A8529 
  53      F86A1D96 
  53      EAD2
  54 0192 860BD433 		.ascii	"\206\013\3243\0075\327,\035P\240\267\3473Y4\244\367"
  54      0735D72C 
  54      1D50A0B7 
  54      E7335934 
  54      A4F7
  55 01a4 32E45B74 		.ascii	"2\344[t~\356$\232'\347\200t\256\346v5\355\335\374T\021"
  55      7EEE249A 
  55      27E78074 
  55      AEE67635 
  55      EDDDFC54 
  56 01b9 72E76E8A 		.ascii	"r\347n\212E\331\262\253\361\002>\361v\201\344\202bn"
  56      45D9B2AB 
  56      F1023EF1 
ARM GAS  /var/folders/nz/mg232qzd5vg5_0nfk_8jw8mc0000gn/T//ccyhN1xW.s 			page 4


  56      7681E482 
  56      626E
  57 01cb F8F59BFD 		.ascii	"\370\365\233\375$\346\265>\305\266l@\2574\230\3746~"
  57      24E6B53E 
  57      C5B66C40 
  57      AF3498FC 
  57      367E
  58 01dd 65BB508B 		.ascii	"e\273P\213%,\241\340\303\202\260[\254\333]^\235\275"
  58      252CA1E0 
  58      C382B05B 
  58      ACDB5D5E 
  58      9DBD
  59 01ef B0CDB15B 		.ascii	"\260\315\261[\222v\232\312\201\345z'\316\256e4\225/"
  59      92769ACA 
  59      81E57A27 
  59      CEAE6534 
  59      952F
  60 0201 A452665F 		.ascii	"\244Rf_N\244\270j\006gX\371\327\212\202l\205\213|\305"
  60      4EA4B86A 
  60      066758F9 
  60      D78A826C 
  60      858B7CC5 
  61 0215 A67CABD4 		.ascii	"\246|\253\324\220\020\373\200X~\343 UO[\256,: \376y"
  61      9010FB80 
  61      587EE320 
  61      554F5BAE 
  61      2C3A20FE 
  62 022a 44C722FB 		.ascii	"D\307\"\373\272{\216\367\034\356\212\364\366G\272\217"
  62      BA7B8EF7 
  62      1CEE8AF4 
  62      F647BA8F 
  63 023a 45237DBD 		.ascii	"E#}\275\247N\367G\272\216\034\332\323\251\342\201\216"
  63      A74EF747 
  63      BA8E1CDA 
  63      D3A9E281 
  63      8E
  64 024b 81019A39 		.ascii	"\201\001\2329\032\215\236\334}\202\375\005\200?\276"
  64      1A8D9EDC 
  64      7D82FD05 
  64      803FBE
  65 025a EE       		.ascii	"\356"
  66              		.text
  67              		.section	.gnu.lto_stm32_clock_init.e0fc6c3d1b8dc403,"",%progbits
  68 0000 789C9D56 		.ascii	"x\234\235V\335O\\E\024\2373\367\356\335\273{w\227\375"
  68      DD4F5C45 
  68      149F33F7 
  68      EEDDBB7B 
  68      7797FD
  69 0013 004A2025 		.ascii	"\000J %))\366\011I\365/\330\230\370f\372P\337\215\037"
  69      2929F609 
  69      49F52FD8 
  69      98F866FA 
  69      50DF8D1F 
  70 0027 316D4252 		.ascii	"1mBRc\233\330\267^\312G\332\204\207\006\023Skh\364\001"
  70      639BD8B7 
  70      5ECA47DA 
  70      84870613 
ARM GAS  /var/folders/nz/mg232qzd5vg5_0nfk_8jw8mc0000gn/T//ccyhN1xW.s 			page 5


  70      536B68F4 
  71 003c 2C62EDB2 		.ascii	",b\355\262*\012\365c\245\012X+\010X)(T\013\253T\261"
  71      2A0AF563 
  71      A50A582B 
  71      08582928 
  71      540BAB54 
  72 0051 015A43B7 		.ascii	"\001ZC\267\011\342\2349\263;\260$fwy\370\315e\316\354"
  72      09E29C39 
  72      B33BB024 
  72      667779F8 
  72      CD65CEEC 
  73 0065 EF9CF99D 		.ascii	"\357\234\371\235\337\314\275\006\333\375W\011\214]\363"
  73      DFCCBD06 
  73      DBFD5709 
  73      8C5DF3
  74 0074 3376503C 		.ascii	"3vP<C\005\003~n\234\261f\233\203A\017\006/\357\030e"
  74      4305037E 
  74      6E9CB166 
  74      9B83410F 
  74      062FEF18 
  75 0089 CCF59BAD 		.ascii	"\314\365\233\255^\346\006\312i>n\202\207\342\036\036"
  75      5EE606CA 
  75      693E6E82 
  75      87E21E1E 
  76 0099 A3B825E3 		.ascii	"\243\270%\3431\232\217[\340\245\270\227G)n\313x\224"
  76      319A8F5B 
  76      E0A5B897 
  76      47296ECB 
  76      7894
  77 00ab E6E336F8 		.ascii	"\346\3436\370(\356\343\021\212\373e<B\363q?8\024wx\230"
  77      28EEE311 
  77      8AFB653C 
  77      42F3713F 
  77      38147778 
  78 00c0 E201190F 		.ascii	"\342\001\031\017\323|<\000A\212\007y\031\305C2^F\363"
  78      D37C3C00 
  78      418A0779 
  78      19C54332 
  78      5E46F3
  79 00d3 F110008E 		.ascii	"\361\020\000\216\014\330)n\224\233\236\230\345\215\332"
  79      0CD8296E 
  79      949B9E98 
  79      E58DDA
  80 00e2 BE88DF09 		.ascii	"\276\210\337\011\007\202e!8\3455h\373\036\032\2744\370"
  80      07826521 
  80      38E53568 
  80      FB1E1ABC 
  80      34F8
  81 00f4 68706808 		.ascii	"hph\010\322p\227\257q8\227\352;\357\034\350v]w59[\325"
  81      D27097AF 
  81      713897EA 
  81      3BEF1CE8 
  81      765D7735 
  82 010b 5695E18C 		.ascii	"V\225\341\214\335\347\264\000\336\205\003L\254Yk\335"
  82      DDE7B400 
  82      DE85034C 
  82      AC596BDD 
ARM GAS  /var/folders/nz/mg232qzd5vg5_0nfk_8jw8mc0000gn/T//ccyhN1xW.s 			page 6


  83 011b 9C71AC56 		.ascii	"\234q\254V\261&L1\270\004\226\220\227]\211\246\334\255"
  83      B1264C31 
  83      B8049690 
  83      975D89A6 
  83      DCAD
  84 012d ADC58B37 		.ascii	"\255\305\21372\346c\234e\204\266\010\036\004\013\301"
  84      32E6639C 
  84      6584B608 
  84      1E040BC1 
  85 013d 8B602338 		.ascii	"\213`#8\010\001\204 B\010!\214\020A\210\"\304\020*\020"
  85      08018420 
  85      4208218C 
  85      10418822 
  85      C4102A10 
  86 0151 2A11F620 		.ascii	"*\021\366 T!T#\324 \354E\250E\330\207P\207\260\037\241"
  86      54215423 
  86      D420EC45 
  86      A845D887 
  86      5087B01F 
  87 0166 1E81B125 		.ascii	"\036\201\261%Q\234P+\315\271\030\2149\030\036\350_I"
  87      519C502B 
  87      CDB9188C 
  87      39181EE8 
  87      5F49
  88 0178 1A58ED06 		.ascii	"\032X\355\006\307\315^\037\353\036\364-\363\014\347"
  88      C7CD5E1F 
  88      EB1EF42D 
  88      F30CE7
  89 0187 EEDB675C 		.ascii	"\356\333g\\\023\367v{ib\322\226S\014\377=\335\363\316"
  89      13F7767B 
  89      6962D296 
  89      530CFF3D 
  89      DDF3CE
  90 019a 90DD056F 		.ascii	"\220\335\005oA\206\033\320\013\325\360\236H\217\201"
  90      41861BD0 
  90      0BD5F09E 
  90      488F81
  91 01a9 C54717D2 		.ascii	"\305G\027\322NC\237\333\332lg\270\011}\320\005\353R"
  91      4E439FDB 
  91      DA6C67B8 
  91      097DD005 
  91      EB52
  92 01bb 26781F1A 		.ascii	"&x\037\032\330\034\264<\260(\217A\251F\273\226\223&"
  92      D81CB43C 
  92      B0288F41 
  92      A946BB96 
  92      9326
  93 01cd F20230B8 		.ascii	"\362\0020\270,HD5\235\200K\212\310\362\201\316r\005"
  93      2C484435 
  93      9D804B8A 
  93      C8F281CE 
  93      7205
  94 01df 1A04B778 		.ascii	"\032\004\267xJ\013\024\016\220\273[[YW\273\363\024\304"
  94      4A0B140E 
  94      90BB5B5B 
  94      5957BBF3 
  94      14C4
ARM GAS  /var/folders/nz/mg232qzd5vg5_0nfk_8jw8mc0000gn/T//ccyhN1xW.s 			page 7


  95 01f1 0A489AD0 		.ascii	"\012H\232\320\244\375T\372\303\366%N4\212\351\302L\372"
  95      A4FD54FA 
  95      C3F6254E 
  95      348AE9C2 
  95      4CFA
  96 0203 81218BE7 		.ascii	"\201!\213\347\014\222\202\345&\264\336jyY\255\021\013"
  96      0C9282E5 
  96      26B4DE6A 
  96      7959AD11 
  96      0B
  97 0214 9A7BAE76 		.ascii	"\232{\256vx\345\002\301\362!\246a\250~9\023\226\205"
  97      78E502C1 
  97      F221A661 
  97      A87E3913 
  97      9685
  98 0226 3437B3F2 		.ascii	"47\263\362\257\375\235\225\337[\304\266?\322\025~\254"
  98      AFFD9D95 
  98      DF5BC4B6 
  98      3FD2157E 
  98      AC
  99 0237 2A54E2DA 		.ascii	"*T\342\332D\224\334L\274\356\310\364\031\241\356@\211"
  99      4494DC4C 
  99      BCEEC8F4 
  99      19A1EE40 
  99      89
 100 0248 EA7EA2D3 		.ascii	"\352~\242\323|\212\352\332\310\262\232\2707e\344\021"
 100      7C8AEADA 
 100      C8B29AB8 
 100      3765E411 
 101 0258 35BB6ECA 		.ascii	"5\273n\312\372\177Q\007%\027\236\011\030\202\206\355"
 101      FA7F5107 
 101      25179E09 
 101      188286ED 
 102 0268 BE32C5D4 		.ascii	"\2762\305\324U\251P\232{t\347\356\335Q\3028\205w\356"
 102      55A9509A 
 102      7B74E7EE 
 102      DD51C238 
 102      8577EE
 103 027b 339DE4F3 		.ascii	"3\235\344\363l\347VT\347\002\304\264\321\266z\326/\225"
 103      6CE75654 
 103      E702C4B4 
 103      D1B67AD6 
 103      2F95
 104 028d 0930F882 		.ascii	"\0110\370\202:7\233\355\\`[\253b\252UV\356\244ld[\025"
 104      3A379BED 
 104      5C605BAB 
 104      62AA5556 
 104      EEA46C64 
 105 02a3 2C42C32F 		.ascii	",B\303/\265\206\251\235\347 DDo\374s\251\327\222\005"
 105      B586A99D 
 105      E7204444 
 105      6FFC73A9 
 105      D79205
 106 02b6 B9E2C0C1 		.ascii	"\271\342\300\301W%\366jX\347\271\206\275\012I=\275Z"
 106      5725F66A 
 106      58E7B986 
 106      BD0A493D 
ARM GAS  /var/folders/nz/mg232qzd5vg5_0nfk_8jw8mc0000gn/T//ccyhN1xW.s 			page 8


 106      BD5A
 107 02c8 CF8DEC49 		.ascii	"\317\215\354I\010\027\256\347\327\232\364\233\374\223"
 107      0817AEE7 
 107      D79AF49B 
 107      FC93
 108 02d6 1021A68B 		.ascii	"\020!\246\213\017/\2376U\3716\203\221\274\263\020\331"
 108      0F2F9F36 
 108      55F93683 
 108      91BCB310 
 108      D9
 109 02e7 A6685429 		.ascii	"\246hT)j\347\314\377\357\260\252)Z\304NGeQ\362\226\035"
 109      6AE7CCFF 
 109      EFB0AA29 
 109      5AC44E47 
 109      6551F296 
 110 02fc DBA9684C 		.ascii	"\333\251hL\020\225|\225|\253i\257\243\2001)\240/'`\377"
 110      10957C95 
 110      7CAB69AF 
 110      A3803129 
 110      A02F2760 
 111 0311 56D69015 		.ascii	"V\326\220\025\205\013\370\235&\275\221/`\245`\332uw"
 111      850BF89D 
 111      26BD912F 
 111      60A560DA 
 111      7577
 112 0323 546ED32B 		.ascii	"Tn\323+\242\364\362\347\03482\255J\330S\304\306\276"
 112      A2F4F2E7 
 112      1C3832AD 
 112      4AD853C4 
 112      C6BE
 113 0335 D787627C 		.ascii	"\327\207b|\247^UD\324\235\370\263'\240Zx\202\301D\211"
 113      A75E5544 
 113      D49DF8B3 
 113      27A05A78 
 113      82C14489 
 114 0349 02FEA0F3 		.ascii	"\002\376\240\363L\242\200U\310209\242J\256.\202jJ\373"
 114      4CA28055 
 114      C8323039 
 114      A24AAE2E 
 114      826A4AFB 
 115 035d 6E7A67C9 		.ascii	"nzg\3115D\32498\333\341W%\243\355~,\261\346\233:\321"
 115      3544D439 
 115      38DBE157 
 115      25A3ED7E 
 115      2CB1E69B 
 116 0373 4F58738D 		.ascii	"OXs\215l\272\243\233>z_\225\277\267\360\246\317h\322"
 116      6CBAA39B 
 116      3E7A5F95 
 116      BFB7F0A6 
 116      CF68D2
 117 0386 5BF94DAF 		.ascii	"[\371M\257%\246\366\211\345\273F\266\3760\203\331<\033"
 117      25A6F689 
 117      E5BB46B6 
 117      FE3083D9 
 117      3C1B
 118 0398 D46EB341 		.ascii	"\324n\263AX\331 \240l\260\232\030\237.\341\002\236\323"
 118      58D920A0 
ARM GAS  /var/folders/nz/mg232qzd5vg5_0nfk_8jw8mc0000gn/T//ccyhN1xW.s 			page 9


 118      6CB09A18 
 118      9F2EE102 
 118      9ED3
 119 03aa EDF9595E 		.ascii	"\355\371Y^\300\275\023\313t\377\272g^c\360\013)\270"
 119      C0BD13CB 
 119      74FFBA67 
 119      5E63F00B 
 119      29B8
 120 03bc 9A9859CC 		.ascii	"\232\230Y\314\222o\236\035i\227G\333\343\246\362?\006"
 120      926F9E1D 
 120      699747DB 
 120      E3A6F23F 
 120      06
 121 03cd 3C32C3E8 		.ascii	"<2\303\350\324_\375!\225^|\030Y0/\322/\250\364\353-"
 121      D45FFD21 
 121      955E7C18 
 121      59302FD2 
 121      2FA8F4EB 
 122 03e2 C94DC8A5 		.ascii	"\311M\310\245\277-\323\343\373\031~\225\351{\346\333"
 122      BF2DD3E3 
 122      FB197E95 
 122      E97BE6DB 
 123 03f2 1EC94F0D 		.ascii	"\036\311O\015S\354\3777\312>\2606\237u\370\276\"\272"
 123      53ECFF37 
 123      CA3EB036 
 123      9F75F8BE 
 123      22BA
 124 0404 78476F6D 		.ascii	"xGomq\247]\352\004Q\3117\302\222\246M\2439\352\2449"
 124      71A75DEA 
 124      0451C937 
 124      C292A64D 
 124      A339EAA4 
 125 0419 82DA1C0B 		.ascii	"\202\332\034\013\213\252\330\375\205\233\343wM\372G"
 125      8BAAD8FD 
 125      859BE377 
 125      4DFA47
 126 0428 FE2BAA5E 		.ascii	"\376+\252^0\355z'\325\013\212\241\316\261\363\364\216"
 126      30ED7A27 
 126      D50B8AA1 
 126      CEB1F3F4 
 126      8E
 127 0439 106F88E5 		.ascii	"\020o\210\345\2343\312\2243B\350\214\005hN\275y\010"
 127      9C33CA94 
 127      3342E88C 
 127      05684EBD 
 127      7908
 128 044b 7F434110 		.ascii	"\177CA\020\223\302\204\215O\0359\372\302\321C\207\033"
 128      93C2848D 
 128      4F1D39FA 
 128      C2D14387 
 128      1B
 129 045c 8F1D6F3C 		.ascii	"\217\035o<\362|S\343+\307^=q\274\361\360\263\317<\371"
 129      F27C53E3 
 129      2BC75E3D 
 129      71BCF1F0 
 129      B3CF3CF9 
 130 0470 04E1D307 		.ascii	"\004\341\323\007O\236\304\310sMM/=\376\"\373\017\024"
ARM GAS  /var/folders/nz/mg232qzd5vg5_0nfk_8jw8mc0000gn/T//ccyhN1xW.s 			page 10


 130      4F9EC4C8 
 130      734D4D2F 
 130      3DFE22FB 
 130      0F14
 131 0482 32BF70   		.ascii	"2\277p"
 132              		.text
 133              		.section	.gnu.lto_.symbol_nodes.e0fc6c3d1b8dc403,"",%progbits
 134 0000 789C6366 		.ascii	"x\234cf``\320a\200\002\246;\214\365\014\014\023\316"
 134      6060D061 
 134      8002A63B 
 134      8CF50C0C 
 134      13CE
 135 0012 3130D4D7 		.ascii	"10\324\3273\314[\300\301\300t\227\261\236\021Y\200\365"
 135      33CC5BC0 
 135      C1C07497 
 135      B19E1159 
 135      80F5
 136 0024 1623C342 		.ascii	"\026#\303B&\240\"\000 \260\0144"
 136      26A02200 
 136      20B00C34 
 137              		.text
 138              		.section	.gnu.lto_.refs.e0fc6c3d1b8dc403,"",%progbits
 139 0000 789C6366 		.ascii	"x\234cf```d\200\002\000\000=\000\005"
 139      60606064 
 139      80020000 
 139      3D0005
 140              		.text
 141              		.section	.gnu.lto_.decls.e0fc6c3d1b8dc403,"",%progbits
 142 0000 789CA555 		.ascii	"x\234\245U}LSW\024\177\267\267\224R\212\230\220\251"
 142      7D4C5357 
 142      147FB7B7 
 142      94528A98 
 142      90A9
 143 0012 2159445C 		.ascii	"!YD\\\2101B\005\266,\373kB\005uN%-\233Y\374\243+\245"
 143      88314205 
 143      B62CFB6B 
 143      4205754E 
 143      252D9B59 
 144 002a 8E464A19 		.ascii	"\216FJ\031-\011\376\367\024\344\303\020Q\224\011n\323"
 144      2D09FEF7 
 144      14E4C310 
 144      5194096E 
 144      D3
 145 003b 2A204C3E 		.ascii	"* L>tn\370\001\033\242N\206 \250\300`\200\223\012\012"
 145      746EF801 
 145      1BA24E86 
 145      20A8C060 
 145      80930A0A 
 146 004f A880A828 		.ascii	"\250\200\250(\037V\272\363\356k_?h\310\342^\362k\337"
 146      1F56BAF3 
 146      EE6B5F3F 
 146      68C8E25E 
 146      F26BDF
 147 0062 79F777CE 		.ascii	"y\367w\316=\037\367\234\213)\212\352\004X\340Y\341M"
 147      3D1FF79C 
 147      8B298AEA 
 147      0458E059 
ARM GAS  /var/folders/nz/mg232qzd5vg5_0nfk_8jw8mc0000gn/T//ccyhN1xW.s 			page 11


 147      E14D
 148 0074 51EFF328 		.ascii	"Q\357\363(\012\203\034C\331\037\370DU\002\252\001\010"
 148      0A831C43 
 148      D91FF844 
 148      5502AA01 
 148      08
 149 0085 504B393F 		.ascii	"PK9?\314\232\247Ug\005\240\017\320\013\250\007<\004"
 149      CC9AA755 
 149      6705A00F 
 149      D00BA807 
 149      3C04
 150 0097 0C00F880 		.ascii	"\014\000\370\200\016@;\240\013p\337\301\356\0205\377"
 150      0E403BA0 
 150      0B70DFC1 
 150      EE1035FF 
 151 00a7 A95EC0A6 		.ascii	"\251^\300\246\005\360\326j\263\015p\033p\0270e\365\257"
 151      05F0D66A 
 151      B30D701B 
 151      70173065 
 151      F5AF
 152 00b9 DA8DBDE7 		.ascii	"\332\215\275\347<t\271z\262\325{\204\207\026\211\002"
 152      3C74B97A 
 152      B2D57B84 
 152      87168902 
 153 00c9 18B136BF 		.ascii	"\030\2616\277\251P\000\242X\304g\304\2727\003\235\374"
 153      A95000A2 
 153      58C467C4 
 153      BA37039D 
 153      FC
 154 00da A505343C 		.ascii	"\245\0054<\007\323\351\305|\024\263\004\225!\177T\216"
 154      07D3E9C5 
 154      7C14B304 
 154      95217F54 
 154      8E
 155 00eb FCC1EA4F 		.ascii	"\374\301\352Oh)\374\356\340\263\226\362\016\216]D\230"
 155      6829FCEE 
 155      E0B396F2 
 155      0E8E5D44 
 155      98
 156 00fc 8798F7E2 		.ascii	"\207\230\367\342\302\007\235\2425g@-\233n\230F\366\355"
 156      C2079DA2 
 156      3567402D 
 156      9B6E9846 
 156      F6ED
 157 010e BA4B73F7 		.ascii	"\272Ks\367\210\003\216\323\306s\023\325\346,\\D\033"
 157      88038ED3 
 157      C67313D5 
 157      E62C5C44 
 157      1B
 158 011f F7D27316 		.ascii	"\367\322s\026\013\"\306\320\031\204Q\005Z\303p\231w"
 158      0B22C6D0 
 158      19845105 
 158      5AC37099 
 158      77
 159 0130 A2842A51 		.ascii	"\242\204*Q\000(\226\225uUy\340hb\375EC\177/&F\214-\245"
 159      00289695 
 159      755579E0 
ARM GAS  /var/folders/nz/mg232qzd5vg5_0nfk_8jw8mc0000gn/T//ccyhN1xW.s 			page 12


 159      6862FD45 
 159      437F2F26 
 160 0148 8226BAC1 		.ascii	"\202&\272\301b\371\224\350W9\350W\331\364\253\211\376"
 160      62F994E8 
 160      5739E857 
 160      D9F4AB89 
 160      FE
 161 0159 95FAE946 		.ascii	"\225\372\351F\021\336N\364s\263M7E\370k\362\276\347"
 161      11DE4EF4 
 161      73B34D37 
 161      45F86BF2 
 161      BEE7
 162 016b 745DAE27 		.ascii	"t]\256'\004\274BD\374\353\377~\246\304\213\210L\355"
 162      04BC4244 
 162      FCEBFF7E 
 162      A6C48B88 
 162      4CED
 163 017d 7DE113AF 		.ascii	"}\341\023\257i\210.^\204\202D%\020\315D_\361\300\306"
 163      69882E5E 
 163      84824425 
 163      10CD445F 
 163      F1C0C6
 164 0190 747A1DFA 		.ascii	"tz\035\372\025\211\3209n7\242\315<\3314\275\227\311"
 164      1589D039 
 164      6E37A2CD 
 164      3CD934BD 
 164      97C9
 165 01a2 9457D322 		.ascii	"\224W\323\"\212K\024\372\005\005\001\203p\321\317\360"
 165      8A4B14FA 
 165      05050183 
 165      70D1CFF0 
 166 01b2 F13C7C04 		.ascii	"\361<|\004\3037\314\365\031\036H\024\344^\351\202\033"
 166      C337CCF5 
 166      191E4814 
 166      E45EE982 
 166      1B
 167 01c3 25E2425E 		.ascii	"%\342B^V\376\022\232\346\243\032p\341\254\335\005\360"
 167      56FE129A 
 167      E6A31A70 
 167      E1ACDD05 
 167      F0
 168 01d4 88CBF2A3 		.ascii	"\210\313\362\243\321\212v\021.dk\3218Y\227#X^\316\373"
 168      D18A7611 
 168      2E646BD1 
 168      38599723 
 168      585ECEFB 
 169 01e8 911692C5 		.ascii	"\221\026\222\305bKf\227\017\204\010\372t\311\010&\011"
 169      624B6697 
 169      0F8408FA 
 169      74C90826 
 169      09
 170 01f9 7D559E25 		.ascii	"}U\236%Zy\2226\236\232\250>\256!E\241\231\234\222=."
 170      5A799236 
 170      9E9AA83E 
 170      AE2145A1 
 170      999C923D 
 171 020e B27B38D4 		.ascii	"\262{8\324\235\371r\011-\247\320e\306\321Z\264\022L"
ARM GAS  /var/folders/nz/mg232qzd5vg5_0nfk_8jw8mc0000gn/T//ccyhN1xW.s 			page 13


 171      9DF97209 
 171      2DA7D065 
 171      C6D15AB4 
 171      124C
 172 0220 CCEEEBC8 		.ascii	"\314\356\353\310\344\221s\324\300cL\226\017\264\345"
 172      E49173D4 
 172      C0634C96 
 172      0FB4E5
 173 022f FB9083B4 		.ascii	"\373\220\203\264\212\021\217\265u\347x\340z\326\243"
 173      8A118FB5 
 173      75E778E0 
 173      7AD6A3
 174 023e B16B2569 		.ascii	"\261k%i\"\210:\375\277E\015\032{\357\214\016\372\342"
 174      22883AFD 
 174      BF450D1A 
 174      7BEF8C0E 
 174      FAE2
 175 0250 66569DCE 		.ascii	"fV\235\316\033\316\300\270\225\025r\362\323\207\205"
 175      1BCEC0B8 
 175      951572F2 
 175      D38785
 176 025f B89D154A 		.ascii	"\270\235\025J\012\276\253\364 \233\012\031\261\243\374"
 176      0ABEABF4 
 176      209B0A19 
 176      B1A3FC
 177 026e 60B61077 		.ascii	"`\266\020w\261k3m\3035\030\367\263B\313\300\364K1!."
 177      B16B336D 
 177      C33518F7 
 177      B342CBC0 
 177      F44B3121 
 178 0283 66C49ABC 		.ascii	"f\304\232\274\341\023|<\302\256\335\350\316|,\300\317"
 178      E1137C3C 
 178      C2AEDDE8 
 178      CE7C2CC0 
 178      CF
 179 0294 58A168EA 		.ascii	"X\241h\352V\243/!.c\304\236\262\254\303B<\305\256\035"
 179      56A32F21 
 179      2E63C49E 
 179      B2ACC342 
 179      3CC5AE1D 
 180 02a8 2A3D92C9 		.ascii	"*=\222\311\303\026V\260\365\221\230\355\243+\215m\247"
 180      C31656B0 
 180      F59198ED 
 180      A32B8D6D 
 180      A7
 181 02b9 BC700666 		.ascii	"\274p\006f\326\304y\207&\215\010\371\005\332\236\240"
 181      D6C47987 
 181      268D08F9 
 181      05DA9EA0 
 182 02c9 C043A4A3 		.ascii	"\300C\244\243hz\235\201Bu\020\346o$\257\255\310\217"
 182      687A9D81 
 182      427510E6 
 182      6F24AFAD 
 182      C88F
 183 02db 64BA1B92 		.ascii	"d\272\033\222\320\206\002\321m\300_\200v@\007\340\016"
 183      D08602D1 
 183      6DC05F80 
ARM GAS  /var/folders/nz/mg232qzd5vg5_0nfk_8jw8mc0000gn/T//ccyhN1xW.s 			page 14


 183      764007E0 
 183      0E
 184 02ec E06F4017 		.ascii	"\340o@\027\240\023p\027\005\222\212\033\351\214\364"
 184      A0137017 
 184      05928A1B 
 184      E98CF4
 185 02fb 89C2B1DA 		.ascii	"\211\302\261\332\315\371\351t\3112T\017E\273\002%b\314"
 185      CDF9E974 
 185      C932540F 
 185      45BB0225 
 185      62CC
 186 030d 71895DC5 		.ascii	"q\211]\305l\260\332\337\3126\216V\011\232\326\022f\203"
 186      6CB0DADF 
 186      CA368E56 
 186      099AD612 
 186      6683
 187 031f 5B6619E2 		.ascii	"[f\031\342\250\323\034\265\321\225z\003\271p\315\034"
 187      A8D31CB5 
 187      D1957A03 
 187      B970CD1C 
 188 032f F7962BB7 		.ascii	"\367\226+\267\305\225;\316q\257\273r\257\271r\237q\334"
 188      C5953BCE 
 188      71AFBB72 
 188      AFB9729F 
 188      71DC
 189 0341 3FDCFB60 		.ascii	"?\334\373`\217\354\015Gmv\357\202\235:\306Q\257\272"
 189      8FEC0D47 
 189      6D76EF82 
 189      9D3AC651 
 189      AFBA
 190 0353 F7C04E9D 		.ascii	"\367\300N\235\345\2507]\251M\016\3162\015jz\\%\240\021"
 190      E5A8375D 
 190      A94D0ECE 
 190      320D6A7A 
 190      5C25A011 
 191 0367 C3A16CC3 		.ascii	"\303\241l\303\210\342\312d\232\251j\026\323VS\177\272"
 191      88E2CA64 
 191      9AA96A16 
 191      D356537F 
 191      BA
 192 0378 37457685 		.ascii	"7Ev\205\3710\320v\321\002\203\307\217\030\265h\205\250"
 192      F930D076 
 192      D10283C7 
 192      8F18B568 
 192      85A8
 193 038a 17B8BFDB 		.ascii	"\027\270\277\333;\236\331\201<\356N\023\352\201C\364"
 193      3B9ED981 
 193      3CEE4E13 
 193      EA8143F4 
 194 039a AE070A0E 		.ascii	"\256\007\012\016\360\313\223C\263B\361~\373h\"\273\333"
 194      F0CB9343 
 194      B342F17E 
 194      FB6822BB 
 194      DB
 195 03ab 67401F12 		.ascii	"g@\037\022\223\351\012\377\300>_\\z\301\213t\377:Fy"
 195      93E90AFF 
 195      C03E5F5C 
ARM GAS  /var/folders/nz/mg232qzd5vg5_0nfk_8jw8mc0000gn/T//ccyhN1xW.s 			page 15


 195      7AC18B74 
 195      FF3A4679 
 196 03bf F47AD10C 		.ascii	"\364z\321\014\306\015\344\364\363-\346=\355\336(0\320"
 196      C60DE4F4 
 196      F32DE63D 
 196      EDDE2830 
 196      D0
 197 03d0 2F8824A0 		.ascii	"/\210$\240\307!\001\314)5-pJ{\235\216\323|&\233t6|#"
 197      C72101CC 
 197      29352D70 
 197      4A7B9D8E 
 197      D37C269B 
 198 03e8 09FF1EAC 		.ascii	"\011\377\036\254\263\2653Yc\177\000\261\337\207\330"
 198      B3B53359 
 198      637F00B1 
 198      DF87D8
 199 03f7 FAADB191 		.ascii	"\372\255\261\221l\336&%2\315+\021d}\350\330\314\001"
 199      6CDE2625 
 199      32CD2B11 
 199      647DE8D8 
 199      CC01
 200 0409 11F20B72 		.ascii	"\021\362\013rg\025\015\202\261\005\015\367A\231\006"
 200      67150D82 
 200      B1050DF7 
 200      419906
 201 0418 80F08FBD 		.ascii	"\200\360\217\275L&[\231 1\203W\333+\005NY\035p\312\352"
 201      4C265B99 
 201      20318357 
 201      DB2B054E 
 201      591D70CA 
 202 042d 436B561F 		.ascii	"CkV\037\222\254\2368\337\374\224\217oa\366\242\232;"
 202      92AC9E38 
 202      DFFC948F 
 202      6F61F6A2 
 202      9A3B
 203 043f 9AEE0397 		.ascii	"\232\356\003\227^\003\334\234\367R\271\213\223G.\276"
 203      5E03DC9C 
 203      F752B98B 
 203      93472EBE 
 204 044f 470E17DF 		.ascii	"G\016\027\337#\333\3057D.\276\306\326\273\017\021)\215"
 204      23DBC537 
 204      442EBEC6 
 204      D6BB0F11 
 204      298D
 205 0461 910CE693 		.ascii	"\221\014\346\223\203\315-\354\240\372\200L\326\206}"
 205      83CD2DEC 
 205      A0FA804C 
 205      D6867D
 206 0470 AF797898 		.ascii	"\257yx\230\335c\344@a\272\017~\305\012\327\232\016\237"
 206      DD63E440 
 206      61BA0F7E 
 206      C50AD79A 
 206      0E9F
 207 0482 F5C633AC 		.ascii	"\365\3063\254\320\323\374\244L\200\347X\341\364\221"
 207      D0D3FCA4 
 207      4C80E758 
 207      E1F491
ARM GAS  /var/folders/nz/mg232qzd5vg5_0nfk_8jw8mc0000gn/T//ccyhN1xW.s 			page 16


 208 0491 A91C5F9C 		.ascii	"\251\034_\234\311'\202\351\2076%\316a\337\307\353\307"
 208      C92782E9 
 208      873625CE 
 208      61DFC7EB 
 208      C7
 209 04a2 E7BC702E 		.ascii	"\347\274p.+\230\363g\272y\270\200\025jn\366\322B\\D"
 209      2B98F367 
 209      BA79B880 
 209      156A6EF6 
 209      D2425C44 
 210 04b6 046F73E9 		.ascii	"\004os\351x\201\007\342\206a\240\037;\300\252\236|f"
 210      788107E2 
 210      8661A01F 
 210      3BC0AA9E 
 210      7C66
 211 04c8 1F604F21 		.ascii	"\037`O!\"\363Bc\251\252\302v6\306]\251\363\306R\005"
 211      22F34263 
 211      A9AAC276 
 211      36C65DA9 
 211      F3C65205 
 212 04dc C71D73E5 		.ascii	"\307\035s\345\316\0335\2278\356sW\256\353\3748\303Q"
 212      CE1B3597 
 212      38EE7357 
 212      AEEBFC38 
 212      C351
 213 04ee 47DD9BB5 		.ascii	"G\335\233\265S\3139\352\023\267\201\331\231g9\346\204"
 213      53CB39EA 
 213      13B781D9 
 213      996739E6 
 213      84
 214 04ff 2B73DEA4 		.ascii	"+s\336\2449^\301\034c\263\373ISY\341\334hnRd\337\265"
 214      395EC11C 
 214      63B3FB49 
 214      5359E1DC 
 214      686E5264 
 215 0515 9ADBF599 		.ascii	"\232\333\365\231\373]W\333;\215\0354\303\260>B\226\314"
 215      FB5D57DB 
 215      3B8D1D34 
 215      C3B03E42 
 215      96CC
 216 0527 D6869881 		.ascii	"\326\206\230\201\206\230\202\206x\001x\015\230\004\314"
 216      86988286 
 216      7801780D 
 216      9804CC
 217 0536 025E02DE 		.ascii	"\002^\002\336\000\246\001\257\270\011\303;\272?\017"
 217      00A601AF 
 217      B809C33B 
 217      BA3F0F
 218 0545 8EA1ADD1 		.ascii	"\216\241\255\321\234\215\2429\260\365.vIZ.\357\022\242"
 218      9C8DA239 
 218      B0F52E76 
 218      495A2EEF 
 218      12A2
 219 0557 B7A0FCD8 		.ascii	"\267\240\374\330\336\204f\207&\034\033l\257\367vj\302"
 219      DE846687 
 219      261C1B6C 
 219      AFF7766A 
ARM GAS  /var/folders/nz/mg232qzd5vg5_0nfk_8jw8mc0000gn/T//ccyhN1xW.s 			page 17


 219      C2
 220 0568 B74E4D68 		.ascii	"\267NMh\2616!\363/NP&*\022\023\343\025\232$\215A\260"
 220      B13621F3 
 220      2F4E5026 
 220      2A1213E3 
 220      159A248D 
 221 057e 61EB1701 		.ascii	"a\353\027\001RJ\"M\320\304i\266\311%:\275\004\226%\311"
 221      524A224D 
 221      D0C469B6 
 221      C9253ABD 
 221      049625C9 
 222 0592 BA14835E 		.ascii	"\272\024\203^\"\217\335\022\036\306\376F\207\246\245"
 222      228FDD12 
 222      1EC6FE46 
 222      87A6A5
 223 05a1 49AC8A21 		.ascii	"I\254\212!*j\261\336\240\015\017S\250\022u\252]\304"
 223      2A6AB1DE 
 223      A00D0F53 
 223      A81275AA 
 223      5DC4
 224 05b3 8E305593 		.ascii	"\2160U\223d\200/\006\221Ba{\335!I\325\247H\200\002\006"
 224      64802F06 
 224      9142617B 
 224      DD2149D5 
 224      A7488002 
 225 05c8 75C906C9 		.ascii	"u\311\006\3117*U\2602E\033\234\244KR\007\253\225q\232"
 225      372A55B0 
 225      32451B9C 
 225      A44B5207 
 225      AB95719A 
 226 05dc E00F159F 		.ascii	"\340\017\025\237\004\207\255\015\375\350\333p\211\323"
 226      0487AD0D 
 226      FDE8DB70 
 226      89D3
 227 05ea 824493A4 		.ascii	"\202D\223\244JL\215WK\264JU\202&I-Q\304\253w*S\023\015"
 227      4A4C8D57 
 227      4BB44A55 
 227      8226492D 
 227      51C4AB77 
 228 0602 0AC3EE64 		.ascii	"\012\303\356d\265>$\201\212\371\377\266\365\273\365"
 228      B53E2481 
 228      8AF9FFB6 
 228      F5BBF5
 229 0611 1285DE10 		.ascii	"\022\205\336\020\017\336\202A_\371n\275A\255\225\352"
 229      0FDE8241 
 229      5FF96EBD 
 229      41AD95EA 
 230 0621 52D45226 		.ascii	"R\324R&\252\367B\342\225\006e\210\313Wo\231T\252\210"
 230      AAF742E2 
 230      95066588 
 230      CB576F99 
 230      54AA88
 231 0634 051FD6AB 		.ascii	"\005\037\326\253w\362\2442\2764z\203\014K7\311\204\021"
 231      77F2A432 
 231      BE347A83 
 231      0C4B37C9 
 231      8411
ARM GAS  /var/folders/nz/mg232qzd5vg5_0nfk_8jw8mc0000gn/T//ccyhN1xW.s 			page 18


 232 0646 31916132 		.ascii	"1\221a2y,y\011e^\004\021\033#\243\266\312<\231\005\353"
 232      792C7909 
 232      655E0411 
 232      1B23A3B6 
 232      CA3C9905 
 233 065b 7F28FCF3 		.ascii	"\177(\374\363#\327KAC.\373\330!\343*\235V\253K\222\250"
 233      23D74B41 
 233      432EFBD8 
 233      21E32A9D 
 233      56AB4B92 
 234 0670 D30C12E9 		.ascii	"\323\014\022\351\026\371&9\244\334!\353$\325;C\327\206"
 234      16F92639 
 234      A4DC21EB 
 234      24D53B43 
 234      D786
 235 0682 A7C5819F 		.ascii	"\247\305\201\237\3361\333e6\017\374m\225\214S\252v\245"
 235      DE31DB65 
 235      360FFC6D 
 235      958C53AA 
 235      76A5
 236 0694 262BE275 		.ascii	"&+\342uZ\245&\211\324\303'\372\363\010\371F\033\021"
 236      5AA52689 
 236      D4C327FA 
 236      F308F946 
 236      1B11
 237 06a6 4780AF9B 		.ascii	"G\200\257\233\243\276\222yn\213\211e\376yr\031/B&\224"
 237      A3BE9279 
 237      6E8B8965 
 237      FE797219 
 237      2F422694 
 238 06ba 45C9A364 		.ascii	"E\311\243d_F\255\307\333\"e\374\355\262\030\331\277"
 238      5F46ADC7 
 238      DB2265FC 
 238      EDB218D9 
 238      BF
 239 06cb 36E3FCF1 		.ascii	"6\343\374\361"
 240              		.text
 241              		.section	.gnu.lto_.symtab.e0fc6c3d1b8dc403,"",%progbits
 242 0000 68616C5F 		.ascii	"hal_lld_init\000\000\000\000\000\000\000\000\000\000"
 242      6C6C645F 
 242      696E6974 
 242      00000000 
 242      00000000 
 243 0016 0000AC00 		.ascii	"\000\000\254\000\000\000stm32_clock_init\000\000\000"
 243      00007374 
 243      6D33325F 
 243      636C6F63 
 243      6B5F696E 
 244 002f 00000000 		.ascii	"\000\000\000\000\000\000\000\000\000\256\000\000\000"
 244      00000000 
 244      00AE0000 
 244      00
 245 003c 53797374 		.ascii	"SystemCoreClock\000\000\000\000\000\000\000\000\000"
 245      656D436F 
 245      7265436C 
 245      6F636B00 
 245      00000000 
ARM GAS  /var/folders/nz/mg232qzd5vg5_0nfk_8jw8mc0000gn/T//ccyhN1xW.s 			page 19


 246 0054 000000BA 		.ascii	"\000\000\000\272\000\000\000"
 246      000000
 247              		.text
 248              		.section	.gnu.lto_.opts,"",%progbits
 249 0000 272D666E 		.ascii	"'-fno-trapv' '-mcpu=cortex-m3' '-mno-thumb-interwor"
 249      6F2D7472 
 249      61707627 
 249      20272D6D 
 249      6370753D 
 250 0033 6B272027 		.ascii	"k' '-mthumb' '-ggdb' '-O2' '-fomit-frame-pointer' '"
 250      2D6D7468 
 250      756D6227 
 250      20272D67 
 250      67646227 
 251 0066 2D66616C 		.ascii	"-falign-functions=16' '-ffunction-sections' '-fdata"
 251      69676E2D 
 251      66756E63 
 251      74696F6E 
 251      733D3136 
 252 0099 2D736563 		.ascii	"-sections' '-fno-common' '-flto'\000"
 252      74696F6E 
 252      73272027 
 252      2D666E6F 
 252      2D636F6D 
 253              		.text
 254              		.comm	__gnu_lto_v1,1,1
 255              		.comm	__gnu_lto_slim,1,1
 256              		.ident	"GCC: (GNU Tools for ARM Embedded Processors) 4.9.3 20150529 (release) [ARM/embedded-4_9-br
ARM GAS  /var/folders/nz/mg232qzd5vg5_0nfk_8jw8mc0000gn/T//ccyhN1xW.s 			page 20


DEFINED SYMBOLS
                            *ABS*:0000000000000000 hal_lld.c
                            *COM*:0000000000000001 __gnu_lto_v1
                            *COM*:0000000000000001 __gnu_lto_slim

NO UNDEFINED SYMBOLS
