ARM GAS  /var/folders/nz/mg232qzd5vg5_0nfk_8jw8mc0000gn/T//cc7T4T5J.s 			page 1


   1              		.syntax unified
   2              		.cpu cortex-m3
   3              		.fpu softvfp
   4              		.eabi_attribute 20, 1
   5              		.eabi_attribute 21, 1
   6              		.eabi_attribute 23, 3
   7              		.eabi_attribute 24, 1
   8              		.eabi_attribute 25, 1
   9              		.eabi_attribute 26, 1
  10              		.eabi_attribute 30, 2
  11              		.eabi_attribute 34, 1
  12              		.eabi_attribute 18, 4
  13              		.thumb
  14              		.file	"main.c"
  15              		.text
  16              	.Ltext0:
  17              		.section	.gnu.lto_.profile.1765b4d0094a230a,"",%progbits
  18 0000 789C6366 		.ascii	"x\234cf```a\200\000F\006Oa\000\001\031\000e"
  18      60606061 
  18      80004606 
  18      4F610001 
  18      190065
  19              		.text
  20              		.section	.gnu.lto_.jmpfuncs.1765b4d0094a230a,"",%progbits
  21 0000 789C6366 		.ascii	"x\234cf\300\016VCi&\006FF\006\006F\246\217L\214?\027"
  21      C00E5643 
  21      69260646 
  21      46060646 
  21      A68F4C8C 
  22 0016 BE69E07F 		.ascii	"\276i\340\177\301\364\223\211\341\203\036\003\343rF"
  22      C1F49389 
  22      E1831E03 
  22      E37246
  23 0025 29A03098 		.ascii	")\2400\230b\202*\230\374\345\340*&\260\202\013\374\014"
  23      62822A98 
  23      FCE5E02A 
  23      26B0820B 
  23      FC0C
  24 0037 8C2B8032 		.ascii	"\214+\2002\254 \341y\227\373\3261\325\376n\350h\340"
  24      AC20E179 
  24      97FBD631 
  24      D5FE6EE8 
  24      68E0
  25 0049 F8C9C4F8 		.ascii	"\370\311\304\370\027\250\232\201q%c-\003Hn\341\272\033"
  25      17A89A81 
  25      7125632D 
  25      03486EE1 
  25      BA1B
  26 005b 53B8405A 		.ascii	"S\270@Z\230N\000mZ\0052\014(:u\317\234I\234 Q\346\006"
  26      984E006D 
  26      5A05320C 
  26      283A75CF 
  26      9C499C20 
  27 0072 4606C6D5 		.ascii	"F\006\306\325PQ\024sX>\203\315Y\0032\207Q]\012\344T"
  27      50511473 
  27      583E83CD 
  27      59033287 
ARM GAS  /var/folders/nz/mg232qzd5vg5_0nfk_8jw8mc0000gn/T//cc7T4T5J.s 			page 2


  27      515D0AE4 
  28 0087 00377032 		.ascii	"\0007p2\205"
  28      85
  29              		.text
  30              		.section	.gnu.lto_.inline.1765b4d0094a230a,"",%progbits
  31 0000 789C6366 		.ascii	"x\234cf\300\016\374\2414\023\003\003\327#!F\006&\216"
  31      C00EFCA1 
  31      34130303 
  31      D7232146 
  31      06268E
  32 0013 05572418 		.ascii	"\005W$\030X@|\240 7#\003#\214d\340\375\300\001\244\230"
  32      58407CA0 
  32      20372303 
  32      238C64E0 
  32      FDC001A4 
  33 0028 2EF0A34A 		.ascii	".\360\243J\263\36130\260\202\315`\344\202\021\014\000"
  33      B3F13330 
  33      B082CD60 
  33      E482110C 
  33      00
  34 0039 2E4E053E 		.ascii	".N\005>"
  35              		.text
  36              		.section	.gnu.lto_.pureconst.1765b4d0094a230a,"",%progbits
  37 0000 789C6366 		.ascii	"x\234cf```e\200\000&\006S&S\000\001g\000w"
  37      60606065 
  37      80002606 
  37      53265300 
  37      01670077 
  38              		.text
  39              		.section	.gnu.lto_Thread1.1765b4d0094a230a,"",%progbits
  40 0000 789C8D93 		.ascii	"x\234\215\223[H\024Q\030\307\317\377\314\3548\272\336"
  40      5B481451 
  40      18C7CFFF 
  40      CCEC38BA 
  40      DE
  41 0011 B2973042 		.ascii	"\262\2270BAD\"\326}\352\271\242\367z\350\265\027\265"
  41      414422D6 
  41      7DEAB9A2 
  41      F77AE8B5 
  41      17B5
  42 0023 45977483 		.ascii	"E\227t\203\325\036z\220\2162E\005\346\242&[^\322\262"
  42      D51E7A90 
  42      8E324505 
  42      E6A2265B 
  42      5ED2B2
  43 0036 B2BC6669 		.ascii	"\262\274fi\336\335,\261\202\262\033\231f$\246PP\260"
  43      DEDD2CB1 
  43      82B21B99 
  43      6624A650 
  43      50B0
  44 0048 BA522DA1 		.ascii	"\272R-\241\333wf7i\015\242\201\2359\347|\227\377\357"
  44      DB776637 
  44      690DA281 
  44      9D39E77C 
  44      97FFEF
  45 005b FBBEB30A 		.ascii	"\373\276\263\012\373\373\331M\277\021\205\261=\364\205"
  45      FBFBD94D 
ARM GAS  /var/folders/nz/mg232qzd5vg5_0nfk_8jw8mc0000gn/T//cc7T4T5J.s 			page 3


  45      BF1185B1 
  45      3DF485
  46 006a 85817B9E 		.ascii	"\205\201{\2361V\246s(\341\205\0025\274P\303'\373\300"
  46      3156A673 
  46      28E18502 
  46      35BC50C3 
  46      27FBC0
  47 007d 4E724505 		.ascii	"NrE\005\275\302\011>\363e\016\217\257\315k\315\272&"
  47      BDC2093E 
  47      F3650E8F 
  47      AFCD6BCD 
  47      BA26
  48 008f 84F0F74C 		.ascii	"\204\360\367L\246\234\332\026\344\214\005x\330\0017"
  48      A69CDA16 
  48      E48C0578 
  48      D80137
  49 009e 90452E46 		.ascii	"\220E.FE\315\001%\016\214\226\003\235\253O\255\237x"
  49      45CD0125 
  49      0E8C9603 
  49      9DAB4FAD 
  49      9F78
  50 00b0 90235D6E 		.ascii	"\220#]n\007\253\036y5\271\345\252\334\212\205w\027\254"
  50      07AB1E79 
  50      35B9E5AA 
  50      DC8A8577 
  50      17AC
  51 00c2 99578528 		.ascii	"\231W\205(\027\027E\023\035+h\205B\331p\023\251\270"
  51      17174513 
  51      1D2B6885 
  51      42D97013 
  51      A9B8
  52 00d4 85544647 		.ascii	"\205TFG\014m\310\224\336\313\306\332\264U3H99\254\210"
  52      0C6DC894 
  52      DECBC6DA 
  52      B4553348 
  52      3939AC88 
  53 00e8 7668A06F 		.ascii	"vh\240oW\212O\204B\037G\347v\306\352\024\2412\266Hf"
  53      578A4F84 
  53      421F47E7 
  53      76C6EA14 
  53      A132B648 
  54 00fd B0254E99 		.ascii	"\260%N\231\2247(O\226\341\353\357+\003\026%\321\304"
  54      9437284F 
  54      96E1EBEF 
  54      2B031625 
  54      D1C4
  55 010f AA7EDE32 		.ascii	"\252~\3362m\311h&\341\371\241\032\207\317h\022\353\241"
  55      6DC96826 
  55      E1F9A11A 
  55      87CF6812 
  55      EBA1
  56 0121 1082DC82 		.ascii	"\020\202\334\202\216h\375H]\235\310\240\250\212)\361"
  56      8E68FD48 
  56      5D9DC8A0 
  56      A88A29F1 
  57 0131 5849DBDA 		.ascii	"XI\333\332 \274\351A\256\311<3\337.\325\352\245?\205"
  57      20BCE941 
ARM GAS  /var/folders/nz/mg232qzd5vg5_0nfk_8jw8mc0000gn/T//cc7T4T5J.s 			page 4


  57      AEC93C33 
  57      DF2ED5EA 
  57      A53F85
  58 0144 57CC8F1E 		.ascii	"W\314\217\036\016\362\030t!MR1t\243\224\315\242\274"
  58      0EF21874 
  58      214D5231 
  58      74A394CD 
  58      A2BC
  59 0156 6FA0D1BB 		.ascii	"o\240\321\273\244E\301\317OLA&4\361\003\034\233K\303"
  59      A445C1CF 
  59      4F4C4126 
  59      34F1031C 
  59      9B4BC3
  60 0169 6D8A67E8 		.ascii	"m\212g\350\201\366\235\353dk|u\276\223\223\306\031\241"
  60      81F69DEB 
  60      646B7C75 
  60      BE9393C6 
  60      19A1
  61 017b 07B9BE26 		.ascii	"\007\271\276&\013\247\323\017\213S/t\331I\335\334\266"
  61      0BA7D30F 
  61      8B532F74 
  61      D949DDDC 
  61      B6
  62 018c 9619F568 		.ascii	"\226\031\365h@]\231\220^\261\270\203R\334\225\374\262"
  62      405D9990 
  62      5EB1B883 
  62      52DC95FC 
  62      B2
  63 019d F0F6CA1E 		.ascii	"\360\366\312\036\315\326&'6\334\375\204B\342\320K\276"
  63      CDD62627 
  63      36DCFD84 
  63      42E2D04B 
  63      BE
  64 01ae 2BB24752 		.ascii	"+\262GR\213\\F\306^\256\253\246\213o;5\020}\260\255"
  64      8B5C46C6 
  64      5EAEABA6 
  64      8B6F3B35 
  64      107DB0AD 
  65 01c2 109969C6 		.ascii	"\020\231i\306=\330d)\265\315;$\324\237\332\252\231\277"
  65      3DD86429 
  65      B5CD3B24 
  65      D49FDAAA 
  65      99BF
  66 01d4 F7C7E5AF 		.ascii	"\367\307\345\257\011\033\332V\242F\177D\272~\265z&)"
  66      091BDA56 
  66      A2467F44 
  66      BA7EB57A 
  66      2629
  67 01e6 9C7797EC 		.ascii	"\234w\227\354\356\200\251\313#\211\007a\213\352\241"
  67      EE80A9CB 
  67      23890761 
  67      8BEAA1
  68 01f5 7F61D21A 		.ascii	"\177a\322\032\325\304!j\"\2431*\214\356\2432\213q\177"
  68      D5C4216A 
  68      22A3312A 
  68      8CEEA332 
  68      8B717F
ARM GAS  /var/folders/nz/mg232qzd5vg5_0nfk_8jw8mc0000gn/T//cc7T4T5J.s 			page 5


  69 0208 778B459A 		.ascii	"w\213E\232(\354\334\331\272&\213\204\210\027M\206P\243"
  69      28ECDCD9 
  69      BA268B84 
  69      88174D86 
  69      50A3
  70 021a 7A126F8A 		.ascii	"z\022o\212_y=[\247\021\027\3155\001\3034\320\221\010"
  70      5F793D5B 
  70      A71117CD 
  70      3501C334 
  70      D09108
  71 022d 5547EBE9 		.ascii	"UG\353\351~Y\255A\226D\214\232L\362\212c\314\004\362"
  71      7E59AD41 
  71      96448C9A 
  71      4CF28A63 
  71      CC04F2
  72 0240 5C7F3B69 		.ascii	"\\\177;i^\322$\261\227\301GAs0|U0\2316\017$9\300e\037"
  72      5ED224B1 
  72      97C14741 
  72      73307C55 
  72      3099360F 
  73 0259 EF132999 		.ascii	"\357\023)\231\202\315_D\222\014\335\342\317f\030Gj\220"
  73      82CD5F44 
  73      920CDDE2 
  73      CF661847 
  73      6A90
  74 026b A730C9ED 		.ascii	"\2470\311\355\311\214`\377'\324\003\023J\225P\017a\333"
  74      C98C60FF 
  74      27D40313 
  74      4A95500F 
  74      61DB
  75 027d 80A8FD27 		.ascii	"\200\250\375'\304\004A\374\026\225\377\001U\266\015"
  75      C40441FC 
  75      1695FF01 
  75      55B60D
  76 028c 8B1CE625 		.ascii	"\213\034\346%\216)\312q\272\262\363\230\222\343\316"
  76      8E29CA71 
  76      BAB2F398 
  76      92E3CE
  77 029b 575D3945 		.ascii	"W]9E\016=\267\320\351:\352p\263\214\375\005\316\\\347"
  77      0E3DB7D0 
  77      E93AEA70 
  77      B38CFD05 
  77      CE5CE7
  78 02ae C143F663 		.ascii	"\301C\366c\305vw\211\335\351\312+<~\304a\317+p;\362"
  78      C5767789 
  78      DDE9CA2B 
  78      3C7EC461 
  78      CF2B703B 
  79 02c3 9DC525EE 		.ascii	"\235\305%\356\023\331\005\354\027\205\306j\207"
  79      13D905EC 
  79      1785C66A 
  79      87
  80              		.text
  81              		.section	.gnu.lto_main.1765b4d0094a230a,"",%progbits
  82 0000 789C7552 		.ascii	"x\234uR\317O\023A\024~\337\333\351\262\245E\320\304"
  82      CF4F1341 
  82      147EDFDB 
ARM GAS  /var/folders/nz/mg232qzd5vg5_0nfk_8jw8mc0000gn/T//cc7T4T5J.s 			page 6


  82      E9B2A545 
  82      D0C4
  83 0012 4B0FC45B 		.ascii	"K\017\304[O\365\346]o\376\007\236\215'\017\372\017\230"
  83      4FF5E65D 
  83      6FFE079E 
  83      8D270FFA 
  83      0F98
  84 0024 86695C0C 		.ascii	"\206i\\\014x0\0045!i5\210A+\330\362K\020\320\230\305"
  84      78300435 
  84      21693588 
  84      412BD8F2 
  84      4B10D098 
  85 0039 0B5C008D 		.ascii	"\013\\\000\215&4D\343\245$\022/\305\345\262\022R\337"
  85      263444E3 
  85      A524122F 
  85      C5E5B212 
  85      52DF
  86 004b DB351215 		.ascii	"\3335\022\025'\331\235y\357\373\346\233\357\315\033"
  86      27D99D79 
  86      EFFBE69B 
  86      EFCD1B
  87 005a 87FE1DE7 		.ascii	"\207\376\035\347\344\273\301Di\231\221\"\360\320\006"
  87      E4BBC144 
  87      69999122 
  87      F0D006
  88 0069 51C96338 		.ascii	"Q\311c8\311\302\201I\026&\311\\\000\365\261c \277D`"
  88      C9C28149 
  88      1626C95C 
  88      00F5B163 
  88      20BF4460 
  89 007d 97F7184B 		.ascii	"\227\367\030K\365\375\365\314W\216\230\316\220\204\313"
  89      F5FDF5CC 
  89      578E98CE 
  89      9084CB
  90 008c C36B23AE 		.ascii	"\303k#\256\2060\032\036\214\267v\335\374\270\265\266"
  90      86301A1E 
  90      8CB776DD 
  90      FCB8B5B6 
  91 009c 35F66D33 		.ascii	"5\366m3\333\1771b\246\220\011O\221C\0259=\372\031\362"
  91      DB7F3162 
  91      A690094F 
  91      91431539 
  91      3DFA19F2 
  92 00b0 4ADDF30F 		.ascii	"J\335\363\017\2672\256/\324\036e\0100\001\0272O\235"
  92      B732AE2F 
  92      D41E6508 
  92      30011732 
  92      4F9D
  93 00c2 0A6CBBFD 		.ascii	"\012l\273\375\270V\2311\036QS \320\216\310\300\371\204"
  93      B8569931 
  93      1E515320 
  93      D08EC8C0 
  93      F984
  94 00d4 9BC15697 		.ascii	"\233\301V\227\362T\340\341\207;u.\036\330\001\353E\354"
  94      F254E0E1 
  94      873B752E 
  94      1ED801EB 
ARM GAS  /var/folders/nz/mg232qzd5vg5_0nfk_8jw8mc0000gn/T//cc7T4T5J.s 			page 7


  94      45EC
  95 00e6 842C7B31 		.ascii	"\204,{1\211\"ElH\231\015\374\217\251\222\317\1773Gl"
  95      8922456C 
  95      48990DFC 
  95      8FA992CF 
  95      7F33476C 
  96 00fa B5F75866 		.ascii	"\265\367Xf*\324\312Q\023\346\337\220{\250\216%\373\245"
  96      2AD4CA51 
  96      13E6DF90 
  96      7BA88E25 
  96      FBA5
  97 010c B9F9DED3 		.ascii	"\271\371\336\323\372\3358\254\226\374\012\036\240\\"
  97      FADD38AC 
  97      96FC0A1E 
  97      A05C
  98 011a B2CAEA40 		.ascii	"\262\312\352@\035ELi\331\202}n\376\270\024\357\017\012"
  98      1D454C69 
  98      D9827D6E 
  98      FEB814EF 
  98      0F0A
  99 012c 42C7B4F0 		.ascii	"B\307\264\360\342c1\203\242\300\217\352\215{\235\252"
  99      E2633183 
  99      A2C08FEA 
  99      8D7B9DAA 
 100 013c E4AD49AD 		.ascii	"\344\255I\255\263\310I\356\376\353\312pZsi\013\302\\"
 100      B3C849EE 
 100      FEEBCA70 
 100      5A73690B 
 100      C25C
 101 014e 9C3BF211 		.ascii	"\234;\362\021\364E\334\031\262IT^\310Q\371\\\304\031"
 101      F445DC19 
 101      B249545E 
 101      C851F95C 
 101      C419
 102 0160 DAC6DBD6 		.ascii	"\332\306\333\326\364\033G\323\302\277=X\036M\251F\326"
 102      F41B47D3 
 102      C2BF3D58 
 102      1E4DA946 
 102      D6
 103 0171 8EFAD6FC 		.ascii	"\216\372\326\374a:\033\033\033\373\270]v\3054\"\356"
 103      613A1B1B 
 103      1BFBB85D 
 103      76C53422 
 103      EE
 104 0182 C2BC346A 		.ascii	"\302\2744j\341\227\343Z\365\326\242)LZ_\220\023x)\206"
 104      E197E35A 
 104      F5D6A229 
 104      4C5A5F90 
 104      13782986 
 105 0196 BF6BD984 		.ascii	"\277k\331\204E\024\004\036z\322Xu\023w\347\011Kqww\344"
 105      4514041E 
 105      7AD25875 
 105      1377E709 
 105      4B717777 
 106 01ab CAE4F148 		.ascii	"\312\344\361H\253\374\240}\372\330k\355\0169%\032\313"
 106      ABFCA07D 
 106      FAD86BED 
ARM GAS  /var/folders/nz/mg232qzd5vg5_0nfk_8jw8mc0000gn/T//cc7T4T5J.s 			page 8


 106      0E39251A 
 106      CB
 107 01bc C9B5DEDD 		.ascii	"\311\265\336\335_\231`\025\351y\327Mx\005\251\340$i"
 107      5F996015 
 107      E979D74D 
 107      7805A9E0 
 107      2469
 108 01ce DB8DEAA0 		.ascii	"\333\215\352\240\251m\225\321q\355\362\325\353g\257"
 108      A96D95D1 
 108      71EDF2D5 
 108      EB67AF
 109 01dd D04FA39B 		.ascii	"\320O\243\233\350*"
 109      E82A
 110              		.text
 111              		.section	.gnu.lto_.symbol_nodes.1765b4d0094a230a,"",%progbits
 112 0000 789C4D8A 		.ascii	"x\234M\212;\012\302P\024D\317\334\233g,,,\334\357Ma"
 112      3B0AC250 
 112      1444CFDC 
 112      9B672C2C 
 112      2CDCEF4D 
 113 0015 67E30244 		.ascii	"g\343\002D\"\004t!\326\226\026~#d\035\">#\274i\316\034"
 113      22047421 
 113      D696167E 
 113      23641D22 
 113      3E23BC69 
 114 002b 661CD833 		.ascii	"f\034\3303\306\256\012X\237 \202\315a9#\275\244y`7\205"
 114      C6AE0A58 
 114      9F2082CD 
 114      613923BD 
 114      A4796037 
 115 0040 FEC3B65D 		.ascii	"\376\303\266]\220.\242\265p\365\012\373\0154\315\024"
 115      902EA2B5 
 115      70F50AFB 
 115      0D34CD14 
 116 0050 3D155EFA 		.ascii	"=\025^\372CQ\225~W\244\302\235\212nw^\325\3372\344b"
 116      4351957E 
 116      57A4C29D 
 116      8A6E775E 
 116      D5DF32E4 
 117 0065 355DFF96 		.ascii	"5]\377\226\333\204cfb\310\034\237|\000\233%0H"
 117      DB846366 
 117      62C81C9F 
 117      7C009B25 
 117      3048
 118              		.text
 119              		.section	.gnu.lto_.refs.1765b4d0094a230a,"",%progbits
 120 0000 789C6366 		.ascii	"x\234cf``\340c\200\000F b\002\002ff&\006f\006\000\002"
 120      6060E063 
 120      80004620 
 120      62020266 
 120      66260666 
 121 0017 280027   		.ascii	"(\000'"
 122              		.text
 123              		.section	.gnu.lto_.decls.1765b4d0094a230a,"",%progbits
 124 0000 789CB55A 		.ascii	"x\234\265Z}PTW\226\357\373n7\3354-$\2321)+\311\030f"
 124      7D505457 
 124      96EFFB6E 
ARM GAS  /var/folders/nz/mg232qzd5vg5_0nfk_8jw8mc0000gn/T//cc7T4T5J.s 			page 9


 124      37DD342D 
 124      249A3129 
 125 0018 87CAEEC6 		.ascii	"\207\312\356\306\240I&\231\371c*\2311\273cf&\037\253"
 125      A0492699 
 125      F9632A99 
 125      31BB6366 
 125      261FAB
 126 002b D93FB666 		.ascii	"\331?\266f\252\010BG\330\3605M\033uk\253\366\361\245"
 126      AA084247 
 126      D8F0354D 
 126      1B756BAB 
 126      F6F1A5
 127 003e C8B7200A 		.ascii	"\310\267 \012(\322|\011\3107\242\202 \340\007\310\247"
 127      28D27C09 
 127      C837A282 
 127      20E007C8 
 127      A7
 128 004f 8AA28244 		.ascii	"\212\242\202Di@\024P\024\204\310\207\010{\356\275\257"
 128      69401450 
 128      1484C887 
 128      087BEEBD 
 128      AF
 129 0060 BB5F37AF 		.ascii	"\273_7\2571S[Ky}\357\274\373\273\347\234{\316\271\347"
 129      31535B4B 
 129      797DEFBC 
 129      FBBBE79C 
 129      7BCEB9E7 
 130 0074 9EFB5E63 		.ascii	"\236\373^c\231L\026\204d\262E\370\333\340.\223\035q"
 130      994C1684 
 130      64B245F8 
 130      DBE02E93 
 130      1D71
 131 0086 90C9303C 		.ascii	"\220\3110<\373\012\232\002\332Zh\265\3206A{\013Z\203"
 131      FB0A9A02 
 131      DA5A68B5 
 131      D036417B 
 131      0B5A83
 132 0099 8CFD014C 		.ascii	"\214\375\001Lv\001\332Eh\335\320\212\201G\031\264\012"
 132      7601DA45 
 132      68DDD08A 
 132      814719B4 
 132      0A
 133 00aa 681CD095 		.ascii	"h\034\320\225p}\216dV\177\004\277J\340\355\014M\003"
 133      707D8E64 
 133      567F04BF 
 133      4AE0ED0C 
 133      4D03
 134 00bc ED4B68FF 		.ascii	"\355Kh\377\015\270W\011\026\006\"h\034\2649\240\233"
 134      0DB85709 
 134      16062268 
 134      1CB439A0 
 134      9B
 135 00cd A07D47FA 		.ascii	"\240}G\372\200^\015M\3161\035^\343\230^7\004\035\237"
 135      805E0D4D 
 135      CE311D5E 
 135      E3985E37 
 135      041D9F
ARM GAS  /var/folders/nz/mg232qzd5vg5_0nfk_8jw8mc0000gn/T//cc7T4T5J.s 			page 10


 136 00e0 02A611DA 		.ascii	"\002\246\021\3326h/C\337\012\216\315\201\310{\235c\372"
 136      36682F43 
 136      DF0A8ECD 
 136      81C87B9D 
 136      63FA
 137 00f2 11F6B6FA 		.ascii	"\021\366\266\372\020\335W\212t\371#\2647\000_\002\270"
 137      10DD578A 
 137      74F923B4 
 137      37005F02 
 137      B8
 138 0103 373936EF 		.ascii	"796\357\032\233\271\027\332\350#\326\205\260'\362\035"
 138      1A9BB917 
 138      DAE823D6 
 138      85B027F2 
 138      1D
 139 0114 04DE1582 		.ascii	"\004\336\025\202M\210m.\310,zT\332\3501\301\241\212"
 139      4D886D2E 
 139      C82C7A54 
 139      DAE831C1 
 139      A18A
 140 0126 ECDC938E 		.ascii	"\354\334\223\216\303\034rV\177B\310\234\344\003E\012"
 140      C31C7256 
 140      7F42C89C 
 140      E403450A 
 141 0136 20356A15 		.ascii	" 5j\025!\317\214$\324\2501\207\310}vJ\177\227\372\235"
 141      21CF8C24 
 141      D4A83187 
 141      C87D764A 
 141      7F97FA9D 
 142 014a 633CCF47 		.ascii	"c<\317G\362\015\303\310\302b\377xU\267#~\205\202&:\322"
 142      F20DC3C8 
 142      C262FF78 
 142      55B7237E 
 142      8582263A 
 143 015f 2F38E337 		.ascii	"/8\3437\350}\310\321\232\030%\360rUS\330\354\236\275"
 143      E87DC8D1 
 143      9A1825F0 
 143      725553D8 
 143      EC9EBD
 144 0172 E16A4A2E 		.ascii	"\341jJ.\232\376\010\214k\215\330\227\253Aj\267H\236"
 144      9AFE088C 
 144      6B8DD897 
 144      AB416AB7 
 144      489E
 145 0184 0FE50D61 		.ascii	"\017\345\015a\374\313!\345\257\313P\036Z\203\362\321"
 145      FCCB21E5 
 145      AFCB501E 
 145      5A83F2D1 
 146 0194 1A192A43 		.ascii	"\032\031*Cn0\004\035C\357\310P1<,\201\2079\240\304x"
 146      6E30041D 
 146      43EFC850 
 146      313C2C81 
 146      8739A0C4 
 147 01a9 F7D3A6D7 		.ascii	"\367\323\246\327y^\216J\221\032\025!L\0210M\"\215)\306"
 147      795E8E4A 
 147      911A1521 
 147      4C11304D 
ARM GAS  /var/folders/nz/mg232qzd5vg5_0nfk_8jw8mc0000gn/T//cc7T4T5J.s 			page 11


 147      228D29C6 
 148 01bd DD3ED1F2 		.ascii	"\335>\321\362\\a\237s\205=\3161\215I\253\011\347r\340"
 148      5C619F73 
 148      853DCE31 
 148      8D49AB09 
 148      E772E0
 149 01d0 5C68E10C 		.ascii	"\\h\341\014\202\314\254S'o5/\243t\245=\326\305y\323"
 149      82CCAC53 
 149      276F352F 
 149      A374A53D 
 149      D6C579D3 
 150 01e4 5F85F29F 		.ascii	"_\205\362\237\240\343\300\272\300\302\272\334\302\032"
 150      A0E3C0BA 
 150      C0C2BADC 
 150      C21A
 151 01f2 9DABAC78 		.ascii	"\235\253\254x\350B=\322\360\012\2413K\272\367\253\251"
 151      E8423DD2 
 151      F00AA133 
 151      4BBAF7AB 
 151      A9
 152 0203 4B9A3942 		.ascii	"K\2329BW\227Lu8\321\376\265\204<\235\330\234\342@\273"
 152      57974C75 
 152      38D1FEB5 
 152      843C9DD8 
 152      9CE240BB 
 153 0217 E584CC1F 		.ascii	"\345\204\314\037\270\224\270\202\222o\023\362\374\271"
 153      B894B882 
 153      926F13F2 
 153      FCB9
 154 0225 A7699C1A 		.ascii	"\247i\234\032\264\344\371\2040\336\261\331\031:\320"
 154      B4E4F984 
 154      30DEB1D9 
 154      193AD0
 155 0234 29D0A80A 		.ascii	")\320\250\0124\222\241\323D.z{\015\252\006\022\340\355"
 155      3492A1D3 
 155      442E7A7B 
 155      0DAA0612 
 155      E0ED
 156 0246 493F64AC 		.ascii	"I?d\254X\231@\341<\2776\305\231*z\002\360')\276\006"
 156      589940E1 
 156      3CBF36C5 
 156      992A7A02 
 156      F02729BE 
 157 025b AD348D22 		.ascii	"\2554\215\"\360\0373g\347\261&\212\330@\340\016\000"
 157      F01F3367 
 157      E7B1268A 
 157      D840E00E 
 157      00
 158 026c 11FB5A44 		.ascii	"\021\373ZD\242\233^\311\304.W\035@$t\321\227\032\364"
 158      A29B5EC9 
 158      C42E571D 
 158      402474D1 
 158      971AF4
 159 027f 17AAED74 		.ascii	"\027\252\355t}\343\204\303\253\311\202z/\311\321W\253"
 159      7DE384C3 
 159      ABC9827A 
 159      2FC9D157 
ARM GAS  /var/folders/nz/mg232qzd5vg5_0nfk_8jw8mc0000gn/T//cc7T4T5J.s 			page 12


 159      AB
 160 0290 45C3EBD0 		.ascii	"E\303\353\320\253\360\377\031$g\322\362z\013\223\234"
 160      ABF0FF19 
 160      2467D2F2 
 160      7A0B939C 
 161 02a0 0938E427 		.ascii	"\0118\344'\200\357\204]|\252\264R\255\036\275*\2027"
 161      80EF845D 
 161      7CAAB452 
 161      AD1EBD2A 
 161      8237
 162 02b2 08AA3550 		.ascii	"\010\2525P\325\366<\216-u\306\013\210\306mO\377H\227"
 162      D5F63C8E 
 162      2D75C60B 
 162      88C66D4F 
 162      FF4897
 163 02c5 12EF6651 		.ascii	"\022\357fQ\237\221r\344\246\006\224F\347\020f\234\343"
 163      9F9172E4 
 163      A6069446 
 163      E710669C 
 163      E3
 164 02d6 7BFB1AF0 		.ascii	"{\373\032\360\332#|C\371x\306H\334/SyC(\277\000\261"
 164      DA237C43 
 164      F978C648 
 164      DC2F5379 
 164      4328BF00 
 165 02eb CC7F4374 		.ascii	"\314\177Ct@gM^E\347A\027BR\307\242\013h-\014\256y6\320"
 165      40674D5E 
 165      45E74117 
 165      4252C7A2 
 165      0B682D0C 
 166 0303 25174FF8 		.ascii	"%\027O\370\217bw4\3229\374E\230\302R\321C\347\037\354"
 166      8F627734 
 166      D239FC45 
 166      98C252D1 
 166      43E71FEC 
 167 0317 7304D186 		.ascii	"s\004\321\206r\343\255\005\357\206p~~q1\214\347\021"
 167      72E3AD05 
 167      EF86707E 
 167      7E71318C 
 167      E711
 168 0329 2223D15F 		.ascii	"\"#\321_M\202\233\210\340\277\012r/R\271m\0033\223\032"
 168      4D829B88 
 168      E0BF0A72 
 168      2F52B96D 
 168      0333931A 
 169 033d 1A342F11 		.ascii	"\0324/\021Fi7\207\2460\215\022\032R\227\216\030*]\360"
 169      46693787 
 169      A6308D12 
 169      1A52978E 
 169      182A5DF0 
 170 0351 4136E3E4 		.ascii	"A6\343\344\326C\361\012\234\311\210\204\376\304kr|\214"
 170      D643F10A 
 170      9CC98884 
 170      FEC46B72 
 170      7C8C
 171 0363 B35AD06B 		.ascii	"\263Z\320k\331\202>\370`\246RE\311\305EL\026E\326\355"
 171      D9823EF8 
ARM GAS  /var/folders/nz/mg232qzd5vg5_0nfk_8jw8mc0000gn/T//cc7T4T5J.s 			page 13


 171      60A65245 
 171      C9C5454C 
 171      1645D6ED 
 172 0377 2BFD8EC8 		.ascii	"+\375\216\310M\315\226\347\311!D\026\321\025\010\240"
 172      4DCD96E7 
 172      C9214416 
 172      D11508A0 
 173 0387 764BA4AF 		.ascii	"vK\244\257\025\002\235.\034>\214W\344;\313P3X\240\205"
 173      15029D2E 
 173      1C3E8C57 
 173      E43BCB50 
 173      3358A085 
 174 039b AC9BCBB0 		.ascii	"\254\233\313\260n\326\012\353\246\003\036^\242a\311"
 174      6ED60AEB 
 174      A6031E5E 
 174      A261C9
 175 03aa 1D1F7814 		.ascii	"\035\037x\024\25561\216i\214\243\253\363*0n\2630\276"
 175      AD36318E 
 175      698CA3AB 
 175      F32A306E 
 175      B330BE
 176 03bd 8296E5DC 		.ascii	"\202\226\345\334)\315\371lyW\0326q\036+8\3643\302\271"
 176      29CDF96C 
 176      79571A36 
 176      711E2B38 
 176      F433C2B9 
 177 03d1 0B38B75A 		.ascii	"\0138\267Z8_]\236\3635I\316\350|Z\177\304\012\032\355"
 177      385F5D9E 
 177      F33549CE 
 177      E87C5A7F 
 177      C40A1AED 
 178 03e5 841D0BF7 		.ascii	"\204\035\013\367\354\216\232cj\273\341~\203z\377\272"
 178      EC8E9A63 
 178      6ABBE17E 
 178      837AFFBA 
 179 03f5 29821F8F 		.ascii	")\202\037\217W\215r\270\207\231~\341R\343q5x\336\310"
 179      578D72B8 
 179      87997EE1 
 179      52E37135 
 179      78DEC8
 180 0408 8FB73FB8 		.ascii	"\217\267?\270\367\273}a\0119\274qq\361\347t\024\272"
 180      F7BB7D61 
 180      0939BC71 
 180      71F1E774 
 180      14BA
 181 041a 69565646 		.ascii	"iVVF\356\231\343\273\251\343s\033\246\2439\352x\003"
 181      EE99E3BB 
 181      A9E3731B 
 181      A6A339EA 
 181      7803
 182 042c 55E15855 		.ascii	"U\341XU\3243\025\365\374\247\204,\250(~\304\341=\230"
 182      D43315F5 
 182      FCA7842C 
 182      A8287EC4 
 182      E13D98
 183 043f 0A19CC68 		.ascii	"\012\031\314h\273\347\202\023\030q/\273$\313\031\247"
 183      BBE78213 
ARM GAS  /var/folders/nz/mg232qzd5vg5_0nfk_8jw8mc0000gn/T//cc7T4T5J.s 			page 14


 183      18712FBB 
 183      24CB19A7 
 184 044f 31E2C15C 		.ascii	"1\342\301\\\\\202\012g0\342F\374\203.\015\316aD}\335"
 184      5C820A67 
 184      30E246FC 
 184      832E0DCE 
 184      61447DDD 
 185 0463 4C931A17 		.ascii	"L\223\032\0271\"&\322\330\242\306'\260U\264\274\305"
 185      312226D2 
 185      D8A2C627 
 185      B055B4BC 
 185      C5
 186 0474 A2A5EFD0 		.ascii	"\242\245\357\320l\216#%I\346w!\306o\276\307g;\233\343"
 186      6C8E2325 
 186      49E67721 
 186      C66FBEC7 
 186      673B9BE3 
 187 0488 2591A5F3 		.ascii	"%\221\245\363!\260V\277\305\370o\211m\317V\262\314l"
 187      21B056BF 
 187      C5F86F89 
 187      6DCF56B2 
 187      CC6C
 188 049a 3374176C 		.ascii	"3t\027l\377\226`\373\001x8\310\274\3328_\027nN\374K"
 188      FF9660FB 
 188      017838C8 
 188      BCDA385F 
 188      176E4EFC 
 189 04af 06DD9718 		.ascii	"\006\335\227\030\304\"+\"\221F\326=P\301hQaH\224\367"
 189      C4222B22 
 189      9146D63D 
 189      50C16851 
 189      614894F7 
 190 04c3 7346420B 		.ascii	"sFB\013\025&\225#\343\007|\302 \231\217\000\276\317"
 190      15269523 
 190      E3077CC2 
 190      20998F00 
 190      BECF
 191 04d5 82BF8796 		.ascii	"\202\277\207\226\325yXRgt%m\252K\216g\230\355\362\207"
 191      D5795852 
 191      6774256D 
 191      AA4B8E67 
 191      98EDF287 
 192 04e9 9E8D3BE2 		.ascii	"\236\215;\342\347\214h\352\350\274\213\230\013\351j"
 192      E78C68EA 
 192      E8BC8B98 
 192      0BE96A
 193 04f8 CD1C6C6D 		.ascii	"\315\034lms\242.\374\007\272D\363\032\232\234p\224\234"
 193      73A22EFC 
 193      07BA44F3 
 193      1A9A9C70 
 193      949C
 194 050a 62AF3EA9 		.ascii	"b\257>\251\346\225\370\000%\270\330\316\276\0059r\323"
 194      E695F800 
 194      25B8D8CE 
 194      BE053972 
 194      D3
 195 051b 083BCFE4 		.ascii	"\010;\317\344\316\020Pv\002i\320c\213\262_j\230\256"
ARM GAS  /var/folders/nz/mg232qzd5vg5_0nfk_8jw8mc0000gn/T//cc7T4T5J.s 			page 15


 195      CE105076 
 195      0269D063 
 195      8BB25F6A 
 195      98AE
 196 052d E24C298A 		.ascii	"\342L)\212J4\016\332B\272fh\020\360\224o\212r\301\031"
 196      4A340EDA 
 196      42BA6668 
 196      10F0946F 
 196      8A72C119 
 197 0541 4C5AD464 		.ascii	"LZ\324d\370Y\015\316b\304\3433-\351.8\227\021\303\023"
 197      F8590DCE 
 197      62C4E333 
 197      2DE92E38 
 197      9711C313 
 198 0555 C3379C71 		.ascii	"\3037\234q>#\222F\033\006\234q!#L\231H\3032QV\375`\230"
 198      3E239246 
 198      1B069C71 
 198      21234C99 
 198      48C33251 
 199 056d 0697B0BE 		.ascii	"\006\227\260\276\336\204\335\371\216\270\234\021\251"
 199      DE84DDF9 
 199      8EB89C11 
 199      A9
 200 057a D3ED4D2E 		.ascii	"\323\355M.\024\370\032!\2132SO:\342\023\254\357QK\321"
 200      14F81A21 
 200      8B32534F 
 200      3AE213AC 
 200      EF514BD1 
 201 058e 0087AB19 		.ascii	"\000\207\253\031a\332\0205tCt\232*\250\311\324 W\366"
 201      61DA1035 
 201      7443749A 
 201      2AA8C9D4 
 201      2057F6
 202 05a1 B7CAD5CD 		.ascii	"\267\312\325\315\325\000S\033\237/\277\273\256\240\202"
 202      D500531B 
 202      9F2FBFBB 
 202      AEA082
 203 05b0 6F08C7D4 		.ascii	"o\010\307\324\002\223`\201\010n\225e\236o\223\025x\212"
 203      02936081 
 203      086E9565 
 203      9E6F9315 
 203      788A
 204 05c2 AC4319C1 		.ascii	"\254C\031\301\033\316\024:4\257\247\320\031[\3504\262"
 204      1BCE143A 
 204      34AFA7D0 
 204      195BE834 
 204      B2
 205 05d3 C1D699B1 		.ascii	"\301\326\231\261\263\266\3309\212\375'3\264\306\014"
 205      B3B6D839 
 205      8AFD2733 
 205      B4C60C
 206 05e2 FDD1169A 		.ascii	"\375\321\026\232o\313\366\264\031;%\215\265\260m6C\347"
 206      6FCBF6B4 
 206      193B258D 
 206      B5B06D36 
 206      43E7
 207 05f4 6DA1CF6D 		.ascii	"m\241\317m\240Uf\350\023I\033P\344>\241\002\370D/C\017"
ARM GAS  /var/folders/nz/mg232qzd5vg5_0nfk_8jw8mc0000gn/T//cc7T4T5J.s 			page 16


 207      A05566E8 
 207      13491B50 
 207      E43EA102 
 207      F8442F43 
 208 0609 A17B8C74 		.ascii	"\241{\214t?\022\360\020\013h\017\347\206\3029W\264\200"
 208      3F12F010 
 208      0B680FE7 
 208      86C23957 
 208      B480
 209 061b 5C51285C 		.ascii	"\\Q(\\C\240EB[\004\232\207\353nha\234+\015-*\266\336"
 209      43A04542 
 209      5B049A87 
 209      EB6E6861 
 209      9C2B0D2D 
 210 0632 2CF699B4 		.ascii	",\366\231\264\215\330\304I\250\032c\243\035`O\003\214"
 210      8DD8C449 
 210      A81A63A3 
 210      1D604F03 
 210      8C
 211 0643 CC94D564 		.ascii	"\314\224\325dfF\306\332\302V\015/\260z*\355\032:\005"
 211      6646C6DA 
 211      C2560D2F 
 211      B07A2AED 
 211      1A3A05
 212 0656 088CFB11 		.ascii	"\010\214\373\021\2219\012\253\032@\014\226\241\275\234"
 212      91390AAB 
 212      1A400C96 
 212      A1BD9C
 213 0665 46A8B9B2 		.ascii	"F\250\271\262\312\322#\324x\204\306\023\316\277r\374"
 213      CAD223D4 
 213      7884C613 
 213      CEBF72FC 
 214 0675 1904D02A 		.ascii	"\031\004\320*7\0328\305\027\217\356J\014\343s^#p\024"
 214      371A38C5 
 214      178FEE4A 
 214      0CE3735E 
 214      237014
 215 0688 C56114B3 		.ascii	"\305a\024\263\234\315\302\250\315\314\335\017\020\303"
 215      9CCDC2A8 
 215      CDCCDD0F 
 215      10C3
 216 0696 139BC582 		.ascii	"\023\233\305\202\315\242\005\233\320y\246F\220y\306"
 216      CDA2059B 
 216      D079A646 
 216      9079C6
 217 06a5 2C992728 		.ascii	",\231'(T;w \332\021?d\001\236\226?\370H\216\307\031"
 217      543B7720 
 217      DA113F64 
 217      019E963F 
 217      F8488EC7 
 218 06ba 31391C3B 		.ascii	"19\034;\243\306O\031\321\\\230\376\015\236\247\367\362"
 218      A3C64F19 
 218      D15C98FE 
 218      0D9EA7F7 
 218      F2
 219 06cb C1C36527 		.ascii	"\301\303e']\220\333\232549E\302RO\346\324h\037\207E"
 219      5D90DB9A 
ARM GAS  /var/folders/nz/mg232qzd5vg5_0nfk_8jw8mc0000gn/T//cc7T4T5J.s 			page 17


 219      35343945 
 219      C2524FE6 
 219      D4681F87 
 220 06e0 057F0A3C 		.ascii	"\005\177\012<\237\371\230t\300\255\212^i\222\032O\344"
 220      9FF99874 
 220      C0AD8A5E 
 220      69921A4F 
 220      E4
 221 06f1 F16B32F4 		.ascii	"\361k2\364\316\032\364\217\240t\"(J\272dh?\267\006%"
 221      CE1AF48F 
 221      A0742228 
 221      4ABA6468 
 221      3FB70625 
 222 0705 71343F0D 		.ascii	"q4?\015$M\354U\250\005t\344\213\320)Q)\221\032+\323"
 222      244DEC55 
 222      A80574E4 
 222      8BD02951 
 222      29911A2B 
 223 071a 1FE0C495 		.ascii	"\037\340\304\225\316A\263\351\027n\307O*p\210\202%\224"
 223      CE41B3E9 
 223      176EC74F 
 223      2A708882 
 223      2594
 224 072c 85817627 		.ascii	"\205\201v'\253a\244\376\264\014K5\017\213\231\334\377"
 224      AB61A4FE 
 224      B40C4B35 
 224      0F8B99DC 
 224      FF
 225 073d 12DECD46 		.ascii	"\022\336\315F\315?\017?\350\202\343\031q\260\263\373"
 225      CD3F0F3F 
 225      E882E319 
 225      71B0B3FB 
 226 074d 941CA708 		.ascii	"\224\034\247\010\374z\013\332\225\330\240\260\332\220"
 226      FC7A0BDA 
 226      95D8A0B0 
 226      DA90
 227 075b 56B30D29 		.ascii	"V\263\015)\256-\355,\246$;\207$\016N\345\"\323\246a"
 227      AE2DED2C 
 227      A6243B87 
 227      240E4EE5 
 227      22D3A661 
 228 076f 6D904C98 		.ascii	"m\220L\230\342j!e\037\201Ifp\2463\310\234\221\0269\006"
 228      E26A2165 
 228      1F814966 
 228      70A633C8 
 228      9C911639 
 229 0784 985C3A67 		.ascii	"\230\\:gN\252\253-\033\206\361f\356\277I3\315\266\307"
 229      4EAAAB2D 
 229      1B86F166 
 229      EEBF4933 
 229      CDB6C7
 230 0797 3426A28D 		.ascii	"4&\242\215\226!Y\300\364\260\205\251\201\023q\315\234"
 230      962159C0 
 230      F4B085A9 
 230      811371CD 
 230      9C
 231 07a8 DE26CD35 		.ascii	"\336&\3155\327\036\327\310\322\2767\011\327\034\340"
ARM GAS  /var/folders/nz/mg232qzd5vg5_0nfk_8jw8mc0000gn/T//cc7T4T5J.s 			page 18


 231      D71ED7C8 
 231      D2BE3709 
 231      D71CE0
 232 07b7 7AC8C235 		.ascii	"z\310\3025\313\302\025\205\347<}\016\305\036\263V\307"
 232      CBC21585 
 232      E73C7D0E 
 232      C51EB356 
 232      C7
 233 07c8 F5948815 		.ascii	"\365\224\210\025\270\214\022\334"
 233      B88C12DC 
 234 07d0 F5E7BB57 		.ascii	"\365\347\273WI\313+\260#\3170\317\363*HT -OZZv\303\221"
 234      49CB2BB0 
 234      23CF30CF 
 234      F32A4854 
 234      202D4F5A 
 235 07e8 5639AE62 		.ascii	"V9\256b\322\016\357\231\232\223\343:&\2552\266/\002"
 235      D20EEF99 
 235      9A93E33A 
 235      26AD32B6 
 235      2F02
 236 07fa 4B8B2BB6 		.ascii	"K\213+\266'n\201\212+\002q\205\322\342\352\223\353\236"
 236      276E818A 
 236      2B027185 
 236      D2E2EA93 
 236      EB9E
 237 080c AA701313 		.ascii	"\252p\023\023W\331\324\327\261\002\2671\242\346~h\217"
 237      57D9D4D7 
 237      B102B731 
 237      A2E67E68 
 237      8F
 238 081d 12773262 		.ascii	"\022w2bf\364\376C\204{\030Qr\373\374\016\210\020\007"
 238      66F4FE43 
 238      847B1851 
 238      72FBFC0E 
 238      881007
 239 0830 3559DA33 		.ascii	"5Y\3323\364\304\372?\360\270\345\332\345+\012\372\234"
 239      F4C4FA3F 
 239      F0B8E5DA 
 239      E52B0AFA 
 239      9C
 240 0841 3C521295 		.ascii	"<R\022\225g/T\225:0\225\371\245[\376\011\320\332A\320"
 240      672F5495 
 240      3A3095F9 
 240      A55BFE09 
 240      D0DA41D0 
 241 0855 BA02B43E 		.ascii	"\272\002\264>n\216\237\205~\032?\225\240w\271Eo\007"
 241      6E8E9F85 
 241      7E1A3F95 
 241      A077B945 
 241      6F07
 242 0867 8BA77B4E 		.ascii	"\213\247{Nd\2366\327H1C\227id\234\002x\231\005^\311"
 242      649E36D7 
 242      48314397 
 242      69649C02 
 242      7899055E 
 243 087c 590A0E09 		.ascii	"Y\012\016\011\351'%\244\223j\375\352`\0242\2272\245"
 243      E92725A4 
ARM GAS  /var/folders/nz/mg232qzd5vg5_0nfk_8jw8mc0000gn/T//cc7T4T5J.s 			page 19


 243      936AFDEA 
 243      60143297 
 243      32A5
 244 088e AC94A906 		.ascii	"\254\224\251\006\316\245\026\316\247\226\347\\%\311"
 244      CEA516CE 
 244      A796E75C 
 244      25C9
 245 089c 1925DCEC 		.ascii	"\031%\334\354YP\341Af\303\256\202+\006\027<\312\210"
 245      5950E141 
 245      66C3AE82 
 245      2B06173C 
 245      CA88
 246 08ae EE9E0BE9 		.ascii	"\356\236\013\351J<\311\210\352\375\371\215\032<\307"
 246      4A3CC988 
 246      EAFDF98D 
 246      1A3CC7
 247 08bd 88F3C76B 		.ascii	"\210\363\307k\376\005\307:\260\235?\276\364 \207\223"
 247      FE05C73A 
 247      B09D3FBE 
 247      F4208793 
 248 08cd 1851565F 		.ascii	"\030QV_\270\227\275\240\370\206\236\030#\306\367\262"
 248      B897BDA0 
 248      F8869E18 
 248      23C6F7B2 
 249 08dd D3B08656 		.ascii	"\323\260\206V\023-\243w\224\370\020\203>\332s\360:\244"
 249      132DA377 
 249      94F81083 
 249      3EDA73F0 
 249      3AA4
 250 08ef 6F46A4B5 		.ascii	"oF\244\265\364\272\340*v\237U:3\241\301-\21485\226{"
 250      F4BAE02A 
 250      769F553A 
 250      33A1C12D 
 250      8C383596 
 251 0904 40812F53 		.ascii	"@\201/S\202\253HoL5\035Y\014\261\030\241f0@\323O6\300"
 251      82AB486F 
 251      4C351D59 
 251      0CB118A1 
 251      663040D3 
 252 091b 45690314 		.ascii	"Ei\003\024\344\354\217U\342\353L\336\314\245\273\307"
 252      E4EC8F55 
 252      E2EB4CDE 
 252      CCA5BBC7 
 253 092b 94B88711 		.ascii	"\224\270\207\021\311\265\207\023\331lxJ\217\337I\230"
 253      C9B58713 
 253      D96C784A 
 253      8FDF4998 
 254 093b 5B818DAC 		.ascii	"[\201\215\254\363A\310\261;\030\2170\342@a\372\234\003"
 254      F341C8B1 
 254      3B188F30 
 254      E24061FA 
 254      9C03
 255 094d 7ECC8892 		.ascii	"~\314\210\222\321\211\375\012<\315\210\362\221[\353"
 255      D189FD0A 
 255      3CCD88F2 
 255      915BEB
 256 095c F002D33F 		.ascii	"\360\002\323?uj\250\025\331\255t\257r\322\225\256!\032"
ARM GAS  /var/folders/nz/mg232qzd5vg5_0nfk_8jw8mc0000gn/T//cc7T4T5J.s 			page 20


 256      756AA815 
 256      D9AD74AF 
 256      72D295AE 
 256      211A
 257 096e 66DA0933 		.ascii	"f\332\0113\275\302-\255ZAB\372\017G348J\311T\254\232"
 257      BDC22DAD 
 257      5A4142FA 
 257      0F473334 
 257      384AC954 
 258 0984 E877C6FB 		.ascii	"\350w\306\373\030\261\220\035S\203p\022#\372K\357\217"
 258      18B1901D 
 258      53837012 
 258      23FA4BEF 
 258      8F
 259 0995 70388B11 		.ascii	"p8\213\021\355%=e.\270\202\021\025wo\365:\342\323\214"
 259      ED253D65 
 259      2EB88211 
 259      15776FF5 
 259      3AE2D38C 
 260 09a9 B83C7664 		.ascii	"\270<vdQ\205\3173\242o\272\357\234\222\372o=\235\362"
 260      5185CF33 
 260      A26FBAEF 
 260      9C92FA6F 
 260      3D9DF2
 261 09bc 8DD34F54 		.ascii	"\215\323OT\270\235\365\2054\024_c}\277\246\256~\034"
 261      B89DF585 
 261      34145F63 
 261      7DBFA6AE 
 261      7E1C
 262 09ce 7F4681BB 		.ascii	"\177F\201\273X_\336\243\007\006\015\276-\260\027^Zi"
 262      585FDEA3 
 262      07060DBE 
 262      2DB0175E 
 262      5A69
 263 09e0 E84BABDF 		.ascii	"\350K\253\337>9\223\373D.T|n\256\032R\365\301\325\325"
 263      3E3993FB 
 263      442E547C 
 263      6EAE1A52 
 263      F5C1D5D5 
 264 09f4 6DD52A5A 		.ascii	"m\325*Z\002\302\377\032\015y$4 _\241\035\032\215\033"
 264      02C2FF1A 
 264      0D792434 
 264      205FA11D 
 264      1A8D1B
 265 0a07 FD837B03 		.ascii	"\375\203{\003Y\004m\365e\277\254f5\"Y\0075d\257\307"
 265      59046DF5 
 265      65BFAC66 
 265      35225907 
 265      3564AFC7 
 266 0a1b AF48EDF5 		.ascii	"\257H\355\365\264\244)\312#%\015)\376Ga\227\337\215"
 266      B4A429CA 
 266      23250D29 
 266      FE476197 
 266      DF8D
 267 0a2d EDD767E3 		.ascii	"\355\327g\343\321\235\343[\222h\0211\017ED\0070\236"
 267      D19DE35B 
 267      92681131 
ARM GAS  /var/folders/nz/mg232qzd5vg5_0nfk_8jw8mc0000gn/T//cc7T4T5J.s 			page 21


 267      0F454407 
 267      309E
 268 0a3f 5DA69C2B 		.ascii	"]\246\234+k\253\317wK\345\015\347\020\224\375\032T\267"
 268      6BABCF77 
 268      4BE50DE7 
 268      1094FD1A 
 268      54B7
 269 0a51 AC1EBC31 		.ascii	"\254\036\2741\275\340\022\255\210\210\316\247\227\307"
 269      BDE012AD 
 269      8888CEA7 
 269      97C7
 270 0a5f 1A8EFC33 		.ascii	"\032\216\3743\000\027@v7\307T6\277\262\252\266\251\302"
 270      00174076 
 270      37C75436 
 270      BFB2AAB6 
 270      A9C2
 271 0a71 C6C7F68E 		.ascii	"\306\307\366\216n\012\207\224@\320\347-q2\311\255\262"
 271      6E0A8794 
 271      40D0E72D 
 271      7132C9AD 
 271      B2
 272 0a82 546360B2 		.ascii	"Tc`\262\3717N3\223\301\226\216R8\033C\210\352_\361\256"
 272      F9374E33 
 272      93C1968E 
 272      52381B43 
 272      88EA5FF1 
 273 0a97 FE1CB096 		.ascii	"\376\034\260\226]}\230\355\352\242\0029\021kP\257-\257"
 273      5D7D98ED 
 273      EAA20239 
 273      116B50AF 
 273      2DAF
 274 0aa9 1F386BFB 		.ascii	"\0378k\373\317\026\230\240\227\355\317Z\\\311\366@\367"
 274      CF1698A0 
 274      97EDCF5A 
 274      5CC9F640 
 274      F7
 275 0aba 2D5AC9C2 		.ascii	"-Z\311\302\272 \254IU\266\037\273\241\275\330\025\035"
 275      BA20AC49 
 275      55B61FBB 
 275      A1BDD815 
 275      1D
 276 0acb 82D60F55 		.ascii	"\202\326\017U\353Ch\343\244\222\205v\037Z\002<\037\203"
 276      EB4368E3 
 276      A4928576 
 276      1F5A023C 
 276      1F83
 277 0add EB53683C 		.ascii	"\353Sh<\334?\203k\034\\\207\340z\030\256#p\235\203\366"
 277      DC3F836B 
 277      1C5C87E0 
 277      7A18AE23 
 277      709D83F6 
 278 0af1 D852EDF2 		.ascii	"\330R\355\362\306\342<\346\022R\372\305\331\316cI\241"
 278      C6E23CE6 
 278      1252FAC5 
 278      D9CE6349 
 278      A1
 279 0b02 DF735F91 		.ascii	"\337s_\221\262\236n\314G\005\254\260\333\211jw\346\222"
ARM GAS  /var/folders/nz/mg232qzd5vg5_0nfk_8jw8mc0000gn/T//cc7T4T5J.s 			page 22


 279      B29E6ECC 
 279      4705ACB0 
 279      DB896A77 
 279      E692
 280 0b14 918C3748 		.ascii	"\221\2147H\376\177\000l{-g8\030aq\011\004O\325\273,"
 280      FE7F006C 
 280      7B2D6738 
 280      18617109 
 280      044FD5BB 
 281 0b29 78E0DC76 		.ascii	"x\340\334v\307Vx\237\215\021Ki\020\223\250\214\267\205"
 281      C756789F 
 281      8D114B69 
 281      1093A88C 
 281      B785
 282 0b3b 4EDB488F 		.ascii	"N\333H\217\356,\373\023\331#B\001t\311\022\020\263\246"
 282      EE2CFB13 
 282      D9234201 
 282      74C91210 
 282      B3A6
 283 0b4d 80902C80 		.ascii	"\200\220,\200C\300\274\373\004S\037\204\373H\354*\002"
 283      43C0BCFB 
 283      04531F84 
 283      FB48EC2A 
 283      02
 284 0b5e 1B28D81C 		.ascii	"\033(\330\034\203\027\200\353\244P-'\003x\017\3307\015"
 284      831780EB 
 284      A4502D27 
 284      03780FD8 
 284      370D
 285 0b70 5BEC5AD6 		.ascii	"[\354Z\326\332Y\211C\350\334HT6\002|\206\023\305\260"
 285      DA598943 
 285      E8DC4854 
 285      36027C86 
 285      13C5B0
 286 0b83 75B09745 		.ascii	"u\260\227Ew\016\333\240g\355\242\211\335\246\336<\310"
 286      770EDBA0 
 286      67EDA289 
 286      DDA6DE3C 
 286      C8
 287 0b94 1B1B102D 		.ascii	"\033\033\020-Z\216Iy\342\035\363:\272Lc\217\254\270"
 287      5A8E4979 
 287      E21DF33A 
 287      BA4C638F 
 287      ACB8
 288 0ba6 FA9F167B 		.ascii	"\372\237\026{\015\260;\234\005\333\243s\202\322d\216"
 288      0DB03B9C 
 288      05DBA373 
 288      82D2648E 
 289 0bb6 07608E53 		.ascii	"\007`\216S\344\244de\0246\240\015\006\020\017\240vA"
 289      E4A46465 
 289      1436A00D 
 289      06100FA0 
 289      7641
 290 0bc8 6F322015 		.ascii	"o2 \025\006\374\010\003\006\240\205\343%\307+\222\213"
 290      06FC0803 
 290      06A085E3 
 290      25C72B92 
ARM GAS  /var/folders/nz/mg232qzd5vg5_0nfk_8jw8mc0000gn/T//cc7T4T5J.s 			page 23


 290      8B
 291 0bd9 6E4B2F1B 		.ascii	"nK/\033s\270A\362\247X\242s\227-\366\271(4\305\353\365"
 291      73B841F2 
 291      A758A273 
 291      972DF6B9 
 291      2834C5EB 
 292 0bee 81D5B989 		.ascii	"\201\325\271\211D\013s\276=\014\212\000E-0\361\274\314"
 292      440B73BE 
 292      3D0C8A00 
 292      452D30F1 
 292      BCCC
 293 0c00 E6BF078B 		.ascii	"\346\277\007\213p\031g\207\032\253.\262ED\370$H\007"
 293      70196787 
 293      1AAB2EB2 
 293      4544F824 
 293      4807
 294 0c12 A7651119 		.ascii	"\247e\021\031G\363.9\361\260\214H\011X\"\345\274fQj"
 294      47F32E39 
 294      F1B08C48 
 294      095822E5 
 294      BC66516A 
 295 0c26 2BB8F709 		.ascii	"+\270\367\011ImO@\374uK$\357\303V\221l\343\207\011\320"
 295      496D4F40 
 295      FC754B24 
 295      EFC35691 
 295      6CE38709 
 296 0c3b F7057EE0 		.ascii	"\367\005~\340\307[;k\377\304\022=)$Z\004_/\263/\314"
 296      C75B3B6B 
 296      FFC4123D 
 296      29245A04 
 296      5F2FB32F 
 297 0c50 08FB4234 		.ascii	"\010\373B4\244\261\333Hr_\260\312\311\203\337\220\317"
 297      A4B1DB48 
 297      725FB0CA 
 297      C983DF90 
 297      CF
 298 0c61 07247F9E 		.ascii	"\007$\177\236\261(>\317i\226*n\316v?\010\273\323\377"
 298      B1283ECF 
 298      69962A6E 
 298      CE763F08 
 298      BBD3FF
 299 0c74 53B6239B 		.ascii	"S\266#\233@\345\353\302&@|E\2461)}F\246\261\272\220"
 299      40E5EBC2 
 299      26407C45 
 299      A631297D 
 299      46A6B1BA 
 300 0c89 6B4A3904 		.ascii	"kJ9\004\271\017\333G\346\347\211\221\273\227A\016\323"
 300      B90FDB47 
 300      E6E78991 
 300      BB97410E 
 300      D3
 301 0c9a F5980446 		.ascii	"\365\230\004Fl\265\277\036\305\321\032\212\305\021\015"
 301      6CB5BF1E 
 301      C5D11A8A 
 301      C5110D
 302 0ca9 D627B349 		.ascii	"\326'\263I\224\310`2\312\215\330.\005lw\027\346n\204"
 302      94C86032 
ARM GAS  /var/folders/nz/mg232qzd5vg5_0nfk_8jw8mc0000gn/T//cc7T4T5J.s 			page 24


 302      CA8DD82E 
 302      056C7717 
 302      E66E84
 303 0cbc 160FB618 		.ascii	"\026\017\266\030\204\3534\264(\270\037\205k\2548x\367"
 303      84EB34B4 
 303      28B81F85 
 303      6BAC3878 
 303      F7
 304 0ccd 16B2E025 		.ascii	"\026\262\340%U\326\265\027l\312)tA\222`\274i\033\346"
 304      55D6B517 
 304      6CCA2974 
 304      419260BC 
 304      691BE6
 305 0ce0 D5D60163 		.ascii	"\325\326\001c\254ial!\265\327\276\240<\351\240\306\203"
 305      AC69616C 
 305      21B5D7BE 
 305      A03CE9A0 
 305      C683
 306 0cf2 13334A93 		.ascii	"\0233J\223\336\225Y\\If\355\033\034\226\314\332b\013"
 306      DE95595C 
 306      4966ED1B 
 306      1C96CCDA 
 306      620B
 307 0d04 CE5AE584 		.ascii	"\316Z\345\204DfA1`\306\012\220\304\000\364\305G\306"
 307      44664131 
 307      60C60A90 
 307      C400F4C5 
 307      47C6
 308 0d16 1EF2E283 		.ascii	"\036\362\342\203l[\326/>hm\032\243D\264\310X\332\005"
 308      6C5BD62F 
 308      3E686D1A 
 308      A344B4C8 
 308      58DA05
 309 0d29 ABAB6C23 		.ascii	"\253\253l#\011\377\031\351n\310\340\257\246\3009\220"
 309      09FF19E9 
 309      6EC8E0AF 
 309      A6C03990 
 310 0d39 2EE4A5FD 		.ascii	".\344\245\375\3068_\025\261\230\324\320\350\316\273"
 310      C6385F15 
 310      B198D4D0 
 310      E8CEBB
 311 0d48 1BC9DBD1 		.ascii	"\033\311\333\321Y\311\227N\300\271J\034\341w$#\\\264"
 311      59C9974E 
 311      C0B94A1C 
 311      E1772423 
 311      5CB4
 312 0d5a A31F3307 		.ascii	"\243\0373\007\356\035\311\300\025\345\255\"Q\240\364"
 312      EE1DC9C0 
 312      15E5AD22 
 312      51A0F4
 313 0d69 D83AEA96 		.ascii	"\330:\352\226(w\223\267BG\313\025\370\254\312\352m\306"
 313      287793B7 
 313      4247CB15 
 313      F8ACCAEA 
 313      6DC6
 314 0d7b 26EBD7EB 		.ascii	"&\353\327\353\233,\257\327/\027\036\357\327\330=\033"
 314      9B2CAFD7 
ARM GAS  /var/folders/nz/mg232qzd5vg5_0nfk_8jw8mc0000gn/T//cc7T4T5J.s 			page 25


 314      2F171EEF 
 314      D7D83D1B 
 315 0d8b 64825B37 		.ascii	"d\202[7\231N\322\030N\322X8\223\246\\+{\243\224X\321"
 315      994ED218 
 315      4ED25838 
 315      93A65C2B 
 315      7BA39458 
 316 0da0 80D5281D 		.ascii	"\200\325(\035\233\223\314&\313\371\340~c{\327\012\234"
 316      9B93CC26 
 316      CBF9E07E 
 316      637BD70A 
 316      9C
 317 0db1 E5481529 		.ascii	"\345H\025)J:\325`\375\316\246\316\352K[6\266\274>\346"
 317      4A3AD560 
 317      FDCEA6CE 
 317      EA4B5B36 
 317      B6BC3EE6 
 318 0dc5 CE9C290C 		.ascii	"\316\234)\014S\231^I\267G\017|B\334\231\013\210,\213"
 318      53995E49 
 318      B7470F7C 
 318      42DC990B 
 318      882C8B
 319 0dd8 A06C2CF1 		.ascii	"\240l,\361NZ\314\023\345\200\356b\266R\237\026\257\034"
 319      4E5ACC13 
 319      E580EE62 
 319      B6529F16 
 319      AF1C
 320 0dea 8C8975A2 		.ascii	"\214\211u\242\217\010\373\243\230>\214X\274\025\203"
 320      8F08FBA3 
 320      983E8C58 
 320      BC1583
 321 0df9 E943B255 		.ascii	"\351C\262U\346\261\207\023\325Q\263\014If\234/ [z\007"
 321      E6B18713 
 321      D551B30C 
 321      49669C2F 
 321      205B7A07 
 322 0e0d CC1C0BD8 		.ascii	"\314\034\013\330\263SU\267\254\277V\316[\225\261\205"
 322      B35355B7 
 322      ACBF56CE 
 322      5B95B185 
 323 0e1d 987CBF39 		.ascii	"\230|\2779\206\205\3577\261\367\303\347\024\370\030"
 323      8685EF37 
 323      B1F7C3E7 
 323      14F818
 324 0e2c 33D2A5C4 		.ascii	"3\322\245\304\221TL\277\337\030\307r/j\014\315|\303"
 324      91544CBF 
 324      DF18C772 
 324      2F6A0CCD 
 324      7CC3
 325 0e3e E2E2C774 		.ascii	"\342\342\307t\014*\302\226\2577pO\247\216\212\361Z\251"
 325      0C2AC296 
 325      AF37704F 
 325      A78E8AF1 
 325      5AA9
 326 0e50 CF85561F 		.ascii	"\317\205V\037\214J\260\370saz\230\3411\302\265L\336"
 326      8C4AB0F8 
 326      73617A98 
ARM GAS  /var/folders/nz/mg232qzd5vg5_0nfk_8jw8mc0000gn/T//cc7T4T5J.s 			page 26


 326      E131C2B5 
 326      4CDE
 327 0e62 C4D59879 		.ascii	"\304\325\230y&o<\356\346\224[J\005\177\216~-D\210\214"
 327      266F3CEE 
 327      E6945B4A 
 327      057F8E7E 
 327      2D44888C 
 328 0e76 42A52291 		.ascii	"B\245\"\221\245&\221eT\344@C\336}\027<\304\330$\227"
 328      A5269165 
 328      54E44043 
 328      DE7D173C 
 328      C4D82497 
 329 0e8a 0DB6CB29 		.ascii	"\015\266\313)\233\262\3337\037\376,\225\317d\337:\251"
 329      9BB2DB37 
 329      1FFE2C95 
 329      CF64DF3A 
 329      A9
 330 0e9b 6C542EE2 		.ascii	"lT.\342Rn\342RA\271\2146\205\0169\342h5\373\232\221"
 330      526EE252 
 330      41B98C36 
 330      850E39E2 
 330      6835FB9A 
 331 0eb0 5AD020FF 		.ascii	"Z\320 \377E&\337`(\313h\371\202\217\014\343\211*\230"
 331      4526DF60 
 331      28CB68F9 
 331      828F0CE3 
 331      892A98
 332 0ec3 7E2C3ECE 		.ascii	"~,>\316x\210\2761\037g\234P%\376\0059<\346\324\357S"
 332      7888BE31 
 332      1F679C50 
 332      25FE0539 
 332      3CE6D4EF 
 333 0ed8 B3033379 		.ascii	"\263\0033y\321\2022\342*f\331\347\356 B\356\356\251"
 333      D18232E2 
 333      2A66D9E7 
 333      EE2042EE 
 333      EEA9
 334 0eea D2E26426 		.ascii	"\322\342d&\346\324\331\251\227q&\273\257\2319\231\347"
 334      E6D4D9A9 
 334      977126BB 
 334      AF993999 
 334      E7
 335 0efb 4C8719D9 		.ascii	"L\207\031\331\211\261v\370G\3661\341uB\206>\177v\327"
 335      89B176F8 
 335      47F631E1 
 335      7542863E 
 335      7F76D7
 336 0f0e 1917326C 		.ascii	"\031\0272lu\356\251\202\025\270\212\021G\353\342\372"
 336      75EEA982 
 336      15B88A11 
 336      47EBE2FA 
 337 0f1e 106EA284 		.ascii	"\020n\242\204\252\370vT\003F\256\253\330\301R\310\004"
 337      AAF87654 
 337      0346AEAB 
 337      D8C152C8 
 337      04
 338 0f2f 860F8533 		.ascii	"\206\017\2053\242\351\344Wo\347\344'\336\214\253a\205"
ARM GAS  /var/folders/nz/mg232qzd5vg5_0nfk_8jw8mc0000gn/T//cc7T4T5J.s 			page 27


 338      A2E9E457 
 338      6FE7E427 
 338      DE8CAB61 
 338      85
 339 0f40 9D861586 		.ascii	"\235\206\025\206j1\033@\346|\001\302\370<l\036u\320"
 339      6A311B40 
 339      E67C01C2 
 339      F83C6C1E 
 339      75D0
 340 0f52 1AA09D85 		.ascii	"\032\240\235\205v\016Z\243\250\2420\264\026;\210\016"
 340      760E5AA3 
 340      A8A230B4 
 340      163B880E 
 341 0f62 1212B244 		.ascii	"\022\022\262D\271\244\243\303R1\305\333\242\247\255"
 341      B9A4A3C3 
 341      5231C5DB 
 341      A2A7AD
 342 0f71 B712C3A5 		.ascii	"\267\022\303\245b\007Qq%\001\265\224\214\306\372\342"
 342      62075171 
 342      2501B594 
 342      8CC6FAE2 
 343 0f81 2F78E1E0 		.ascii	"/x\341\340\330(\200%\312h\232d\353bIn\257_\222\201\251"
 343      D8288025 
 343      CA689A64 
 343      EB62496E 
 343      AF5F9281 
 344 0f96 823D2205 		.ascii	"\202=\"\005\317`\033\251\242\263"
 344      CF601BA9 
 344      A2B3
 345 0fa0 22648A92 		.ascii	"\"d\212\222\311\306>'\264\312M\322\212\027\301r?\325"
 345      C9C63E27 
 345      B4CA4DD2 
 345      8A17C172 
 345      3FD5
 346 0fb2 8AC2C9E9 		.ascii	"\212\302\311\351A\0209\2734\301\240\032K\252\2517U|"
 346      411039BB 
 346      34C1A01A 
 346      4BAAA937 
 346      557C
 347 0fc4 E0F91F72 		.ascii	"\340\371\037rn\236\222\343K,\014\012\246.<\304\270\213"
 347      6E9E92E3 
 347      4B2C0C0A 
 347      A62E3CC4 
 347      B88B
 348 0fd6 1125C71B 		.ascii	"\021%\307\033Z\234\360(#.t\366\026:\260\257ql\211\264"
 348      5A9CF028 
 348      232E74F6 
 348      163AB0AF 
 348      716C89B4 
 349 0fea 55DD662F 		.ascii	"U\335f/\244\350\2575\232\262\007\367;\342\020'\332w"
 349      A4E8AF35 
 349      9AB207F7 
 349      3BE21027 
 349      DA77
 350 0ffc BF24149C 		.ascii	"\277$\024\234"
 351 1000 B6CF4978 		.ascii	"\266\317IxA2\332\244\301Y\214\250\2713\331\346\210\363"
 351      4132DAA4 
ARM GAS  /var/folders/nz/mg232qzd5vg5_0nfk_8jw8mc0000gn/T//cc7T4T5J.s 			page 28


 351      C1598CA8 
 351      B933D9E6 
 351      88F3
 352 1012 29C1155D 		.ascii	")\301\025]\313OvB\0327\273\371\356\252U\276\243f\256"
 352      CB4F7642 
 352      1A37BBF9 
 352      EEAA55BE 
 352      A366AE
 353 1025 0D538399 		.ascii	"\015S\203\231;\341\341\025\211\314\011\022.6\246\025"
 353      3BE1E115 
 353      89CC0912 
 353      2E36A615 
 354 1035 29713913 		.ascii	")q9\023w\2706\351\271\012\237\244\204\372\346\236\375"
 354      77B836E9 
 354      B90A9FA4 
 354      84FAE69E 
 354      FD
 355 1046 071D901B 		.ascii	"\007\035\220\033{1\342\346\352J\371\265d\257\004~7\301"
 355      7B31E2E6 
 355      EA4AF9B5 
 355      64AF047E 
 355      37C1
 356 1058 3C1D167E 		.ascii	"<\035\026~\335\330\372\254?\345.\204>\221{\015p\335"
 356      DDD8FAAC 
 356      3FE52E84 
 356      3E917B0D 
 356      70DD
 357 106a F6C2D1AA 		.ascii	"\366\302\321\252\202\006\257\265\023\257]\207it\013"
 357      8206AFB5 
 357      13AF5D87 
 357      69740B
 358 1079 5EFB01EE 		.ascii	"^\373\001\356o\201\227nC\353\201v\003\332\035\251c\220"
 358      6F81976E 
 358      43EB8176 
 358      03DA1DA9 
 358      6390
 359 108b 69F02541 		.ascii	"i\360%A\334\213\006\323\330\236\217v\310_O?\274_\026"
 359      DC8B06D3 
 359      D89E8F76 
 359      C85F4F3F 
 359      BC5F16
 360 109e 86993FD7 		.ascii	"\206\231?\327\333\224\340\306\2716\026\222\275B\001"
 360      DB94E0C6 
 360      B9361692 
 360      BD4201
 361 10ad DE2D5D65 		.ascii	"\336-]e\212}s\323\252v\354\025\0256\263\364\313U\267"
 361      8A7D73D3 
 361      AA76EC15 
 361      1536B3F4 
 361      CB55B7
 362 10c0 74F03F13 		.ascii	"t\360?\023I\272#)ITA,\322\232\020\366\236.[3[\177\343"
 362      49BA2329 
 362      4954412C 
 362      D29A10F6 
 362      9E2E5B33 
 363 10d7 4A6CEF5D 		.ascii	"Jl\357]\300\3704\365\254C\356\265=\027\345,_\321\217"
 363      C0F834F5 
ARM GAS  /var/folders/nz/mg232qzd5vg5_0nfk_8jw8mc0000gn/T//cc7T4T5J.s 			page 29


 363      AC43EEB5 
 363      3D17E52C 
 363      5FD18F
 364 10ea 578634BA 		.ascii	"W\2064\272\306MS\353\227\236\232\3441\265\0253<1\367"
 364      C64D53EB 
 364      979E9AE4 
 364      31B51533 
 364      3C31F7
 365 10fd 1098DB48 		.ascii	"\020\230\333H\012^h\003\320\356\212\013\335#\305q\032"
 365      0A5E6803 
 365      D0EE8A0B 
 365      DD23C571 
 365      1A
 366 110e 5E64ECFE 		.ascii	"^d\354\376\345\214}\270\303\332\004K5\022e\263\022\021"
 366      E58C7DB8 
 366      C3DA044B 
 366      351265B3 
 366      1211
 367 1120 E73E69CE 		.ascii	"\347>i\316\2263\2351\225\346\235\376%\246\207\365ux"
 367      96339D31 
 367      95E69DFE 
 367      25A687F5 
 367      7578
 368 1132 FF548ADC 		.ascii	"\377T\212\334&\225\230'z\037&\367\242\211\262\024\322"
 368      26959827 
 368      7A1F26F7 
 368      A289B214 
 368      D2
 369 1143 32F94904 		.ascii	"2\371I\004\244\220{\000n\261\254\221~Q\012I\357\033"
 369      A4907B00 
 369      6EB1AC91 
 369      7E510A49 
 369      EF1B
 370 1155 9994E3F3 		.ascii	"\231\224\343\363l\315e/d\224\252p+#\032\206\"\240b\352"
 370      6CCD652F 
 370      6494AA70 
 370      2B231A86 
 370      22A062EA 
 371 1169 61C4B981 		.ascii	"a\304\271\201\366hGR1\205\275\350\343\330\201\252\242"
 371      F6684752 
 371      3185BDE8 
 371      E3D881AA 
 371      A2
 372 117a 1F1DF108 		.ascii	"\037\035\361\010\035\206;\257\344t\253\330w\311\360"
 372      1D863BAF 
 372      E474ABD8 
 372      77C9F0
 373 1189 30588DC6 		.ascii	"0X\215\306\217\332\331j|\000\326\204l\205\036-\347_"
 373      8FDAD96A 
 373      7C00D684 
 373      6C851E2D 
 373      E75F
 374 119b 9B0A7F54 		.ascii	"\233\012\177T\300\223i?\206i\217\211\246j\034\246\266"
 374      C093693F 
 374      86698F89 
 374      A66A1CA6 
 374      B6
ARM GAS  /var/folders/nz/mg232qzd5vg5_0nfk_8jw8mc0000gn/T//cc7T4T5J.s 			page 30


 375 11ac 7C2465CB 		.ascii	"|$e\313\356\273UE\234\331\2266L'\200\221=\246\220\202"
 375      EEBB5545 
 375      9CD99636 
 375      4C278091 
 375      3DA69082 
 376 11c0 9FD243F7 		.ascii	"\237\322C\3678\000F,\366{$\262\337bx\373\025\204'\231"
 376      3800462C 
 376      F67B24B2 
 376      DF6278FB 
 376      15842799 
 377 11d4 9592AF14 		.ascii	"\225\222\257\024\335P\342i\026\331\345)\223\003\012"
 377      DD50E269 
 377      16D9E529 
 377      93030A
 378 11e3 FA8A977E 		.ascii	"\372\212\227~\226%\265\276\361\267\325\241t\372\304"
 378      9625B5BE 
 378      F1B7D5A1 
 378      74FAC4
 379 11f2 21C3C070 		.ascii	"!\303\300p\006\256f\267\316\331la\206\332R\262\024\210"
 379      06AE66B7 
 379      CED96C61 
 379      86DA52B2 
 379      1488
 380 1204 F02702D6 		.ascii	"\360'\002\326\316!\2137\024\271\003\222\354\024\315"
 380      CE218B37 
 380      14B90392 
 380      EC14CD
 381 1213 02D2BCEF 		.ascii	"\002\322\274\357\330\034\334\232\011\220\274\367\230"
 381      D81CDC9A 
 381      0990BCF7 
 381      98
 382 1220 1480E633 		.ascii	"\024\200\3463w\265\235\\x\0028\235$\234\252\204\021"
 382      77B59D5C 
 382      7802389D 
 382      249CAA84 
 382      11
 383 1231 C454B360 		.ascii	"\304T\263`\252\247\020nS\320~\2046-\366E~<\361\305\214"
 383      AAA7106E 
 383      53D07E84 
 383      362DF645 
 383      7E3CF1C5 
 384 1246 942F064F 		.ascii	"\224/\006OF'q6qm\026\360\014\230\376\024\001\343c{\347"
 384      46277136 
 384      716D16F0 
 384      0C98FE14 
 384      01E3637B 
 385 125b BE225BE3 		.ascii	"\276\"[\343\0341\211\305/3\"\277L\036\3527`\034\252"
 385      1C3189C5 
 385      2F3322BF 
 385      4C1EEA37 
 385      601CAA
 386 126e A17E991A 		.ascii	"\241~\231\032\253\335\313A5g$N\250\372\364l.\330\001"
 386      ABDDCB41 
 386      3567244E 
 386      A8FAF46C 
 386      2ED801
 387 1281 F4FC78F1 		.ascii	"\364\374x\361c\312b\336T\320\011\212\310\310\023Z\320"
ARM GAS  /var/folders/nz/mg232qzd5vg5_0nfk_8jw8mc0000gn/T//cc7T4T5J.s 			page 31


 387      63CA62DE 
 387      54D0098A 
 387      C8C8135A 
 387      D0
 388 1292 3DA705DD 		.ascii	"=\247\005\335t\266\361\001\242\373%\255\347\214\013"
 388      74B6F101 
 388      A2FB25AD 
 388      E78C0B
 389 12a1 09BC8BFD 		.ascii	"\011\274\213\375\037(.b\341\007\212\013\230~Y\331\237"
 389      1F282E62 
 389      E1078A0B 
 389      987E59D9 
 389      9F
 390 12b2 9C388685 		.ascii	"\2348\206\205\037(\032\370\265\210~\3436\225\"2\304"
 390      1F281AF8 
 390      B5887EE3 
 390      36952232 
 390      C4
 391 12c3 CB579A06 		.ascii	"\313W\232\006Q\002F\024w]OFV\307\023x.\222\020\"g?\004"
 391      51024614 
 391      775D4F46 
 391      56C71378 
 391      2E921022 
 392 12da 842BF9CC 		.ascii	"\204+\371\314\320\331\332#\267B\317Y%\373P\001\035J"
 392      D0D9DA23 
 392      B742CF59 
 392      25FB5001 
 392      1D4A
 393 12ec D1BD37C6 		.ascii	"\321\2757\306f\2248\202\331e\354\\\316N2\221\260\245"
 393      66943882 
 393      D965EC5C 
 393      CE4E3291 
 393      B0A5
 394 12fe 672DA95F 		.ascii	"g-\251_\034\221<pk:T\201\023\331\360\270\353=\025N\370"
 394      1C913C70 
 394      6B3A5481 
 394      13D9F0B8 
 394      EB3D154E 
 395 1313 0023EA5B 		.ascii	"\000#\352[B:\3248\215\021\275\211\231y\316\370\010#"
 395      423AD438 
 395      8D11BD89 
 395      9979CEF8 
 395      0823
 396 1325 92BAB316 		.ascii	"\222\272\263\026\3248\213\021\307\353\"\223\3248\217"
 396      D4388B11 
 396      C7EB2293 
 396      D4388F
 397 1334 11E517EA 		.ascii	"\021\345\027\352\302\234p!%\034\313\023\016\303I\300"
 397      C29C7021 
 397      251CCB13 
 397      0EC349C0 
 398 1344 F4231896 		.ascii	"\364#\030\2261\206'\212\334\205\237\300\204\313\325"
 398      3186278A 
 398      DC859FC0 
 398      84CBD5
 399 1353 688F1CA3 		.ascii	"h\217\034\243$\271\275\227S\341a\2061\272\005\021\350"
 399      24B9BD97 
ARM GAS  /var/folders/nz/mg232qzd5vg5_0nfk_8jw8mc0000gn/T//cc7T4T5J.s 			page 32


 399      53E16186 
 399      31BA0511 
 399      E8
 400 1364 5E5BE8B4 		.ascii	"^[\350\264\015\364\261\031\032m\013\235\263\201>4C#"
 400      0DF4B119 
 400      1A6D0B9D 
 400      B3813E34 
 400      4323
 401 1376 A51530AD 		.ascii	"\245\0250\255Y\300\216\232\261\273m\261o\333@\037\231"
 401      59C08E9A 
 401      B1BB6DB1 
 401      6FDB401F 
 401      99
 402 1387 A151D2CA 		.ascii	"\241Q\322\312\212\260#fl\204$[\273\325\273\214\202\351"
 402      8AB02366 
 402      6C84245B 
 402      BBD5BB8C 
 402      82E9
 403 1399 7B34B91B 		.ascii	"{4\271\033J\224\273\242\004h1\320\342\241\305B\333\007"
 403      4A94BBA2 
 403      046831D0 
 403      E2A1C542 
 403      DB07
 404 13ab 2D4E2E5A 		.ascii	"-N.Z\276}\205d\371\302\260\245\3137-#n\010!\267U\024"
 404      BE7D8564 
 404      F9C2B0A5 
 404      CB372D23 
 404      6E0821B7 
 405 13c1 37F39D0A 		.ascii	"7\363\235\012\035\000\346ar\363\012$\203\226\324C\346"
 405      1D00E661 
 405      72F30A24 
 405      8396D443 
 405      E6
 406 13d2 54940C1A 		.ascii	"T\224\014\032\374=\332\220O\251I{3\254\177\017s@.\016"
 406      FC3DDA90 
 406      4FA9497B 
 406      33AC7F0F 
 406      73402E0E 
 407 13e6 EE837253 		.ascii	"\356\203rS\211Ina\300\261\301\374\350\025V\003nX\035"
 407      89496E61 
 407      C0B1C1FC 
 407      E8155603 
 407      6E581D
 408 13f9 ED5384D5 		.ascii	"\355S\204\325\220B\321\213\317S'\331\221\231|\012b\247"
 408      9042D18B 
 408      CF5327D9 
 408      91997C0A 
 408      62A7
 409 140b F0F198C2 		.ascii	"\360\361\230\302QG\273\007\330499\300\246\312\205\023"
 409      5147BB07 
 409      D8343939 
 409      C0A6CA85 
 409      13
 410 141c ECD19243 		.ascii	"\354\321\222Cyj<\314\302yoEN\213\222\374\314\266l\374"
 410      796A3CCC 
 410      C2796F45 
 410      4E8B92FC 
ARM GAS  /var/folders/nz/mg232qzd5vg5_0nfk_8jw8mc0000gn/T//cc7T4T5J.s 			page 33


 410      CCB66CFC 
 411 1430 D964E52B 		.ascii	"\331d\345+E$p\351\0116$\034\221\201\350\220\334r\372"
 411      452470E9 
 411      0936241C 
 411      9181E890 
 411      DC72FA
 412 1443 847B3A49 		.ascii	"\204{:ItXNN\237wR\032\242\254W19\256Z\344\246\013z\247"
 412      74584E4E 
 412      9F77521A 
 412      A2AC5731 
 412      39AE5AE4 
 413 145b 53BDABAF 		.ascii	"S\275\253\257u\207Xg\210B+\364\021\001M\256\352`\375"
 413      75875867 
 413      88422BF4 
 413      11014DAE 
 413      EA60FD
 414 146e 779E7EBE 		.ascii	"w\236~\276\333\002<\364\016\177\370\342\337\327n\224"
 414      DB023CF4 
 414      0E7FF8E2 
 414      DFD76E94 
 415 147e A9B6FB06 		.ascii	"\251\266\373\006\350?\374\300C\257\366\3600\335\376"
 415      E83FFCC0 
 415      43AFF6F0 
 415      30DDFE
 416 148d C57D7BB0 		.ascii	"\305}{\260\316\335/\320\313\323\317=0H\357\276\315\313"
 416      CEDD2FD0 
 416      CBD3CF3D 
 416      3048EFBE 
 416      CDCB
 417 149f 6B9DA7CE 		.ascii	"k\235\247\316\177]@`\200v\235\326s\253\357\272\017<"
 417      7F5D4060 
 417      80769DD6 
 417      73ABEFBA 
 417      0F3C
 418 14b1 7EB3EEBD 		.ascii	"~\263\356\275\365\033~\365\267\367\335\255:\334}\003"
 418      F51B7EF5 
 418      B7F7DDAD 
 418      3ADC7D03 
 419 14c1 BCFCB67B 		.ascii	"\274\374\266{k\335\375=\275||\003\264\356\036\336\332"
 419      6BDDFD3D 
 419      BD7C7C03 
 419      B4EE1EDE 
 419      DA
 420 14d2 6F3DB7FB 		.ascii	"o=\267\373\351=\364\273\202\264\301\357\372\310\276"
 420      E93DF4BB 
 420      82B4C1EF 
 420      FAC8BE
 421 14e1 FABFF30E 		.ascii	"\372\277\363\016\336\025\354\356\021\254\367\006m\201"
 421      DE15ECEE 
 421      11ACF706 
 421      6D81
 422 14ef E1DB1B7D 		.ascii	"\341\333\033}|\267\372~\271\305=0\330\335+\320\337?"
 422      7CB7FA7E 
 422      B9C53D30 
 422      D8DD2BD0 
 422      DF3F
 423 1501 30C03D28 		.ascii	"0\300=(P\247\017v\377\335\346\3177~\276\323\335\313"
ARM GAS  /var/folders/nz/mg232qzd5vg5_0nfk_8jw8mc0000gn/T//cc7T4T5J.s 			page 34


 423      50A70F76 
 423      FFDDE6CF 
 423      377EBED3 
 423      DDCB
 424 1513 C72B50A7 		.ascii	"\307+P\247\005\240\362k\037\235\326\323{\203*\000h\375"
 424      05A0F26B 
 424      1F9DD6D3 
 424      7B832A00 
 424      68FD
 425 1525 765D80D2 		.ascii	"v]\200\322\337\3237\340]/\231#0\324\373\372k=\364\324"
 425      DFD337E0 
 425      5D2F9923 
 425      30D4FBFA 
 425      6B3DF4D4 
 426 1539 181B3E34 		.ascii	"\030\033>4\033\203\334\376B\304_\2477+\341\345CF\011"
 426      1B83DCFE 
 426      42C45FA7 
 426      372BE1E5 
 426      434609
 427 154c 93527BF9 		.ascii	"\223R{\371|\355\343\275\305O\253\015r\265\007\327S\351"
 427      7CEDE3BD 
 427      C54FAB0D 
 427      72B507D7 
 427      53E9
 428 155e 04AD62B7 		.ascii	"\004\255b\267\036zG/\037\017v/\017\320\356\324\313\203"
 428      1E7A472F 
 428      1F0F762F 
 428      0FD0EED4 
 428      CB83
 429 1570 74DAEF95 		.ascii	"t\332\357\225\372 \235o\240\240\312\373\357\231U!\267"
 429      FA209D6F 
 429      A0A0CAFB 
 429      EF995521 
 429      B7
 430 1581 1FBD68AA 		.ascii	"\037\275h\252\201\376A\276~Z]\260\373\0376n$\"\005\365"
 430      81FE41BE 
 430      7E5A5DB0 
 430      FB1F366E 
 430      242205F5 
 431 1595 E484A586 		.ascii	"\344\204\245\206@=\274\002\003\364 \312\211\022\300"
 431      403DBC02 
 431      03F420CA 
 431      8912C0
 432 15a4 D64BBF53 		.ascii	"\326K\277S\245\323n\003C{\3509\335\007\234\356W\234"
 432      A5D36E03 
 432      437BE839 
 432      DD079CEE 
 432      579C
 433 15b6 EE434EF7 		.ascii	"\356CN\367\021\247\3735\247\373\015\326mX\017m\003\347"
 433      11A7FB35 
 433      A7FB0DD6 
 433      6D580F6D 
 433      03E7
 434 15c8 A77BE727 		.ascii	"\247{\347'\231\331\343\373\217\374A \027\034\204\201"
 434      99D9E3FB 
 434      8FFC4120 
 434      171C8481 
ARM GAS  /var/folders/nz/mg232qzd5vg5_0nfk_8jw8mc0000gn/T//cc7T4T5J.s 			page 35


 435 15d8 B32240BB 		.ascii	"\263\"@\273C\253S\004\372ykur/\037O\235<\300\323_\253"
 435      43AB5304 
 435      FA796B75 
 435      722F1F4F 
 435      9D3CC0D3 
 436 15ee 8218F4F3 		.ascii	"\202\030\364\363\365\367\325\253\364\301zO=\230]I&\370"
 436      F5F7D5AB 
 436      F4C17A4F 
 436      3D985D49 
 436      26F8
 437 1600 6BB0079B 		.ascii	"k\260\007\233*\334)h\217R\357\037\350\015\375\212o\375"
 437      2ADC2968 
 437      8F52EF1F 
 437      E80DFD8A 
 437      6FFD
 438 1612 3CB7052B 		.ascii	"<\267\005+\365:\355\267\301\036z9\271(\374\203\267\301"
 438      F53AEDB7 
 438      C11E7A39 
 438      B928FC83 
 438      B7C1
 439 1624 40C13030 		.ascii	"@\30100P\270s\320y\357\202.\225v\247\257\336\013\006"
 439      50B873D0 
 439      79EF822E 
 439      9576A7AF 
 439      DE0B06
 440 1637 3BECD007 		.ascii	";\354\320\007n\375\317\240\225\202\311a\250V\247\015"
 440      6EFDCFA0 
 440      9582C961 
 440      A856A70D 
 441 1647 F0224C77 		.ascii	"\360\"Lw\350\365\272 e\2606@\017\0034\340\212`\255\277"
 441      E8F5BA20 
 441      65B03640 
 441      0F0334E0 
 441      8A60ADBF 
 442 165b 67900FCC 		.ascii	"g\220\017\314\302E\360\225\307\337\266k\267\003\364"
 442      C245F095 
 442      C7DFB66B 
 442      B703F4
 443 166a 25B39F84 		.ascii	"%\263\237\204G\012\366\277W\000\3045\206\377A\012\014"
 443      470AF6BF 
 443      5700C435 
 443      86FF410A 
 443      0C
 444 167b 0E5201CE 		.ascii	"\016R\001\316\177;\330W\021\270#@\253S\322{\017\322"
 444      7F3BD857 
 444      11B82340 
 444      AB53D27B 
 444      0FD2
 445 168d EBAFDF19 		.ascii	"\353\257\337\031\344\244\375\236\310\362\014\376\016"
 445      E4A4FD9E 
 445      C8F20CFE 
 445      0E
 446 169a 1E697790 		.ascii	"\036iw\220\033\264\335\331\304\327\3177\030\230\271"
 446      1BB4DDD9 
 446      C4D7CF37 
 446      1898B9
 447 16a9 88249127 		.ascii	"\210$\221'\312\035\236\276z\337\200m*P\221\312Ti\203"
ARM GAS  /var/folders/nz/mg232qzd5vg5_0nfk_8jw8mc0000gn/T//cc7T4T5J.s 			page 36


 447      CA1D9EBE 
 447      7ADF806D 
 447      2A5091CA 
 447      546983
 448 16bc B40110F9 		.ascii	"\264\001\020\371\333\224\300\222 \300{\236~\304\277"
 448      DB94C092 
 448      20C07B9E 
 448      7EC4BF
 449 16cb 0AFFA0C0 		.ascii	"\012\377\240\300@\277\237\333\215V/\037o\360\314\233"
 449      40BF9FDB 
 449      8D562F1F 
 449      6FF0CC9B 
 450 16db F6FA81DD 		.ascii	"\366\372\201\335r\3350=\350v\010\366\375/\260\307\177"
 450      72DD303D 
 450      E87608F6 
 450      FD2FB0C7 
 450      7F
 451 16ec FC3D6BD8 		.ascii	"\374=k\330\317w+\001\330\254\345\017\336\375\315\273"
 451      CF772B01 
 451      D8ACE50F 
 451      DEFDCDBB 
 452 16fc EF5B56B4 		.ascii	"\357[V\264\336\033\362\004Y\243\372o\267\007xy\350_"
 452      DE1BF204 
 452      59A3FA6F 
 452      B7077879 
 452      E85F
 453 170e A60B6A23 		.ascii	"\246\013j#\314M\257\335\002\241\340\353\005ke\313\256"
 453      CC4DAFDD 
 453      02A1E0EB 
 453      056B65CB 
 453      AE
 454 171f E0CF027C 		.ascii	"\340\317\002|\365\366u\334E\202]\351\343\351G`o\210"
 454      F5F675DC 
 454      45825DE9 
 454      E3E94760 
 454      6F88
 455 1731 60F0C88C 		.ascii	"`\360\310\214\203{@9\356\360\024\322\201\023\361<,e"
 455      837B4039 
 455      EEF014D2 
 455      8113F13C 
 455      2C65
 456 1743 AD3F5B90 		.ascii	"\255?[\220\354^C\372v\011^Y\001\217-\264\322k\273\016"
 456      EC5E43FA 
 456      76095E59 
 456      018F2DB4 
 456      D26BBB0E 
 457 1757 6248AFD0 		.ascii	"bH\257\320\021\352g\337\373\352\364\333=\375<H\006\321"
 457      11EA67DF 
 457      FBEAF4DB 
 457      3DFD3C48 
 457      06D1
 458 1769 99FCB81A 		.ascii	"\231\374\270\032FHt\270X=c\201e\365H\341\255\365\323"
 458      464874B8 
 458      583D6381 
 458      65F548E1 
 458      ADF5D3
 459 177c 7BAABE17 		.ascii	"{\252\276\027\314 '\027\034\344\251S\371y\006\353\011"
ARM GAS  /var/folders/nz/mg232qzd5vg5_0nfk_8jw8mc0000gn/T//cc7T4T5J.s 			page 37


 459      CC202717 
 459      1CE4A953 
 459      F97906EB 
 459      09
 460 178d C2E17B3D 		.ascii	"\302\341{=a\344,h\354\255\335\272}\033\013\033\361\023"
 460      61E42C68 
 460      ECADDDBA 
 460      7D1B0B1B 
 460      F113
 461 179f C720CF00 		.ascii	"\307 \317\000_/\017\010\032\354\275u\233\232\3449\026"
 461      5F2F0F08 
 461      1AECBD75 
 461      9B9AE439 
 461      16
 462 17b0 559C978F 		.ascii	"U\234\227\217\346\017_}\366\245\307\327\220\032>\325"
 462      E60F5F7D 
 462      F6A5C7D7 
 462      901A3ED5 
 463 17c0 7E8B376E 		.ascii	"~\2137n\3763\264M\370\263O7\343/?\335"
 463      FE33B44D 
 463      F8B34F37 
 463      E32F3FDD 
 464 17d0 2CFFFD96 		.ascii	",\377\375\226\315\233\361\3577o\226\377y\343\2376K\344"
 464      CD9BF1EF 
 464      376F96FF 
 464      79E39F36 
 464      4BE4
 465 17e2 1BC81DEE 		.ascii	"\033\310\035\356\033?\337\362\331\026\367-_\303\277"
 465      1B3FDFF2 
 465      D916F72D 
 465      5FC3BF
 466 17f1 CFDF7FEF 		.ascii	"\317\337\177\357_7\354\334\011\016\364\177\377\275o"
 466      5F37ECDC 
 466      090EF47F 
 466      FFBD6F
 467 1800 37AC7F7F 		.ascii	"7\254\177\177\347V0\356J/\237\315\332m[\264zf\342/`"
 467      E75630EE 
 467      4A2F9FCD 
 467      DA6D5BB4 
 467      7A66E22F 
 468 1815 D1DBCDA2 		.ascii	"\321\333\315\242\220|`>\272]0\354\177\0016\346\302C"
 468      907C603E 
 468      BA5D30EC 
 468      7F0136E6 
 468      C243
 469              		.text
 470              		.section	.gnu.lto_.symtab.1765b4d0094a230a,"",%progbits
 471 0000 6D61696E 		.ascii	"main\000\000\000\000\000\000\000\000\000\000\000\000"
 471      00000000 
 471      00000000 
 471      00000000 
 472 0010 C7000000 		.ascii	"\307\000\000\000ch\000\000\002\000\000\000\000\000\000"
 472      63680000 
 472      02000000 
 472      000000
 473 001f 000000FD 		.ascii	"\000\000\000\375\001\000\000chThdSleep\000\000\002\000"
 473      01000063 
ARM GAS  /var/folders/nz/mg232qzd5vg5_0nfk_8jw8mc0000gn/T//cc7T4T5J.s 			page 38


 473      68546864 
 473      536C6565 
 473      70000002 
 474 0034 00000000 		.ascii	"\000\000\000\000\000\000\000\000\330\000\000\000chT"
 474      00000000 
 474      D8000000 
 474      636854
 475 0043 68644372 		.ascii	"hdCreateStatic\000\000\002\000\000\000\000\000\000\000"
 475      65617465 
 475      53746174 
 475      69630000 
 475      02000000 
 476 005b 0000AD01 		.ascii	"\000\000\255\001\000\000chSysInit\000\000\002\000\000"
 476      00006368 
 476      53797349 
 476      6E697400 
 476      00020000 
 477 006f 00000000 		.ascii	"\000\000\000\000\000\000\000\260\001\000\000halInit"
 477      000000B0 
 477      01000068 
 477      616C496E 
 477      6974
 478 0081 00000200 		.ascii	"\000\000\002\000\000\000\000\000\000\000\000\000\262"
 478      00000000 
 478      00000000 
 478      B2
 479 008e 010000   		.ascii	"\001\000\000"
 480              		.text
 481              		.section	.gnu.lto_.opts,"",%progbits
 482 0000 272D666E 		.ascii	"'-fno-trapv' '-mcpu=cortex-m3' '-mno-thumb-interwor"
 482      6F2D7472 
 482      61707627 
 482      20272D6D 
 482      6370753D 
 483 0033 6B272027 		.ascii	"k' '-mthumb' '-ggdb' '-O2' '-fomit-frame-pointer' '"
 483      2D6D7468 
 483      756D6227 
 483      20272D67 
 483      67646227 
 484 0066 2D66616C 		.ascii	"-falign-functions=16' '-ffunction-sections' '-fdata"
 484      69676E2D 
 484      66756E63 
 484      74696F6E 
 484      733D3136 
 485 0099 2D736563 		.ascii	"-sections' '-fno-common' '-flto'\000"
 485      74696F6E 
 485      73272027 
 485      2D666E6F 
 485      2D636F6D 
 486              		.text
 487              		.comm	__gnu_lto_v1,1,1
 488              		.comm	__gnu_lto_slim,1,1
 489              		.ident	"GCC: (GNU Tools for ARM Embedded Processors) 4.9.3 20150529 (release) [ARM/embedded-4_9-br
ARM GAS  /var/folders/nz/mg232qzd5vg5_0nfk_8jw8mc0000gn/T//cc7T4T5J.s 			page 39


DEFINED SYMBOLS
                            *ABS*:0000000000000000 main.c
                            *COM*:0000000000000001 __gnu_lto_v1
                            *COM*:0000000000000001 __gnu_lto_slim

NO UNDEFINED SYMBOLS
