ARM GAS  /var/folders/nz/mg232qzd5vg5_0nfk_8jw8mc0000gn/T//ccr8eER7.s 			page 1


   1              		.syntax unified
   2              		.cpu cortex-m3
   3              		.fpu softvfp
   4              		.eabi_attribute 20, 1
   5              		.eabi_attribute 21, 1
   6              		.eabi_attribute 23, 3
   7              		.eabi_attribute 24, 1
   8              		.eabi_attribute 25, 1
   9              		.eabi_attribute 26, 1
  10              		.eabi_attribute 30, 2
  11              		.eabi_attribute 34, 1
  12              		.eabi_attribute 18, 4
  13              		.thumb
  14              		.file	"nvic.c"
  15              		.text
  16              	.Ltext0:
  17              		.section	.gnu.lto_.profile.ac2c0bf68c10c01c,"",%progbits
  18 0000 789C6366 		.ascii	"x\234cf```a\200\000F\006)1\000\000\276\0009"
  18      60606061 
  18      80004606 
  18      29310000 
  18      BE0039
  19              		.text
  20              		.section	.gnu.lto_.jmpfuncs.ac2c0bf68c10c01c,"",%progbits
  21 0000 789C6366 		.ascii	"x\234cf\300\016\244\2404\013\003\023##s}=#\020\3243"
  21      C00EA4A0 
  21      340B0313 
  21      2323737D 
  21      3D2310D4 
  22 0015 41D8CC20 		.ascii	"A\330\314 6\003\000(\334\0036"
  22      36030028 
  22      DC0336
  23              		.text
  24              		.section	.gnu.lto_.inline.ac2c0bf68c10c01c,"",%progbits
  25 0000 789C6D8C 		.ascii	"x\234m\214\313\015\2000\014C\235\017i\340\302\010\335"
  25      CB0D8030 
  25      0C439D0F 
  25      69E0C208 
  25      DD
  26 0011 801199A5 		.ascii	"\200\021\231\245#1\012#`\240\2528`)J\"\373\331\360\257"
  26      23310A23 
  26      60A0AA38 
  26      60294A22 
  26      FBD9F0AF 
  27 0025 BD6F0796 		.ascii	"\275o\007\226YT\2047\307\343\334\020\255*\364X\035\374"
  27      59548437 
  27      C7E3DC10 
  27      AD2AF458 
  27      1DFC
  28 0037 9246D2CA 		.ascii	"\222F\322\312\302\014\023\346\255\276\011\232\3764("
  28      C20C13E6 
  28      ADBE099A 
  28      FE3428
  29 0046 2617B92B 		.ascii	"&\027\271+\214\324\007\247\014%:8\274\001\342\002F;"
  29      8CD407A7 
  29      0C253A38 
  29      BC01E202 
ARM GAS  /var/folders/nz/mg232qzd5vg5_0nfk_8jw8mc0000gn/T//ccr8eER7.s 			page 2


  29      463B
  30 0058 0CFC     		.ascii	"\014\374"
  31              		.text
  32              		.section	.gnu.lto_.pureconst.ac2c0bf68c10c01c,"",%progbits
  33 0000 789C6366 		.ascii	"x\234cf``\340d\200\000\026\006)F)&)f)\000\002\305\000"
  33      6060E064 
  33      80001606 
  33      29462926 
  33      29662900 
  34 0017 7F       		.ascii	"\177"
  35              		.text
  36              		.section	.gnu.lto_nvicEnableVector.ac2c0bf68c10c01c,"",%progbits
  37 0000 789C9552 		.ascii	"x\234\225R\335K\223Q\034>\317y\337\355\335\207Zt\023"
  37      DD4B9351 
  37      1C3ECF79 
  37      DFEDDD87 
  37      5A7413
  38 0013 2CA26E44 		.ascii	",\242nD\010\326{\321\037P!t'I\375\005\265\033\007\271"
  38      08D67BD1 
  38      1F502174 
  38      2749FD05 
  38      B51B07B9 
  39 0027 894674E7 		.ascii	"\211Ft\347\231\016\275(P\274q$\273I\243\217\345l\253"
  39      990EBD28 
  39      50BC7124 
  39      BB49A38F 
  39      E56CAB
  40 003a 552E8517 		.ascii	"U.\205\027\301\362\242\264\221\221\014Q\242\005\366"
  40      C1F2A2B4 
  40      91910C51 
  40      A205F6
  41 0049 7191266C 		.ascii	"q\221&l\203\312~\277\263E\027zQ\203\235s~\037\317\357"
  41      83CA7EBF 
  41      B345177A 
  41      51839D73 
  41      7E1FCFEF 
  42 005d 799E735E 		.ascii	"y\236s^C\354\376\005\350\177\322\020\342\004\3550\004"
  42      43ECFE05 
  42      E87FD210 
  42      E204ED30 
  42      04
  43 006e E4F0A210 		.ascii	"\344\360\242\0201\217\004\370  z%z\361InJ\014;\251\204"
  43      318F04F8 
  43      20207A25 
  43      7AF1496E 
  43      4A0C3BA9 
  44 0083 BFE59652 		.ascii	"\277\345\226R\352\333\310R\254\335AU\012\361]\326\346"
  44      EADBC852 
  44      ACDD4155 
  44      0AF15DD6 
  44      E6
  45 0094 E0365AA8 		.ascii	"\3406Z\250gy\345\303\200i\004!\350<\235\336~\345\337"
  45      6779E5C3 
  45      80690421 
  45      E83C9DDE 
  45      7EE5DF
  46 00a7 905589A3 		.ascii	"\220U\211\243\034\346G\026\022n\016\245\311an6\375|"
ARM GAS  /var/folders/nz/mg232qzd5vg5_0nfk_8jw8mc0000gn/T//ccr8eER7.s 			page 3


  46      1CE64716 
  46      126E0EA5 
  46      C9616E36 
  46      FD7C
  47 00b9 5FF3B852 		.ascii	"_\363\270R}\316BV\2352\253\322\300\035\0304\017w\021"
  47      7DCE4256 
  47      9D32ABD2 
  47      C01D1834 
  47      0F7711
  48 00cc C03D0404 		.ascii	"\300=\004\004\245\004Rh\246\356\3277\266\227M\303\326"
  48      A5045268 
  48      A6EED737 
  48      B6974DC3 
  48      D6
  49 00dd 730BE997 		.ascii	"s\013\351\227\313u\344\352\037\344\375=\220\223h\346"
  49      CB75E4EA 
  49      1FE4FD3D 
  49      909368E6 
  50 00ed F6CDF8CF 		.ascii	"\366\315\370\317w~w\234d\357\257\251E\032n\320>u\300"
  50      777E779C 
  50      64EFAFA9 
  50      451A6ED0 
  50      3E75C0
  51 0100 513B3BE3 		.ascii	"Q;;\343\271\231\214\331\010p\273$\240i\360\342\002\023"
  51      B9998CD9 
  51      0870BB24 
  51      A069F0E2 
  51      0213
  52 0112 5B747479 		.ascii	"[ttyhq{y\361\321b\011Q\242!|9\037\245\344\335(\242o"
  52      68717B79 
  52      F1D16209 
  52      51A2217C 
  52      391FA5E4 
  53 012a 65F057D9 		.ascii	"e\360W\331\340\271e)\313\022\242\210\376Uw-6(E*&\012"
  53      E0B96529 
  53      CB12A288 
  53      FE55772D 
  53      3628452A 
  54 0140 EB0583DD 		.ascii	"\353\005\203\335{L\201)\222X\304\334\010\270\205\212"
  54      7B4C8129 
  54      9258C4DC 
  54      08B8858A 
  55 0150 5B5F54D2 		.ascii	"[_T\322\344\242W\315\365\253&V\275^Z*xtJpx\363m\345"
  55      E4A257CD 
  55      F5AB2656 
  55      BD5E5A2A 
  55      78744A70 
  56 0168 73531263 		.ascii	"sS\022c1\245\034\253*}x@N34\206\213\325\211\353\376"
  56      31A51CAB 
  56      2A7D7840 
  56      4E333486 
  56      8BD589EB 
  57 017d 604AC5E9 		.ascii	"`J\305\351A\374\310\"\211-\375(T\2716Z\250x\354I\025"
  57      41FCC822 
  57      892DFD28 
  57      54B9365A 
  57      A878EC49 
ARM GAS  /var/folders/nz/mg232qzd5vg5_0nfk_8jw8mc0000gn/T//ccr8eER7.s 			page 4


  58 0192 8F398788 		.ascii	"\2179\207\210\032\017\021,K\227~\257G\260I\034+]\033"
  58      1A0F112C 
  58      4B977EAF 
  58      47B0491C 
  58      2B5D1B
  59 01a5 584CB4D7 		.ascii	"XL\264\327\304ZT%\330\3277c\371\006&w\273\004rZl\337"
  59      C45A5425 
  59      D8D73763 
  59      F9062677 
  59      BB04725A 
  60 01bb DAE00F59 		.ascii	"\332\340\017Yk\362\360\010\302U\352\016\275\224\"\320"
  60      6BF2F008 
  60      C255EA0E 
  60      BD9422D0 
  61 01cb CCD0D0BC 		.ascii	"\314\320\320\274\245AG\004\036kP\377\352@\251~->\352"
  61      A5414704 
  61      1E6B50FF 
  61      EA40A97E 
  61      2D3EEA
  62 01de 7891DCC8 		.ascii	"x\221\334\310j\233\026\004\236 @P}\015\357\017\326\357"
  62      6A9B1604 
  62      9E204050 
  62      7D0DEF0F 
  62      D6EF
  63 01f0 E15F5D36 		.ascii	"\341_]6\340\251v\211].\017We#\246\331\245\245]\346\331"
  63      E0A97689 
  63      5D2E0F57 
  63      6523A6D9 
  63      A5A55DE6 
  64 0205 A54FB364 		.ascii	"\245O\263d\3467]\377\315\363L\363\310\275yf\376\362"
  64      E6375DFF 
  64      CDF34CF3 
  64      C8BD7966 
  64      FEF2
  65 0217 CCD678D6 		.ascii	"\314\326x\326\020sF\3170\013gK$\220>\020B\037k\355\010"
  65      107346CF 
  65      300B674B 
  65      24903E10 
  65      421F6BED 
  66 022c 5F0C9F3D 		.ascii	"_\014\237=oG{\354\216\013\227\354\256h\367\345\036;"
  66      6F477BEC 
  66      8E0B97EC 
  66      AE68F7E5 
  66      1E3B
  67 023e 14EDEC8C 		.ascii	"\024\355\354\214F\354\323\347\332Z\333\256\332\221+"
  67      46ECD3E7 
  67      DA5ADBAE 
  67      DA912B
  68 024d E1D0F190 		.ascii	"\341\320\361\220@\304\354\352\016G\177\003\313\327."
  68      40C4ECEA 
  68      0E477F03 
  68      CBD72E
  69 025c D3       		.ascii	"\323"
  70              		.text
  71              		.section	.gnu.lto_nvicDisableVector.ac2c0bf68c10c01c,"",%progbits
  72 0000 789C8D91 		.ascii	"x\234\215\221\313k\023Q\024\306\357w\356d\222:\241\026"
  72      CB6B1351 
ARM GAS  /var/folders/nz/mg232qzd5vg5_0nfk_8jw8mc0000gn/T//ccr8eER7.s 			page 5


  72      14C6EF77 
  72      EE64923A 
  72      A116
  73 0012 379688E8 		.ascii	"7\226\210\350\246\024\204t\376\005\245\340\256(\372"
  73      A6148474 
  73      FE05A5E0 
  73      AE28FA
  74 0021 1768360D 		.ascii	"\027h6\015\330D\254\210\273\33641.*\264t\323J\311\246"
  74      D844AC88 
  74      BBDE3431 
  74      2E2AB474 
  74      D34AC9A6 
  75 0035 F59D36AD 		.ascii	"\365\2356\255\251\361Q\024\206\202\257\205J\261E)\022"
  75      A9F15114 
  75      8682AF85 
  75      4AB14529 
  75      12
  76 0046 11A3D4C7 		.ascii	"\021\243\324\307\242\251B3\240\324s&.\204n\034\230{"
  76      A2A94233 
  76      A0D47326 
  76      2E846E1C 
  76      987B
  77 0058 E79CFBFB 		.ascii	"\347\234\373\373\316w\316\\\255\266?1~\223\244T\027"
  77      CE77CE5C 
  77      ADB63F31 
  77      7E93A454 
  77      17
  78 0069 EFD00A34 		.ascii	"\357\320\0124\362R\251L\204\000\371PP\003\204\001|\241"
  78      F252A94C 
  78      8400F950 
  78      50038401 
  78      7CA1
  79 007b 3A61C42B 		.ascii	":a\304+\216;\235W\2151\353\223\363\355\027\332}\226"
  79      8E3B9D57 
  79      8D31EB93 
  79      F3ED17DA 
  79      7D96
  80 008d FDA06619 		.ascii	"\375\240f\031\\G'#\313o?\346-\035\207\342\357\007\245"
  80      5C472723 
  80      CB6F3FE6 
  80      2D1D87E2 
  80      EF07A5
  81 00a0 9F2F9C35 		.ascii	"\237/\2345\362\011\373%\\\030}6nKH\226\204\225G\245"
  81      F209FB25 
  81      5C187D36 
  81      6E4B4896 
  81      849547A5 
  82 00b4 273B3BA6 		.ascii	"';;\246\214\031\364\236\227\315A\313'\215\033\320\\"
  82      8C19F49E 
  82      97CD41CB 
  82      278D1BD0 
  82      5C
  83 00c5 0F3711C3 		.ascii	"\0177\021\303-\304\024\247\024\212\350\020\274\236\373"
  83      2DC414A7 
  83      148AE810 
  83      BC9EFB
  84 00d4 FDC6B173 		.ascii	"\375\306\261s\354\335\326\364\3044l\360>\273\3133[["
ARM GAS  /var/folders/nz/mg232qzd5vg5_0nfk_8jw8mc0000gn/T//ccr8eER7.s 			page 6


  84      ECDDD6F4 
  84      C4346CF0 
  84      3EBBCB33 
  84      5B5B
  85 00e6 53D7A62B 		.ascii	"S\327\246+V\013 8\261\320\322\274\204,YB\274\330J\325"
  85      560B2038 
  85      B1D0D2BC 
  85      842C5942 
  85      BCD84AD5 
  86 00fa 5824137D 		.ascii	"X$\023}\"\222]\257\"[\315\177\276|T\352l\022m\262\005"
  86      22925DAF 
  86      225BCD7F 
  86      BE7C54EA 
  86      6C126DB2 
  87 010f E1FBEB89 		.ascii	"\341\373\353\211\205\250\364\310*\314p\013\253\030\254"
  87      85A8F4C8 
  87      2ACC700B 
  87      AB18AC
  88 011e 5EFC454D 		.ascii	"^\374EMH3\304\231l\303n\306\026\247X\364px\370q8\020"
  88      4833C499 
  88      6CC36EC6 
  88      16A758F4 
  88      7078F871 
  89 0134 ED532805 		.ascii	"\355S(\005\242\354\273|M7\241\020\023O\013keK\010\356"
  89      A2ECBB7C 
  89      4D37A110 
  89      134F0B6B 
  89      654B08EE 
  90 0148 18B388B1 		.ascii	"\030\263\210\261\224\241\305\321\017\273\205a`\343\233"
  90      94A1C5D1 
  90      0FBB8561 
  90      60E39B
  91 0157 290440D8 		.ascii	")\004@\330,fM\253\014\374\276\366j)\022\244\224\204"
  91      2C664DAB 
  91      0CFCBEF6 
  91      6A2912A4 
  91      9484
  92 0169 932B8DAF 		.ascii	"\223+\215\257\255\005Ld\214\361\302>E0\307?\3516\233"
  92      AD054C64 
  92      8CF1C23E 
  92      4530C73F 
  92      E9369B
  93 017c C9A17FE5 		.ascii	"\311\241\177\345\222\023/\232\034|jA\031\005l\004\267"
  93      92132F9A 
  93      1C7C6A41 
  93      19056C04 
  93      B7
  94 018d C2274363 		.ascii	"\302'CcK\215\210;cr\031o\257O;0\2178\017\033\\\330\035"
  94      4B8D883B 
  94      6372196F 
  94      AF4F3B30 
  94      8F380F1B 
  95 01a4 B8DC9DF4 		.ascii	"\270\334\235\364\261>\267\\\327\177;\371_\037\007\225"
  95      B13EB75C 
  95      D77F3BF9 
  95      5F1F0795 
  96 01b4 C007DB7C 		.ascii	"\300\007\333|\366\370\024\305]\361A\340s\017\356\277"
ARM GAS  /var/folders/nz/mg232qzd5vg5_0nfk_8jw8mc0000gn/T//ccr8eER7.s 			page 7


  96      F6F814C5 
  96      5DF141E0 
  96      730FEEBF 
  97 01c4 E3443975 		.ascii	"\343D9u\237\353U\221\361V\016\213\253P5\206\371V\270"
  97      9FEB5591 
  97      F1560E8B 
  97      AB503586 
  97      F956B8
  98 01d7 B303DDBD 		.ascii	"\263\003\335\275\311\223\311#\307\335t\277\333{\342"
  98      C993C923 
  98      C7DD74BF 
  98      DB7BE2
  99 01e6 947B3A7D 		.ascii	"\224{:}\346l\277\233H\367\365\245S\356\241c=\335=\347"
  99      E66CBF9B 
  99      48F7F5A5 
  99      53EEA163 
  99      3DDD3DE7 
 100 01fa DDD4B964 		.ascii	"\335\324\271d\242+\241\220\372\003\346\241\346\337"
 100      A22BA190 
 100      FA03E6A1 
 100      E6DF
 101              		.text
 102              		.section	.gnu.lto_nvicSetSystemHandlerPriority.ac2c0bf68c10c01c,"",%progbits
 103 0000 789C6D51 		.ascii	"x\234mQ=hSQ\024>\337\271//\321h+N%]\\BA\210orp\253t"
 103      3D685351 
 103      143EDFB9 
 103      2F2FD168 
 103      2B4E255D 
 104 001d 702A826E 		.ascii	"p*\202nn5\025\022h\363J*\342\326\233\366\211\213\224"
 104      6E351512 
 104      68F34A2A 
 104      E2D69BF6 
 104      898B94
 105 0030 D2A95483 		.ascii	"\322\251T\203`\024\253iS[\005\321\351\351 \245h5P\250"
 105      6014AB69 
 105      535B05D1 
 105      E9E920A5 
 105      683550A8 
 106 0044 84622844 		.ascii	"\204b(DQ\\\354\017\204\007\255\361\334\027:\331\013"
 106      515CEC0F 
 106      8407ADF1 
 106      DC173AD9 
 106      0B
 107 0055 F7E7FC7C 		.ascii	"\367\347\374|\337\371\316=\212\376_\011\331[ \272 7"
 107      DFF9CE3D 
 107      8AFE5F09 
 107      D95B20BA 
 107      2037
 108 0067 1481A7D6 		.ascii	"\024\201\247\326\210\0121\006\314\203@c\2141\374\342"
 108      880A3106 
 108      CC834063 
 108      8C31FCE2 
 109 0077 6DC6945F 		.ascii	"m\306\224_\236\211\367<\321Z\377y\364\272\353NW\300"
 109      9E89F73C 
 109      D15AFF79 
 109      F4BAEB4E 
 109      57C0
ARM GAS  /var/folders/nz/mg232qzd5vg5_0nfk_8jw8mc0000gn/T//ccr8eER7.s 			page 8


 110 0089 44BBDCA6 		.ascii	"D\273\334\246\301S\364H\312\303\271\215\371N\225\002"
 110      C153F448 
 110      CAC3B98D 
 110      F94E9502 
 111 0099 C9FB4D65 		.ascii	"\311\373Me\357S\374'\007\2143\306|;\2752c\033\223-c"
 111      EF53FC27 
 111      078C33C6 
 111      7C3BBD32 
 111      631B932D 
 112 00ae 2EED7BFB 		.ascii	".\355{\373H\226\264\036\3677\227u\257\025\260\302\034"
 112      4896B41E 
 112      F7379775 
 112      AF15B0C2 
 112      1C
 113 00bf 94F0E119 		.ascii	"\224\360\341\031\022x\216\004\211\213PFR\262\277\314"
 113      12788E04 
 113      898B5046 
 113      52B2BFCC 
 114 00cf EEAD5BEA 		.ascii	"\356\255[\352|\310[\255|\\\357l#\377\036\"\347\217@"
 114      7CC85BAD 
 114      7C5CEF6C 
 114      23FF1E22 
 114      E78F40
 115 00e2 2E2069D2 		.ascii	". i\322\267\275\203\215\270\355\211\352S\007\207\202"
 115      B7BD838D 
 115      B8ED89EA 
 115      53078782 
 116 00f2 51812D3D 		.ascii	"Q\201-=\323\342i_\267Z\245\017\357\212QD\001\003a\001"
 116      D3E2695F 
 116      B75AA50F 
 116      EF8A5144 
 116      01036101 
 117 0106 5BCA1C11 		.ascii	"[\312\034\021\230\342D\015A\230\277\370\316lnU\303\370"
 117      98E2440D 
 117      4198BFF8 
 117      CE6C6E55 
 117      C3F8
 118 0118 D7BB3F1E 		.ascii	"\327\273?\036\\3$M\346&\203j\230\330\264\333\266\022"
 118      5C33244D 
 118      E626836A 
 118      98D8B4DB 
 118      B612
 119 012a 97547D5C 		.ascii	"\227T}\\\255W\225\3516b\021\026ER\015\357\247aR$\370"
 119      AD5795E9 
 119      36621116 
 119      45520DEF 
 119      A7615224 
 120 013f 7B67B27E 		.ascii	"{g\262~\334\004m]\233\320\035Fe\275\361\271\032\013"
 120      DC046D5D 
 120      9BD01D46 
 120      65BDF1B9 
 120      1A0B
 121 0151 5D14FECE 		.ascii	"]\024\376\316jk\365D\021\367\013Z\373v\300Q\274\220"
 121      6A6BF544 
 121      11F70B5A 
 121      FB76C051 
 121      BC90
ARM GAS  /var/folders/nz/mg232qzd5vg5_0nfk_8jw8mc0000gn/T//ccr8eER7.s 			page 9


 122 0163 CE9684C6 		.ascii	"\316\226\204\306\004'wW\266\216\245\312\332C\3001,\243"
 122      04277757 
 122      B68EA5CA 
 122      DA43C031 
 122      2CA3
 123 0175 889D700A 		.ascii	"\210\235p\012\022\252\254\225\356\235t\026\264W\360"
 123      12AAAC95 
 123      EE9D7416 
 123      B457F0
 124 0184 BBA5365E 		.ascii	"\273\2456^\"\325\344H8\240WpD\035}C\301/^2B\214\267"
 124      22D5E448 
 124      38A05770 
 124      441D7D43 
 124      C12F5E32 
 125 019b 21E2A527 		.ascii	"!\342\245'\201\237\355\313d\257g/_u\334Q'30\344\214"
 125      819FEDCB 
 125      64AF672F 
 125      5F75DC51 
 125      273330E4 
 126 01b0 B8F99BA3 		.ascii	"\270\371\233\243N\332\035\036vs\316\305+\375}\375\267"
 126      4EDA1D1E 
 126      7673CEC5 
 126      2BFD7DFD 
 126      B7
 127 01c1 9DDCAD6C 		.ascii	"\235\334\255l\372\\\232\242\231\201\334\340\320\215"
 127      FA5C9AA2 
 127      9981DCE0 
 127      D08D
 128 01cf BC3592CF 		.ascii	"\2745\222\317\272\377\000e\271\272\377"
 128      BAFF0065 
 128      B9BAFF
 129              		.text
 130              		.section	.gnu.lto_nvicClearPending.ac2c0bf68c10c01c,"",%progbits
 131 0000 789C6551 		.ascii	"x\234eQ\317KTQ\024>\337\271o\336\214LX\264\222\201\260"
 131      CF4B5451 
 131      143EDFB9 
 131      6FDE8C4C 
 131      58B49281 
 132 0015 452204E3 		.ascii	"E\"\004\343\373\027\012\027\255D\311\277\240f\343@\316"
 132      FB170A17 
 132      AD44C9BF 
 132      A066E340 
 132      CE
 133 0026 4446B4F3 		.ascii	"DF\264\363\2163\331\"Aq\223 \263\261$kr4\243E\226\360"
 133      8E33D922 
 133      41719320 
 133      B3B1246B 
 133      7234A345 
 134 003c 100A3715 		.ascii	"\020\0127\025S\206\"1-\234\240_\2134\303y\213\264s\336"
 134      53862231 
 134      2D9CA05F 
 134      8B34C379 
 134      8BB473DE 
 135 0050 6BE78377 		.ascii	"k\347\203w\356=\337\375\276\357\234s\257\241\243_J\376"
 135      EE3DDFFD 
 135      BEEF9C73 
 135      AFA1A35F 
ARM GAS  /var/folders/nz/mg232qzd5vg5_0nfk_8jw8mc0000gn/T//ccr8eER7.s 			page 10


 135      4AFE
 136 0062 3F20EA92 		.ascii	"? \352\222\025\206\300\023o\211\012\011\006tC\240a\306"
 136      1586C013 
 136      6F890A09 
 136      067443A0 
 136      61C6
 137 0074 30BEF10E 		.ascii	"0\276\361\016c\302\257L%;g\255\265\277\336\277h\273"
 137      63C2AF4C 
 137      253B67AD 
 137      B5BFDEBF 
 137      68BB
 138 0086 D51630D1 		.ascii	"\325\0260\321o\216l\360\000\235BY\337\334\036uL\032"
 138      6F8E6CF0 
 138      009D4259 
 138      DFDC1E75 
 138      4C1A
 139 0098 24FBE7D5 		.ascii	"$\373\347\325\2757\311\257\0340Nk\272<\2716\345j\312"
 139      BD37C9AF 
 139      1C304E6B 
 139      BA3CB936 
 139      E56ACA
 140 00ab 8EA6CF56 		.ascii	"\216\246\317V\252\257\217w\334\263v\304_[\262\347\234"
 140      AAAF8F77 
 140      DCB376C4 
 140      5F5BB2E7 
 140      9C
 141 00bc 800DE660 		.ascii	"\200\015\346`\304\017\017\221\302#\244H B\005\035J\337"
 141      C40F0F91 
 141      C223A448 
 141      2042051D 
 141      4ADF
 142 00ce 29FDDD48 		.ascii	")\375\335H\272%\251}\"\252\211\307p\245mZ8\351\333\303"
 142      BA25A97D 
 142      22AA89C7 
 142      70A56D5A 
 142      38E9DBC3 
 143 00e2 C3EDD9B1 		.ascii	"\303\355\331\261\025\247\005P:\213\3201\022b\216\206"
 143      15A70550 
 143      3A8BD031 
 143      12628E86 
 144 00f2 98065731 		.ascii	"\230\006W1\242\206(u\254/\314\272\232-\024\353\243\007"
 144      A2862875 
 144      AC2FCCBA 
 144      9A2D14EB 
 144      A307
 145 0104 E53E35DB 		.ascii	"\345>5\333g\336\227:\214\237\037\246\227\217i\243\""
 145      67DE973A 
 145      8C9F1FA6 
 145      978F69A3 
 145      22
 146 0115 C5BCF4B1 		.ascii	"\305\274\364\261\205\221\372\355u\023\221\214\220\004"
 146      8591FAED 
 146      7513918C 
 146      9004
 147 0123 2936DD28 		.ascii	")6\335(w\004\022\321\313\361\361W\361P\324N\250\206"
 147      770412D1 
 147      CBF1F157 
ARM GAS  /var/folders/nz/mg232qzd5vg5_0nfk_8jw8mc0000gn/T//ccr8eER7.s 			page 11


 147      F150D44E 
 147      A886
 148 0135 A2E2A7FF 		.ascii	"\242\342\247\377\224\030\316\244\204\030\371\354q\004"
 148      9418CEA4 
 148      8418F9EC 
 148      7104
 149 0143 2A2EC8EA 		.ascii	"*.\310\352$4\027\207\335\037\266\354\250\203kW\213\266"
 149      24341787 
 149      DD1FB6EC 
 149      A8836B57 
 149      8BB6
 150 0155 5587FEDC 		.ascii	"U\207\376\334xWK\204\020i:\363\261\371\275\265\214\351"
 150      78574B84 
 150      10693AF3 
 150      B1F9BDB5 
 150      8CE9
 151 0167 82B57E3C 		.ascii	"\202\265~<\3408\026\344\242\026\245\226\036\006\367"
 151      E03816E4 
 151      A216A596 
 151      1E06F7
 152 0176 C792E98A 		.ascii	"\307\222\351\212-!\340\004\236\240\214\335\360e\344"
 152      2D21E004 
 152      9EA08CDD 
 152      F065E4
 153 0185 E4CEDD5A 		.ascii	"\344\316\335Z3\341\315\333R\301?\025p\013\226\220\226"
 153      33E1CDDB 
 153      52C13F15 
 153      700B9690 
 153      96
 154 0196 59C3477B 		.ascii	"Y\303G{\012O:\241:\012~\355\202\366\241hC\006\224\313"
 154      0A4F3AA1 
 154      3A0A7EED 
 154      82F6A168 
 154      430694CB 
 155 01aa 11C6D9EE 		.ascii	"\021\306\331\356\201\354\345lo\277\227\037\362\006."
 155      81ECE56C 
 155      6FBF971F 
 155      F2062E
 156 01b9 5DF1AEE6 		.ascii	"]\361\256\346\257]\037\3622\371\301\301|\316;\177\261"
 156      AF5D1FF2 
 156      32F9C1C1 
 156      7CCE3B7F 
 156      B1
 157 01ca A7BBE7A6 		.ascii	"\247\273\347\246\227\273\221\315te\010\271\177:\356"
 157      97BB91CD 
 157      746508B9 
 157      7F3AEE
 158 01d9 BBB7     		.ascii	"\273\267"
 159              		.text
 160              		.section	.gnu.lto_.symbol_nodes.ac2c0bf68c10c01c,"",%progbits
 161 0000 789C6366 		.ascii	"x\234cf``pc\200\002\246[\214\365\014\014\023\31610\324"
 161      60607063 
 161      8002A65B 
 161      8CF50C0C 
 161      13CE3130 
 162 0015 D733CC5B 		.ascii	"\3273\314[\300\301\300t\233\261\236\021E\340\016c=\023"
 162      C0C1C074 
ARM GAS  /var/folders/nz/mg232qzd5vg5_0nfk_8jw8mc0000gn/T//ccr8eER7.s 			page 12


 162      9BB19E11 
 162      45E00E63 
 162      3D13
 163 0027 8AC05DC6 		.ascii	"\212\300]\306zfd\001\006\000\340\220\024N"
 163      7A666401 
 163      0600E090 
 163      144E
 164              		.text
 165              		.section	.gnu.lto_.refs.ac2c0bf68c10c01c,"",%progbits
 166 0000 789C6366 		.ascii	"x\234cf```d\200\002\000\000=\000\005"
 166      60606064 
 166      80020000 
 166      3D0005
 167              		.text
 168              		.section	.gnu.lto_.decls.ac2c0bf68c10c01c,"",%progbits
 169 0000 789CBD58 		.ascii	"x\234\275XkPTG\026\236\276=\274\206\001\\\335\325\024"
 169      6B505447 
 169      169EBE3D 
 169      BC86015C 
 169      DDD514
 170 0013 95AD35A6 		.ascii	"\225\2555\246\212\312\313\214\321d7\373+!hVReB\206\304"
 170      8ACACB8C 
 170      D16437FB 
 170      2B216856 
 170      52654286 
 171 0028 3FF94108 		.ascii	"?\371A\010N\"U\012.\214[\361\337\205!8\210 \202(\310"
 171      4E22550A 
 171      2E8C5BF1 
 171      DF852138 
 171      88208228 
 172 003d C35140DE 		.ascii	"\303Q@\336\017\021Q\220\227\250\210<\004\024\005Da|"
 172      0F115190 
 172      97A8883C 
 172      04140544 
 172      617C
 173 004f 44105040 		.ascii	"D\020P@T@\014\263\247\273\357\235\307u`S\265[{\213s"
 173      54400CB3 
 173      A7BBEF9D 
 173      C7756053 
 173      B55B7B8B 
 174 0064 67CEEDAF 		.ascii	"g\316\355\257O\177\347\334\323\247\017\203e2Y:\222\311"
 174      4F7FE7DC 
 174      D3A70F83 
 174      6532593A 
 174      92C9
 175 0076 4C70C5AF 		.ascii	"Lp\305\257\220\311vr2\231\003<\363\223Y.9H%H5H\015H"
 175      90C97672 
 175      3299033C 
 175      F393592E 
 175      39482548 
 176 008e 9DECD58B 		.ascii	"\235\354\325\213\214\273\013\363\310\247\022\244\014"
 176      8CBB0BF3 
 176      C8A712A4 
 176      0C
 177 009b 6439C81B 		.ascii	"d9\310\033 _\200l\004\271\004\262\004\326s\007\231\202"
 177      205F806C 
 177      04B904B2 
ARM GAS  /var/folders/nz/mg232qzd5vg5_0nfk_8jw8mc0000gn/T//ccr8eER7.s 			page 13


 177      04D67307 
 177      9982
 178 00ad EF5D20AD 		.ascii	"\357] \255 \030\304\025\236q 2D\377\250M\351E8\270\331"
 178      2018C415 
 178      9E712032 
 178      44FFA84D 
 178      E94538B8 
 179 00c2 59C77A0D 		.ascii	"Y\307z\015\321\276h{JX\227#x\304\326A\202-\351E\374"
 179      D1BE687B 
 179      4A589723 
 179      78C4D641 
 179      822DE945 
 180 00d7 7359C00F 		.ascii	"sY\300\017b#\020&~\017\262J\260\361\225\360Y\303h\313"
 180      62231026 
 180      7E0FB24A 
 180      B0F195F0 
 180      59C368CB 
 181 00eb 76205B7B 		.ascii	"v [{$V\212E\370J\271\222\351\234`\323^\234'9TU\362\264"
 181      24568A45 
 181      F84AB992 
 181      E99C60D3 
 181      5E9C2739 
 182 0103 DD759843 		.ascii	"\335u\230C\356\212\225D\255NlNq\004U\251\220\023\265"
 182      EE8A9544 
 182      AD4E6C4E 
 182      710455A9 
 182      9013B5
 183 0116 BE6EA649 		.ascii	"\276n\246I\201\301\004|\317J\271\323\255x\257\200\347"
 183      81C1047C 
 183      CF4AB9D3 
 183      AD78AF80 
 183      E7
 184 0127 793DDFD0 		.ascii	"y=\337\320\213,&\366\352\215\227\025x)\005E\034?\273"
 184      8B2C26F6 
 184      EA8D9715 
 184      78290545 
 184      1C3FBB
 185 013a D709E6BF 		.ascii	"\327\011\346\277\241\240C\203i\263\331.T%)\341\001\217"
 185      A1A04383 
 185      69B3D92E 
 185      542529E1 
 185      018F
 186 014c B8E6077C 		.ascii	"\270\346\007|\226;\362Rd\203\241\211\332\304\246\327"
 186      963BF252 
 186      6483A189 
 186      DAC4A6D7 
 187 015c 795E8E4A 		.ascii	"y^\216J\221\002\025\"\214\012\320{\2046\231M.=\317G"
 187      91021522 
 187      8C0AD07B 
 187      8436994D 
 187      2E3DCF47 
 188 0170 F2093ADE 		.ascii	"\362\011:\336\245\331]\206r\221'\312C\2362T\202\274"
 188      A5D95D86 
 188      729127CA 
 188      439E3254 
 188      82BC
 189 0182 0041B1A8 		.ascii	"\000A\261\250\010\036\026\303C0|\361e]\224\003Rx\331"
ARM GAS  /var/folders/nz/mg232qzd5vg5_0nfk_8jw8mc0000gn/T//ccr8eER7.s 			page 14


 189      081E16C3 
 189      43307CF1 
 189      655D9403 
 189      5278D9
 190 0195 9F74C2CE 		.ascii	"\237t\302\316$JaV\227\270\234P(\003\012\371\026\012"
 190      244A6156 
 190      97B89C50 
 190      28030AF9 
 190      160A
 191 01a7 C0C8ECA0 		.ascii	"\300\310\354\240\276\270\254\306E\016/\234\202\276\243"
 191      BEB8ACC6 
 191      450E2F9C 
 191      82BEA3
 192 01b6 9139DC59 		.ascii	"\2219\334Y\224\2464?+G\364a\361\276g\027\224+\222\301"
 192      94A6343F 
 192      2B47F461 
 192      F1BE6717 
 192      942B92C1 
 193 01ca 2C21B044 		.ascii	",!\260D\216\374\226\233\031\310P\005\202-\201N\"9\263"
 193      8EFC969B 
 193      19C85005 
 193      822D814E 
 193      2239B3
 194 01dd 5ADE5D98 		.ascii	"Z\336]\230\251\300-\210\306\255\254\273\257\000\257"
 194      A9C02D88 
 194      C6ADACBB 
 194      AF00AF
 195 01ec CCE40D65 		.ascii	"\314\344\015e\023gs3q*o\210\344\347M&Dg\241Sf^2\362"
 195      13677333 
 195      712A6F88 
 195      E4E74D26 
 195      4467A153 
 196 0204 9DF24295 		.ascii	"\235\362B\225h\345\002\334\372O\316?\366X\220\306\031"
 196      68E502DC 
 196      FA4FCE3F 
 196      F65890C6 
 196      19
 197 0215 4AE3B448 		.ascii	"J\343\264H\243m\357\356\213J\034\315\336qm\353\271\347"
 197      A36DEFEE 
 197      8B4A1CCD 
 197      DE716DEB 
 197      B9E7
 198 0227 0E9486E1 		.ascii	"\016\224\206\341p\226c3\337`2}B&\240*+\006U\"\203j\312"
 198      70966333 
 198      DF60327D 
 198      4226A02A 
 198      2B065522 
 199 023e E0C0992A 		.ascii	"\340\300\231*\235\033Na\006\312\036\245\350\234\230"
 199      9D1B4E61 
 199      06CA1EA5 
 199      E89C98
 200 024d 816AB301 		.ascii	"\201j\263\001\342\302Y+\003gE\0035\324@\337^~F\216O"
 200      E2C2592B 
 200      03674503 
 200      35D440DF 
 200      5E7E468E 
 201 0262 3103B30D 		.ascii	"1\003\263\015\323\243\202\201\3336\014j\255\014\324"
ARM GAS  /var/folders/nz/mg232qzd5vg5_0nfk_8jw8mc0000gn/T//ccr8eER7.s 			page 15


 201      D3A38281 
 201      DB360C6A 
 201      AD0CD4
 202 0271 8A06EAA8 		.ascii	"\212\006\352\250\0011\351\226\263\244\213o=|\016S\325"
 202      0131E996 
 202      B3A48B6F 
 202      3D7C0E53 
 202      D5
 203 0282 444D1EEA 		.ascii	"DM\036\352\352=-\307M\314\376\236\376\3746'|\205*\\"
 203      EA3D2DC7 
 203      4DCCFE9E 
 203      FEFC3627 
 203      7C852A5C 
 204 0296 E2BDA739 		.ascii	"\342\275\2479HL\231\211D\036\277&C\357y\242\267!_.@"
 204      484C9989 
 204      441EBF26 
 204      43EF79A2 
 204      B7215F2E 
 205 02ab BE2C17F2 		.ascii	"\276,\027\362\245\036b\327 \346K\355\013#\"\371r\036"
 205      A51E62D7 
 205      20E64BED 
 205      0B2322F9 
 205      721E
 206 02bd C2DD68C9 		.ascii	"\302\335h\311\227\345\346t\341\214=9_\3337\332\264\220"
 206      97E5E674 
 206      E18C3D39 
 206      5FDB37DA 
 206      B490
 207 02cf D1595DEB 		.ascii	"\321Y]\353\237\210\321\213`\364\234\305\350y\253$\274"
 207      9F88D18B 
 207      60F49CC5 
 207      E879AB24 
 207      BC
 208 02e0 B137E210 		.ascii	"\2617\342\020V\200Q\335\3570\212.!\005\314\031\212\345"
 208      568051DD 
 208      EF308A2E 
 208      2105CC19 
 208      8AE5
 209 02f2 9FCAE9E6 		.ascii	"\237\312\351\3466\030\251\367\035-&\275;\335\336Q\257"
 209      3618A9F7 
 209      1D2D26BD 
 209      3BDDDE51 
 209      AF
 210 0303 137D774B 		.ascii	"\023}wKO\237#\356e\241y\324\230\3753[\340w\355\036\230"
 210      4F9F23EE 
 210      65A179D4 
 210      98FD335B 
 210      E077ED1E 
 211 0318 71B62DBF 		.ascii	"q\266-\277\224\243\366y\316\272\230(Y1\231\3162\216"
 211      94A3F679 
 211      CEBA9828 
 211      593199CE 
 211      328E
 212 032a 22AA3A11 		.ascii	"\"\252:\021\3258\237\300{\220\005xa\001\030\260\312"
 212      D5389FC0 
 212      7B900578 
 212      610118B0 
ARM GAS  /var/folders/nz/mg232qzd5vg5_0nfk_8jw8mc0000gn/T//ccr8eER7.s 			page 16


 212      CA
 213 033b CB0EE22C 		.ascii	"\313\016\342,z\313\023]a\306O\226Ow\270/M\240p\236_"
 213      7ACB135D 
 213      61C64F96 
 213      4F77B82F 
 213      4DA0709E 
 214 0350 A9A509DE 		.ascii	"\251\245\011\336\006\360v\012\357DK\305I\264\010\215"
 214      06F0760A 
 214      EF444BC5 
 214      49B4088D 
 215 0360 3C7DE960 		.ascii	"<}\351`\215n]\014=PP}\301\025\337e~7=\254\213W2/\034"
 215      8D6E5D0C 
 215      3D50507D 
 215      C115DF65 
 215      7E373DAC 
 216 0379 690ED717 		.ascii	"i\016\327\027\306\270P\332\337\023\365V\347\365B\026"
 216      C6B850DA 
 216      DF13F556 
 216      E7F54216 
 217 0389 B315449D 		.ascii	"\263\025D\235\277\247\237rX\330\213\033\242\027\327"
 217      BFA79F72 
 217      58D88B1B 
 217      A217D7
 218 0398 99177565 		.ascii	"\231\027uec\251\216R/\256\001\274\233\302{(\257\033"
 218      63A98E52 
 218      2FAE01BC 
 218      9BC27B28 
 218      AF1B
 219 03aa 22AFECDE 		.ascii	"\"\257\354\336}\351\030\0171^\273\323M\307\334\360$"
 219      7DE9180F 
 219      315EBBD3 
 219      4DC7DCF0 
 219      24
 220 03bb 53926BD2 		.ascii	"S\222k\322\023\031)\236\352\355\231\031\2471~\316\006"
 220      1319299E 
 220      EAED9919 
 220      A7317ECE 
 220      06
 221 03cc 2F74F517 		.ascii	"/t\365\027\262\252m\240\272\376\342L\247\034\233\330"
 221      B2AA6DA0 
 221      BAFEE24C 
 221      A71C9BD8 
 222 03dc A0F89294 		.ascii	"\240\370\222\224\302KzP\334\224\345\216\2430\363\275"
 222      C24B7A50 
 222      DC94E58E 
 222      A330F3BD 
 223 03ec BDEB3E7B 		.ascii	"\275\353>{E\006:\370\374\341\271\343N8\236\015\316&"
 223      45063AF8 
 223      FCE1B9E3 
 223      4E389E0D 
 223      CE26
 224 03fe C52433B3 		.ascii	"\305$3\263<&\272\2512\345\262\033Nb\203m\251\331\331"
 224      3C26BAA9 
 224      32E5B21B 
 224      4E62836D 
 224      A9D9D9
 225 0411 4A36930E 		.ascii	"J6\223\016\366\267%\314)q\006\033\3347\321\025'\260"
ARM GAS  /var/folders/nz/mg232qzd5vg5_0nfk_8jw8mc0000gn/T//ccr8eER7.s 			page 17


 225      F6B725CC 
 225      2971061B 
 225      DC37D115 
 225      27B0
 226 0423 A515E951 		.ascii	"\245\025\351Q\316\313\021\226\210\274;\3454S\231\313"
 226      CECB1196 
 226      88BC3BE5 
 226      345399CB 
 227 0433 62CAF292 		.ascii	"b\312\362\222\177qP\010\371\337hqm8\330\351\262p\214"
 227      7F715008 
 227      F9DF6871 
 227      6D38D8E9 
 227      B2708C
 228 0446 47C4183F 		.ascii	"G\304\030?d1\356\276\222y\340\225L\031\002\3700\205"
 228      6431EEBE 
 228      9279E095 
 228      4C1902F8 
 228      3085
 229 0458 8FD2188F 		.ascii	"\217\322\030\217\2101\236\233\317\037w\303\307\030\321"
 229      88319E9B 
 229      CF1F77C3 
 229      C718D1
 230 0467 9C86E958 		.ascii	"\234\206\351X\026\034\003%\232W\237\230+\020\365\240"
 230      161C0325 
 230      9A579F98 
 230      2B10F5A0 
 231 0477 614E3556 		.ascii	"aN5V0\242\023\024\037\325\243\357p\242\3728\325s\037"
 231      30A21314 
 231      1FD5A3EF 
 231      70A2FA38 
 231      D5731F
 232 048a 5F2B735E 		.ascii	"_+s^\230\351\244\310t\2021\235\0318]\353aa\212\350\206"
 232      98E9A4C8 
 232      7482319D 
 232      19385DEB 
 232      61618AE8 
 233 049f 7F0CF071 		.ascii	"\177\014\360q\012\177B\231N\212L\347\353f[\225\326\350"
 233      0A7F4299 
 233      4E8A4CE7 
 233      EB665B95 
 233      D6E8
 234 04b1 4B8BA18F 		.ascii	"K\213\241\217tO\246)q\021\266\311i\245\220\323\023\206"
 234      744FA629 
 234      7111B6C9 
 234      69A590D3 
 234      1386
 235 04c3 33775C98 		.ascii	"3w\\\230_G)\300\2243\226\344L\001\011\177$\372\261\310"
 235      5F4729C0 
 235      943396E4 
 235      4C01097F 
 235      24FAB1C8 
 236 04d7 EA2137AA 		.ascii	"\352!7\252\353\034\210^8wmt\2214\237\025\035\233a\216"
 236      EB1C885E 
 236      38776D74 
 236      91349F15 
 236      1D9B618E 
 237 04eb C5DD3C29 		.ascii	"\305\335<)\227\276\201\347\200\236\246\350\027\224\351"
ARM GAS  /var/folders/nz/mg232qzd5vg5_0nfk_8jw8mc0000gn/T//ccr8eER7.s 			page 18


 237      97BE81E7 
 237      809EA6E8 
 237      1794E9
 238 04fa ACC8F4C6 		.ascii	"\254\310\364\306\305\233\267\334p)c\232Wq\335\3102p"
 238      C59BB7DC 
 238      7029639A 
 238      5771DDC8 
 238      3270
 239 050c 82568989 		.ascii	"\202V\211\211\231\227W]p\025\033\324\025\015\314*\230"
 239      9997575D 
 239      70151BD4 
 239      150DCC2A 
 239      98
 240 051d 1BA45E79 		.ascii	"\033\244^y\314\346\305\376\005\255\022\257e\344\346"
 240      CCE6C5FE 
 240      05AD12AF 
 240      65E4E6
 241 052c 65200574 		.ascii	"e \005t>\356\305\027\211<\237\375\032Y\013\315A\011"
 241      3EEEC517 
 241      893C9FFD 
 241      1A590BCD 
 241      4109
 242 053e D573CBCC 		.ascii	"\325s\313\314\014\320KJ\343\035\270\311\014|T\204\241"
 242      0CD04B4A 
 242      E31DB8C9 
 242      0C7C5484 
 242      A1
 243 054f FDDDE635 		.ascii	"\375\335\3465\250\013\220W\005\244X)\300%+\240\316\360"
 243      A80B9057 
 243      05A45829 
 243      C0252BA0 
 243      CEF0
 244 0561 B0D01190 		.ascii	"\260\320\021\220\244\226\374& \3155q^b\263_\264yGj\363"
 244      A496FC26 
 244      20CD3571 
 244      5E62B35F 
 244      B479476A 
 245 0576 AE3592E7 		.ascii	"\2565\222\347\015W\010\022v>\352\025\220b=\020\212\225"
 245      0D570812 
 245      763EEA15 
 245      90623D10 
 245      8A95
 246 0588 05795344 		.ascii	"\005ySD\016J\221F\011\362\226\210\274'E\336\227 {Ed"
 246      0E4A9146 
 246      09F29688 
 246      BC2745DE 
 246      97207B45 
 247 059d BF14794B 		.ascii	"\277\024yK\342\321m\321\243_\245\036=\260 \367\013/"
 247      E2D16DD1 
 247      A35FA51E 
 247      3DB020F7 
 247      0B2F
 248 05af FD53AD0C 		.ascii	"\375S\255\0145\303\370e:D\320pZ\2408\316\013\361\334"
 248      35C3F865 
 248      3A44D070 
 248      5AA038CE 
 248      0BF1DC
ARM GAS  /var/folders/nz/mg232qzd5vg5_0nfk_8jw8mc0000gn/T//ccr8eER7.s 			page 19


 249 05c2 2AA403D9 		.ascii	"*\244\003\331\013\022\015\262\007$\012$\022\344\027"
 249      0B120DB2 
 249      07240A24 
 249      12E417
 250 05d1 90DD2031 		.ascii	"\220\335 1 \261 &\264\012Ep\253\350\241G\331\016\020"
 250      20B12026 
 250      B40A4570 
 250      ABE8A147 
 250      D90E10
 251 05e4 0EB083D1 		.ascii	"\016\260\203\321\230\300A\334\327\350\221\204m\237\310"
 251      98C041DC 
 251      D7E89184 
 251      6D9FC8
 252 05f3 F6B694ED 		.ascii	"\366\266\224\355\200\0049\370n\312\0324\005\310\247"
 252      800439F8 
 252      6ECA1A34 
 252      05C8A7
 253 0602 0252DC53 		.ascii	"\002R\334S\350\231\004\331!\332\354\223\332\274iA\222"
 253      E89904D9 
 253      21DAEC93 
 253      DABC6941 
 253      92
 254 0613 13DCD85A 		.ascii	"\023\334\330Z\350\310#\002\221\211]\212\271\037\030"
 254      E8C82302 
 254      91895D8A 
 254      B91F18
 255 0622 7BF672CE 		.ascii	"{\366r\316\035-\363\262\027)\264\017\002\364\277\010"
 255      1D2DF3B2 
 255      1729B40F 
 255      02F4BF08 
 256 0632 16253112 		.ascii	"\026%1\022\213\234Q<Xk\261\364\020\204\222\330C\034"
 256      8B9C513C 
 256      586BB1F4 
 256      108492D8 
 256      431C
 257 0644 DF9F6770 		.ascii	"\337\237gpT\356\2614\310\024l\331\325\011\234\222\266"
 257      54EEB134 
 257      C8146CD9 
 257      D5099C92 
 257      B6
 258 0655 55F009E8 		.ascii	"U\360\011\350\232\201\230\021V3\214\316dv\213))\302"
 258      9A819811 
 258      56338CCE 
 258      64768B29 
 258      29C2
 259 0667 816EC6BD 		.ascii	"\201n\306\275ts\226\017\305E{\340\307l\247\356\321]"
 259      7473960F 
 259      C5457BE0 
 259      C76CA7EE 
 259      D15D
 260 0679 2E5088DD 		.ascii	".P\210\335\203\376wu\017\265\035%\215\036x\232\315o"
 260      83FE7775 
 260      0FB51D25 
 260      8D1E789A 
 260      CD6F
 261 068b 7DDA50E6 		.ascii	"}\332P\346\202\177c\312\263\361\306\333\3168RN\225\354"
 261      827F63CA 
ARM GAS  /var/folders/nz/mg232qzd5vg5_0nfk_8jw8mc0000gn/T//ccr8eER7.s 			page 20


 261      B3F1C6DB 
 261      CE38524E 
 261      95EC
 262 069d E483456C 		.ascii	"\344\203ElY\312\242\242MW\347\210w\263\261\212\230S"
 262      59CAA2A2 
 262      4D57E788 
 262      77B3B18A 
 262      9853
 263 06af ED8E388E 		.ascii	"\355\2168\216)\255wg\246X\315[B\031\035<\320\204\360"
 263      29AD7767 
 263      A658CD5B 
 263      42191D3C 
 263      D084F0
 264 06c2 7E36269E 		.ascii	"~6&\236\351\356\354L\237\376e\"\206\325\025%Q\207\022"
 264      E9EEEC4C 
 264      9FFE6522 
 264      86D51525 
 264      518712
 265 06d5 F24AD94C 		.ascii	"\362J\331LW\372O\320d\346A\267\205k\237\201\023j\337"
 265      57FA4FD0 
 265      64E641B7 
 265      856B9F81 
 265      136ADF
 266 06e8 118EFA91 		.ascii	"\021\216\372\221\321\331\223\346&-\352\031\234'\312"
 266      D1D993E6 
 266      262DEA19 
 266      9C27CA
 267 06f7 E408FC28 		.ascii	"\344\010\374(\267T\234D\033\202\271\201\253\256\322"
 267      B7549C44 
 267      1B82B981 
 267      ABAED2
 268 0706 A2BE20BA 		.ascii	"\242\276 \272\376\351\023\223+NfN\244N\2675yP\232\257"
 268      FEE91393 
 268      2B4E664E 
 268      A44EB735 
 268      79509AAF 
 269 071a 11B5B3E9 		.ascii	"\021\265\263\351|\277+Necz^W\254\300G\230\222w\367J"
 269      7CBF2B4E 
 269      65637A5E 
 269      57ACC047 
 269      989277F7 
 270 072f 222BE66F 		.ascii	"\"+\346o\321\222z\1774\315\015g\263\261\221cy\275J\234"
 270      D1927A7F 
 270      34CD0D67 
 270      B3B19163 
 270      79BD4A9C 
 271 0743 CF94C1E9 		.ascii	"\317\224\301\351\301Fv\234\255!\352\271\310\214JW\\"
 271      C146769C 
 271      AD21EAB9 
 271      C88C4A57 
 271      5C
 272 0754 C2C686C6 		.ascii	"\302\306\206\306\022\307\345\270\202)\021\015\305\327"
 272      12C7E5B8 
 272      8229110D 
 272      C5D7
 273 0762 18F0637A 		.ascii	"\030\360cz\326<9\026\355\214\253\330XyVN%\213\355\247"
 273      D63C3916 
ARM GAS  /var/folders/nz/mg232qzd5vg5_0nfk_8jw8mc0000gn/T//ccr8eER7.s 			page 21


 273      ED8CABD8 
 273      5879564E 
 273      258BEDA7 
 274 0776 34EEB127 		.ascii	"4\356\261'LN\013G\257L\214\336\3334x\021\0319F,\204"
 274      4C4E0B47 
 274      AF4C8CDE 
 274      DB347811 
 274      1939462C 
 275 078b C3209E1C 		.ascii	"\303 \236\034\245\020\216\024\032\216\0234\034eb8.'"
 275      A5108E14 
 275      1A8E1334 
 275      1C656238 
 275      2E27
 276 079d 650C395A 		.ascii	"e\0149Z\243\017p\213\240\253\032{\346]q\235-K%c\371"
 276      A30F708B 
 276      A0AB1A7B 
 276      E65D719D 
 276      2D4B2563 
 277 07b2 52C79F74 		.ascii	"R\307\237t\301\215l\254\352D\302,;\3457\022\265Q\317"
 277      C18D6CAC 
 277      EA44C22C 
 277      3BE53712 
 277      B551CF
 278 07c5 1F55E226 		.ascii	"\037U\342&\271M\343\345.4^"
 278      B94DE3E5 
 278      2E345E
 279 07d0 F125D953 		.ascii	"\361%\331S\354%\320\266'\357\350\2556\274\260\267\325"
 279      EC25D0B6 
 279      27EFE8AD 
 279      36BCB0B7 
 279      D5
 280 07e1 A2B75542 		.ascii	"\242\267UB\256\214v\026xH\017\3123\340@\032u\340,u\240"
 280      AE8C7616 
 280      78480FCA 
 280      33E0401A 
 280      75E02C75 
 281 07f6 5A7460CF 		.ascii	"Zt`\317\354\211zl\215&\356.\210\036/\317\203\006\240"
 281      EC897A6C 
 281      8D26EE2E 
 281      881E2FCF 
 281      8306A0
 282 0809 45787B75 		.ascii	"Ex{uc<kl\374\254;Dw\241CLn=s\233m\000z\372\027\334?"
 282      633C6B6C 
 282      FCAC3B44 
 282      77A1434C 
 282      6E3D739B 
 283 0824 31BC481B 		.ascii	"1\274H\033sN\364\"\217\355\334\352c\025[\244N\324\003"
 283      734EF422 
 283      8FEDDCEA 
 283      63155BA4 
 283      4ED403
 284 0837 AD064AAB 		.ascii	"\255\006J\253\221\322:'\322z>W8\364\212\023\013\242"
 284      91D23A27 
 284      D27A3E57 
 284      38F48A13 
 284      0BA2
 285 0849 C76E9C8F 		.ascii	"\307n\234\217U\342\016\346\304\221\370\362Y\326\200"
ARM GAS  /var/folders/nz/mg232qzd5vg5_0nfk_8jw8mc0000gn/T//ccr8eER7.s 			page 22


 285      55E20EE6 
 285      C491F8F2 
 285      59D680
 286 0858 EE206AF4 		.ascii	"\356 j\364\241\250v9\356\026\266~\375\311'l\317\352"
 286      A1A87639 
 286      EE16B67E 
 286      FDC9276C 
 286      CFEA
 287 086a 89BEA264 		.ascii	"\211\276\242d\360A\205\263\2457Xe\335%x\221\263\334"
 287      F04185B3 
 287      A5375865 
 287      DD257891 
 287      B3DC
 288 087c 78B8B845 		.ascii	"x\270\270E\311\013\247y:\207Q\277\365i\316\"\232\213"
 288      C90BA779 
 288      3A8751BF 
 288      F569CE22 
 288      9A8B
 289 088e CC277F6A 		.ascii	"\314'\177j\261x\362\037\266\217\2654\011Ufh\223\024"
 289      B178F21F 
 289      B68FB534 
 289      09556668 
 289      9314
 290 08a0 7A4902DD 		.ascii	"zI\002\335g\206\036\222BS\254\241\007\"\014\205\253"
 290      67861E92 
 290      4253ACA1 
 290      07220C85 
 290      AB
 291 08b1 0159CE2D 		.ascii	"\001Y\316-E'\005\244\230\347\250Bb\264\300l\264Dj\264"
 291      452705A4 
 291      98E7A842 
 291      62B4C06C 
 291      B4446AB4 
 292 08c5 D8C6AD03 		.ascii	"\330\306\255\003:C1\305\222WpZ\212\255\264\015A\204"
 292      3A4331C5 
 292      9257705A 
 292      8AADB40D 
 292      4184
 293 08d7 216D359C 		.ascii	"!m5\234\223\307\200A\226\000\025\313\024\312\266\341"
 293      93C78041 
 293      960015CB 
 293      14CAB6E1 
 294 08e7 AA33C499 		.ascii	"\2523\304\231\255&K\255\276e\213,2#O\331_\337\342V\276"
 294      AD264BAD 
 294      BE658B2C 
 294      32234FD9 
 294      5FDFE256 
 295 08fc D9AD22FB 		.ascii	"\331\255\"\373nY\240\361f\350A\273\353[\275\327\014"
 295      6E59A0F1 
 295      66E841BB 
 295      EB5BBDD7 
 295      0C
 296 090d 33F4B814 		.ascii	"3\364\270\024\232km\025z\2173\344\015@~\322>\215 \305"
 296      9A6B6D15 
 296      7A8F33E4 
 296      0D407ED2 
 296      3E8D20C5 
ARM GAS  /var/folders/nz/mg232qzd5vg5_0nfk_8jw8mc0000gn/T//ccr8eER7.s 			page 23


 297 0921 AC45176D 		.ascii	"\254E\027m\303\032a(%\320\363\000\275\300I\240\335\310"
 297      C31A6128 
 297      25D0F300 
 297      BDC049A0 
 297      DDC8
 298 0933 966A8A79 		.ascii	"\226j\212y\375T\373\031`\3055\323\214\315\263\317\325"
 298      FD54FB19 
 298      60C535D3 
 298      8CCDB3CF 
 298      D5
 299 0944 0A9B67C6 		.ascii	"\012\233g\306\026J\261\005R\354\02136\337>\366\225\316"
 299      164AB105 
 299      52EC1133 
 299      36DF3EF6 
 299      95CE
 300 0956 6E3FB893 		.ascii	"n?\270\223H\207\372\205fe\000\232\225NhB\256\201\264"
 300      4887FA85 
 300      6665009A 
 300      954E6842 
 300      AE81B4
 301 0969 82F4805C 		.ascii	"\202\364\200\\\006i\006\351\000\271\015\322\015\322"
 301      066906E9 
 301      00B90DD2 
 301      0DD2
 302 0977 0B7213A4 		.ascii	"\013r\023\244\017\344*H;H\033H\027\310\025\220[ 7@\256"
 302      0FE42A48 
 302      3B481B48 
 302      17C81590 
 302      5B203740 
 303 098c 83B4983B 		.ascii	"\203\264\230;?\010i\011\011i\015\204\264V\340(\026>"
 303      3F086909 
 303      09690D84 
 303      B456E028 
 303      163E
 304 099e 542779FB 		.ascii	"T'y\373\351fwr\244\356\260\206\232\271N[\244\330b\322"
 304      E9667772 
 304      A4EEB086 
 304      9AB94E5B 
 304      A4D862D2 
 305 09b2 A7F5DBEB 		.ascii	"\247\365\333\353\323\242\3722\014\216\310k\031\305U"
 305      D3A2FA32 
 305      0C8EC86B 
 305      19C555
 306 09c1 6F774646 		.ascii	"owFF\260\224\304\231;\251~\261\223\262\027\0304\010"
 306      B094C499 
 306      3BA97EB1 
 306      93B21718 
 306      3408
 307 09d3 F1F87FC4 		.ascii	"\361\370\177\304\006J_\314\201\353\025\2566m\234\321"
 307      064A5FCC 
 307      81EB15AE 
 307      366D9CD1 
 308 09e3 A68DBB23 		.ascii	"\246\215\273#\264qwh\033\327\\\230\361=\276I\213\246"
 308      B4717768 
 308      1BD75C98 
 308      F13DBE49 
 308      8BA6
ARM GAS  /var/folders/nz/mg232qzd5vg5_0nfk_8jw8mc0000gn/T//ccr8eER7.s 			page 24


 309 09f5 FC5E7A59 		.ascii	"\374^zY\245\007\362\362\364\244?\277\352\371O\321\003"
 309      A507F2F2 
 309      F4A43FBF 
 309      EAF94FD1 
 309      03
 310 0a06 D8897739 		.ascii	"\330\211w9l\011\204,\005\236\317|B\006\340\2533\375"
 310      6C09842C 
 310      059ECF7C 
 310      4206E0AB 
 310      33FD
 311 0a18 B4F353D6 		.ascii	"\264\363S\326=p\361\001=\026~\205\010\334g\247\333\335"
 311      3D70F101 
 311      3D167E85 
 311      08DC67A7 
 311      DBDD
 312 0a2a A4C918FA 		.ascii	"\244\311\030\372O#A\353\377\023:\272'\272\007\3233i"
 312      4F2341EB 
 312      FF133ABA 
 312      27BA07D3 
 312      3369
 313 0a3c 9856F4B4 		.ascii	"\230V\364\264#=\217Y\327\362gz`\327\014?c\007-\375\251"
 313      233D8F59 
 313      D7F2677A 
 313      60D70C3F 
 313      63072DFD 
 314 0a51 4AD71711 		.ascii	"J\327\027\021\271\310\257G\243\342\0215\302\214\267"
 314      B9C8AF47 
 314      A3E21135 
 314      C28CB7
 315 0a60 0FD7C739 		.ascii	"\017\327\3079Z\267Y\304\321aX\374!M\2361z\352\214\212"
 315      5AB759C4 
 315      D16158FC 
 315      214D9E31 
 315      7AEA8C8A 
 316 0a74 A74E51C1 		.ascii	"\247NQ\301\324a\233\377\313\207\026C\377\232\230<\201"
 316      D4619BFF 
 316      CB871643 
 316      FF9A983C 
 316      81
 317 0a85 F1203B87 		.ascii	"\361 ;\207&\243\037Grx\230)\355u\245\215\016o\036\345"
 317      26A31F47 
 317      72789829 
 317      ED75A58D 
 317      0E6F1EE5 
 318 0a99 3B0D6567 		.ascii	";\015egw\207F$\030\301\034\371\001\023=\202<~\014\251"
 318      77874624 
 318      18C11CF9 
 318      01133D82 
 318      3C7E0CA9 
 319 0aad 5483565A 		.ascii	"T\203VZ\331\035'\201G\307\021'C\023\334\2332\347\235"
 319      D91D2781 
 319      47C71127 
 319      4313DC9B 
 319      32E79D
 320 0ac0 C121DA75 		.ascii	"\301!\332uk\003\264\216\377\370\362\333\225>2E@\200"
 320      6B03B48E 
 320      FFF8F2DB 
ARM GAS  /var/folders/nz/mg232qzd5vg5_0nfk_8jw8mc0000gn/T//ccr8eER7.s 			page 25


 320      953E3245 
 320      4080
 321 0ad2 F8E43BD5 		.ascii	"\370\344;\325\316\3600\325\266\320\240\300m\252\320"
 321      CEF030D5 
 321      B6D0A0C0 
 321      6DAAD0
 322 0ae1 1D5AD54F 		.ascii	"\035Z\325OAA\253\003\303\266\257\016\011\015\321\254"
 322      4141AB03 
 322      C3B6AF0E 
 322      090DD1AC 
 323 0af1 D604FE10 		.ascii	"\326\004\376\020\274\372\303\200\277\257^\273\346\203"
 323      BCFAC380 
 323      BFAF5EBB 
 323      E683
 324 0aff 8FFEB94E 		.ascii	"\217\376\271Ne3\240\012\016\011\332\266s\213F\265=0"
 324      6533A00A 
 324      0E09DAB6 
 324      738B46B5 
 324      3D30
 325 0b11 686B7088 		.ascii	"hkp\210F\025\260E\363c\340\316m\332\000\355\256\035"
 325      4615B045 
 325      F363E0CE 
 325      6DDA00ED 
 325      AE1D
 326 0b23 9AF0F7B7 		.ascii	"\232\360\367\267\312\374\376{\333\341\273\302U\001\341"
 326      CAFCFE7B 
 326      DBE1BBC2 
 326      5501E1
 327 0b32 DA2DC016 		.ascii	"\332-\300\026\014.\011\371Wp\320\206\220\300\037\266"
 327      0C2E09F9 
 327      5770D086 
 327      90C01FB6 
 328 0b42 69366B82 		.ascii	"i6k\202\264\241a\357\370l\015\376!\370+\177Uh\270j+"
 328      B4A161EF 
 328      F86C0DFE 
 328      21F82B7F 
 328      5568B86A 
 329 0b57 ACB22334 		.ascii	"\254\262#4L\033\256\012\012\335\276=4D\345\255\336\344"
 329      4C1BAE0A 
 329      0ADDBE3D 
 329      3444E5AD 
 329      DEE4
 330 0b69 B3E96715 		.ascii	"\263\351g\025\231\363~\220\354\017\344s}p\270e\362\353"
 330      99F37E90 
 330      EC0FE473 
 330      7D70B865 
 330      F2EB
 331 0b7b E489BF46 		.ascii	"\344\211\277F\353\277+\\\253\331\27610d\3136M\230_X"
 331      EBBF2B5C 
 331      ABD9BE31 
 331      3064CB36 
 331      4D985F58 
 332 0b8f 706858B0 		.ascii	"phX\260v\027]\312g\233&0\314O\023\002\313\377\344D\""
 332      76175DCA 
 332      679B2630 
 332      CC4F1302 
 332      CBFFE444 
ARM GAS  /var/folders/nz/mg232qzd5vg5_0nfk_8jw8mc0000gn/T//ccr8eER7.s 			page 26


 333 0ba4 F67180D6 		.ascii	"\366q\200\326\205\305\216|\373r\263\257O\3007\340\254"
 333      85C58E7C 
 333      FB72B3AF 
 333      4FC037E0 
 333      AC
 334 0bb5 DCD77F83 		.ascii	"\334\327\177\203\332E\275\001\356\2337\254_#\367\365"
 334      DA45BD01 
 334      EE9B37AC 
 334      5F23F7F5 
 335 0bc5 D9A07656 		.ascii	"\331\240vV3\355\003\030\364\263\014\256\205A+u\235\334"
 335      33ED0318 
 335      F4B30CAE 
 335      85412B75 
 335      9DDC
 336 0bd7 D7FB338B 		.ascii	"\327\3733\213\372!\347\353gV>\222\373\177\343\253VY"
 336      FA21E7EB 
 336      67563E92 
 336      FB7FE3AB 
 336      5659
 337 0be9 B92838A6 		.ascii	"\271(8\246\371Y\253\362\331\344\357\353o\016SPh\230"
 337      F959ABF2 
 337      D9E4EFEB 
 337      6F0E5350 
 337      6898
 338 0bfb 262068FB 		.ascii	"& h\373:\210\221\263\277\317g\224\224\203\217\337\267"
 338      3A8891B3 
 338      BFCF6794 
 338      94838FDF 
 338      B7
 339 0c0c BEEB6139 		.ascii	"\276\353a9\177\265|\3637_\251\035\274}\325>j\354\017"
 339      7FB57CF3 
 339      375FA91D 
 339      BC7DD53E 
 339      6AEC0F
 340 0c1f E2433E37 		.ascii	"\342C>7\3729\370o$\203>\237\303m#\271\255\207\233\303"
 340      FA39F86F 
 340      24833E9F 
 340      C36D23B9 
 340      AD879BC3 
 341 0c33 A64D9F7B 		.ascii	"\246M\237{\253\345\237\221\2337\350\330\357s5^\017\342"
 341      ABE59F91 
 341      9B37E8D8 
 341      EF73355E 
 341      0FE2
 342 0c45 BD5E2D87 		.ascii	"\275^-\20715\370\343\255\006\343\336>jy\320\326\300"
 342      3135F8E3 
 342      AD06E3DE 
 342      3E6A79D0 
 342      D6C0
 343 0c57 30E78080 		.ascii	"0\347\200\200\037w\206\004\005\004\270\211_\336\377"
 343      1F778604 
 343      0504B889 
 343      5FDEFF
 344 0c66 EB871FAC 		.ascii	"\353\207\037\254\3757\033j\223B"
 344      FD371B6A 
 344      9342
 345              		.text
ARM GAS  /var/folders/nz/mg232qzd5vg5_0nfk_8jw8mc0000gn/T//ccr8eER7.s 			page 27


 346              		.section	.gnu.lto_.symtab.ac2c0bf68c10c01c,"",%progbits
 347 0000 6E766963 		.ascii	"nvicEnableVector\000\000\000\000\000\000\000\000\000"
 347      456E6162 
 347      6C655665 
 347      63746F72 
 347      00000000 
 348 0019 000000B6 		.ascii	"\000\000\000\266\000\000\000nvicDisableVector\000\000"
 348      0000006E 
 348      76696344 
 348      69736162 
 348      6C655665 
 349 0033 00000000 		.ascii	"\000\000\000\000\000\000\000\000\000\000\272\000\000"
 349      00000000 
 349      0000BA00 
 349      00
 350 0040 006E7669 		.ascii	"\000nvicSetSystemHandlerPriority\000\000\000\000\000"
 350      63536574 
 350      53797374 
 350      656D4861 
 350      6E646C65 
 351 0062 00000000 		.ascii	"\000\000\000\000\000\000\000\274\000\000\000nvicCle"
 351      000000BC 
 351      0000006E 
 351      76696343 
 351      6C65
 352 0074 61725065 		.ascii	"arPending\000\000\000\000\000\000\000\000\000\000\000"
 352      6E64696E 
 352      67000000 
 352      00000000 
 352      00000000 
 353 0088 00BE0000 		.ascii	"\000\276\000\000\000"
 353      00
 354              		.text
 355              		.section	.gnu.lto_.opts,"",%progbits
 356 0000 272D666E 		.ascii	"'-fno-trapv' '-mcpu=cortex-m3' '-mno-thumb-interwor"
 356      6F2D7472 
 356      61707627 
 356      20272D6D 
 356      6370753D 
 357 0033 6B272027 		.ascii	"k' '-mthumb' '-ggdb' '-O2' '-fomit-frame-pointer' '"
 357      2D6D7468 
 357      756D6227 
 357      20272D67 
 357      67646227 
 358 0066 2D66616C 		.ascii	"-falign-functions=16' '-ffunction-sections' '-fdata"
 358      69676E2D 
 358      66756E63 
 358      74696F6E 
 358      733D3136 
 359 0099 2D736563 		.ascii	"-sections' '-fno-common' '-flto'\000"
 359      74696F6E 
 359      73272027 
 359      2D666E6F 
 359      2D636F6D 
 360              		.text
 361              		.comm	__gnu_lto_v1,1,1
 362              		.comm	__gnu_lto_slim,1,1
ARM GAS  /var/folders/nz/mg232qzd5vg5_0nfk_8jw8mc0000gn/T//ccr8eER7.s 			page 28


 363              		.ident	"GCC: (GNU Tools for ARM Embedded Processors) 4.9.3 20150529 (release) [ARM/embedded-4_9-br
ARM GAS  /var/folders/nz/mg232qzd5vg5_0nfk_8jw8mc0000gn/T//ccr8eER7.s 			page 29


DEFINED SYMBOLS
                            *ABS*:0000000000000000 nvic.c
                            *COM*:0000000000000001 __gnu_lto_v1
                            *COM*:0000000000000001 __gnu_lto_slim

NO UNDEFINED SYMBOLS
