ARM GAS  /var/folders/nz/mg232qzd5vg5_0nfk_8jw8mc0000gn/T//ccvmzT4s.s 			page 1


   1              		.syntax unified
   2              		.cpu cortex-m3
   3              		.fpu softvfp
   4              		.eabi_attribute 20, 1
   5              		.eabi_attribute 21, 1
   6              		.eabi_attribute 23, 3
   7              		.eabi_attribute 24, 1
   8              		.eabi_attribute 25, 1
   9              		.eabi_attribute 26, 1
  10              		.eabi_attribute 30, 2
  11              		.eabi_attribute 34, 1
  12              		.eabi_attribute 18, 4
  13              		.thumb
  14              		.file	"pal.c"
  15              		.text
  16              	.Ltext0:
  17              		.section	.gnu.lto_.profile.b624f364cbae7388,"",%progbits
  18 0000 789C6366 		.ascii	"x\234cf```a\200\000F\006\015\031\000\000\340\000M"
  18      60606061 
  18      80004606 
  18      0D190000 
  18      E0004D
  19              		.text
  20              		.section	.gnu.lto_.jmpfuncs.b624f364cbae7388,"",%progbits
  21 0000 789C6366 		.ascii	"x\234cf\300\016\344\24143\003##c=#\023##s}=\023\230"
  21      C00EE4A1 
  21      34330323 
  21      23633D23 
  21      13232373 
  22 0018 6264064B 		.ascii	"bd\006K\2243\002I\0000\362\002\265"
  22      94330249 
  22      0030F202 
  22      B5
  23              		.text
  24              		.section	.gnu.lto_.inline.b624f364cbae7388,"",%progbits
  25 0000 789C6366 		.ascii	"x\234cf\300\016\336Bif\006\006N\016Ff\006F\020\013H"
  25      C00EDE42 
  25      69660606 
  25      4E0E4666 
  25      0646100B 
  26 0015 38800805 		.ascii	"8\200\010\005\016\266\017z\014l\013\344\231\030\030"
  26      0EB60F7A 
  26      0C6C0BE4 
  26      991818
  27 0024 5FB0B340 		.ascii	"_\260\263@H\020\301\001fr\200\010\0010S\000d\006#\003"
  27      4810C101 
  27      66728008 
  27      01305300 
  27      64062303 
  28 0038 1F2F230B 		.ascii	"\037/#\013\330\010FF0\237Y\001l\0267\323\005~\014c\200"
  28      D8084646 
  28      309F5901 
  28      6C1637D3 
  28      057E0C63 
  29 004d 622806B0 		.ascii	"b(\006\260,\220\227\000\261\024\230\030\230w\210+0\000"
  29      2C909700 
  29      B1149818 
ARM GAS  /var/folders/nz/mg232qzd5vg5_0nfk_8jw8mc0000gn/T//ccvmzT4s.s 			page 2


  29      9877882B 
  29      3000
  30 005f ADB60099 		.ascii	"\255\266\000\231\312\304\300-\214\3440\210\211\234@"
  30      CAC4C02D 
  30      8CE43088 
  30      899C40
  31 006e 09E2DC05 		.ascii	"\011\342\334\005\264F\002d\014\013/\320\223\023\374"
  31      B4460264 
  31      0C0B2FD0 
  31      9313FC
  32 007d 40900100 		.ascii	"@\220\001\000\311\250\037}"
  32      C9A81F7D 
  33              		.text
  34              		.section	.gnu.lto_.pureconst.b624f364cbae7388,"",%progbits
  35 0000 789C6366 		.ascii	"x\234cf```g\200\000f\006)F)&I\000\001\273\000^"
  35      60606067 
  35      80006606 
  35      29462926 
  35      490001BB 
  36              		.text
  37              		.section	.gnu.lto_palReadBus.b624f364cbae7388,"",%progbits
  38 0000 789C8D90 		.ascii	"x\234\215\220MK[Q\020\206\347=\347\346~$\212\322\235"
  38      4D4B5B51 
  38      1086E73D 
  38      E7E67E24 
  38      8AD29D
  39 0013 22B41BC9 		.ascii	"\"\264\033\311Bb\376\202\320\037\340\302_\020\335(\010"
  39      4262FE82 
  39      D01FE0C2 
  39      5F10DD28 
  39      08
  40 0024 96864277 		.ascii	"\226\206Bw\271&\241\0337\242.\024\025+\342w\375\210"
  40      B926A11B 
  40      37A22E14 
  40      152BE277 
  40      FD88
  41 0036 6D037525 		.ascii	"m\003u%.J\026mE\004C\\\304E#X\250`T\210Y\210\316\334"
  41      2E4A166D 
  41      4504435C 
  41      C4452358 
  41      A8605488 
  42 004e 9B42B09B 		.ascii	"\233B\260\233\\8s\356\2343\363\274\357\034M\377\177"
  42      5C3873EE 
  42      9C33F3BC 
  42      EF1C4DFF 
  42      7F
  43 005f EDBC628A 		.ascii	"\355\274b\212\350%\357\320\0045\376\213h\324V\200\374"
  43      E825EFD0 
  43      0435FE8B 
  43      68D45680 
  43      FC
  44 0070 1028A190 		.ascii	"\020(\241\220\300\037UV\370\266}\3673t\251\252\212^"
  44      C01F5556 
  44      F8B67DF7 
  44      3374A9AA 
  44      8A5E
  45 0082 11A7FB13 		.ascii	"\021\247\373\023\271iSR\030\222\346O\247\363Nx\331u"
ARM GAS  /var/folders/nz/mg232qzd5vg5_0nfk_8jw8mc0000gn/T//ccvmzT4s.s 			page 3


  45      B9695352 
  45      1892E64F 
  45      A7F34E78 
  45      D975
  46 0094 93D71399 		.ascii	"\223\327\023\231\3673S\037\371F\321\255\"\254\242\035"
  46      F733531F 
  46      F946D1AD 
  46      22ACA21D 
  47 00a4 6B1021AC 		.ascii	"k\020!\254#\314\245\327\243\205\222\245; m\247\205\302"
  47      23CCA5D7 
  47      A38592A5 
  47      3B206DA7 
  47      85C2
  48 00b6 89D9B9C4 		.ascii	"\211\331\271\304m\007\271=\267\307\250*\215\015\350"
  48      6D07B93D 
  48      B7C7A82A 
  48      8D0DE8
  49 00c5 FA3E3E22 		.ascii	"\372>>\"l\242S\312\313\351\207|\310L\273\256\333\372"
  49      6CA253CA 
  49      CBE9877C 
  49      C84CBBAE 
  49      DBFA
  50 00d7 C0AEB98C 		.ascii	"\300\256\271\214\251\237`\202\367\235\027\007\356\343"
  50      A99F6082 
  50      F79D1707 
  50      EEE3
  51 00e5 E3EF95BF 		.ascii	"\343\357\225\277\031#\310\376\271Cs\257ap\010\0048\230"
  51      1923C8FE 
  51      B94373AF 
  51      61700804 
  51      3898
  52 00f7 2607CB92 		.ascii	"&\007\313\222\324\226\340\2208\244\022/\231\365\202"
  52      D496E090 
  52      38A4122F 
  52      99F582
  53 0106 13DEF519 		.ascii	"\023\336\365\031\222\331\362\367E-\330\212\322,z^::"
  53      92D9F2F7 
  53      452DD88A 
  53      D22C7A5E 
  53      3A3A
  54 0118 B665524D 		.ascii	"\266eRM\342\341\353\375\302U\363<fQUvE)l\311l|>w7Yh"
  54      E2E1EBFD 
  54      C255F33C 
  54      66515576 
  54      45296CC9 
  55 0133 89745595 		.ascii	"\211tU\225\203m\314\343F\274\021v\020\2413\034f\341"
  55      836DCCE3 
  55      46BC1176 
  55      10A1331C 
  55      66E1
  56 0145 F38C7A9E 		.ascii	"\363\214z\236\363\234\027dA\354\326x\245\037cY;\262"
  56      F39C1764 
  56      41ECD678 
  56      A51F6359 
  56      3BB2
  57 0157 E9A6F922 		.ascii	"\351\246\371\"\204\214\207\2249\261\347!\223\377\220"
  57      848C8794 
ARM GAS  /var/folders/nz/mg232qzd5vg5_0nfk_8jw8mc0000gn/T//ccvmzT4s.s 			page 4


  57      39B1E721 
  57      93FF90
  58 0166 81463C35 		.ascii	"\201F<5\341\263\007\360\036\354\213\017(Z>@\030\234"
  58      E1B307F0 
  58      1EEC8B0F 
  58      285A3E40 
  58      189C
  59 0178 A78AA69F 		.ascii	"\247\212\246\237[l\223O\3535\354F4\270\304\323\320\242"
  59      5B6C934F 
  59      EB35EC46 
  59      34B8C4D3 
  59      D0A2
  60 018a 91F53452 		.ascii	"\221\3654R\367\037:|\202\343qm*\242\206\344\341\371"
  60      F71F3A7C 
  60      82E3716D 
  60      2AA286E4 
  60      E1F9
  61 019c ED216FCE 		.ascii	"\355!o\316\246\332^\017\016\365\017\365\366EG\342\321"
  61      A6DA5E0F 
  61      0EF50FF5 
  61      F64547E2 
  61      D1
  62 01ad C1D87034 		.ascii	"\301\330p4\376v \372&6\334=@\272\377]\374\011\362\224"
  62      FE7620FA 
  62      2636DC3D 
  62      40BAFF5D 
  62      FC09F294 
  63 01c1 D469     		.ascii	"\324i"
  64              		.text
  65              		.section	.gnu.lto_palWriteBus.b624f364cbae7388,"",%progbits
  66 0000 789C8D91 		.ascii	"x\234\215\221\317k\023Q\020\307\337\367\275\315\356"
  66      CF6B1351 
  66      10C7DFF7 
  66      BDCDEE
  67 000f 66B79B54 		.ascii	"f\267\233TO5x\350\301\320\203\306\340\177 \012^=\370"
  67      4F3578E8 
  67      C1D083C6 
  67      E07F200A 
  67      5E3DF8
  68 0022 1734BD34 		.ascii	"\0274\2754PP\214\236\273\251\351\311K\211\227\322Z\004"
  68      50508C9E 
  68      BBA9E9C9 
  68      4B8997D2 
  68      5A04
  69 0034 C59FD1D6 		.ascii	"\305\237\321\326\32661\342!x\362\340\017\212\240\304"
  69      D63631E2 
  69      2178F2E0 
  69      0F8AA0C4 
  70 0044 1FEDC108 		.ascii	"\037\355\301\010z\020Z\015\244[,\351\314\333-\204zi"
  70      7A105A0D 
  70      A45B2CE9 
  70      CCDB2D84 
  70      7A69
  71 0056 20F3DECC 		.ascii	" \363\336\314\316|f\276\363\224\370\377\227\242\377"
  71      CE7C66BE 
  71      F394F8FF 
  71      97A2FF
ARM GAS  /var/folders/nz/mg232qzd5vg5_0nfk_8jw8mc0000gn/T//ccvmzT4s.s 			page 5


  72 0065 0925C431 		.ascii	"\011%\3041:\241\004\344\324;!\212\266\004\370\" \306"
  72      3AA104E4 
  72      D43B218A 
  72      B604F822 
  72      20C6
  73 0077 25C6F14B 		.ascii	"%\306\361KnJL5*\323\356\320]\337\3677n\327\006&\007"
  73      6E4A4C35 
  73      2AD3EED0 
  73      5DDFF737 
  73      6ED70626 
  74 008c 0229C45F 		.ascii	"\002)\304_\031bp\037C\224\262Ql\266,u\024\202\356\365"
  74      1962701F 
  74      4394B251 
  74      6CB62C75 
  74      1482EEF5 
  75 00a0 F9F65BF7 		.ascii	"\371\366[\367\247\014$\006\331}Q~=m\262+\015v?6\233"
  75      A70C2406 
  75      D97D517E 
  75      3D6DB22B 
  75      0D763F36 
  76 00b5 1FCCF41D 		.ascii	"\037\314\364\035\337\237h\324\227\374\323F \025\036"
  76      DF9F68D4 
  76      97FCD346 
  76      20151E
  77 00c4 40110F0F 		.ascii	"@\021\017\017\221\302#\244\004\205\004*HS\366Buu\306"
  77      91C223A4 
  77      0485042A 
  77      4853F642 
  77      7575C6
  78 00d7 53839AFB 		.ascii	"S\203\232\373rv\346LX\370%,4\360x\177\241!\360\004i"
  78      7276E64C 
  78      58F8252C 
  78      34F0787F 
  78      A121F004 
  79 00ec CEDE2CED 		.ascii	"\316\336,\355|r\315\022\015\335\277\2637/\346a\202\316"
  79      7C72CD12 
  79      0DDDBFB3 
  79      372FE661 
  79      82CE
  80 00fe 85C30DBF 		.ascii	"\205\303\015\277\333\375\276\374\257f\034\"\301\324"
  80      DBFDBEFC 
  80      AF661C22 
  80      C1D4
  81 010c 4A516DCC 		.ascii	"JQm\314\000\027\307\350j\232l,66\031+\316\306!c\273"
  81      0017C7E8 
  81      6A9A6C2C 
  81      3636192B 
  81      CEC62163 
  82 0121 1CEB63E3 		.ascii	"\034\353c\343\261\233\340[\222\215\020-j\301\273\373"
  82      B19BE05B 
  82      928D102D 
  82      6AC1BBFB 
  83 0131 21259FEA 		.ascii	"!%\237\3523&\252\213\353\247\270iG*\032i\275\365~\325"
  83      3326AA8B 
  83      EBA7B869 
  83      472A1A69 
  83      BDF57ED5 
ARM GAS  /var/folders/nz/mg232qzd5vg5_0nfk_8jw8mc0000gn/T//ccvmzT4s.s 			page 6


  84 0145 E64DD0DA 		.ascii	"\346M\320\332\311]\331\272\365\333\233\303,\002\031"
  84      C95DD9BA 
  84      F5DB9BC3 
  84      2C0219
  85 0154 EF48D24A 		.ascii	"\357H\322J\0128~\263}\243\231\314\034\017\244\203\247"
  85      0A387EB3 
  85      7DA399CC 
  85      1C0FA483 
  85      A7
  86 0165 98C31FBD 		.ascii	"\230\303\037\275i,\"#\210\270m\206\274X\207\264r\007"
  86      692C2223 
  86      88B86D86 
  86      BC5887B4 
  86      7207
  87 0177 84BE7910 		.ascii	"\204\276y\020\240\201%\015\344\035\340\231\006^\333"
  87      A081250D 
  87      E41DE099 
  87      065EDB
  88 0186 8A809666 		.ascii	"\212\200\226f\232\275L\373 L\027\313\232\251\367\273"
  88      9ABD4CFB 
  88      204C17CB 
  88      9AA9F7BB 
  89 0196 1232CB11 		.ascii	"\0222\313\0213\0362\356}\233\334\216\263n\267_\240J"
  89      331E32EE 
  89      7D9BDC8E 
  89      B36EB75F 
  89      A04A
  90 01a8 00EAB166 		.ascii	"\000\352\261f\205)\016eq\311\327\250\304\325\2238\275"
  90      85290E65 
  90      71C9D7A8 
  90      C4D59338 
  90      BD
  91 01b9 93F591D4 		.ascii	"\223\365\221\324h\262\275*\217\300\275U\011\235\345"
  91      68B2BD2A 
  91      8FC0BD55 
  91      099DE5
  92 01c8 71A81D85 		.ascii	"q\250\035\205\222\232\225\240\320\253\262\326\323\373"
  92      929A95A0 
  92      D0ABB2D6 
  92      D3FB
  93 01d6 00CEFE07 		.ascii	"\000\316\376\007\240j\205Z\244\255\365\346z\325\316"
  93      A06A855A 
  93      A4ADF5E6 
  93      7AD5CE
  94 01e5 54FC127D 		.ascii	"T\374\022}\360\360\\\313S,\257\216\014\201\305\032\212"
  94      F0F05CCB 
  94      532CAF8E 
  94      0C81C51A 
  94      8A
  95 01f6 8DEE3966 		.ascii	"\215\3569f\362\313\264h\235\364\334\244\377\310\331"
  95      F2CBB468 
  95      9DF4DCA4 
  95      FFC8D9
  96 0205 D17C2E7F 		.ascii	"\321|.\177\376B\366b!;:<\226-\\\036\311^\032\036;9\""
  96      FE42F662 
  96      213B3A3C 
  96      962D5C1E 
ARM GAS  /var/folders/nz/mg232qzd5vg5_0nfk_8jw8mc0000gn/T//ccvmzT4s.s 			page 7


  96      C95E1A1E 
  97 021c 54EE6AC1 		.ascii	"T\356j\301\310\345\257\024v\001\2252\023{"
  97      C8E5AF14 
  97      76019532 
  97      137B
  98              		.text
  99              		.section	.gnu.lto_palSetBusMode.b624f364cbae7388,"",%progbits
 100 0000 789C8D90 		.ascii	"x\234\215\220\315KTa\024\306\317s\336;\367\336f\232"
 100      CD4B5461 
 100      14C6CF73 
 100      DE3BF7DE 
 100      669A
 101 0012 8A5636B4 		.ascii	"\212V6\264p\321\340Bl\350?\010Z\264t\321\306\255\037"
 101      70D1E042 
 101      6CE83F08 
 101      5AB474D1 
 101      C6AD1F
 102 0025 8182A134 		.ascii	"\201\202\2414\264\024\3371\203Va\266\021\322\\DhZ3f"
 102      B414DF31 
 102      835661B6 
 102      11D25C44 
 102      685A3366 
 103 0039 295408B3 		.ascii	")T\010\263lS\022Bq\303l\321H\011\005NJv\211A\317y/-"
 103      6C531242 
 103      71C36CD1 
 103      4809054E 
 103      4A768941 
 104 0051 AA8D17EE 		.ascii	"\252\215\027\3569\3579\234\347w>\014\375\377\345\344"
 104      39EF399C 
 104      E7773E0C 
 104      FDFFE5E4 
 105 0061 EF60A233 		.ascii	"\357`\2423\342a\010<\366\206\250\0242\240\017\002\015"
 105      E261083C 
 105      F686A814 
 105      32A00F02 
 105      0D
 106 0072 3386B1C5 		.ascii	"3\206\261\305u\306Xu~\"\323\362\300Z\273=\276\322t\243"
 106      75C65875 
 106      7E22D3F2 
 106      C05ABB3D 
 106      BED274A3 
 107 0086 2916D90E 		.ascii	")\026\331\016'\030\314\240EJ\266KQ-0\247A\362~^\336"
 107      2718CCA0 
 107      454AB64B 
 107      512D30A7 
 107      41F27E5E 
 108 009b 7D9DF9CA 		.ascii	"}\235\371\3121\243Y\303\027\343\257&|\015\331\323\360"
 108      31A359C3 
 108      17E3AF26 
 108      7C0DD9D3 
 108      F0
 109 00ac 5D14ADF9 		.ascii	"]\024\255\371\371\373\326\216T_.\332\363^\314\006\263"
 109      F9FBD68E 
 109      545F2EDA 
 109      F35ECC06 
 109      B3
 110 00bd 30C2C343 		.ascii	"0\302\303C\3440\207\034I\2120\217\274T\177\211\267f"
ARM GAS  /var/folders/nz/mg232qzd5vg5_0nfk_8jw8mc0000gn/T//ccvmzT4s.s 			page 8


 110      E430871C 
 110      498A308F 
 110      BC547F89 
 110      B766
 111 00cf B2A6D971 		.ascii	"\262\246\331q\033s\267'\323\2112J\224\036\036\375\253"
 111      1B73B727 
 111      D389324A 
 111      941E1EFD 
 111      AB
 112 00e0 F4088F91 		.ascii	"\364\010\217\221\327\362\372h\343}\306\037\225\251O"
 112      D7F2FA68 
 112      E37DC61F 
 112      95A94F
 113 00ef 34FE0C8C 		.ascii	"4\376\014\2142|\210\257\234\254\332\375\375\317\225"
 113      327C88AF 
 113      9CACDAFD 
 113      FDCF95
 114 00fe 6F2B5E5A 		.ascii	"o+^Z6\226^F\264)O\214\237\022\023\370b\302@\303\020"
 114      36965E46 
 114      B4294F8C 
 114      9F1213F8 
 114      62C240C3 
 115 0113 0E4835D1 		.ascii	"\016H5\321\353e6\231\325\233\017\030Y\256\377<\247\304"
 115      EB653699 
 115      D59B0F18 
 115      59AEFF3C 
 115      A7C4
 116 0125 3D36D2EF 		.ascii	"=6\322\357Sm\365m\250{\032\322\366K\277\246\277g\247"
 116      536DF56D 
 116      A87B1AD2 
 116      F64BBFA6 
 116      BF67A7
 117 0138 7017311F 		.ascii	"p\0271\037\331cFE\306\323\374\344\356\235\350x[k\314"
 117      D9634645 
 117      C6D3FCE4 
 117      EE9DE878 
 117      5B6BCC
 118 014b 692C600A 		.ascii	"i,`\012?\334\035\361\004m\244D$<\3570\200\014\026\035"
 118      3FDC1DF1 
 118      046DA444 
 118      243CEF30 
 118      800C161D 
 119 015f 4017C2D3 		.ascii	"@\027\302\323\277\001\251\303\000\216\342\231\003\270"
 119      BF01A9C3 
 119      008EE299 
 119      03B8
 120 016d CB2C2580 		.ascii	"\313,%\200\215 \001(C\342\353\353~\022\0072\224di\035"
 120      8D200128 
 120      43E2EBEB 
 120      7E120732 
 120      9464691D 
 121 0181 2EA19C7B 		.ascii	".\241\234{k\267\312<\364\333\336\264a\314\331\035\235"
 121      6BB7CA3C 
 121      F4DBDEB4 
 121      61CCD91D 
 121      9D
 122 0192 03CB1822 		.ascii	"\003\313\030\"9\207\253\227\3541\332@\251\372\361\242"
ARM GAS  /var/folders/nz/mg232qzd5vg5_0nfk_8jw8mc0000gn/T//ccvmzT4s.s 			page 9


 122      3987AB97 
 122      EC31DA40 
 122      A9FAF1A2 
 123 01a2 93901E11 		.ascii	"\223\220\036\021z<ix\352Bo_W_\373\245\302@\261\320\333"
 123      7A3C6978 
 123      EA426F5F 
 123      575FFBA5 
 123      C240B1D0 
 124 01b7 D95F285E 		.ascii	"\331_(^\355.\014v\366\237\355&\323u\255\350]\031\350"
 124      ED2E0C76 
 124      F69FED26 
 124      D375ADE8 
 124      5D19E8
 125 01ca B97C00A7 		.ascii	"\271|\000\247!\322\223"
 125      21D293
 126              		.text
 127              		.section	.gnu.lto_.symbol_nodes.b624f364cbae7388,"",%progbits
 128 0000 789C6366 		.ascii	"x\234cf``\360e\200\002\246[\214\365\014\014\023\316"
 128      6060F065 
 128      8002A65B 
 128      8CF50C0C 
 128      13CE
 129 0012 3130D4D7 		.ascii	"10\324\3273\314[\300\301\300t\233\261\236\021E\340\016"
 129      33CC5BC0 
 129      C1C0749B 
 129      B19E1145 
 129      E00E
 130 0024 633D13B2 		.ascii	"c=\023\262\000\343}\306zf\210\000CC\003\007\0033\023"
 130      00E37DC6 
 130      7A668800 
 130      43430307 
 130      033313
 131 0037 33C39187 		.ascii	"3\303\221\207\377\030\031\000s\015\026E"
 131      FF181900 
 131      730D1645 
 132              		.text
 133              		.section	.gnu.lto_.refs.b624f364cbae7388,"",%progbits
 134 0000 789C6366 		.ascii	"x\234cf```d\200\002\000\000=\000\005"
 134      60606064 
 134      80020000 
 134      3D0005
 135              		.text
 136              		.section	.gnu.lto_.decls.b624f364cbae7388,"",%progbits
 137 0000 789CAD56 		.ascii	"x\234\255V{PSW\032\277\347\236\004BH\300\321\251u\231"
 137      7B505357 
 137      1ABFE79E 
 137      044248C0 
 137      D1A97599 
 138 0014 EE487186 		.ascii	"\356Hq\206\351v\244\001q\037\376\325\2568[l\265\262"
 138      E976A401 
 138      711FFED5 
 138      AE385B6C 
 138      B5B2
 139 0026 D09DED4C 		.ascii	"\320\235\355Lg'\215\020\204)\020\226\204\035\372\337"
 139      67278D10 
 139      84291096 
 139      841DFADF 
ARM GAS  /var/folders/nz/mg232qzd5vg5_0nfk_8jw8mc0000gn/T//ccvmzT4s.s 			page 10


 140 0036 8500068B 		.ascii	"\205\000\006\213\200 ,>*XP\312C\345a\255\012E\212-\217"
 140      80202C3E 
 140      2A5850CA 
 140      43E561AD 
 140      0A458A2D 
 141 004b 1684BA68 		.ascii	"\026\204\272h-(\017\361\001-`\020-\017\321\354w\316"
 141      2D280FF1 
 141      012D6010 
 141      2D0FD1EC 
 141      77CE
 142 005d C94D4236 		.ascii	"\311MB6\320\356\354\336\231/\367~\347\376\276\357\373"
 142      D0EEECDE 
 142      992FF77E 
 142      E7FEBEEF 
 142      FB
 143 006e 7D8F736E 		.ascii	"}\217sn0\307q\351\210\343,p\015*9\356\010\317q\022X"
 143      30C771E9 
 143      88E32C70 
 143      0D2A39EE 
 143      08CF7112 
 144 0083 0BE3EC17 		.ascii	"\013\343\354\027\321\307@&A\036\203<\341\376\363\"\357"
 144      D1C74026 
 144      411E833C 
 144      E1FEF322 
 144      EF
 145 0094 C19CF302 		.ascii	"\301\234\363\002Q\200\234\005\271\003r\025\344E\220"
 145      51809C05 
 145      B9037215 
 145      E44590
 146 00a3 50903740 		.ascii	"P\2207@FA\372@zA\032A\372\255\376o\201\264\201\014\201"
 146      4641FA40 
 146      7A411A41 
 146      FAADFE6F 
 146      81B4810C 
 147 00b8 0C8320AB 		.ascii	"\014\203 \253Or\227\243\245\261&\255q\302\034\342\335"
 147      4F7297A3 
 147      A5B126AD 
 147      71C21CE2 
 147      DD
 148 00c9 B1C65C2E 		.ascii	"\261\306\\.^\277CL1\336\2605^\2735\316\244\365\356\355"
 148      5EBF434C 
 148      31DEB035 
 148      5EBB35CE 
 148      A4F5EEED 
 149 00dd 148FE4EC 		.ascii	"\024\217\344\354\355\"\236y\205xg\2551W\201\257y\270"
 149      ED229E79 
 149      857867AD 
 149      315781AF 
 149      79B8
 150 00ef 63A798BC 		.ascii	"c\247\230\274C-I\270uN1\247yt\341\364\243n\3171\036"
 150      432D49B8 
 150      754E31A7 
 150      7974E1F4 
 150      A36ECF31 
 151 0104 79C97D89 		.ascii	"y\311}\211z1\277\243\330\015T\205\\B\324\374\253]\015"
 151      7A31BFA3 
 151      D80D5485 
ARM GAS  /var/folders/nz/mg232qzd5vg5_0nfk_8jw8mc0000gn/T//ccvmzT4s.s 			page 11


 151      5C42D4FC 
 151      AB5D0D
 152 0117 9E9847E4 		.ascii	"\236\230G\344\271\254x\244O\276\261J\020\004\223\320"
 152      B9AC78A4 
 152      4FBEB14A 
 152      100493D0 
 153 0127 3287EC2E 		.ascii	"2\207\354..5\317\265\311\361Z\012\3126\015w\312\361"
 153      2E35CFB5 
 153      C9F15A0A 
 153      CA360D77 
 153      CAF1
 154 0139 7AFA9C7A 		.ascii	"z\372\234z\2621\333\035|\275(\247\260\241#\363\345\036"
 154      B231DB1D 
 154      7CBD28A7 
 154      B0A123F3 
 154      E51E
 155 014b 542563E0 		.ascii	"T%c\340\015K|\307=\241\314\013\371\313\313\301\251\271"
 155      0D4B7CC7 
 155      3DA1CC0B 
 155      F9CBCBC1 
 155      A9B9
 156 015d 3FBFED05 		.ascii	"?\277\355\005A\220\240Z$G5\010\243*\264\221\320&\326"
 156      4190A05A 
 156      24473508 
 156      A32AB491 
 156      D026D6
 157 0170 E4320942 		.ascii	"\3442\011B\232\220g\024<:\2748T\201|\320'\310\207Cg"
 157      9A906714 
 157      3C3ABC38 
 157      54817CD0 
 157      27C88743 
 158 0185 903F2028 		.ascii	"\220? (\026\235\202\305\323\260\010\216\277ZlN\227\""
 158      169D82C5 
 158      D3B0088E 
 158      BF5A6C4E 
 158      9722
 159 0197 B9BF6BA3 		.ascii	"\271\277k\243z\027F\224BNF\376ZB\241\016(T\333)\000"
 159      7A174694 
 159      424E46FE 
 159      5A42A10E 
 159      2854DB29 
 160 01ac 233159FE 		.ascii	"#1Y\376\364\371\241\0072\221\362\231\366\252?\247\011"
 160      F4F9A107 
 160      3291F299 
 160      F6AA3FA7 
 160      09
 161 01bd AFA1B380 		.ascii	"\257\241\263\200\257\264\343\353\320\212\234\033\\r"
 161      AFB4E3EB 
 161      D08A9C1B 
 161      5C72
 162 01cb 46B597AA 		.ascii	"F\265\227\252\263<h'\336#\352l\2069KN;\241 \352\365"
 162      B33C6827 
 162      DE23EA6C 
 162      86394B4E 
 162      3BA120EA 
 163 01e0 9B754352 		.ascii	"\233uCRlb\255h\234;W\341E\241\303T\257o\032{\354M\261"
 163      6C62AD68 
ARM GAS  /var/folders/nz/mg232qzd5vg5_0nfk_8jw8mc0000gn/T//ccvmzT4s.s 			page 12


 163      9C3B57E1 
 163      45A1C354 
 163      AF6F1A7B 
 164 01f7 2F1075E0 		.ascii	"/\020u\340\372\344\234;\316a\330\311\326\362\0249\020"
 164      FAE49C3B 
 164      CE61D8C9 
 164      D6F21439 
 164      10
 165 0208 31FEB23A 		.ascii	"1\376\262:\200Ek\377l\232\024\037a\3469\327\276\257"
 165      80456BFF 
 165      6C9A141F 
 165      61E639D7 
 165      BEAF
 166 021a F7C4254C 		.ascii	"\367\304%L\271\324\231\332-\307eL)/,\252\221\322\240"
 166      B9D499DA 
 166      2DC7654C 
 166      292F2CAA 
 166      91D2A0
 167 022d 321A34FF 		.ascii	"2\0324\377x\205\027\256`\357\012n|\374L\216\253\231"
 167      788517AE 
 167      60EF0A6E 
 167      7CFC4C8E 
 167      AB99
 168 023f F2CDEDB9 		.ascii	"\362\315\355\271\031\005\005\256\"jC\263\251@\216k\331"
 168      190505AE 
 168      226A43B3 
 168      A9408E6B 
 168      D9
 169 0250 BBBA2F9B 		.ascii	"\273\272/\233\215\236\370,S\016\315v\265\2614\326\201"
 169      8D9EF82C 
 169      530ECD76 
 169      B5B134D6 
 169      81
 170 0261 EA519777 		.ascii	"\352Q\227w\264\311\003\371\261k\215\177\251\220n4\317"
 170      B4C903F9 
 170      B16B8D7F 
 170      A9906E34 
 170      CF
 171 0272 8F2FBC91 		.ascii	"\217/\274\221o\024\312\327\241F\250y3\324\274\033\255"
 171      6F14CAD7 
 171      A146A879 
 171      33D4BC1B 
 171      AD
 172 0283 B1677409 		.ascii	"\261gt\011~8\3642\374p\004^:Y\355\326\021H\241_8C[\235"
 172      7E38F432 
 172      FC70045E 
 172      3A59EDD6 
 172      1148A15F 
 173 029b A00F6CD0 		.ascii	"\240\017l\320/\235\241_9A'l\320\026\327\004*\220\015"
 173      2F9DA15F 
 173      3941276C 
 173      D016D704 
 173      2A900D
 174 02ae FB830DFB 		.ascii	"\373\203\015\373\2713\366%'\350\224\015z\3315Y\007\354"
 174      B933F625 
 174      27E8940D 
 174      7AD93559 
ARM GAS  /var/folders/nz/mg232qzd5vg5_0nfk_8jw8mc0000gn/T//ccvmzT4s.s 			page 13


 174      07EC
 175 02c0 B80DDBE4 		.ascii	"\270\015\333\344\322-%{\000fT\310\023\204\327\014\034"
 175      D22D257B 
 175      006654C8 
 175      1384D70C 
 175      1C
 176 02d1 3A0FAF2F 		.ascii	":\017\257/P/\004\014-GW\240\373]\310\017}\015\322\006"
 176      502F040C 
 176      2D4757A0 
 176      FB5DC80F 
 176      7D0DD206 
 177 02e5 D209D20E 		.ascii	"\322\011\322\016\362\015H\007\362\243\003L\246|x\250"
 177      F20D4807 
 177      F2A3034C 
 177      A67C78A8 
 178 02f5 DA4D40C4 		.ascii	"\332M@\304\214\263\016\270m\353\363\207Kr\356\"\344"
 178      8CB30EB8 
 178      6DEBF387 
 178      4B72EE22 
 178      E4
 179 0306 BF86E2E6 		.ascii	"\277\206\342\346\336\227\241^p~\321\276\023\210\021"
 179      DE97A15E 
 179      707ED1BE 
 179      138811
 180 0315 BD5C5141 		.ascii	"\275\\QA=\300\340\277a\003#2\377u\346^%\236f\363R[\220"
 180      3DC0E0BF 
 180      61032332 
 180      FF75E65E 
 180      259E66F3 
 181 032c 552255EC 		.ascii	"U\"U\354\263o2\032^,\004\207\256\"\205\225\010P-\233"
 181      B36F321A 
 181      5E2C0487 
 181      AE228595 
 181      08502D9B 
 182 0340 6EDD82FC 		.ascii	"n\335\202\374\025l\337\356m\370\243\021\366m\037\000"
 182      156CDFEE 
 182      6DF8A311 
 182      F66D1F00 
 183 0350 BEB5B305 		.ascii	"\276\265\263\005<c\273\234K\364/`\351\350\025=\311\356"
 183      3C63BB9C 
 183      4BF42F60 
 183      E9E8153D 
 183      C9EE
 184 0362 A9477891 		.ascii	"\251Gx\221\361\371\370\346\335Y\214\215\230*\327\307"
 184      F1F9F8E6 
 184      DD598C8D 
 184      982AD7C7 
 185 0372 6BAA3DB1 		.ascii	"k\252=\261\011/9\012C\227\036\205\241\366\243\260\362"
 185      092F390A 
 185      43971E85 
 185      A1F6A3B0 
 185      F2
 186 0383 D8D1154E 		.ascii	"\330\321\025N\254\001\210\033j\335\2517`\361{\361\304"
 186      AC01881B 
 186      6ADDA937 
 186      60F17BF1 
 186      C4
ARM GAS  /var/folders/nz/mg232qzd5vg5_0nfk_8jw8mc0000gn/T//ccvmzT4s.s 			page 14


 187 0394 3AB57F60 		.ascii	":\265\177`=9\261\372a\022\276\263g\022j;\260P\315\375"
 187      3D39B1FA 
 187      6112BEB3 
 187      67126A3B 
 187      B050CDFD 
 188 03a8 867E8C47 		.ascii	"\206~\214G(\017\251\251g\350\001\217\374\326\370\371"
 188      280FA9A9 
 188      67E8018F 
 188      FCD6F8F9 
 189 03b8 C17612D2 		.ascii	"\301v\022\322\3147z,\241\005t;\221R\\\003\007\203??"
 189      CC377A2C 
 189      A105743B 
 189      91525C03 
 189      07833F3F 
 190 03cc 4A9FC2EB 		.ascii	"J\237\302\353s\264\300\203\326\346\215\000\275[\320"
 190      73B4C083 
 190      D6E68D00 
 190      BD5BD0
 191 03db A8619021 		.ascii	"\250a\220!k\263\210\377\322\342\023dL\011\271\233\316"
 191      6BB388FF 
 191      D2E21364 
 191      4C09B99B 
 191      CE
 192 03ec BE976C55 		.ascii	"\276\227lU\200fS(9I\257\273\244\301\206\237\016\332"
 192      80665328 
 192      3949AFBB 
 192      A4C1869F 
 192      0EDA
 193 03fe 421919C8 		.ascii	"B\031\031\310AW\003\231{\250\320\354)\016\344!\255\014"
 193      41570399 
 193      7BA8D0EC 
 193      290EE421 
 193      AD0C
 194 0410 8D82A3CF 		.ascii	"\215\202\243\317\354\205\031t5\220bB\3506\344\261RN"
 194      EC851974 
 194      35906242 
 194      E836E4B1 
 194      524E
 195 0422 A493CDBD 		.ascii	"\244\223\315\275\027eKfnt\311\314\335a3\004\310\342"
 195      17654B66 
 195      6E74C9CC 
 195      DD613304 
 195      C8E2
 196 0434 538F7395 		.ascii	"S\217s\225\022\236\255\241w\351\367\364\273o\363\272"
 196      129EADA1 
 196      77E9F7F4 
 196      BB6FF3BA 
 197 0444 14CF17D2 		.ascii	"\024\317\027\322\330Fa\225\204\346k7\276\207\236\207"
 197      D8466195 
 197      84E66B37 
 197      BE879E87 
 198 0454 DFBB48C2 		.ascii	"\337\273H\302<\364\315\354\333\2023%\354D-\310i\221"
 198      3CF4CDEC 
 198      DB823325 
 198      EC442DC8 
 198      6991
 199 0466 F81E134A 		.ascii	"\370\036\023Jk\315\225u\345\212c\365BK\272\260h\261"
ARM GAS  /var/folders/nz/mg232qzd5vg5_0nfk_8jw8mc0000gn/T//ccvmzT4s.s 			page 15


 199      6BCD9575 
 199      E58A63F5 
 199      424BBAB0 
 199      68B1
 200 0478 2044ACD0 		.ascii	" D\254\320}[\212\034y\246l\321\030\362\005\313\266\201"
 200      7D5B8A1C 
 200      79A66CD1 
 200      18F205CB 
 200      B681
 201 048a 823119E5 		.ascii	"\2021\031\345A\2021\036\025\225Oz<m\334\306\021[\234"
 201      4182311E 
 201      15954F7A 
 201      3C6DDCC6 
 201      115B9C
 202 049d 395CB884 		.ascii	"9\\\270\204\\\330Z\007n?Rn?\210\334\312O4\365\271\341"
 202      5CD85A07 
 202      6E3F526E 
 202      3F88DCCA 
 202      4F34F5B9 
 203 04b2 6A46AE6C 		.ascii	"jF\256l\266\244\336\233\222\033\276xY\313\210aj\202"
 203      B6A4DE9B 
 203      921BBE78 
 203      59CB8861 
 203      6A82
 204 04c4 261C884D 		.ascii	"&\034\210M\210\304&)\261\332\326\326\347\360g\324\003"
 204      88C42629 
 204      B1DAD6D6 
 204      E7F067D4 
 204      03
 205 04d5 9F797CB1 		.ascii	"\237y|\261Ri\373\254\336\257\246\237U3\360\235\372\305"
 205      5269FBAC 
 205      DEAFA69F 
 205      5533F09D 
 205      FAC5
 206 04e7 9FD507AE 		.ascii	"\237\325\007\256\277f}}\013\2271M\325lK\277sh4\317\303"
 206      BF667D7D 
 206      0B97314D 
 206      D56C4BBF 
 206      736834CF 
 207 04fc 96FE344B 		.ascii	"\226\3764K\377\336\302\310-\217e\323\237\241\351?\024"
 207      FFDEC2C8 
 207      2D8F65D3 
 207      9FA1E93F 
 207      14
 208 050d D33FD0D2 		.ascii	"\323?\320\322Y\351\215[X\372\231\371Y\177\263\265\306"
 208      59E98D5B 
 208      58FA99F9 
 208      597FB3B5 
 208      C6
 209 051e BB08F693 		.ascii	"\273\010\366\2230l\261\254\247F\350\221C\001\036\211"
 209      306CB1AC 
 209      A746E891 
 209      43011E89 
 210 052e 05784C0B 		.ascii	"\005xL\013\340\212Zn\356\324\347\356\266n\375\304\250"
 210      E08A5A6E 
 210      EED4E7EE 
 210      B66EFDC4 
ARM GAS  /var/folders/nz/mg232qzd5vg5_0nfk_8jw8mc0000gn/T//ccvmzT4s.s 			page 16


 210      A8
 211 053f 75673FBC 		.ascii	"ug?\274\302\026\3116\235e\213\027\232F\236\312\226\345"
 211      C216C936 
 211      9D658B17 
 211      9A469ECA 
 211      96E5
 212 0551 3B4FF9CE 		.ascii	";O\371\316\211|{\276h*\364\306W\030\337\231+\346\303"
 212      897C7BBE 
 212      682AF4C6 
 212      5718DF99 
 212      2BE6C3
 213 0564 52203C0C 		.ascii	"R <\014\245\256\230\335z\300\230'\022\006+\264\340@"
 213      A5AE98DD 
 213      7AC09827 
 213      12062BB4 
 213      E040
 214 0576 784124FC 		.ascii	"xA$\374\204\022\356\250\376\350=|\207:\221\214\036\255"
 214      8412EEA8 
 214      FEE83D7C 
 214      873A918C 
 214      1EAD
 215 0588 3DE78DFC 		.ascii	"=\347\215\374}|h\317L\320.\201\227\243E\253\001\273"
 215      7D7C68CF 
 215      4CD02E81 
 215      97A345AB 
 215      01BB
 216 059a 8A617DEE 		.ascii	"\212a}\356U\362\002\036e\364N{g\316\027\360:\016m\364"
 216      55F2021E 
 216      65F44E7B 
 216      67CE17F0 
 216      3A0E6DF4 
 217 05ae 41BF81C6 		.ascii	"A\277\201\306=\205\306\221W\034\262\000\375g\254m\267"
 217      3D85C691 
 217      571CB200 
 217      FD67AC6D 
 217      B7
 218 05bf 0BA6B3A4 		.ascii	"\013\246\263\244r+\332\364shS\323\301\223\354\277\323"
 218      722BDAF4 
 218      736853D3 
 218      C193ECBF 
 218      D3
 219 05d0 3B44BD9F 		.ascii	";D\275\237\367\311\031\366\217\303\223\250\373\027\246"
 219      F7C919F6 
 219      8FC393A8 
 219      FB17A6
 220 05df BBBDA82A 		.ascii	"\273\275\250*'\352\302|{\252\033q-\210[X\341\270\011"
 220      27EAC27C 
 220      7BAA1B71 
 220      2D885B58 
 220      E1B809
 221 05f2 33A8F397 		.ascii	"3\250\363\227|P:O}w\244W\365(W\347Y\317\013_D\363L\343"
 221      7C503A4F 
 221      7D77A457 
 221      F52857E7 
 221      59CF0B5F 
 222 060a 7D909127 		.ascii	"}\220\221'\360L~\265hD\320\317&,\235\336\216\350\324"
 222      F04C7EB5 
ARM GAS  /var/folders/nz/mg232qzd5vg5_0nfk_8jw8mc0000gn/T//ccvmzT4s.s 			page 17


 222      6844D0CF 
 222      262C9DDE 
 222      8EE8D4
 223 061d 95D077F3 		.ascii	"\225\320w\363\013\315\030\217[\333\362\221\251K\211"
 223      0BCD188F 
 223      5BDBF291 
 223      A94B89
 224 062c 1F32656A 		.ascii	"\0372ejb\252V\266\341\270\320[\012CU\243(\020\322\262"
 224      62AA56B6 
 224      E1B8D05B 
 224      0A4355A3 
 224      2810D2B2 
 225 0640 E1BCB6BC 		.ascii	"\341\274\266\274\272\036\355\345W#\023\217\311\356v"
 225      BA1EEDE5 
 225      5723138F 
 225      C9EE76
 226 064f 709CC543 		.ascii	"p\234\305C\341\321I\304sh\037\277\201\374\223\237>V"
 226      E1D149C4 
 226      73681FBF 
 226      81FC939F 
 226      3E56
 227 0661 A45C3ECB 		.ascii	"\244\\>\313\017\305,\215,\313\366k\251m\036\316Y\332"
 227      0FC52C8D 
 227      2CCBF66B 
 227      A96D1ECE 
 227      59DA
 228 0673 4FFA6CCA 		.ascii	"O\372l\312\373C\221\367\311\253?\225H\235\263\\\026"
 228      FB4391F7 
 228      C9AB3F95 
 228      489DB35C 
 228      16
 229 0684 DD585399 		.ascii	"\335XS\231\341\216\005)Ml~\376|\273;M\254\264\251L\220"
 229      E18E0529 
 229      4D6C7EFE 
 229      7CBB3B4D 
 229      ACB4A94C 
 230 0699 140BE964 		.ascii	"\024\013\351d\364\320~kVp488\312\261g\225K\263\262\234"
 230      F4D07E6B 
 230      56703438 
 230      38CAB167 
 230      954BB3B2 
 231 06ae AEDAB3E4 		.ascii	"\256\332\263\344\364%\023k\317*\217\247\247/\271\003"
 231      F425136B 
 231      CF2A8FA7 
 231      A72FB903 
 232 06be B824A77E 		.ascii	"\270$\247~\336\215NE\"\375\257y|`\026\3231\360\"\352"
 232      DE8D4E45 
 232      22FDAF79 
 232      7C6016D3 
 232      31F022EA 
 233 06d2 447D699B 		.ascii	"D}i\233\214\252J\242\366f<\223-_\256\203b\271\012X\271"
 233      8CAA4AA2 
 233      F6663C93 
 233      2D5FAE83 
 233      62B90A58 
 234 06e7 4ED41C9D 		.ascii	"N\324\034\235\363t.\327\001\350F>\355F!-\300A\261\000"
 234      F3742ED7 
ARM GAS  /var/folders/nz/mg232qzd5vg5_0nfk_8jw8mc0000gn/T//ccvmzT4s.s 			page 18


 234      01E8463E 
 234      ED46212D 
 234      C041B100 
 235 06fb 45C34FB3 		.ascii	"E\303O\263\335\234\313\265,\372\323,\3439\005\316a\345"
 235      DD9CCBB5 
 235      2CFAD32C 
 235      E33905CE 
 235      61E5
 236 070d 6A320F2D 		.ascii	"j2\017-(Y\271~t(W\221\265\\p\22088\372\247\275\\\305"
 236      2859B97E 
 236      74285791 
 236      B55C7090 
 236      3838FAA7 
 237 0724 FC064E11 		.ascii	"\374\006N\021\253K\324%\031\3425\372\367\325\006\267"
 237      AB4BD425 
 237      19E235FA 
 237      F7D506B7 
 238 0734 D7DFFA8B 		.ascii	"\327\337\372\213o\010'K\216M0\004oR\033\344j\265\370"
 238      6F08274B 
 238      8E4D3004 
 238      6F521BE4 
 238      6AB5F8
 239 0747 F8AE2A59 		.ascii	"\370\256*Y\237\244\212\323Ej\342T\272D\203jOdd\200&"
 239      9FA48AD3 
 239      456AE254 
 239      BA44836A 
 239      4F646480 
 240 075c 293E2041 		.ascii	")> A\227\240\015\320jv\307\006lVo\011\330\024\030\364"
 240      97A00DD0 
 240      6A76C706 
 240      6C566F09 
 240      D81418F4 
 241 0770 DBBF07AB 		.ascii	"\333\277\007\253\226\274P\305&D\306%GiU\361\232\310"
 241      96BC50C5 
 241      2644C625 
 241      476955F1 
 241      9AC8
 242 0782 98D804AD 		.ascii	"\230\330\004\255J\035\245\215\326$\307\031\324\206\017"
 242      4A1DA58D 
 242      D624C719 
 242      D4860F
 243 0791 12B5FA57 		.ascii	"\022\265\372Wb\270\260\377\335\267\376\003\275J\255"
 243      62B8B0FF 
 243      DDB7FE03 
 243      BD4AAD
 244 07a0 3744015B 		.ascii	"7D\001[p\030\030\022\023\273;vW\204J\247W\305\200S\222"
 244      70181812 
 244      13BB3B76 
 244      57844AA7 
 244      57C58053 
 245 07b5 A15E15F1 		.ascii	"\241^\025\361\366\316\340M\252\035;\266\251^\017\333"
 245      F6CEE04D 
 245      AA1D3BB6 
 245      A95E0FDB 
 246 07c5 BEEB1F41 		.ascii	"\276\353\037A\252DM\234:.."
 246      AA444D9C 
 246      3A2E2E
ARM GAS  /var/folders/nz/mg232qzd5vg5_0nfk_8jw8mc0000gn/T//ccvmzT4s.s 			page 19


 247 07d0 0A0CA4DB 		.ascii	"\012\014\244\333wmM\326+\310\272\372m`\265M\033\215"
 247      776D4DD6 
 247      2BC8BAFA 
 247      6D60B54D 
 247      1B8D
 248 07e2 43C27780 		.ascii	"C\302w\200\204\342\355\333\302\361\256m\341\222\255"
 248      84E2EDDB 
 248      C2F1AE6D 
 248      E192AD
 249 07f1 11E1E178 		.ascii	"\021\341\341xkx\270dG\310\233\341\277w\210\020\251\213"
 249      6B78B864 
 249      47C89BE1 
 249      BF778810 
 249      A98B
 250 0803 8FD725A8 		.ascii	"\217\327%\250\264)\006U\310\316\210\355\021\020\210"
 250      B4290655 
 250      C8CE88ED 
 250      111088
 251 0812 C5FA5350 		.ascii	"\305\372SPJ\212Jo\210\017\336\024\035\024\030\234\262"
 251      4A8A4A6F 
 251      880FDE14 
 251      1D14189C 
 251      B2
 252 0823 1B02C959 		.ascii	"\033\002\311Y\271c\243\240\330\354ABJ\257 eVGk\364\206"
 252      B963A3A0 
 252      D8EC4142 
 252      4AAF2065 
 252      56476BF4 
 253 0838 3FA80D6F 		.ascii	"?\250\015o\376\037\312!V\302M\027\035\255\327\032~\355"
 253      FE1FCA21 
 253      56C24D17 
 253      1DADD71A 
 253      7EED
 254 084a 54101107 		.ascii	"T\020\021\007\025 \244\340\026\256\325DA\011~\345\004"
 254      1520A4E0 
 254      16AED544 
 254      41097EE5 
 254      04
 255 085b D4274552 		.ascii	"\324'ERP$\347\011\267\277&\305\032\264\200\222\305\352"
 255      5024E709 
 255      B7BF26C5 
 255      1AB48092 
 255      C5EA
 256 086d E275515A 		.ascii	"\342uQZ\265A\011\213\021Z\003,\355\004\3759\265\265"
 256      B541098B 
 256      115A032C 
 256      ED04FD39 
 256      B5B5
 257 087f A26A08B9 		.ascii	"\242j\010\271'I\227\234HP\222\310\030M\222L\255\216"
 257      2749979C 
 257      485092C8 
 257      184D924C 
 257      AD8E
 258 0891 4E4E8854 		.ascii	"NN\210T\253\225\342\303+\277\333\034\270y\211\266\305"
 258      AB95E2C3 
 258      2BBFDB1C 
 258      B87989B6 
ARM GAS  /var/folders/nz/mg232qzd5vg5_0nfk_8jw8mc0000gn/T//ccvmzT4s.s 			page 20


 258      C5
 259 08a2 510BDAFC 		.ascii	"Q\013\332\374o.G\016\362"
 259      6F2E470E 
 259      F2
 260              		.text
 261              		.section	.gnu.lto_.symtab.b624f364cbae7388,"",%progbits
 262 0000 70616C52 		.ascii	"palReadBus\000\000\000\000\000\000\000\000\000\000\000"
 262      65616442 
 262      75730000 
 262      00000000 
 262      00000000 
 263 0015 00E80000 		.ascii	"\000\350\000\000\000palWriteBus\000\000\000\000\000"
 263      0070616C 
 263      57726974 
 263      65427573 
 263      00000000 
 264 002a 00000000 		.ascii	"\000\000\000\000\000\000\000\355\000\000\000palSetB"
 264      000000ED 
 264      00000070 
 264      616C5365 
 264      7442
 265 003c 75734D6F 		.ascii	"usMode\000\000\000\000\000\000\000\000\000\000\000\000"
 265      64650000 
 265      00000000 
 265      00000000 
 265      0000
 266 004e F5000000 		.ascii	"\365\000\000\000_pal_lld_setgroupmode\000\000\002\000"
 266      5F70616C 
 266      5F6C6C64 
 266      5F736574 
 266      67726F75 
 267 006b 00000000 		.ascii	"\000\000\000\000\000\000\000\000\373\000\000\000"
 267      00000000 
 267      FB000000 
 268              		.text
 269              		.section	.gnu.lto_.opts,"",%progbits
 270 0000 272D666E 		.ascii	"'-fno-trapv' '-mcpu=cortex-m3' '-mno-thumb-interwor"
 270      6F2D7472 
 270      61707627 
 270      20272D6D 
 270      6370753D 
 271 0033 6B272027 		.ascii	"k' '-mthumb' '-ggdb' '-O2' '-fomit-frame-pointer' '"
 271      2D6D7468 
 271      756D6227 
 271      20272D67 
 271      67646227 
 272 0066 2D66616C 		.ascii	"-falign-functions=16' '-ffunction-sections' '-fdata"
 272      69676E2D 
 272      66756E63 
 272      74696F6E 
 272      733D3136 
 273 0099 2D736563 		.ascii	"-sections' '-fno-common' '-flto'\000"
 273      74696F6E 
 273      73272027 
 273      2D666E6F 
 273      2D636F6D 
 274              		.text
ARM GAS  /var/folders/nz/mg232qzd5vg5_0nfk_8jw8mc0000gn/T//ccvmzT4s.s 			page 21


 275              		.comm	__gnu_lto_v1,1,1
 276              		.comm	__gnu_lto_slim,1,1
 277              		.ident	"GCC: (GNU Tools for ARM Embedded Processors) 4.9.3 20150529 (release) [ARM/embedded-4_9-br
ARM GAS  /var/folders/nz/mg232qzd5vg5_0nfk_8jw8mc0000gn/T//ccvmzT4s.s 			page 22


DEFINED SYMBOLS
                            *ABS*:0000000000000000 pal.c
                            *COM*:0000000000000001 __gnu_lto_v1
                            *COM*:0000000000000001 __gnu_lto_slim

NO UNDEFINED SYMBOLS
