ARM GAS  /var/folders/nz/mg232qzd5vg5_0nfk_8jw8mc0000gn/T//cckgoQzx.s 			page 1


   1              		.syntax unified
   2              		.cpu cortex-m3
   3              		.fpu softvfp
   4              		.eabi_attribute 20, 1
   5              		.eabi_attribute 21, 1
   6              		.eabi_attribute 23, 3
   7              		.eabi_attribute 24, 1
   8              		.eabi_attribute 25, 1
   9              		.eabi_attribute 26, 1
  10              		.eabi_attribute 30, 2
  11              		.eabi_attribute 34, 1
  12              		.eabi_attribute 18, 4
  13              		.thumb
  14              		.file	"pal_lld.c"
  15              		.text
  16              	.Ltext0:
  17              		.section	.gnu.lto_.profile.733b428b71ff68e8,"",%progbits
  18 0000 789C6366 		.ascii	"x\234cf```a\200\000F\0067\027\000\001D\000\223"
  18      60606061 
  18      80004606 
  18      37170001 
  18      440093
  19              		.text
  20              		.section	.gnu.lto_.jmpfuncs.733b428b71ff68e8,"",%progbits
  21 0000 789C6366 		.ascii	"x\234cf\300\016\004\2404\023\003##c=#3\220d\257\257"
  21      C00E04A0 
  21      34130323 
  21      23633D23 
  21      339064AF 
  22 0015 AF670000 		.ascii	"\257g\000\000\014\320\002#"
  22      0CD00223 
  23              		.text
  24              		.section	.gnu.lto_.inline.733b428b71ff68e8,"",%progbits
  25 0000 789C6D91 		.ascii	"x\234m\221!n\303@\020Eg\306\216k\225\330(\240$+\325"
  25      216EC340 
  25      104567C6 
  25      8E6B95D8 
  25      28A0242B 
  26 0015 27C801A2 		.ascii	"'\310\001\242=Jas\2139A\244\204\244e\033)R\202r\200"
  26      3D4A6173 
  26      8B3941A4 
  26      84A4651B 
  26      29528272 
  27 002a 20C396E5 		.ascii	" \303\226\345\000\005\205\246UQYv\376\330\254\006\357"
  27      000585A6 
  27      55515976 
  27      FED8AC06 
  27      EF
  28 003b 7F6BA4B7 		.ascii	"\177k\244\267\243\335\202\376\377\016\354)D\33537\304"
  28      A3DD82FE 
  28      FF0EEC29 
  28      44DD3337 
  28      C4
  29 004c 5490211A 		.ascii	"T\220!\032\202\341\305\220\330\250`\357]\214\337\350"
  29      82E1C590 
  29      D8A860EF 
  29      5D8CDFE8 
ARM GAS  /var/folders/nz/mg232qzd5vg5_0nfk_8jw8mc0000gn/T//cckgoQzx.s 			page 2


  30 005c C93BD883 		.ascii	"\311;\330\203Z\240\203\251\010]z\027\252\322\"\317\206"
  30      5AA083A9 
  30      085D7A17 
  30      AAD222CF 
  30      86
  31 006d 87D269A8 		.ascii	"\207\322i\250QkC\213\332\032\002j0D\324hP\026\017P\374"
  31      516B438B 
  31      DA1A026A 
  31      3044D468 
  31      50160F50 
  32 0082 C7598E01 		.ascii	"\307Y\216\001\272S!U\267*\264\352^\205X\335\254\256"
  32      BA532155 
  32      B72AB4EA 
  32      5E8558DD 
  32      ACAE
  33 0094 9EDCA37C 		.ascii	"\236\334\243|\262\217\372\311\237\017 \273\234n\313"
  33      B28FFAC9 
  33      9F0F20BB 
  33      9C6ECB
  34 00a3 3C93D71F 		.ascii	"<\223\327\037\341\315\345\370\333\014\362'\371\326\370"
  34      E1CDE5F8 
  34      DB0CF227 
  34      F9D6F8
  35 00b2 C44F246B 		.ascii	"\304O$k\017\033^w\037o\025\206y\261\263\017\021\371"
  35      0F1B5E77 
  35      1F6F1586 
  35      79B1B30F 
  35      11F9
  36 00c4 CAEBE5ED 		.ascii	"\312\353\345\355\253\245\307~\225\207i\021\251\354\347"
  36      ABA5C77E 
  36      95876911 
  36      A9ECE7
  37 00d3 316FFCC9 		.ascii	"1o\374\311\255\255oA\274\027;7\023\017t\007\373SO\350"
  37      ADAD6F41 
  37      BC173B37 
  37      130F7407 
  37      FB534FE8 
  38              		.text
  39              		.section	.gnu.lto_.pureconst.733b428b71ff68e8,"",%progbits
  40 0000 789C6366 		.ascii	"x\234cf```e\200\000&\006)F)\000\000\371\000@"
  40      60606065 
  40      80002606 
  40      29462900 
  40      00F90040 
  41              		.text
  42              		.section	.gnu.lto__pal_lld_init.733b428b71ff68e8,"",%progbits
  43 0000 789CA596 		.ascii	"x\234\245\226\177L\033e\030\307\337\347\275\353q\264"
  43      7F4C1B65 
  43      18C7DFE7 
  43      BDEB71B4 
  44 0010 1D348490 		.ascii	"\0354\204\220\206\020B\210\313\376bu\356/\3771&\232"
  44      86104288 
  44      CBFE6275 
  44      EE2FFF31 
  44      269A
  45 0022 2C26D399 		.ascii	",&\323\231\314\377\315\234\321\221\020Y\234\361?\263"
  45      CCFFCD9C 
ARM GAS  /var/folders/nz/mg232qzd5vg5_0nfk_8jw8mc0000gn/T//cckgoQzx.s 			page 3


  45      D1911059 
  45      9CF13FB3 
  46 0032 2B74C42D 		.ascii	"+t\304-F\221?\014\031\2221\014\212\300\350~\010\016"
  46      46913F0C 
  46      1992310C 
  46      8AC0E87E 
  46      080E
  47 0044 E6A4D6B9 		.ascii	"\346\244\326\271\001\312f7\224Y\006l\243 S7)0\331\241"
  47      01CA6637 
  47      9459066C 
  47      A3205337 
  47      2930D9A1 
  48 0058 88EF736F 		.ascii	"\210\357so\373^\355\310\305WHxz\327\273>\317\347\363"
  48      FB5EEDC8 
  48      C5574878 
  48      7AD7BB3E 
  48      CFE7F3
  49 006b DC375085 		.ascii	"\3347P\205<\374S\314~\207\274\204<\316^A!@\353/\023"
  49      3CFC53CC 
  49      7E87BC84 
  49      3CCE5E41 
  49      2140EB2F 
  50 0080 12D42900 		.ascii	"\022\324)\000\036\020 \007)\034\204;4I\241>\322\331"
  50      1E102007 
  50      291C843B 
  50      3449A13E 
  50      D2D9
  51 0092 E8D9D266 		.ascii	"\350\331\322f\030\306|\364\214\377\220\337\244\204,"
  51      18C67CF4 
  51      8CFF90DF 
  51      A4842C
  52 00a1 52DE063E 		.ascii	"R\336\006>\201-\354\226\272\256\211K\252\262\035\010"
  52      812DEC96 
  52      BAAE894B 
  52      AAB21D08 
  53 00b1 3BEEEB5E 		.ascii	";\356\353^\032\361\314Q\223B\031\236\3667\0146jxJU<"
  53      1AF1CC51 
  53      9342199E 
  53      F6370C36 
  53      6A784A55 
  54 00c6 1D303B62 		.ascii	"\0350;b\352\346\217\014\243&2r\332xR5\251\002\355\240"
  54      EAE68F0C 
  54      A3263272 
  54      DA785235 
  54      A902EDA0 
  55 00da B07EF029 		.ascii	"\260~\360)\024C\007\024\023\366\026\201N\330\214\267"
  55      14430714 
  55      13F61681 
  55      4ED88CB7 
  56 00ea 2743AB63 		.ascii	"'C\253c\036-\304f\373\370L\350\002\015\330k\270 b\254"
  56      1E2DC466 
  56      FBF84CE8 
  56      020DD86B 
  56      B82062AC 
  57 00fe AD4D777F 		.ascii	"\255Mw\177x^}\204\262\217\250\012\026\027\340\0075<"
  57      785E7D84 
  57      B28FA80A 
ARM GAS  /var/folders/nz/mg232qzd5vg5_0nfk_8jw8mc0000gn/T//cckgoQzx.s 			page 4


  57      1617E007 
  57      353C
  58 0110 D4B1B8B1 		.ascii	"\324\261\270\261x\261\344a\361a)\300R\210\245\010\213"
  58      78B1E461 
  58      F16129C0 
  58      5288A508 
  58      8B
  59 0121 1F0B0E55 		.ascii	"\037\013\016UK\260\224b)\303R\216\205\220\004\233\212"
  59      4BB09462 
  59      29C3528E 
  59      8590049B 
  59      8A
  60 0132 2B99A114 		.ascii	"+\231\241\024_\2258D{\223\243\333\220c\231\342z\206"
  60      5F953844 
  60      7B93A3DB 
  60      906399E2 
  60      7A86
  61 0144 07DBFA72 		.ascii	"\007\333\372rQ\320e\264\274mX\222S\211+1\335z\213\340"
  61      51D065B4 
  61      BC6D5892 
  61      53892B31 
  61      DD7A8BE0 
  62 0158 69CDC7C7 		.ascii	"i\315\307\307\373\365fh\002\223jp\202Yv3K\2740\275r"
  62      FBF56668 
  62      02936A70 
  62      82597633 
  62      4BBC30BD 
  63 016d 74C653D1 		.ascii	"t\306S\321i\204\202\272Is \014\315\260`-\026NB\005\211"
  63      698482BA 
  63      4973200C 
  63      CDB0602D 
  63      164E4205 
  64 0182 43ED92C6 		.ascii	"C\355\222\306\347(|\324\322\325\326\347\260\255\372"
  64      E7287CD4 
  64      D2D5D6E7 
  64      B0ADFA
  65 0191 168153AC 		.ascii	"\026\201S\254\007ci\000\274Cb\310i{\310\031\250`\255"
  65      07636900 
  65      BC4362C8 
  65      697BC819 
  65      A860AD
  66 01a4 59979ADE 		.ascii	"Y\227\232\336Sc\267r\370(-\223_\261:\364<8vw\023k\035"
  66      5363B772 
  66      F8282D93 
  66      5FB13AF4 
  66      3C387677 
  67 01bb 348CC856 		.ascii	"4\214\310V\223\352\313\324\005\237\245\272\337\213\276"
  67      93EACBD4 
  67      059FA5BA 
  67      DF8BBE
  68 01ca BB92CFBA 		.ascii	"\273\222\317\272\373L\232\013=Vo|<\354\312\305\341\233"
  68      FB4C9A0B 
  68      3D566F7C 
  68      3CECCAC5 
  68      E19B
  69 01dc A36E76A5 		.ascii	"\243nv\245\336\210<aR7\364B\305\002\265\036\341\347"
  69      DE883C61 
ARM GAS  /var/folders/nz/mg232qzd5vg5_0nfk_8jw8mc0000gn/T//cckgoQzx.s 			page 5


  69      5237F442 
  69      C502B51E 
  69      E1E7
  70 01ee 965CB4E1 		.ascii	"\226\\\264\341x~\212=v\377zr\023\316\363\030\365\241"
  70      787E8A3D 
  70      76FF7A72 
  70      13CEF318 
  70      F5A1
  71 0200 AC157AAC 		.ascii	"\254\025z\254f\341\361\243\357\320\024\002\013\240\027"
  71      66E1F1A3 
  71      EFD01402 
  71      0BA017
  72 020f CE32C3BE 		.ascii	"\3162\303\276\024C]\274kUGC@\301~\013B\301A\347PP\263"
  72      14435DBC 
  72      6B554743 
  72      40C17E0B 
  72      42C141E7 
  73 0226 04934250 		.ascii	"\004\223BP\2271\372\302\311\350<\032\2518\350\313l#"
  73      9731FAC2 
  73      C9E83C1A 
  73      A938E8CB 
  73      6C23
  74 0238 09DE016B 		.ascii	"\011\336\001k\204\013\333D\220W\347\017\344F\232\327"
  74      840BDB44 
  74      9057E70F 
  74      E4469AD7 
  75 0248 2DC3FB95 		.ascii	"-\303\373\225\023o\024y5\034\364\365\006x/X#r\260\315"
  75      136F1479 
  75      351CF4F5 
  75      06782F58 
  75      2372B0CD 
  76 025c 37C8EBE6 		.ascii	"7\310\353\346\373\025\274^\031\336\213V3}}\336K\"1\203"
  76      FB15BC5E 
  76      19DE8B56 
  76      337D7DDE 
  76      4B223183 
  77 0270 D9BCF3EF 		.ascii	"\331\274\363\357\255\206\335<1\215\251\304\030\265\315"
  77      AD86DD3C 
  77      318DA9C4 
  77      18B5CD
  78 027f 87B54C85 		.ascii	"\207\265L\205\241\014\205\201\271sGl\205a;\"\337\242"
  78      A10C8581 
  78      B973476C 
  78      85613B22 
  78      DFA2
  79 0291 8297AF7C 		.ascii	"\202\227\257|\"\255\220'\243\360\235\223\302\210\210"
  79      22AD9027 
  79      A3F09D93 
  79      C28888
  80 02a0 C8E56C05 		.ascii	"\310\345l\005\011\336+vD\276G\336<\276r\301\353\223"
  80      09DE2B76 
  80      44BE47DE 
  80      3CBE72C1 
  80      EB93
  81 02b2 E18D39F1 		.ascii	"\341\2159\361^\025\021\271\266\001\336Q;\"? \257\217"
  81      5E1511B9 
  81      B601DE51 
ARM GAS  /var/folders/nz/mg232qzd5vg5_0nfk_8jw8mc0000gn/T//cckgoQzx.s 			page 6


  81      3B223F20 
  81      AF8F
  82 02c4 EF7732CD 		.ascii	"\357w2\315[ \303\373\243\325,w}\3361\021\221\353\331"
  82      5B20C3FB 
  82      A3D52C77 
  82      7DDE3111 
  82      91EBD9
  83 02d7 BC470E37 		.ascii	"\274G\0167\265\270xDZR\021i\035\2157\375K\341\247\014"
  83      B5B87844 
  83      5A521169 
  83      1D8D37FD 
  83      4BE1A70C 
  84 02eb 8513ED75 		.ascii	"\205\023\355ugU\241\020\267#2\216\012\005|\345B\241"
  84      6755A110 
  84      B723328E 
  84      0A057CE5 
  84      42A1
  85 02fd 5046E186 		.ascii	"PF\341\206\223\302\204\210\310d\266\202\004\357\224"
  85      93C28488 
  85      C864B682 
  85      04EF94
  86 030c 1D919BC8 		.ascii	"\035\221\233\310[\310W>\225\346-\222\341\275\345\304"
  86      5BC8573E 
  86      95E62D92 
  86      E1BDE5C4 
  87 031c 7B5B4464 		.ascii	"{[Ddz\003\274\011;\"3\310[\304\367+x\3752\274\263V3"
  87      7A03BC09 
  87      3B2233C8 
  87      5BC4F72B 
  87      78FD32BC 
  88 0333 F7FABC3F 		.ascii	"\367\372\274?\213\210\314e\363\276o&\333R\177E\332S"
  88      8B88CC65 
  88      F3BE6F26 
  88      DB527F45 
  88      DA53
  89 0345 1189F584 		.ascii	"\021\211\365\204#j\246\302\235\014\205\376!s!_(\374"
  89      236AA6C2 
  89      9D0C85FE 
  89      2173215F 
  89      28FC
  90 0357 6247E457 		.ascii	"bG\344WT\360\363\225'\322\012\3052\012\2779)\334\025"
  90      54F0F395 
  90      27D20AC5 
  90      320ABF39 
  90      29DC15
  91 036a 11B9F7D0 		.ascii	"\021\271\367\320\277\316\377\316\373\273\035\221y\344"
  91      BFCEFFCE 
  91      FBBB1D91 
  91      79E4
  92 0378 2DE62B17 		.ascii	"-\346+\027\274%2\274I'\336\005\021\221\305\015\360."
  92      BC2532BC 
  92      4927DE05 
  92      1191C50D 
  92      F02E
  93 038a D911B98F 		.ascii	"\331\021\271\217\274%\234w&\315[*\303\373\207\325\314"
  93      BC259C77 
  93      26CD5B2A 
ARM GAS  /var/folders/nz/mg232qzd5vg5_0nfk_8jw8mc0000gn/T//cckgoQzx.s 			page 7


  93      C3FB87D5 
  93      CC
  94 039b B33EEFB2 		.ascii	"\263>\357\262\210\310\203l\336\017\242\255\307<<\"'"
  94      88C8836C 
  94      DE0FA2AD 
  94      C73C3C22 
  94      27
  95 03ac 5311198F 		.ascii	"S\021\031\217'\223\271\231\012f\206\302l\307\342m\267"
  95      2793B999 
  95      0A6686C2 
  95      6CC7E26D 
  95      B7
  96 03bd 5058B123 		.ascii	"PX\261#\362'*\224\362\210\314\246\025\312d\024\376r"
  96      F2272A94 
  96      F288CCA6 
  96      15CA6414 
  96      FE72
  97 03cf 52581511 		.ascii	"RX\025\021\371;[A\202w\315\216\210A\031o\031_\271\340"
  97      F93B5B41 
  97      8277CD8E 
  97      8841196F 
  97      195FB9E0 
  98 03e3 2D97E10D 		.ascii	"-\227\341\015R\007\336\032\232\216H-\375\377\274!*\""
  98      5207DE1A 
  98      9A8E482D 
  98      FDFFBC21 
  98      2A22
  99 03f5 720879CB 		.ascii	"r\010y\313\311$\004#\327v`'\374\212\233`_\205\330\227"
  99      C9240423 
  99      D7766027 
  99      FC8A9B60 
  99      5F85D897 
 100 0409 76F6681F 		.ascii	"v\366h\037}j_\345K\225\273v\007\252\017\004\366\355"
 100      7D6A5FE5 
 100      4B95BB76 
 100      07AA0F04 
 100      F6ED
 101 041b A90AECAF 		.ascii	"\251\012\354\257~\375\215\003\201\335/<\273\375\261"
 101      7EFD8D03 
 101      81DD2F3C 
 101      BBFDB1
 102 042a C0CE9D4F 		.ascii	"\300\316\235O\007v<\377\314\2567\267\005\366\357\251"
 102      07763CFF 
 102      CCAE37B7 
 102      05F6EFA9 
 103 043a 7AB1AAEA 		.ascii	"z\261\252\352\345\255{\211\266\267\372\265W*_\375\007"
 103      E5AD7B89 
 103      B6B7FAB5 
 103      572A5FFD 
 103      07
 104 044b CEF4A041 		.ascii	"\316\364\240A"
 105              		.text
 106              		.section	.gnu.lto__pal_lld_setgroupmode.733b428b71ff68e8,"",%progbits
 107 0000 789C9D56 		.ascii	"x\234\235VkLTG\024\2363\367\356\335\273o*\"/\021E\320"
 107      6B4C5447 
 107      149E33F7 
 107      EEDDBB6F 
ARM GAS  /var/folders/nz/mg232qzd5vg5_0nfk_8jw8mc0000gn/T//cckgoQzx.s 			page 8


 107      2A222F11 
 108 0016 36A95DAB 		.ascii	"6\251]\253M\353\217\266i\372Hmj\243\211\366o[\037m1"
 108      4DEB8FB6 
 108      69FA486D 
 108      6AA389F6 
 108      6F5B1F6D 
 109 002b 8568B4E9 		.ascii	"\205h\264\351?\343\345!\232@|\320BH\252\251\265\305"
 109      3FE3E521 
 109      9A407CD0 
 109      4248AAA9 
 109      B5C5
 110 003d 170B1454 		.ascii	"\027\013\024T\236\326.\324\007U\320Z\025\004\024\261"
 110      9ED62ED4 
 110      0755D05A 
 110      150414B1 
 111 004d 012AA91A 		.ascii	"\001*\251\032\021\354\262\261H\317\234\331\205]Z\214"
 111      11ECB2B1 
 111      48CF9CD9 
 111      855D5A8C 
 112 005d E9867BF6 		.ascii	"\351\206{\366\316\231\357;s\2769gfQ\330\277?\015\370"
 112      CE99EF3B 
 112      73BE3967 
 112      6651D8BF 
 112      3F0DF8
 113 0070 F8AD8CBD 		.ascii	"\370\255\214\275\217\337\020\301\200\357<\317X\206\316"
 113      8FDF10C1 
 113      80EF3CCF 
 113      5886CE
 114 007f B9722F8A 		.ascii	"\271r/\212\031Vu\357\"f\330\025\320\244[\345&rk\344"
 114      195675EF 
 114      2266D815 
 114      D0A45BE5 
 114      26726BE4 
 115 0093 3605DD1A 		.ascii	"6\005\335\0328\345\213\231\353\333\346\342\274EX\273"
 115      38E58B99 
 115      EBDBE6E2 
 115      BC4558BB 
 116 00a3 0E56E9B6 		.ascii	"\016V\351\266\004_\254\334F\363v\232\267\201C\272\355"
 116      045FACDC 
 116      46F3769A 
 116      B78143BA 
 116      ED
 117 00b4 C117870C 		.ascii	"\301\027\207\014\324\240;\271\271\366\024C\244\253M"
 117      D4A03BB9 
 117      B9F61443 
 117      A4AB4D
 118 00c3 47A40B40 		.ascii	"G\244\013@\370\031\260\315\\QM\232Y\267Xmv\207\323\005"
 118      F819B0CD 
 118      5C514D9A 
 118      59B7586D 
 118      7687D305 
 119 00d7 9BB99381 		.ascii	"\233\271\223\201.\376\360\323\317\0078\354\364\226\024"
 119      2EFEF0D3 
 119      CF0738EC 
 119      F49614
 120 00e6 D9E6161B 		.ascii	"\331\346\026\033\206qo\337\305\230-1~\316\330 \227j"
 120      86716FDF 
ARM GAS  /var/folders/nz/mg232qzd5vg5_0nfk_8jw8mc0000gn/T//cckgoQzx.s 			page 9


 120      C5982D31 
 120      7ECED820 
 120      976A
 121 00f8 E100CC45 		.ascii	"\341\000\314E\310u_u\236CY\010\014\337k\313\206Zl\267"
 121      C8755F75 
 121      9E435908 
 121      0CDF6BCB 
 121      865A6CB7 
 122 010c B89FC34C 		.ascii	"\270\237\303L1\254\313o*\322\304\220\253b\330Z\336\321"
 122      31ACCB6F 
 122      2AD2C490 
 122      AB62D85A 
 122      DED1
 123 011e CE53BE33 		.ascii	"\316S\2763\214L\357\205J\3435\325\317\0258\010\012\306"
 123      8C4CEF85 
 123      4AE335D5 
 123      CF153808 
 123      0AC6
 124 0130 83431007 		.ascii	"\203C\020\007\207!\216\241\213A\011\244 z\337\265^\237"
 124      87218EA1 
 124      8B4109A4 
 124      207ADFB5 
 124      5E9F
 125 0142 A22CA2B8 		.ascii	"\242,\242\270\207\033k\237!bwnq\253\335X\354\347*x&"
 125      871B6B9F 
 125      2162776E 
 125      71ABDD58 
 125      ECE72A78 
 126 0157 325506A5 		.ascii	"2U\006\245\304\374\303\337\177\300\241\274B\314\221"
 126      C4FCC3DF 
 126      7FC0A1BC 
 126      42CC91
 127 0166 C3BB765B 		.ascii	"\303\273v[%5\257\370\022QMP6\221jbP\016)\002\177`\177"
 127      2535AFF8 
 127      12514D50 
 127      36916A62 
 127      500E2902 
 128 017d FF565D79 		.ascii	"\377V]y\235\270w\272:\236\232\375\255\240\326n9c7\232"
 128      9DB877BA 
 128      3A9E9AFD 
 128      ADA0D66E 
 128      3963379A 
 129 0191 8CECEED1 		.ascii	"\214\354\356\321\321D?\327\340\207\360\000\362\203\214"
 129      D1443FD7 
 129      E087F000 
 129      F2838C
 130 01a0 AABB9E62 		.ascii	"\252\273\236bEy\213\3307\233z\012\235D\367\036D\265"
 130      45798BD8 
 130      379B7A0A 
 130      9D44F71E 
 130      44B5
 131 01b2 D97B8D47 		.ascii	"\331{\215G\243\243 \330\225\223\260\007}\015\245&e1"
 131      A3A320D8 
 131      9593B007 
 131      7D0DA526 
 131      6531
 132 01c4 B1DB8CA6 		.ascii	"\261\333\214\246V\253d{\302\331G'a?\310\332qCS\226\020"
ARM GAS  /var/folders/nz/mg232qzd5vg5_0nfk_8jw8mc0000gn/T//cckgoQzx.s 			page 10


 132      56AB647B 
 132      C2D94727 
 132      613FC8DA 
 132      71435396 
 133 01d9 DB73B4B4 		.ascii	"\333s\264\264\323.\331\265\341\354\252I\330F\331~\257"
 133      D32ED9B5 
 133      E1ECAA49 
 133      D846D97E 
 133      AF
 134 01ea 495946EC 		.ascii	"IYF\354\007\333\267\354R$\373D8\273f\022\366\320\326"
 134      07DBB7EC 
 134      5224FB44 
 134      38BB6612 
 134      F6D0D6
 135 01fd F24EB3B2 		.ascii	"\362N\263\262\202\330\017w\225v\273\344\266\325\205"
 135      82D80F77 
 135      9576BBE4 
 135      B6D585
 136 020c 6D9B19EA 		.ascii	"m\233\031\352&\241\017d\217\264\331\264l\354\262\210"
 136      26A10F64 
 136      8FB4D9B4 
 136      6CECB288 
 137 021c 119CAF80 		.ascii	"\021\234\257\200\331p\004\237c\370T\343S\213O=\314\226"
 137      D970049F 
 137      63F854E3 
 137      538B4F3D 
 137      CC96
 138 022e 8D07C741 		.ascii	"\215\007\307A\003\306T\001\014\231,\237\3425FG\217\234"
 138      03C65401 
 138      0C992C9F 
 138      E2354647 
 138      8F9C
 139 0240 AECC7597 		.ascii	"\256\314u\227\361\247\201ZA\"\024\262*Y\023Y\215\254"
 139      F1A7815A 
 139      412214B2 
 139      2A591359 
 139      8DAC
 140 0252 99AC4ED6 		.ascii	"\231\254N\326B\326\312D$;\210^p\202hC<*\030g\012v\210"
 140      42D6CA44 
 140      243B885E 
 140      70826843 
 140      3C2A1867 
 141 0269 1EC9C452 		.ascii	"\036\311\304RS\011\030Ev\032\331h\2621\010\261\304\322"
 141      53091845 
 141      761AD968 
 141      B23108B1 
 141      C4D2
 142 027b 6B1CD978 		.ascii	"k\034\331x\341\230N\257\011dgPJ\211\264\304L19K\230"
 142      E1984EAF 
 142      09646750 
 142      4A89B4C4 
 142      4C31394B 
 143 0290 24619285 		.ascii	"$a\222\205I\021f\2160\214\365\240P<\252\275\234\343"
 143      4911668E 
 143      308CF5A0 
 143      503CAABD 
 143      9CE3
ARM GAS  /var/folders/nz/mg232qzd5vg5_0nfk_8jw8mc0000gn/T//cckgoQzx.s 			page 11


 144 02a2 977205B2 		.ascii	"\227r\005\262\257f\015\026hB\271\217\333q\277\266\227"
 144      AF660D16 
 144      6842B98F 
 144      DB71BFB6 
 144      97
 145 02b3 7D3FE812 		.ascii	"}?\350\022\347\312\202\342~\014\354d/\036\235j\256t"
 145      E7CA82E2 
 145      7E0CEC64 
 145      2F1E9D6A 
 145      AE74
 146 02c5 4063E140 		.ascii	"@c\341@W\246I\240\021z\243\347\302E]@\025\332\351c\303"
 146      57A649A0 
 146      117AA3E7 
 146      C2455D40 
 146      15DAE963 
 147 02da DFDC71EC 		.ascii	"\337\334q\354\201\2573\014\303\033\353\347V\037w\302"
 147      81AF330C 
 147      C31BEBE7 
 147      561F77C2 
 148 02ea 091100E7 		.ascii	"\011\021\000\347z\232s\253\364y%F6\226\332\006?\301"
 148      7A9A73AB 
 148      F4792546 
 148      3696DA06 
 148      3FC1
 149 02fc 1EB84F27 		.ascii	"\036\270O'\035\2740\317\307]\264\204\312\366j2\241\207"
 149      1DBC30CF 
 149      C75DB484 
 149      CAF66A32 
 149      A187
 150 030e 05F1E309 		.ascii	"\005\361\343\011\215\035t\013\356s\303XB&\326\0152\241"
 150      8D1D740B 
 150      EE73C358 
 150      4226D60D 
 150      32A1
 151 0320 1BF79540 		.ascii	"\033\367\225@BO\236A#e\000\"\203\237\3073\320\304\226"
 151      424F9E41 
 151      23650022 
 151      839FC733 
 151      D0C496
 152 0333 7440665D 		.ascii	"t@f]E\217\214\351\343S\220Z\270\343r\215\262\351\241"
 152      458F8CE9 
 152      E353905A 
 152      B8E3728D 
 152      B2E9A1
 153 0346 5164E87E 		.ascii	"Qd\350~n\037\341\262\261\306\324\333ixh\307W5 \326\336"
 153      6E1FE1B2 
 153      B1C6D4DB 
 153      697868C7 
 153      573520D6 
 154 035b 29500E38 		.ascii	")P\0168\011\233\340T`\355\253\375\333ZTw\251\021\341"
 154      099BE054 
 154      60EDABFD 
 154      DB5A5477 
 154      A911E1
 155 036e C7844E23 		.ascii	"\307\204N#\312'H\270\366\031p3\\\257k\353\313r\265H"
 155      CA2748B8 
 155      F6197033 
ARM GAS  /var/folders/nz/mg232qzd5vg5_0nfk_8jw8mc0000gn/T//cckgoQzx.s 			page 12


 155      5CAF6BEB 
 155      CB72B548 
 156 0382 5C90B502 		.ascii	"\\\220\265\002\247F\304\226@\017\0163\275_\236\213&"
 156      A746C496 
 156      400F0E33 
 156      BD5F9E8B 
 156      26
 157 0393 17D63A74 		.ascii	"\027\326:te\015C4\341\032\0101\226\023@\264u\320\363"
 157      650D4334 
 157      E11A0831 
 157      961340B4 
 157      75D0F3
 158 03a6 12798E84 		.ascii	"\022y\216\204x\034\344\251\030\367x\013r\245\257\236"
 158      781CE4A9 
 158      18F7780B 
 158      72A5AF9E 
 159 03b6 0267ECAF 		.ascii	"\002g\354\257\3173\213\300f\014\374\013mu/\276\343\005"
 159      CF338BC0 
 159      660CFC0B 
 159      6D752FBE 
 159      E305
 160 03c8 8FBB9275 		.ascii	"\217\273\222u-\247\3133_\3469\325\307M\241\245qai\316"
 160      2DA7CB33 
 160      5FE639D5 
 160      C74DA1A5 
 160      716169CE 
 161 03dc 52481E5C 		.ascii	"RH\036\\\024A\214H\277?+9Q>\274\222CA\025\002\024%A"
 161      14418C48 
 161      BF3F2B39 
 161      513EBC92 
 161      43411502 
 162 03f3 773D0B24 		.ascii	"w=\013$j\232\217[\302P\325\0025M\242\356\007BE\373\360"
 162      6A9A8F5B 
 162      C250D502 
 162      354DA2EE 
 162      074245FB 
 163 0408 C087828E 		.ascii	"\300\207\202\216\011P\264\000\015\347<\362\274*Q1><"
 163      0950B400 
 163      0DE73CF2 
 163      BC2A5131 
 163      3E3C
 164 041a FD1C0A8E 		.ascii	"\375\034\012\216\357\316\267P\377\030xt\317!\213zlU"
 164      EFCEB750 
 164      FF187874 
 164      CF218B7A 
 164      6C55
 165 042c 00142A1B 		.ascii	"\000\024*\033\217\0074\217u\230\316\256'\011\335C9\247"
 165      8F07348F 
 165      7598CEAE 
 165      2709DD43 
 165      39A7
 166 043e 4B5F90E8 		.ascii	"K_\220\350XT%\352\331\235y\226~\212,.\006-\023u\307"
 166      585425EA 
 166      D99D7996 
 166      7E8A2C2E 
 166      062D1375 
 167 0453 12DB32C6 		.ascii	"\022\3332\306n-}Q\262\343H^d\2704\271\311V\332d\254"
ARM GAS  /var/folders/nz/mg232qzd5vg5_0nfk_8jw8mc0000gn/T//cckgoQzx.s 			page 13


 167      6E2D7D51 
 167      B2E3485E 
 167      64B834B9 
 167      C956DA64 
 168 0468 4804936E 		.ascii	"H\004\223n\235\311\001ET\245\262\256\322\200\262x\251"
 168      9DC90145 
 168      54A5B2AE 
 168      D280B278 
 168      A9
 169 0479 6CE4D2F6 		.ascii	"l\344\322\366{2\015\303\300\373\350\374\004i\361A-}"
 169      7B320DC3 
 169      C0FBE8FC 
 169      0469F141 
 169      2D7D
 170 048b A062567A 		.ascii	"\240bVz^g*\246o9\336\376Q\037\350\230\212~\255}\015"
 170      5E672AA6 
 170      6F39DEFE 
 170      511FE898 
 170      8A7EAD7D 
 171 04a0 AE6FF174 		.ascii	"\256o\361t\246a\006\266\261|\373\202j\247cy\302\344"
 171      A66106B6 
 171      B17CFB82 
 171      6AA76379 
 171      C2E4
 172 04b2 51C5A653 		.ascii	"Q\305\246S\302\3661\370_Ay\011T\230\310\360\242$\020"
 172      C2F631F8 
 172      5F417909 
 172      5498C8F0 
 172      A22410
 173 04c5 DA11228F 		.ascii	"\332\021\"\217\334Z@\036E\344\262\272\217\202\353\316"
 173      DC5A401E 
 173      45E4B2BA 
 173      8F82EBCE 
 174 04d5 4079903C 		.ascii	"@y\220<\276,\336m\350\024\240\374\234V\317\007\022\224"
 174      BE2CDE6D 
 174      E814A0FC 
 174      9C56CF07 
 174      1294
 175 04e7 E8E356DC 		.ascii	"\350\343V\334\2033{nU\252\324\262X\334\013!\271\326"
 175      83337B6E 
 175      55AAD4B2 
 175      58DC0B21 
 175      B9D6
 176 04f9 8BC88942 		.ascii	"\213\310\211B<\307\234m\315B|\224\275Y\210\027\035d"
 176      3CC79C6D 
 176      CD427C94 
 176      BD598817 
 176      1D64
 177 050b BB2DC427 		.ascii	"\273-\304'\330o\223x'\303\377Z\002\371\021\321\312B"
 177      D86F9378 
 177      27C3FF5A 
 177      02F911D1 
 177      CA42
 178 051d 6A616121 		.ascii	"jaa!\231\233C\013c\012\225\241\004\006\224.\210R\264"
 178      999B430B 
 178      630A95A1 
 178      0406942E 
ARM GAS  /var/folders/nz/mg232qzd5vg5_0nfk_8jw8mc0000gn/T//cckgoQzx.s 			page 14


 178      8852B4
 179 0530 64951406 		.ascii	"d\225\024\006\356\021\221\253\357\273\356?\201r\305"
 179      EE1191AB 
 179      EFBBEE3F 
 179      8172C5
 180 053f DF875F83 		.ascii	"\337\207_\203\265\301\313\300\245\241\231\341\370\273"
 180      B5C1CBC0 
 180      A5A199E1 
 180      F8BB
 181 054d 33B50F14 		.ascii	"3\265\017\024q6\265\335\355\330\275x\213\364\201\211"
 181      7136B5DD 
 181      EDD8BD78 
 181      8BF48189 
 182 055d C6350A76 		.ascii	"\3065\012v\201\030\232iXd\302-\024C\013\015\207q\250"
 182      81189A69 
 182      5864C22D 
 182      14430B0D 
 182      8771A8
 183 0570 8BA1559C 		.ascii	"\213\241U\234Z\315\323\216Z\023\035\303&T\346\222WZ"
 183      5ACDD38E 
 183      5A131DC3 
 183      2654E692 
 183      575A
 184 0582 63D5C050 		.ascii	"c\325\300P\243I\24623\344\246\204\307\336\222\027\351"
 184      A349A632 
 184      33E4A684 
 184      C7DE9217 
 184      E9
 185 0593 96A45FC6 		.ascii	"\226\244_\306\337`\236l\302\313\001A\2630\220\320L="
 185      DF609E6C 
 185      C2CB0141 
 185      B33090D0 
 185      4C3D
 186 05a5 705295CE 		.ascii	"pR\225\316$\362\233\321\331\230\177\323\371\037\267"
 186      24F29BD1 
 186      D9987FD3 
 186      F91FB7
 187 05b4 B2F9B1EB 		.ascii	"\262\371\261\353]\032_\357\262\270\225\223D\240\252"
 187      5D1A5FEF 
 187      B2B89593 
 187      44A0AA
 188 05c3 8A07C1CC 		.ascii	"\212\007\301\314\223\2378\363+\024I\021\221Z'f\216\325"
 188      939F38F3 
 188      2B144911 
 188      915A2766 
 188      8ED5
 189 05d5 4916A50B 		.ascii	"I\026\245\013\313|\016\371-\3777\363\266\361\365\256"
 189      CB7C0EF9 
 189      2DFF37F3 
 189      B6F1F5AE 
 190 05e5 8ACCE7B0 		.ascii	"\212\314\347\260.\310\360\266\275+\002\2112\367`C\264"
 190      2EC8F0B6 
 190      BD2B0289 
 190      32F76043 
 190      B4
 191 05f6 E9A86CFE 		.ascii	"\351\250l\376\033\251kW\255]\272\334\275n\243;ue\232"
 191      1BA96B57 
ARM GAS  /var/folders/nz/mg232qzd5vg5_0nfk_8jw8mc0000gn/T//cckgoQzx.s 			page 15


 191      AD5DBADC 
 191      BD6EA33B 
 191      75659A
 192 0609 7BFDBA0D 		.ascii	"{\375\272\015\237ot/_\361\336\302\005\356%K\336t\277"
 192      9F6F742F 
 192      5FF1DEC2 
 192      05EE254B 
 192      DE74BF
 193 061c BDEC9DA5 		.ascii	"\275\354\235\245_<\357^\2772\355\303\264\2645\317\255"
 193      5F3CEF5E 
 193      BF32EDC3 
 193      B4B435CF 
 193      AD
 194 062d 66AA40A8 		.ascii	"f\252@\250\351+7~\246\246\257[\3631OO\345\351i\312\352"
 194      E92B377E 
 194      A6A6AF5B 
 194      F3314F4F 
 194      E5E969CA 
 195 0642 0DA9F8E0 		.ascii	"\015\251\370\340\367'\237\302\332\177\000\016\374\305"
 195      F7279FC2 
 195      DA7F000E 
 195      FCC5
 196 0650 87       		.ascii	"\207"
 197              		.text
 198              		.section	.gnu.lto_.symbol_nodes.733b428b71ff68e8,"",%progbits
 199 0000 789C6366 		.ascii	"x\234cf``\320a\200\002\246[\214\365\014\014\023\316"
 199      6060D061 
 199      8002A65B 
 199      8CF50C0C 
 199      13CE
 200 0012 3130D4D7 		.ascii	"10\324\3273\314[\300\301\300t\233\261\236\021Y\200\365"
 200      33CC5BC0 
 200      C1C0749B 
 200      B19E1159 
 200      80F5
 201 0024 0E23C302 		.ascii	"\016#\303\002\246zf\006\000 ;\0144"
 201      A67A6606 
 201      00203B0C 
 201      34
 202              		.text
 203              		.section	.gnu.lto_.refs.733b428b71ff68e8,"",%progbits
 204 0000 789C6366 		.ascii	"x\234cf```c\200\000FF\006&V\006\000\000\267\000\023"
 204      60606063 
 204      80004646 
 204      06265606 
 204      0000B700 
 205              		.text
 206              		.section	.gnu.lto_.decls.733b428b71ff68e8,"",%progbits
 207 0000 789CA558 		.ascii	"x\234\245XkPSI\026\276};\011\311%\004WJ\306\262\254"
 207      6B505349 
 207      16BE7D3B 
 207      09C92504 
 207      574AC6B2 
 208 0015 5DC51ACA 		.ascii	"]\305\032\312\331\325\011\250\343\256U[\265#\301\327"
 208      D9D509A8 
 208      E3AE555B 
 208      B523C1D7 
ARM GAS  /var/folders/nz/mg232qzd5vg5_0nfk_8jw8mc0000gn/T//cckgoQzx.s 			page 16


 209 0025 8CA36C70 		.ascii	"\214\243lp\177\315\217\014\002jj\200\260\022\267\234"
 209      7FCD8F0C 
 209      026A6A80 
 209      B012B79C 
 210 0035 7F571104 		.ascii	"\177W\021\004_ \370\326\321 8\242<D\304\027 *\312C\020"
 210      5F20F8D6 
 210      D12038A2 
 210      3C44C417 
 210      202ACA43 
 211 004a D0111F8C 		.ascii	"\320\021\037\214:D| \012\212\212\022QaOw\337<\210\301"
 211      3A447C20 
 211      0A8A8A12 
 211      51614F77 
 211      DF3C88C1 
 212 005e 717653F5 		.ascii	"qvS\365\321\367t\177}\316\351\327\351\323`\216\343\246"
 212      D1F7747F 
 212      7DCEE9D7 
 212      E9D3608E 
 212      E3A6
 213 0070 208E1B80 		.ascii	" \216\033\200\337X?\216\333\300s\034\206\2720\000Ts"
 213      DF583F8E 
 213      DBC0731C 
 213      86BA3000 
 213      5473
 214 0082 6339F683 		.ascii	"c9\366\203j\256\205c\225\244\3763\304\015\372\2216\037"
 214      6AAE8563 
 214      95A4FE33 
 214      C40DFA91 
 214      361F
 215 0094 A99F06A0 		.ascii	"\251\237\006\240\006\\\225\372\317\000n(\3406|7\003"
 215      065C95FA 
 215      CF006E28 
 215      E0367C37 
 215      03
 216 00a5 66C2F72C 		.ascii	"f\302\367,\300s\370\356\226\270! 7AY\006\350\000\234"
 216      C073F8EE 
 216      96B82120 
 216      37415906 
 216      E8009C
 217 00b8 023C0254 		.ascii	"\002<\002T\000:\001\365\200\213\200\006@\243\344[\013"
 217      003A01F5 
 217      808B8006 
 217      40A3E45B 
 217      0B
 218 00c9 E7E1070D 		.ascii	"\347\341\007\015\303\334\374\350\001\364\002\372\000"
 218      C3DCFCE8 
 218      01F402FA 
 218      00
 219 00d6 4701B301 		.ascii	"G\001\263\001\376\222o\304>\361k6\364\363\005\250\000"
 219      FE926FC4 
 219      3EF16B36 
 219      F4F305A8 
 219      00
 220 00e7 5F812C03 		.ascii	"_\201,\003\264\003\036K~tJ6\207\032\3773\036\235,\354"
 220      B4031E4B 
 220      7E744A36 
 220      871AFF33 
ARM GAS  /var/folders/nz/mg232qzd5vg5_0nfk_8jw8mc0000gn/T//cckgoQzx.s 			page 17


 220      1E9D2CEC 
 221 00fb 69F07EC8 		.ascii	"i\360~\310#\2150\206\210\245\031\265\333\024 \252\005"
 221      238D3086 
 221      88A519B5 
 221      DB1420AA 
 221      05
 222 010c 1911B75E 		.ascii	"\031\021\267^\353}\200i\253\025\023\331&\332j\225\264"
 222      EB7D8069 
 222      AB1513D9 
 222      26DA6A95 
 222      B4
 223 011d F9EF44CC 		.ascii	"\371\357D\314\336v\247Y\230pP\024\305\024\361\3140\247"
 223      DE76A759 
 223      98705014 
 223      C514F1CC 
 223      30A7
 224 012f D2A2D379 		.ascii	"\322\242\323y\251*\332\355;\"\366&u\247\012\264\227"
 224      A92ADAED 
 224      3B22F626 
 224      75A70AB4 
 224      97
 225 0140 9A88AD15 		.ascii	"\232\210\255\025e\017\024\030|\206\357\323\025\266j"
 225      650F1418 
 225      7C86EFD3 
 225      15B66A
 226 014f 018FA6DF 		.ascii	"\001\217\246\337\353R\254\027\004\374)\375^\361S\331"
 226      EB52AC17 
 226      04FC29FD 
 226      5EF153D9 
 227 015f 3A2FE832 		.ascii	":/\3502V\240\012[w\276\316QQ\221,\271/T\361\265\017"
 227      56A00A5B 
 227      77BECE51 
 227      51912CB9 
 227      2F54F1B5 
 228 0174 C46C0D0A 		.ascii	"\304l\015\012\024r\300z\367\303\214\352\321\242(C%H"
 228      1472C07A 
 228      F7C38CEA 
 228      D1A22843 
 228      2548
 229 0186 404508A3 		.ascii	"@E\010\243<4\201\214\232\364&\277\024Q\\)\246'\212\252"
 229      3C34818C 
 229      9AF426BF 
 229      14515C29 
 229      A6278AAA 
 230 019a 5A0D87F6 		.ascii	"Z\015\207\366\243Q(\027\215\342\320\021\024\010\014"
 230      A3512817 
 230      8DE2D011 
 230      14080C
 231 01a9 CA4587A1 		.ascii	"\312E\207\241\262\030*Aq\325\333\212Ur$\004z\356t\314"
 231      B2182A41 
 231      71D5DB8A 
 231      55722404 
 231      7AEE74CC 
 232 01bd 4327EAC2 		.ascii	"C'\352\302\256\244\014\177\342\302Qp\341\220\323\005"
 232      AEA40C7F 
 232      E2C25170 
 232      E190D305 
ARM GAS  /var/folders/nz/mg232qzd5vg5_0nfk_8jw8mc0000gn/T//cckgoQzx.s 			page 18


 233 01cd F0C8312D 		.ascii	"\360\3101-%\226\374\032\214o#:\302\227\211i\255\012"
 233      2596FC1A 
 233      8C6F233A 
 233      C2978969 
 233      AD0A
 234 01df 7C87092F 		.ascii	"|\207\011/z\317\026\310\361}&\344l\336\222/\247\323"
 234      7ACF16C8 
 234      F17D26E4 
 234      6CDE922F 
 234      A7D3
 235 01f1 A50451FE 		.ascii	"\245\004Q\376\270m\365=\001\005\370\005\004\004Z\300"
 235      B86DF53D 
 235      0105F805 
 235      04045AC0 
 236 0201 A5EE969A 		.ascii	"\245\356\226\232W\2633\022\305\234\221\324\324q0U\216"
 236      57B33312 
 236      C59C91D4 
 236      D4713055 
 236      8E
 237 0212 FC9C0E8E 		.ascii	"\374\234\016\216\037\005V\377\014\177\270\215\340\226"
 237      1F0556FF 
 237      0C7FB88D 
 237      E096
 238 0220 982E8A5F 		.ascii	"\230.\212_\2329\224\017\315\005\2104\0212\370\206N\303"
 238      9A39940F 
 238      CD058834 
 238      1132F886 
 238      4EC3
 239 0232 40CA5000 		.ascii	"@\312P\000\252\000\234B\001\324G\242\337\362k\266\242"
 239      AA009C42 
 239      01D447A2 
 239      DFF26BB6 
 239      A2
 240 0243 3688EA3E 		.ascii	"6\210\352>\351\256\273\0249\224S\352-\007\365\204G7"
 240      E9AEBB14 
 240      399453EA 
 240      2D07F584 
 240      4737
 241 0255 F6133E9D 		.ascii	"\366\023>\235\036\353\215l\205\210\010\205\223f\306"
 241      1EEB8D6C 
 241      85880885 
 241      9366C6
 242 0264 B15BF8E4 		.ascii	"\261[\370\344=\015y<\012\364\243\274\326H%:\013\212"
 242      3D0D793C 
 242      0AF4A3BC 
 242      D648253A 
 242      0B8A
 243 0276 0A9D5348 		.ascii	"\012\235SH:\321\237\247\001\24130\216\017\215\011&\364"
 243      3AD19FA7 
 243      01A13330 
 243      8E0F8D09 
 243      26F4
 244 0288 EABB863F 		.ascii	"\352\273\206?\342\035<\235\\\353\273\364\0229\316b\302"
 244      E21D3C9D 
 244      5CEBBBF4 
 244      1239CE62 
 244      C2
ARM GAS  /var/folders/nz/mg232qzd5vg5_0nfk_8jw8mc0000gn/T//cckgoQzx.s 			page 19


 245 0299 A6BA8DDF 		.ascii	"\246\272\215\337\341\\\366\275\275\367b\265/\235\365"
 245      E15CF6BD 
 245      BDF762B5 
 245      2F9DF5
 246 02a8 9144CCCF 		.ascii	"\221D\314\317O\337\342\205\017\2616\373!Q\263C\322q"
 246      4FDFE285 
 246      0FB136FB 
 246      2151B343 
 246      D271
 247 02ba BAA3DC1B 		.ascii	"\272\243\334\033\037cm\255\275\255\225^\264-\010D\257"
 247      1F636DAD 
 247      BDAD955E 
 247      B42D0844 
 247      AF
 248 02cb FED6B424 		.ascii	"\376\326\264$\204`\261\340\027\350\352\360\001p\370"
 248      8460B1E0 
 248      17E8EAF0 
 248      0170F8
 249 02da 209DBF3A 		.ascii	" \235\277:\311\333K\340m\023xZ\017\270\010h\0004:WB"
 249      C9DB4BE0 
 249      6D13785A 
 249      0FB80868 
 249      00343A57 
 250 02ef B4BECD9E 		.ascii	"\264\276\315\236'\302\374\222\3518\007\323A\3729\206"
 250      27C2FC92 
 250      E93807D3 
 250      41FA3986 
 251 02ff CD96824D 		.ascii	"\315\226\202M0![\372\307I\324\363\356\324\252A\253&"
 251      30215BFA 
 251      C749D4F3 
 251      EED4AA41 
 251      AB26
 252 0311 5A523E95 		.ascii	"ZR>\225\230\325\356\314\032w\245k\355\324Zw\352\005"
 252      98D5EECC 
 252      1A77A56B 
 252      EDD45A77 
 252      EA05
 253 0323 37A57D76 		.ascii	"7\245}v\363\225\356L\347\206\244\013l\243\033\241\316"
 253      F395EE4C 
 253      E786A40B 
 253      6CA31BA1 
 253      CE
 254 0334 C3464059 		.ascii	"\303F@Y=\371\307\275\360):\257\374\300\255\313\315\030"
 254      3DF9C7BD 
 254      F0293AAF 
 254      FCC0ADCB 
 254      CD18
 255 0346 F9799C43 		.ascii	"\371y\234Ct\005\246\356c\246\221Z\3741Z\211~\006\362"
 255      7405A6EE 
 255      63A6915A 
 255      FC315A89 
 255      7E06F2
 256 0359 65E796AA 		.ascii	"e\347\226\252\263o)\260\272*+\265B\345'\231\261\014"
 256      B36F29B0 
 256      BA2A2BB5 
 256      42E52799 
 256      B10C
ARM GAS  /var/folders/nz/mg232qzd5vg5_0nfk_8jw8mc0000gn/T//cckgoQzx.s 			page 20


 257 036b 65861BD2 		.ascii	"e\206\033\322\006\211\232\271\375)H\275\306\0310P\263"
 257      06899AB9 
 257      FD2948BD 
 257      C6193050 
 257      B3
 258 037c CB59E0D0 		.ascii	"\313Y\340\320U\244\226\2305/m\373\004\031\317\352\320"
 258      55A49698 
 258      352F6DFB 
 258      0419CFEA 
 258      D0
 259 038d B734C8DA 		.ascii	"\2674\310\332:zO\311?\331L\035H\024\207\311P\230\277"
 259      3A7A4FC9 
 259      3FD94C1D 
 259      481487C9 
 259      5098BF
 260 03a0 4BDFEBE8 		.ascii	"K\337\353\350\023\370{\015\311\230\202\266\334\353e"
 260      13F87B0D 
 260      C99882B6 
 260      DCEB65
 261 03af 5EB886ED 		.ascii	"^\270\206\355\275\273\367z\254x\314n\321R\324]\260\266"
 261      BDBBF77A 
 261      AC78CC6E 
 261      D152D45D 
 261      B0B6
 262 03c1 3D68BB68 		.ascii	"=h\273hY)\366\017\014 \332\013\335p\214\227#\337\354"
 262      5929F60F 
 262      0C20DA0B 
 262      DD708C97 
 262      23DFEC
 263 03d4 A2694163 		.ascii	"\242iAc\240c\231\355\330~\015\213\353TQq\371\303\227"
 263      A06399ED 
 263      D87E0D8B 
 263      EB545171 
 263      F9C397
 264 03e7 6CF38F26 		.ascii	"l\363\217&\342\315k]6/\234\214i[We\316r\001\202a\342"
 264      E2CD6B5D 
 264      362F9C8C 
 264      695B5765 
 264      CE720182 
 265 03fd C70543E8 		.ascii	"\307\005C\350Q\371K\357J9\316d\3357\\m)\366\306[\231"
 265      51F94BEF 
 265      4A39CE64 
 265      DD375C6D 
 265      29F6C65B 
 266 0412 70FAC28A 		.ascii	"p\372\302\212\006\001\357d\302\315\214\254\375\032\274"
 266      0601EF64 
 266      C2CD8CAC 
 266      FD1ABC
 267 0421 87099937 		.ascii	"\207\011\2317\366\366\0138\233\011\365m\266\027j\352"
 267      F6F60B38 
 267      9B09F56D 
 267      B6176AEA 
 268 0431 CE30221E 		.ascii	"\3160\"\036\251H\311\024p.k;|\276\"\321\033\347SAu8"
 268      A948C914 
 268      702E6B3B 
 268      7CBE22D1 
 268      1BE75341 
ARM GAS  /var/folders/nz/mg232qzd5vg5_0nfk_8jw8mc0000gn/T//cckgoQzx.s 			page 21


 269 0447 7D57B90A 		.ascii	"}W\271\012\005\260\237\037\304\307U\211\335\035]}_\261"
 269      05B09F1F 
 269      C4C75589 
 269      DD1D5D7D 
 269      5FB1
 270 0459 F8781B02 		.ascii	"\370x\033\002\223\025&\241k\310\030\266*\321\322\225"
 270      931526A1 
 270      6BC818B6 
 270      2AD1D295 
 271 0469 476218A1 		.ascii	"Gb\030\241\266\271S\357\272Q\237:\250\367\335\251Un"
 271      B6B953EF 
 271      BA519F3A 
 271      A8F7DDA9 
 271      556E
 272 047b D44E07F5 		.ascii	"\324N\007\365\216g\007\354\207\014\270\217\034\334V"
 272      8E6707EC 
 272      870CB88F 
 272      1CDC56
 273 048a 77EE7837 		.ascii	"w\356x7\352\023\007\365\236gg]\270\035\016\356\257\036"
 273      EA1307F5 
 273      9E67675D 
 273      B81D0EEE 
 273      AF1E
 274 049c D5BE7747 		.ascii	"\325\276wG\374\002\3157\251\226.\351h=\201\365\355\204"
 274      FC02CD37 
 274      A9962EE9 
 274      683D81F5 
 274      ED84
 275 04ae ADFE08F0 		.ascii	"\255\376\010\360\000\320\001h\007<\006<t=b\255y\344"
 275      00D00168 
 275      073C063C 
 275      743D62AD 
 275      79E4
 276 04c0 5077798A 		.ascii	"Pwy\212\356;\366l\200{M\212\356\266\357\225\250\033"
 276      EE3BF66C 
 276      807B4D8A 
 276      EEB6EF95 
 276      A81B
 277 04d2 94DF721E 		.ascii	"\224\337r\036\305.O\321\335\356\012z\012\036\374\036"
 277      C52E4FD1 
 277      DDEE0A7A 
 277      0A1EFC1E 
 278 04e2 6F6083BC 		.ascii	"o`\203\274\256K^\355\203;\330n)\312L\335#\037t2\273"
 278      AE4B5EED 
 278      833BD86E 
 278      29CA4CDD 
 278      231F7432 
 279 04f7 079DCCE7 		.ascii	"\007\235\314\347p\012\231#\340j\366\263\312i(PM\257"
 279      700A9923 
 279      E06AF6B3 
 279      CA692850 
 279      4DAF
 280 0509 F396D547 		.ascii	"\363\226\325G\246'\212_\242\036 <sz\373\234\235d\216"
 280      A6278A5F 
 280      A21E203C 
 280      737AFB9C 
 280      9D648E
ARM GAS  /var/folders/nz/mg232qzd5vg5_0nfk_8jw8mc0000gn/T//cckgoQzx.s 			page 22


 281 051c 1B4A257A 		.ascii	"\033J%z\001^\272jE\031?_<\342\215{\250?|\341\211\326"
 281      015EBA6A 
 281      45193F5F 
 281      3CE28D7B 
 281      A83F7CE1 
 282 0532 A74A296B 		.ascii	"\247J)k\261\036\254\022`\326za\205^:-\034E\037LZ^y>"
 282      B11EAC12 
 282      60D67A61 
 282      855E3A2D 
 282      1C451F4C 
 283 054a 72459595 		.ascii	"rE\225\225#\360\012\031\265\221\234\365\366\200\217"
 283      23F00A19 
 283      B5919CF5 
 283      F6808F
 284 0559 64C37248 		.ascii	"d\303rH\216P\037X\260}\264\205\327\236-47\367\235\303"
 284      8E501F58 
 284      B07DB485 
 284      D79E2D34 
 284      37F79DC3 
 285 056d 34721175 		.ascii	"4r\021u,r\245\245=9\345E\353\310 \336 Z\331\260\356"
 285      2C72A5A5 
 285      3D39E545 
 285      EBC820DE 
 285      205AD9B0 
 286 0582 7923AB24 		.ascii	"y#\253$s\367\226U\236,\277\363N9d\214\353\2471\356\235"
 286      73F79655 
 286      9E2CBFF3 
 286      4E39648C 
 286      EBA731EE 
 287 0597 3DC6359D 		.ascii	"=\3065\235-\337\354\213\327\320\321\240wMMoTR\214\253"
 287      2DDFEC8B 
 287      D7D0D1A0 
 287      774D4D6F 
 287      54528CAB 
 288 05ab DF1BEC12 		.ascii	"\337\033\354\022\343\240\027\032p\211q\003\366\030'"
 288      E3A0171A 
 288      70897103 
 288      F61827
 289 05ba F2635C52 		.ascii	"\362c\\RH\177\226Bn\250\337q\026Sq\200\352\335z\371"
 289      487F9642 
 289      6EA8DF71 
 289      16537180 
 289      EADD7AF9 
 290 05ce C67119B6 		.ascii	"\306q\031\2660#kn\036\270\350\205s\331\374e\334\355"
 290      30236B6E 
 290      1EB8E885 
 290      73D9FC65 
 290      DCED
 291 05e0 D987EC09 		.ascii	"\331\207\354\011`w\206\210Grh\302(\364\031\314M2\037"
 291      60778688 
 291      477268C2 
 291      28F419CC 
 291      4D321F
 292 05f3 080AD8DC 		.ascii	"\010\012\330\334\254\340G\241\225\274\224\375=\354\263"
 292      ACE047A1 
 292      95BC94FD 
 292      3DECB3
ARM GAS  /var/folders/nz/mg232qzd5vg5_0nfk_8jw8mc0000gn/T//cckgoQzx.s 			page 23


 293 0602 2292FD25 		.ascii	"\"\222\375%\361\002Z\305;\246\332\337\221\374\361\326"
 293      F1025AC5 
 293      3BA6DADF 
 293      91FCF1D6 
 294 0612 EBFBFEE9 		.ascii	"\353\373\376\351Yi\312PJw%\325\217 JW\203\322D\247R"
 294      5969CA50 
 294      4A7725D5 
 294      8F204A57 
 294      83D244A7 
 295 0627 B0E1B8BC 		.ascii	"\260\341\270\274\322\256\324\236\224\013\222\322\224"
 295      D2AED49E 
 295      940B92D2 
 295      94
 296 0634 DF504A02 		.ascii	"\337PJ\002}\325\356\247,\241O\247\003O\351\332\236\306"
 296      7DD5EEA7 
 296      2CA14FA7 
 296      034FE9DA 
 296      9EC6
 297 0646 329BE1F4 		.ascii	"2\233\341\364*j{\336\200\251\370\007\252\275\255\343"
 297      2A6A7BDE 
 297      80A9F807 
 297      AABDADE3 
 298 0656 9E37D12E 		.ascii	"\2367\321.\332\267\272ZpY\266\365\304\021\010&h\035"
 298      DAB7BA5A 
 298      7059B6F5 
 298      C4110826 
 298      681D
 299 0668 53BE7E4D 		.ascii	"S\276~M\351\023\337\341\351\3229\036\203\250\343k\300"
 299      E913DFE1 
 299      E9D2391E 
 299      83A8E36B 
 299      C0
 300 0679 F85A9ED0 		.ascii	"\370Z\236\3207\360\303\355\235\010\373ZSK\211\267+;"
 300      37F0C3ED 
 300      9D08FB5A 
 300      534B89B7 
 300      2B3B
 301 068b F543ECD4 		.ascii	"\365C\354\324s\027Z|p1[\256\253\273\272\363T\370$\023"
 301      73175A7C 
 301      70315BAE 
 301      ABBBBAF3 
 301      54F82413 
 302 069f EC4F167F 		.ascii	"\354O\026\177\366d\331q\375~\017[g\336U\3240qCa\316"
 302      F664D971 
 302      FD7E0F5B 
 302      67DE55D4 
 302      30714361 
 303 06b4 0B5F2A62 		.ascii	"\013_*b\327T\333\237\246\332\016U\032\246\252\363\312"
 303      D754DB9F 
 303      A6DA0E55 
 303      1AA6AAF3 
 303      CA
 304 06c5 CE523515 		.ascii	"\316R5\025\345\364 '\2358\301.M\205\253*\177\246\252"
 304      E5F42027 
 304      9D38C12E 
 304      4D85AB2A 
 304      7FA6AA
ARM GAS  /var/folders/nz/mg232qzd5vg5_0nfk_8jw8mc0000gn/T//cckgoQzx.s 			page 24


 305 06d8 37DBFA18 		.ascii	"7\333\372\030\321V/W\321\237\2117j\267~A\033Ut\242\372"
 305      D1562F57 
 305      D19F8937 
 305      6AB77E41 
 305      1B5574A2 
 306 06ed 9E35304D 		.ascii	"\23650M\002\021\333\323s\0171;\336\256\317%\015{.u\026"
 306      0211DBD3 
 306      730F313B 
 306      DEAECF25 
 306      0D7B2E75 
 307 0702 5BAA9554 		.ascii	"[\252\225T\364\241\367_\326\315^6 \015Ul]Y\307\336o"
 307      F4A1F75F 
 307      D6CD5E36 
 307      200D556C 
 307      5D59C7DE 
 308 0717 BEAE37A7 		.ascii	"\276\2567\247\206\335\234v\315\376L\263}y5ly\355}\375"
 308      86DD9C76 
 308      CDFE4CB3 
 308      7D79356C 
 308      79ED7DFD 
 309 072b 59DF2DF7 		.ascii	"Y\337-\367K\327{O-\021S,\227`\351\371\341pC\240\014"
 309      4BD77B4F 
 309      2D11532C 
 309      9760E9F9 
 309      E17043A0 
 310 0740 588FBF8C 		.ascii	"X\217\277\214B\231Pl\342\231\270\031\260\005\260U*\267"
 310      4299506C 
 310      E299B819 
 310      B005B055 
 310      2AB7
 311 0752 01C80EDB 		.ascii	"\001\310\016\333\016\330\001\330\011\330\005\230\300"
 311      0ED801D8 
 311      09D80598 
 311      C0
 312 075f 9A7F9468 		.ascii	"\232\177\224h\273\245r\217TZ\2442K*\367Je\266T\346\000"
 312      BBA5728F 
 312      545AA432 
 312      4B2AF74A 
 312      65B654E6 
 313 0774 F6017E02 		.ascii	"\366\001~\002\354g\373\253\345Z\365Z\331\270,\361\222"
 313      EC67FBAB 
 313      E55AF55A 
 313      D9B82CF1 
 313      92
 314 0785 A5BB202F 		.ascii	"\245\273 /{z\246(\346\300{h\340\037\177\242\336\246"
 314      7B7AA628 
 314      E6C07B68 
 314      E01F7FA2 
 314      DEA6
 315 0797 C3098193 		.ascii	"\303\011\201\223\357\262\2056\362\020\020P.?\025R:~"
 315      EFB28536 
 315      F2101050 
 315      2E3F1552 
 315      3A7E
 316 07a9 1C28E84B 		.ascii	"\034(\350K\272\222\314\323\361\237\241\273!\267\255"
 316      BA92CCD3 
 316      F19FA1BB 
ARM GAS  /var/folders/nz/mg232qzd5vg5_0nfk_8jw8mc0000gn/T//cckgoQzx.s 			page 25


 316      21B7AD
 317 07b8 31C3876E 		.ascii	"1\303\207n\367\361t\2574^O\225\343*\266\255V^\352\274"
 317      F7F174AF 
 317      345E4F95 
 317      E32AB6AD 
 317      565EEABC 
 318 07cc EB8B2F33 		.ascii	"\353\213/3"
 319 07d0 414C6B5F 		.ascii	"ALk_\205q3\023R3\022\333\225\270\205\011Wr\323S\224"
 319      85713313 
 319      523312DB 
 319      95B88509 
 319      5772D353 
 320 07e5 F836135E 		.ascii	"\3706\023^7\266\037\305\370\001\023\216\246\265\357"
 320      37B61FC5 
 320      F801138E 
 320      A6B5EF
 321 07f4 91E1A74C 		.ascii	"\221\341\247L\250\272\236\334\241\300\257\230\320\262"
 321      A8BA9EDC 
 321      A1C0AF98 
 321      D0B2
 322 0802 7F75A612 		.ascii	"\177u\246\022\3673a\343\276M\311<N\226\263\374\250\272"
 322      F73361E3 
 322      BE4DC93C 
 322      4E96B3FC 
 322      A8BA
 323 0814 71AF0AAF 		.ascii	"q\257\012\257\245\202:mc\217\305\376\224\240\317\211"
 323      A5823A6D 
 323      638FC5FE 
 323      94A0CF89 
 324 0824 00D72BF2 		.ascii	"\000\327+\362 \0143\217\016\3638\317\356\307\263p\344"
 324      200C338F 
 324      0EF338CF 
 324      EEC7B370 
 324      E4
 325 0835 4FF001E8 		.ascii	"O\360\001\350$\3404\240\034p\012P\012\250\004\234\001"
 325      24E034A0 
 325      1C700A50 
 325      0AA8049C 
 325      01
 326 0846 5400CA78 		.ascii	"T\000\312x\373\033\203fK\245_;\263\245\002\230C\242"
 326      FB1B8366 
 326      4BA55F3B 
 326      B3A50298 
 326      43A2
 327 0858 CE43A6C0 		.ascii	"\316C\246\300\322\232\002{NQ\350\221\351\222~\330\034"
 327      D29A027B 
 327      4E51E891 
 327      E9927ED8 
 327      1C
 328 0869 D46277EA 		.ascii	"\324bw\352{\251\312[\007\367\230;\267\306\235\373\304"
 328      7BA9CA5B 
 328      07F7983B 
 328      B7C69DFB 
 328      C4
 329 087a C12D72E7 		.ascii	"\301-r\347\276\227Y=up\017{\366\3019\2627\016\352Q\317"
 329      BE97593D 
 329      75700F7B 
ARM GAS  /var/folders/nz/mg232qzd5vg5_0nfk_8jw8mc0000gn/T//cckgoQzx.s 			page 26


 329      F6C139B2 
 329      370EEA51 
 330 088f 2EB8648C 		.ascii	".\270d\214\016\352!\317\0368\251}\016j\211;\265\312"
 330      0EEA21CF 
 330      1E38A97D 
 330      0E6A893B 
 330      B5CA
 331 08a1 C5599A0D 		.ascii	"\305Y\232\015t\024\220\034\0128n9\024Qd}]P\247\026%"
 331      7414901C 
 331      0A386E39 
 331      1451647D 
 331      5D50A716 
 332 08b6 55473CAB 		.ascii	"UG<\253\242V\341\242ik<>\240\261'\\\003\261Jt\036\270"
 332      A256E1A2 
 332      696B3C3E 
 332      A0B1275C 
 332      03B14A74 
 333 08cc F9CEEB83 		.ascii	"\371\316\353\203Xx/\341\262\357&t\0166\321\377\272\241"
 333      58782FE1 
 333      B2EF2674 
 333      0E36D1FF 
 333      BAA1
 334 08de C83F32B2 		.ascii	"\310?2\262\036\364)\007\345[\347y\327|\253\212\247\371"
 334      1EF42907 
 334      E55BE779 
 334      D77CAB8A 
 334      A7F9
 335 08f0 1329815D 		.ascii	"\023)\201]X\\x\000\015zzyz\326s\357\275\351Q5\357\007"
 335      585C7800 
 335      0D7A7A79 
 335      7AD673EF 
 335      BDE95135 
 336 0906 DD775A2E 		.ascii	"\335wZ.mU\013R\026\223\362\333O\023T\303\013$\2239w"
 336      6D550B52 
 336      1693F2DB 
 336      4F1354C3 
 336      0B249339 
 337 091b C6A618E4 		.ascii	"\306\246\030\344#\011\037N\037k%\037I\251\2305\357_"
 337      23091F4E 
 337      1F6B251F 
 337      49A99835 
 337      EF5F
 338 092d 6374DCF0 		.ascii	"ct\334\360\004s\354\344I\206\305\361F\223!!\332\274"
 338      0473ECE4 
 338      4986C5F1 
 338      46932121 
 338      DABC
 339 093f 2CDE6056 		.ascii	",\336`V.3\306\231\241\316,\030\014\366\317o\265\313"
 339      2E33C699 
 339      A1CE2C18 
 339      0CF6CF6F 
 339      B5CB
 340 0951 12966A63 		.ascii	"\022\226jcL\221\0211ZS\274Y\27382rb\304\322\330\211"
 340      4C911131 
 340      5A53BC59 
 340      BB383272 
 340      62C4D2D8 
ARM GAS  /var/folders/nz/mg232qzd5vg5_0nfk_8jw8mc0000gn/T//cckgoQzx.s 			page 27


 341 0966 71A6B8E8 		.ascii	"q\246\270\350\211\321\021\013\215\023\247\030\246M\234"
 341      89D1110B 
 341      8D13A718 
 341      A64D9C
 342 0975 1414FCC5 		.ascii	"\024\024\374\305\277'k\0075h\215q\2211\313\242\242\265"
 342      BF276B07 
 342      35688D71 
 342      9131CBA2 
 342      A2B5
 343 0987 B111914B 		.ascii	"\261\021\221K\214q\321ZCT\364\242\210e1f\203\371\207"
 343      8C71D15A 
 343      4354F4A2 
 343      88653166 
 343      83F987
 344 099a F8E884CF 		.ascii	"\370\350\204\317\227pa\377\277\356\204\037\022\264\206"
 344      977061FF 
 344      BFEE841F 
 344      12B486
 345 09a9 04731478 		.ascii	"\004s\024x\013\012\261)j)\216\\\032\003X\022\244[b\\"
 345      0B0AB129 
 345      6A298E5C 
 345      1A035812 
 345      A45B625C 
 346 09bd 689C1FAE 		.ascii	"h\234\037\2565%h\227\200\201x\323Rs\2026|\3017\223'"
 346      35256897 
 346      808178D3 
 346      52738236 
 346      7CC13793 
 347 09d2 69E7CE0D 		.ascii	"i\347\316\015\325\316\012\2333\377?\301\332\370\210"
 347      D5CE0A9B 
 347      33FF3FC1 
 347      DAF888
 348 09e1 18434C4C 		.ascii	"\030CLL\024tV\204M\017\2150G(\302BX\241cE(+f\220B\025"
 348      14745684 
 348      4D0F8D30 
 348      4728C242 
 348      58A16345 
 349 09fb 367DAECE 		.ascii	"6}\256\316\024\267\310\270\330\307 u4\030\343\214\346"
 349      14B7C8B8 
 349      D8C72075 
 349      3418E38C 
 349      E6
 350 0a0c DF692B92 		.ascii	"\337i+\222S\223\032\303\002\230\207\320\350EX\247\237"
 350      53931AC3 
 350      029887D0 
 350      E84558A7 
 350      9F
 351 0a1d 0B988DE7 		.ascii	"\013\230\215\347\204\352\361\374P\275,$\\\257\307!z"
 351      84EAF1FC 
 351      50BD2C24 
 351      5CAFC721 
 351      7A
 352 0a2e BD6CAEEE 		.ascii	"\275l\256\356k\375_]tG\232bcMq\332\350\345f\255\356"
 352      6BFD5F5D 
 352      74479A62 
 352      634D71DA 
 352      E8E566AD 
ARM GAS  /var/folders/nz/mg232qzd5vg5_0nfk_8jw8mc0000gn/T//cckgoQzx.s 			page 28


 353 0a43 9BF039E1 		.ascii	"\233\3609\341`\202Y\231\031\274|\271\226.\350\242\340"
 353      60825999 
 353      19BC7CB9 
 353      962EE8A2 
 353      E0
 354 0a54 A0C9CB17 		.ascii	"\240\311\313\027\302p\004\243\211\270a\2142\230\325"
 354      C27004A3 
 354      89B8618C 
 354      3298D5
 355 0a63 EC333622 		.ascii	"\35436\"\341{Xd\243)\326\024\025m0\217p\014\001\226"
 355      E17B5864 
 355      A329D614 
 355      156D308F 
 355      700C0196 
 356 0a77 7FF152D3 		.ascii	"\177\361R\323\262xR\357E\026\376o\006\263\212m\001\370"
 356      B27852EF 
 356      4516FE6F 
 356      06B38A6D 
 356      01F8
 357 0a89 52442E5A 		.ascii	"RD.Zl\216X\350\315\212\317\247N\011\232\346\255\327"
 357      6C8E58E8 
 357      CD8ACFA7 
 357      4E099AE6 
 357      ADD7
 358 0a9b E9ECDEF3 		.ascii	"\351\354\336\363:\275L7s\226\036\353\346\350\225\323"
 358      3ABD4C37 
 358      73961EEB 
 358      E6E895D3 
 359 0aab C34226E9 		.ascii	"\303B&\351\303\027\320\217`\362\241\230>;d\306<\275"
 359      C317D08F 
 359      60F2A198 
 359      3E3B64C6 
 359      3CBD
 360 0abd 176990CA 		.ascii	"\027i\220\312`(e!\241:\350\021\256\377/\334\316V%"
 360      60286521 
 360      A13AE811 
 360      AEFF2FDC 
 360      CE5625
 361              		.text
 362              		.section	.gnu.lto_.symtab.733b428b71ff68e8,"",%progbits
 363 0000 5F70616C 		.ascii	"_pal_lld_init\000\000\000\000\000\000\000\000\000\000"
 363      5F6C6C64 
 363      5F696E69 
 363      74000000 
 363      00000000 
 364 0017 0000D900 		.ascii	"\000\000\331\000\000\000_pal_lld_setgroupmode\000\000"
 364      00005F70 
 364      616C5F6C 
 364      6C645F73 
 364      65746772 
 365 0034 00000000 		.ascii	"\000\000\000\000\000\000\000\000\000\000\000\001\000"
 365      00000000 
 365      00000001 
 365      00
 366 0041 00       		.ascii	"\000"
 367              		.text
 368              		.section	.gnu.lto_.opts,"",%progbits
ARM GAS  /var/folders/nz/mg232qzd5vg5_0nfk_8jw8mc0000gn/T//cckgoQzx.s 			page 29


 369 0000 272D666E 		.ascii	"'-fno-trapv' '-mcpu=cortex-m3' '-mno-thumb-interwor"
 369      6F2D7472 
 369      61707627 
 369      20272D6D 
 369      6370753D 
 370 0033 6B272027 		.ascii	"k' '-mthumb' '-ggdb' '-O2' '-fomit-frame-pointer' '"
 370      2D6D7468 
 370      756D6227 
 370      20272D67 
 370      67646227 
 371 0066 2D66616C 		.ascii	"-falign-functions=16' '-ffunction-sections' '-fdata"
 371      69676E2D 
 371      66756E63 
 371      74696F6E 
 371      733D3136 
 372 0099 2D736563 		.ascii	"-sections' '-fno-common' '-flto'\000"
 372      74696F6E 
 372      73272027 
 372      2D666E6F 
 372      2D636F6D 
 373              		.text
 374              		.comm	__gnu_lto_v1,1,1
 375              		.comm	__gnu_lto_slim,1,1
 376              		.ident	"GCC: (GNU Tools for ARM Embedded Processors) 4.9.3 20150529 (release) [ARM/embedded-4_9-br
ARM GAS  /var/folders/nz/mg232qzd5vg5_0nfk_8jw8mc0000gn/T//cckgoQzx.s 			page 30


DEFINED SYMBOLS
                            *ABS*:0000000000000000 pal_lld.c
                            *COM*:0000000000000001 __gnu_lto_v1
                            *COM*:0000000000000001 __gnu_lto_slim

NO UNDEFINED SYMBOLS
