ARM GAS  /var/folders/nz/mg232qzd5vg5_0nfk_8jw8mc0000gn/T//ccbTNSrD.s 			page 1


   1              		.syntax unified
   2              		.cpu cortex-m3
   3              		.fpu softvfp
   4              		.eabi_attribute 20, 1
   5              		.eabi_attribute 21, 1
   6              		.eabi_attribute 23, 3
   7              		.eabi_attribute 24, 1
   8              		.eabi_attribute 25, 1
   9              		.eabi_attribute 26, 1
  10              		.eabi_attribute 30, 2
  11              		.eabi_attribute 34, 1
  12              		.eabi_attribute 18, 4
  13              		.thumb
  14              		.file	"st.c"
  15              		.text
  16              	.Ltext0:
  17              		.section	.gnu.lto_.profile.bca08e573bafcdac,"",%progbits
  18 0000 789C6366 		.ascii	"x\234cf```a\200\000F\006)\036\000\000\264\000/"
  18      60606061 
  18      80004606 
  18      291E0000 
  18      B4002F
  19              		.text
  20              		.section	.gnu.lto_.jmpfuncs.bca08e573bafcdac,"",%progbits
  21 0000 789C6366 		.ascii	"x\234cf\300\016\304\2404+\210`\004\202z&\006\006f\020"
  21      C00EC4A0 
  21      342B8860 
  21      04827A26 
  21      06066610 
  22 0014 CD021400 		.ascii	"\315\002\024\000\000\015^\001-"
  22      000D5E01 
  22      2D
  23              		.text
  24              		.section	.gnu.lto_.inline.bca08e573bafcdac,"",%progbits
  25 0000 789C6366 		.ascii	"x\234cf\300\016r\2414+\003\003\013\017#\003\023\220"
  25      C00E72A1 
  25      342B0303 
  25      0B0F2303 
  25      1390
  26 0012 C9B6401E 		.ascii	"\311\266@\036D10r\201\010\0066VFF \305\300\304\366A"
  26      44313072 
  26      81080636 
  26      56464620 
  26      C5C0C4F6 
  27 0027 0F2EC7C4 		.ascii	"\017.\307\304\300\302\014T\315t\201\037.\304\014\022"
  27      C0C20C54 
  27      CD74811F 
  27      2EC40C12 
  28 0037 82A84416 		.ascii	"\202\250D\026f\301T\311\000\000\270\007\010x"
  28      66C154C9 
  28      0000B807 
  28      0878
  29              		.text
  30              		.section	.gnu.lto_.pureconst.bca08e573bafcdac,"",%progbits
  31 0000 789C6366 		.ascii	"x\234cf``\340f\200\000V\006\011F)&)f)\026)\000\004\004"
  31      6060E066 
  31      80005606 
ARM GAS  /var/folders/nz/mg232qzd5vg5_0nfk_8jw8mc0000gn/T//ccbTNSrD.s 			page 2


  31      09462926 
  31      29662916 
  32 0018 009E     		.ascii	"\000\236"
  33              		.text
  34              		.section	.gnu.lto_stInit.bca08e573bafcdac,"",%progbits
  35 0000 789C6366 		.ascii	"x\234cf\300\004R@\274\020J32302M8\307\300\320\310\301"
  35      C0045240 
  35      BC104A33 
  35      32333032 
  35      4D38C7C0 
  36 0017 C4C80862 		.ascii	"\304\310\010b002\32431\3263\276d\372\310\3048\341\300"
  36      303032D4 
  36      3331D633 
  36      BE64FAC8 
  36      C438E1C0 
  37 002b EA19DCEA 		.ascii	"\352\031\334\352K\033\032\032>\034:\337\030p\200\361"
  37      4B1B1A1A 
  37      3E1C3ADF 
  37      187080F1 
  38 003b 271303C3 		.ascii	"'\023\003\303g&\2109\214\313\031\325\031\200\212>\266"
  38      67268839 
  38      8CCB19D5 
  38      19808A3E 
  38      B6
  39 004c FCBDCECD 		.ascii	"\374\275\316\315\326\002T$\000\221c\\\301\310\306\010"
  39      D6025424 
  39      0091635C 
  39      C1C8C608 
  40 005c A4D70B1D 		.ascii	"\244\327\013\035h\370\377\377\361\324?\372\314\014\014"
  40      68F8FFFF 
  40      F1D43FFA 
  40      CC0C0C
  41 006b 4F803220 		.ascii	"O\2002 \363\23721\201h\346;\214\315\007\376\362\202"
  41      F39F3231 
  41      8168E63B 
  41      8CCD07FE 
  41      F282
  42 007d 9482CC98 		.ascii	"\224\202\314\230w\271o\035S\355\357\206\216\006\216"
  42      77B96F1D 
  42      53EDEF86 
  42      8E068E
  43 008c 9F4C8C9F 		.ascii	"\237L\214\237\231\200\332\031W2\3262\374\004\252\276"
  43      9980DA19 
  43      5732D632 
  43      FC04AABE 
  44 009c C7D878E0 		.ascii	"\307\330x\340?+X%\003\310\034F\220~\240i\022\316\031"
  44      3F2B5825 
  44      03C81C46 
  44      907EA069 
  44      12CE19
  45 00af 994999FE 		.ascii	"\231I\231\376\301\372\371\305\372\031\2119\372\305E"
  45      C1FAF9C5 
  45      FA198939 
  45      FAC545
  46 00be C9FAC525 		.ascii	"\311\372\305%z\311\014\000\014\366B\346"
  46      7AC90C00 
  46      0CF642E6 
ARM GAS  /var/folders/nz/mg232qzd5vg5_0nfk_8jw8mc0000gn/T//ccbTNSrD.s 			page 3


  47              		.text
  48              		.section	.gnu.lto_stStartAlarm.bca08e573bafcdac,"",%progbits
  49 0000 789C9D92 		.ascii	"x\234\235\222\315k\023A\030\306\347\231]\223\305\206"
  49      CD6B1341 
  49      18C6E799 
  49      5D93C586 
  50 0010 523C8578 		.ascii	"R<\205x\360\020J/&\213\372\017\010z\021Z<\264x\225\264"
  50      F0104A2F 
  50      268BFA0F 
  50      087A115A 
  50      3CB47895 
  51 0025 0A09442A 		.ascii	"\012\011D*M\360\332\311\232`\361\243\015\236D\011VK"
  51      4DF0DAC9 
  51      9A60F1A3 
  51      0D9E4409 
  51      564B
  52 0037 6835A98D 		.ascii	"h5\251\215\306\250m),\255\245B\301\240\007\003\036b"
  52      C6A86D29 
  52      2CADA542 
  52      C1A00703 
  52      1E62
  53 0049 90146B0F 		.ascii	"\220\024k\017\222\030\245\215P\343;\333\025l\275\210"
  53      9218A58D 
  53      50E33BDB 
  53      156CBD88 
  54 0059 0BBBEFBC 		.ascii	"\013\273\357\274_\317\373\233\231U\330\337\217\207\336"
  54      5FCFFB9B 
  54      9955D8DF 
  54      8F87DE
  55 0068 979CB133 		.ascii	"\227\234\2613d\2410\360\344k\306b\032\007\344\202\201"
  55      64A130F0 
  55      E46BC662 
  55      1A07E482 
  55      81
  56 0079 0D730CE3 		.ascii	"\015s\014\3433\257s$\315\314\255\266\256\264\020\242"
  56      33AF7324 
  56      CDCCADB6 
  56      AEB410A2 
  57 0089 F636EF4E 		.ascii	"\3666\357N\270\233\324\326\340;2\230D\027\225\214\215"
  57      B89BD4D6 
  57      E03B3298 
  57      4417958C 
  57      8D
  58 009a 266E4039 		.ascii	"&n@9\010F\353\325\217[\015\327:ortH\367vi\355\233\""
  58      0846EBD5 
  58      8F5B0DD7 
  58      3A6F7274 
  58      48F77669 
  59 00b1 5DCEA57B 		.ascii	"]\316\245{\371Z\275\261\277sB\010\303\\\310\211\343"
  59      F95ABDB1 
  59      BF734208 
  59      C35CC889 
  59      E3
  60 00c2 14573005 		.ascii	"\024W0\005\205\364\360\000\036<\204\207Q\210!\203NY"
  60      85F4F000 
  60      1E3C8487 
  60      51882183 
ARM GAS  /var/folders/nz/mg232qzd5vg5_0nfk_8jw8mc0000gn/T//ccbTNSrD.s 			page 4


  60      4E59
  61 00d4 5E8F6F97 		.ascii	"^\217o\227\332\034q\232\335\261\375{,\262p\200\354\314"
  61      DA1C719A 
  61      DDB1FD7B 
  61      2CB27080 
  61      ECCC
  62 00e6 0153B45A 		.ascii	"\001S\264Z\023\223\331\202\352$n\352P\251We\254JUr\027"
  62      1393D982 
  62      EA246EEA 
  62      50A95765 
  62      AC4A5572 
  63 00fb 6B3492AC 		.ascii	"k4\222\254\362\016\206\205\222O\377\270\012\305kQ\336"
  63      F20E8685 
  63      924FFFB8 
  63      0AC56B51 
  63      DE
  64 010c 1FBFFB8A 		.ascii	"\037\277\373\212{\357\021G%\265\0240\215q\361\263\325"
  64      7BEF1147 
  64      25B51430 
  64      8D71F1B3 
  64      D5
  65 011d 82A499DE 		.ascii	"\202\244\231\336Mc\357\363\021\274\233$\367\036F\371"
  65      4D63EFF3 
  65      11BC9B24 
  65      F71E46F9 
  66 012d CA4AA1B4 		.ascii	"\312J\241\264\216]p\225\364\206[\226Xl\015\216=\350"
  66      8E5D7095 
  66      F4865B96 
  66      586C0D8E 
  66      3DE8
  67 013f 0C337090 		.ascii	"\0143p\220H\016\216M\256\356\350,\336\234\315\316'\332"
  67      480E8E4D 
  67      AEEEE82C 
  67      DE9CCDCE 
  67      27DA
  68 0151 658C8AAF 		.ascii	"e\214\212\257\317}\037m\227\247\264O\214\010\241\312"
  68      CF7D1F6D 
  68      97A7B44F 
  68      8C08A1CA 
  69 0161 FE0FD5E2 		.ascii	"\376\017\325\342\033\315\0121\351n}YM9S\270\023K\012"
  69      1BCD0A31 
  69      E96E7D59 
  69      4D3953B8 
  69      134B0A
  70 0174 ADC91D78 		.ascii	"\255\311\035xL|O$\037\345\212\237\246\226]\276\214\210"
  70      4C7C4F24 
  70      1FE58A9F 
  70      A6965DBE 
  70      8C88
  71 0186 C7CC434D 		.ascii	"\307\314CM\356D\036)|\245C\260\306R~\245\276\270\340"
  71      EE441E29 
  71      7CA543B0 
  71      C6527EA5 
  71      BEB8E0
  72 0199 D2A765FE 		.ascii	"\322\247e\376p\223kx\012\037\274\036;\217\002t\242\222"
  72      70936B78 
  72      0A1FBC1E 
ARM GAS  /var/folders/nz/mg232qzd5vg5_0nfk_8jw8mc0000gn/T//ccbTNSrD.s 			page 5


  72      3B8F0274 
  72      A292
  73 01ab 48B55CD9 		.ascii	"H\265\\\331p\332D\377>O\3033k\036l\275\347\360\375\211"
  73      70DA44FF 
  73      3E4FC333 
  73      6B1E6CBD 
  73      E7F0FD89 
  74 01bf AFD19C17 		.ascii	"\257\321\234\027\324(\365k\377\247?k\351s[\177\316\322"
  74      D428F56B 
  74      FFA73F6B 
  74      E9735B7F 
  74      CED2
  75 01d1 2F5696C6 		.ascii	"/V\226\306\254\337L\243\370<5\226\021\253,oh\362\006"
  75      ACDF4CA3 
  75      F83C3596 
  75      11AB2C6F 
  75      68F206
  76 01e4 E48D5589 		.ascii	"\344\215U\211\207.\237N\301}\"\030\352\017\235\356\325"
  76      872E9F4E 
  76      C17D2218 
  76      EA0F9DEE 
  76      D5
  77 01f5 07237A30 		.ascii	"\007#z0\020\326#C\003z$\352\037`\316@\177$\032\272p"
  77      10D62343 
  77      037A24EA 
  77      1F60CE40 
  77      7F241ABA 
  78 020a 5E951FFF 		.ascii	"^\225\037\377\236\252\213\203C\321\210\336\333\327s"
  78      9EAA8B83 
  78      43D188DE 
  78      DBD773
  79 0219 ECA8DEDD 		.ascii	"\354\250\336\335}R\357;\325s\351\010\365\235\015\207"
  79      7D52EF3B 
  79      D573E908 
  79      F59D0D87 
  80 0229 CFF983EC 		.ascii	"\317\371\203\354\027\221w\030\273"
  80      17917718 
  80      BB
  81              		.text
  82              		.section	.gnu.lto_stStopAlarm.bca08e573bafcdac,"",%progbits
  83 0000 789C6366 		.ascii	"x\234cf\300\004R@\254\313\310\300\340\011\244\031\231"
  83      C0045240 
  83      ACCBC8C0 
  83      E009A419 
  83      99
  84 0011 19189926 		.ascii	"\031\030\231&\234c`h\344`bd\0041\030\030\031\352\231"
  84      9C636068 
  84      E4606264 
  84      04311818 
  84      19EA99
  85 0024 18EB195F 		.ascii	"\030\353\031_2}db\234p`\365\014n\365\245\015\015\015"
  85      327D6462 
  85      9C7060F5 
  85      0C6EF5A5 
  85      0D0D0D
  86 0037 1F366D97 		.ascii	"\0376m\227h\225\370\311\304\300\360\231\011b\014\343"
  86      6895F8C9 
ARM GAS  /var/folders/nz/mg232qzd5vg5_0nfk_8jw8mc0000gn/T//ccbTNSrD.s 			page 6


  86      C4C0F099 
  86      09620CE3 
  87 0047 72467506 		.ascii	"rFu\006\240\232\217-\177\257s\263\265\000\325\010@\344"
  87      A09A8F2D 
  87      7FAF73B3 
  87      B500D508 
  87      40E4
  88 0059 185730B2 		.ascii	"\030W0\262\001\215gX/t\240\341\377\377\305s\336lgaf"
  88      018D6758 
  88      2F74A0E1 
  88      FFFFC573 
  88      DE6C6761 
  89 006e 60780294 		.ascii	"`x\002\224\002\231\377\224\211\011D3\337b<\364\341\307"
  89      0299FF94 
  89      89094433 
  89      DF623CF4 
  89      E1C7
  90 0080 DCF347B9 		.ascii	"\334\363G\271Q\214x\260\364\275\004\330\200\317L\214"
  90      518C78B0 
  90      F4BD04D8 
  90      80CF4C8C 
  91 0090 E88633AE 		.ascii	"\350\2063\256dd\003\232\276\212\221\015(\321\263\353"
  91      6464039A 
  91      BE8A910D 
  91      28D1B3EB 
  92 00a0 6B1FDF0B 		.ascii	"k\037\337\013\246\237L\214\015\035\015\015, \265\367"
  92      A69F4C8C 
  92      0D1D0D0D 
  92      2C20B5F7 
  93 00b0 9F9CBFC8 		.ascii	"\237\234\277\310\001\026b\000q\177\274;=\227}.\343\354"
  93      01166200 
  93      717FBC3B 
  93      3D977D2E 
  93      E3EC
  94 00c2 C6090D1C 		.ascii	"\306\011\015\034?\231\230\030W3J1\256a\224\002\313\235"
  94      3F999818 
  94      57334A31 
  94      AE619402 
  94      CB9D
  95 00d4 7FBEE228 		.ascii	"\177\276\342(\217\356\352\206\226\306\017\273\347\235"
  95      8FEEEA86 
  95      96C60FBB 
  95      E79D
  96 00e2 E6FFC9C4 		.ascii	"\346\377\311\304\314\270\226q.\343'\240\033\301\266"
  96      CCB89671 
  96      2EE327A0 
  96      1BC1B6
  97 00f1 30AE63D4 		.ascii	"0\256c\324E6\021\350~\306\365@\275\367\030\033\037\034"
  97      453611E8 
  97      7EC6F540 
  97      BDF7181B 
  97      1F1C
  98 0103 7DCF0172 		.ascii	"}\317\001r (\010\236\000\255\002\372\005\250K\3029#"
  98      2028089E 
  98      00AD02FA 
  98      05A84BC2 
  98      3923
ARM GAS  /var/folders/nz/mg232qzd5vg5_0nfk_8jw8mc0000gn/T//ccbTNSrD.s 			page 7


  99 0115 3329D33F 		.ascii	"3)\323?X?\277X?#1G\277\270(Y\277\270D/\231A\017M\242"
  99      583FBF58 
  99      3F233147 
  99      BFB82859 
  99      BFB8442F 
 100 012e 20BFA8A4 		.ascii	" \277\250\244X?8\304\327\330H\337\307\307E?\304\323"
 100      583F38C4 
 100      D7D848DF 
 100      C7C7453F 
 100      C4D3
 101 0140 B7CC10A8 		.ascii	"\267\314\020\2504>''E/\203\001\0003\275\210v"
 101      343E2727 
 101      452F8301 
 101      0033BD88 
 101      76
 102              		.text
 103              		.section	.gnu.lto_stSetAlarm.bca08e573bafcdac,"",%progbits
 104 0000 789C6590 		.ascii	"x\234e\220\337KSa\030\307\237\357{\216g\207\034\"]\215"
 104      DF4B5361 
 104      18C79FEF 
 104      7B8E6787 
 104      1C225D8D 
 105 0014 75D1C510 		.ascii	"u\321\305\020or\207\352\037\010\352&P\272P\274\215i"
 105      6F7287EA 
 105      1F08EA26 
 105      50BA50BC 
 105      8D69
 106 0026 C1060BC3 		.ascii	"\301\006\013\3033\272\365\335\332P\372a\303\253(\206"
 106      33BAF5DD 
 106      DA50FA61 
 106      C3AB2886 
 107 0036 96ACAC69 		.ascii	"\226\254\254iZ\346E\215\340`\210\201\220t\223\024d#"
 107      5AE6458D 
 107      E0608881 
 107      90749314 
 107      6423
 108 0048 261986B4 		.ascii	"&\031\206\264V\314\023\330z\336\243]\250\007\336\363"
 108      56CC13D8 
 108      7ADEA35D 
 108      A807DEF3 
 109 0058 BCCFF37C 		.ascii	"\274\317\363|\237\347\371<\257F\007\277 \037]\020u\263"
 109      9FE7F93C 
 109      AF4607BF 
 109      201F5D10 
 109      75B3
 110 006a 854610D9 		.ascii	"\205F\020\331\267DIS\000\352B\240\001\201\001|\023\025"
 110      B7444953 
 110      00EA42A0 
 110      0181017C 
 110      1315
 111 007c 81AC53B8 		.ascii	"\201\254S\270\335\330\232\227R\376\030)\0062\001\227"
 111      DDD89A97 
 111      52FE1829 
 111      06320197 
 112 008c CBAA62A7 		.ascii	"\313\252b\247\015\036\242\225%\267\20637\241\035\001"
 112      0D1EA295 
 112      25B78633 
ARM GAS  /var/folders/nz/mg232qzd5vg5_0nfk_8jw8mc0000gn/T//ccbTNSrD.s 			page 8


 112      37A11D01 
 113 009c F17DE9CB 		.ascii	"\361}\351\313V\325\277.\\\201f\345\336YY\373\245)W\010"
 113      56D5BF2E 
 113      5C8166E5 
 113      DE5959FB 
 113      A5295708 
 114 00b0 E55EBD5E 		.ascii	"\345^\275^\251\036j\031\2272\345\024g\344)\216k\230"
 114      A91E6A19 
 114      9732E514 
 114      67E4298E 
 114      6B98
 115 00c2 80C6FDF0 		.ascii	"\200\306\375\360\010A<F\2208D(\240E\311+\351\355\225"
 115      08413C46 
 115      90384428 
 115      A045C92B 
 115      E9ED95
 116 00d5 4623CDB3 		.ascii	"F#\315\263\233\267\377\217\305$\014\260\235>\354\310"
 116      9BB7FF8F 
 116      C5240CB0 
 116      9D3EECC8 
 117 00e5 7A7DFCC1 		.ascii	"z}\374\301\367\242\336\300\334\\\241s\255NTf\225\332"
 117      F7A2DEC0 
 117      DC5CA173 
 117      AD4E5466 
 117      95DA
 118 00f7 628D47B2 		.ascii	"b\215G\262\325\336#\345\241\314\346\377\\\203\026\362"
 118      D5DE23E5 
 118      A1CCE6FF 
 118      5C8316F2 
 119 0107 28EF8F8D 		.ascii	"(\357\217\215\276\021\241{\314Q\372\360:\342\244\306"
 119      BE11A17B 
 119      CC51FAF0 
 119      3AE2A4C6 
 120 0117 E4DF7A1D 		.ascii	"\344\337z\035\212fj/\315\356\236O\020\252q\273\217H"
 120      8A666A2F 
 120      CDEE9E4F 
 120      10AA71BB 
 120      8F48
 121 0129 AD0E2ECE 		.ascii	"\255\016.\316}Z\307\036\270R\276\026P\022\217\255*\260"
 121      7D5AC71E 
 121      B852BE16 
 121      50128FAD 
 121      2AB0
 122 013b 0F9D300D 		.ascii	"\017\2350\015\203\233\314\300\250\011}\247\317\374\310"
 122      839BCCC0 
 122      A8097DA7 
 122      CFFCC8
 123 014a 8BC98D4C 		.ascii	"\213\311\215L\223\212\261\370\306\313\337\303M\352\225"
 123      938AB1F8 
 123      C6CBDFC3 
 123      4DEA95
 124 0159 1AE49094 		.ascii	"\032\344\220\224\272\252\377\\^~gz!R\356\326\346R\316"
 124      BAAAFF5C 
 124      5E7E677A 
 124      2152EED6 
 124      E652CE
 125 016c 97C3DD64 		.ascii	"\227\303\335dV\232\2560\360\224\371\236)>\316-\177\235"
ARM GAS  /var/folders/nz/mg232qzd5vg5_0nfk_8jw8mc0000gn/T//ccbTNSrD.s 			page 9


 125      569AAE30 
 125      F094F99E 
 125      293ECE2D 
 125      7F9D
 126 017e 58F0B715 		.ascii	"X\360\267\025d:\351\034u\205\017\263\310\341'?\2027"
 126      643AE91C 
 126      75850FB3 
 126      C8E1273F 
 126      8237
 127 0190 96F38B95 		.ascii	"\226\363\213\225\371W~kJ\345\217\271\302\304s\264!\024"
 127      F9577E6B 
 127      4AE58FB9 
 127      C2C473B4 
 127      2114
 128 01a2 DCCD630E 		.ascii	"\334\315c\016\026S\321*\222\245\205\232\2516P\033\227"
 128      1653D12A 
 128      92A5859A 
 128      A936501B 
 128      97
 129 01b3 790B7E3C 		.ascii	"y\013~<\356\0228\035\215\365\304\316uZ}\266\025\215"
 129      EE12381D 
 129      8DF5C4CE 
 129      755A7DB6 
 129      158D
 130 01c5 C42DBBBF 		.ascii	"\304-\273\277\327\262\023\341^\362Ez\354D\354\322E]"
 130      D7B213E1 
 130      5EF2457A 
 130      EC44ECD2 
 130      455D
 131 01d7 FDC2FB54 		.ascii	"\375\302\373T\227\373\372\023\266\325\331\325q\362\204"
 131      97FBFA13 
 131      B6D5D9D5 
 131      71F284
 132 01e6 D5DE7EC6 		.ascii	"\325\336~\306\352:\333q\3458\327\235\217\307/\204\243"
 132      EA3ADB71 
 132      E538D79D 
 132      8FC72F84 
 132      A3
 133 01f7 F40F9BB4 		.ascii	"\364\017\233\264\323\231"
 133      D399
 134              		.text
 135              		.section	.gnu.lto_stGetAlarm.bca08e573bafcdac,"",%progbits
 136 0000 789C654F 		.ascii	"x\234eO\315+\304Q\024\275\347\376\306\317\224Ib\243"
 136      CD2BC451 
 136      14BDE7FE 
 136      C6CF9449 
 136      62A3
 137 0012 C98E9A95 		.ascii	"\311\216\232\225y\341O`\243|,\330\313\307b\246\246\310"
 137      79E14F60 
 137      A37C2CD8 
 137      CBC762A6 
 137      A6C8
 138 0024 C876DE4C 		.ascii	"\310v\336LS,$\311B4R\310\367\327\326$\232\222\305\024"
 138      532C24C9 
 138      423452C8 
 138      F7D7D624 
 138      9A92C514 
ARM GAS  /var/folders/nz/mg232qzd5vg5_0nfk_8jw8mc0000gn/T//ccbTNSrD.s 			page 10


 139 0038 59290B24 		.ascii	"Y)\013$BI\306\020\277\005\343\276a\203W\267\373\316"
 139      4249C610 
 139      BF05E3BE 
 139      618357B7 
 139      FBCE
 140 004a BDA773CF 		.ascii	"\275\247s\317\261\350\377\363J\305@\324(\035\026\201"
 140      B1E8FFF3 
 140      4AC540D4 
 140      281D1681 
 141 005a C78E88A2 		.ascii	"\307\216\210\242n\006\314\207@\021F\004\367\234a\244"
 141      6E06CC87 
 141      40114604 
 141      F79C61A4 
 142 006a AFDEB39E 		.ascii	"\257\336\263\236;v\230JH\340\324\351\315\213e \330\300"
 142      3B76984A 
 142      48E0D4E9 
 142      CD8B6520 
 142      D8C0
 143 007c 64F6E8CA 		.ascii	"d\366\350\312\366-h\035{\032\337\013MN\314\302a\246"
 143      F62D681D 
 143      7B1ADF0B 
 143      4D4ECCC2 
 143      61A6
 144 008e 2C1316E1 		.ascii	",\023\026\341\305\022\314!,\303g\270\231\370\307i\221"
 144      C512CC21 
 144      2CC367B8 
 144      99F8C769 
 144      91
 145 009f 1DD75A97 		.ascii	"\035\327Z\227|0\031\222\354V`\213\017\332,\335\327\271"
 145      7C301992 
 145      EC56608B 
 145      0FDA2CDD 
 145      D7B9
 146 00b1 DCDCCCC3 		.ascii	"\334\334\314\303\236\313\305\344\260e\221\021\242k)"
 146      9ECBC5E4 
 146      B0659111 
 146      A26B29
 147 00c0 63E94680 		.ascii	"c\351F\200t\353\014\251\035'\221;(\373\245w\271\220"
 147      74EB0CA9 
 147      1D27913B 
 147      28FBA577 
 147      B990
 148 00d2 2BCF4B65 		.ascii	"+\317Ke\031\177.\021Va\313\2355\330ol\362\214\354\274"
 148      197F2E11 
 148      5661CB9D 
 148      35D86F6C 
 148      F28CECBC 
 149 00e6 8E169B00 		.ascii	"\216\026\233\000.=\254\265\313\320/\256\217O\334\371"
 149      2E3DACB5 
 149      CBD02FAE 
 149      8F4FDCF9 
 150 00f6 1119F8FE 		.ascii	"\021\031\370\376\230N\024&0\035\035\323n\207\013\260"
 150      984E1426 
 150      301D1DD3 
 150      6E870BB0 
 151 0106 2E49364C 		.ascii	".I6L\022\331\035\337.\035x\252Wu<\372\224\374LW9lc\023"
 151      12D91DDF 
ARM GAS  /var/folders/nz/mg232qzd5vg5_0nfk_8jw8mc0000gn/T//ccbTNSrD.s 			page 11


 151      2E1D78AA 
 151      57753CFA 
 151      94FC4C57 
 152 011e 093C8BCD 		.ascii	"\011<\213\315\374!\241\034fR\273\036\265.\224\375\026"
 152      FC21A11C 
 152      6652BB1E 
 152      B52E94FD 
 152      16
 153 012f 870BB185 		.ascii	"\207\013\261\205jTz\177\366\330\206\2423\304\316\207"
 153      6A547A7F 
 153      F6D886A2 
 153      33C4CE87 
 154 013f 2ABE2D59 		.ascii	"*\276-Y\342\212\316\021\275\234\217\230\0002 \223\032"
 154      E28ACE11 
 154      BD9C8F98 
 154      00322093 
 154      1A
 155 0150 26AD8896 		.ascii	"&\255\210\226\327\007\202]\301\3266\325\033V\201\316"
 155      D707825D 
 155      C1D636D5 
 155      1B5681CE 
 156 0160 900AF777 		.ascii	"\220\012\367w\253\360\200\277\233\374\177\026}\275\375"
 156      ABF080BF 
 156      9BFC7F16 
 156      7DBDFD
 157 016f 0361D5D6 		.ascii	"\003a\325\326\336\\W\253\232\232\032T{c\363`\215P;B"
 157      DE5C57AB 
 157      9A9A1A54 
 157      7B63F360 
 157      8D503B42 
 158 0183 A11E7F80 		.ascii	"\241\036\177\200\276\000\003\031\247B"
 158      BE000319 
 158      A742
 159              		.text
 160              		.section	.gnu.lto_.symbol_nodes.bca08e573bafcdac,"",%progbits
 161 0000 789C55C8 		.ascii	"x\234U\310\273\021\200 \000D\301w 3tk\011G\011V\340"
 161      BB118020 
 161      0044C177 
 161      2033746B 
 161      09470956 
 162 0015 18588F05 		.ascii	"\030X\217\005\340\267\022\307@\003\331p#\320\363\011"
 162      E0B712C7 
 162      4003D970 
 162      23D0F309 
 163 0025 55866101 		.ascii	"U\206a\001\233q\312\204UV\023\233\034\232\330\345\330"
 163      9B71CA84 
 163      5556139B 
 163      1C9AD8E5 
 163      D8
 164 0036 C42177FF 		.ascii	"\304!w\377\320)\2477(%\023I\314\327-\0368\032 R"
 164      D029A737 
 164      28251349 
 164      CCD72D1E 
 164      381A2052 
 165              		.text
 166              		.section	.gnu.lto_.refs.bca08e573bafcdac,"",%progbits
 167 0000 789C6366 		.ascii	"x\234cf```d\200\002\000\000=\000\005"
ARM GAS  /var/folders/nz/mg232qzd5vg5_0nfk_8jw8mc0000gn/T//ccbTNSrD.s 			page 12


 167      60606064 
 167      80020000 
 167      3D0005
 168              		.text
 169              		.section	.gnu.lto_.decls.bca08e573bafcdac,"",%progbits
 170 0000 789CB557 		.ascii	"x\234\265WiLTY\026~\367\335b+\212B1m\0332\311 N\210"
 170      694C5459 
 170      167EF7DD 
 170      622B8A42 
 170      316D1B32 
 171 0018 3D114BD0 		.ascii	"=\021K\320\351\231I&i\0354\266\231\266\333\024N\322"
 171      E9994926 
 171      691D34B6 
 171      99B6DB14 
 171      4ED2
 172 002a 893FAA69 		.ascii	"\211?\252i\244\033\022\004\207*'\323\377\036\202-\210"
 172      A41B1204 
 172      872A27D3 
 172      FF1E822D 
 172      88
 173 003b 02222A8B 		.ascii	"\002\"*\213K)\253\354(\313\260\310\342\302\242 \250"
 173      4B29ABEC 
 173      28CBB0C8 
 173      E2C2A220 
 173      A8
 174 004c B88B2CB6 		.ascii	"\270\213,\266+\210\205\033\340B\315\271\367\276\367"
 174      2B88851B 
 174      E042CDB9 
 174      F7BEF7
 175 005b EA51533A 		.ascii	"\352QS:N&\363\302\341\335\363\356w\276{\3569\347.\205"
 175      4E26F3C2 
 175      E1DDF3EE 
 175      77BE7BEE 
 175      39E72E85 
 176 006f 398E2B41 		.ascii	"9\216+A\034g\205G7\033\332<\3079\303\267u\234\355!z"
 176      1C678547 
 176      371BDA3C 
 176      C739C3B7 
 176      759CED21 
 177 0084 09C84990 		.ascii	"\011\310I\220f\220V\2203 m\334\277?\004\207E\373v\220"
 177      66905690 
 177      33206DDC 
 177      BF3F0487 
 177      45FB7690 
 178 0098 63E2775E 		.ascii	"c\342w^\354sdCx\335D\033-\210\006\244\016d>\310\034"
 178      EC736443 
 178      78DD441B 
 178      2D8806A4 
 178      0E643EC8 
 179 00ad F06D36C8 		.ascii	"\360m6\310\010\264/\213\334\032\320\247\341\355\204"
 179      08B42F8B 
 179      DC1AD0A7 
 179      E1ED84
 180 00bc 182FB1FF 		.ascii	"\030/\261\377\004\332\360\307\375\006\315\344&\376\252"
 180      04DAF0C7 
 180      FD06CDE4 
 180      26FEAA
ARM GAS  /var/folders/nz/mg232qzd5vg5_0nfk_8jw8mc0000gn/T//ccbTNSrD.s 			page 13


 181 00cb 446E898B 		.ascii	"Dn\211\213\360 \205=\301\370\331\331q\342<?\326/$\372"
 181      F020853D 
 181      C1F8D9D9 
 181      71E23C3F 
 181      D62F24FA 
 182 00df C58B760B 		.ascii	"\305\213v\013E\177\226\330\361\222\270\271\376\227|"
 182      457F96D8 
 182      F192B8B9 
 182      FE977C
 183 00ee C42650E4 		.ascii	"\304&P\344[f\3077\316\243\272\262\027\335\356\017y\244"
 183      5B66C737 
 183      CEA3BAB2 
 183      17DDEE0F 
 183      79A4
 184 0100 55FB10B5 		.ascii	"U\373\020\265>\255#\303\031T\215ZE\324\2067\303}\252"
 184      3EAD23C3 
 184      19548D5A 
 184      45D48637 
 184      C37DAA
 185 0113 4FF70AF0 		.ascii	"O\367\012\360\244\306\011\263Th\335\\T\200\274Q!\362"
 185      A4C609B3 
 185      5468DD5C 
 185      5480BC51 
 185      21F2
 186 0125 06C663E8 		.ascii	"\006\306c\350S\370\277A\305\230\314\265\361\317T\230"
 186      53F8BF41 
 186      C598CCB5 
 186      F1CF5498 
 187 0135 47A49D93 		.ascii	"G\244\235\2231\324\247^T\004f\011BK\007\262\015w\277"
 187      31D4A75E 
 187      54046609 
 187      424B07B2 
 187      0D77BF
 188 0148 EC5E16EF 		.ascii	"\354^\026\357sH0WX\012'oh\204\016\241\305j\375\202R"
 188      73483057 
 188      580A276F 
 188      68840EA1 
 188      C56AFD82 
 189 015d A1228451 		.ascii	"\241\"\204Q1ZD\220\244MMP\011\362\001\263\363\303\223"
 189      315A4490 
 189      A44D4D50 
 189      09F201B3 
 189      F3C393
 190 0170 CF35D4CB 		.ascii	"\3175\324\313Y\204%\353\332\275\027\230z\311\023\365"
 190      598425EB 
 190      DABD1798 
 190      7AC913F5 
 191 0180 C2217395 		.ascii	"\302!s\225'\376\214\216\274\367\\v\212\023^J\333\251"
 191      27FE8C8E 
 191      BCF75C76 
 191      8A135E4A 
 191      DBA9
 192 0192 43699755 		.ascii	"Ci\227U\370O\264\035\233\337\260\323\005L|\324\324\217"
 192      F84FB41D 
 192      9BDFB0D3 
 192      054C7CD4 
 192      D48F
ARM GAS  /var/folders/nz/mg232qzd5vg5_0nfk_8jw8mc0000gn/T//ccbTNSrD.s 			page 14


 193 01a4 FD239355 		.ascii	"\375#\223U\256T\265Z1|\340\217\366\367\016\271!?u.\370"
 193      AE54B55A 
 193      317CE08F 
 193      F6F70EB9 
 193      213F752E 
 194 01b9 6C49B97B 		.ascii	"lI\271{\365W\202\240B\325H\215*e\257\250-y\022\004a"
 194      F55782A0 
 194      42D5488D 
 194      2A65AFA8 
 194      2D791204 
 195 01ce AB20C409 		.ascii	"\253 \304\011N\205Z\016\225B8\312 \034\250\012\371\001"
 195      4E855A0E 
 195      954238CA 
 195      201CA80A 
 195      F901
 196 01e0 8262D171 		.ascii	"\202b\321q\370x\002>\002\361\211\341\261$\265D|\376"
 196      F878023E 
 196      02F189E1 
 196      B124B544 
 196      7CFE
 197 01f2 6CF25C42 		.ascii	"l\362\\B\\\013\304\0256b\030\347C\3145\216\231[+\373"
 197      5C0BC415 
 197      366218E7 
 197      43CC358E 
 197      995B2BFB 
 198 0206 B2B0C43C 		.ascii	"\262\260\304<Z\220\375\011a\256\003\346r\033s\355\207"
 198      5A90FD09 
 198      61AE03E6 
 198      721B73ED 
 198      87
 199 0217 99FFE990 		.ascii	"\231\377\351\220\031\235\316\032\332\346\241\202\352"
 199      199DCE1A 
 199      DAE6A182 
 199      EA
 200 0224 A1741B68 		.ascii	"\241t\033h)\344t7\024\251\337[\012\015\264\024\352\221"
 200      29E47437 
 200      14A9DF5B 
 200      0A0DB414 
 200      EA91
 201 0236 580BD5F5 		.ascii	"X\013\325\365\275\243j\234\301\212a\260\356\311S7\310"
 201      BDA36A9C 
 201      C18A61B0 
 201      EEC95337 
 201      C8
 202 0247 F920E4BC 		.ascii	"\371 \344\274\376g\234)\230\267\012\323V+\242V\250Q"
 202      FE679C29 
 202      98B70AD3 
 202      562BA256 
 202      A851
 203 0259 91F54629 		.ascii	"\221\365F)\353'i\326S\222\036o\343q\036c9\037{:\326"
 203      EB2769D6 
 203      53921E6F 
 203      E3711E63 
 203      391F7B3A 
 204 026e 99B2981B 		.ascii	"\231\262\230\033r\234Y\335\320\262iR\0204I\004\315\224"
 204      729C59DD 
 204      D0B26952 
ARM GAS  /var/folders/nz/mg232qzd5vg5_0nfk_8jw8mc0000gn/T//ccbTNSrD.s 			page 15


 204      10344904 
 204      CD94
 205 0280 A0A2D0D2 		.ascii	"\240\242\320\322\344\201+\031\301\245\314\274=\032F"
 205      E4812B19 
 205      C1A5CCBC 
 205      3D1A46
 206 028f 70432620 		.ascii	"pC& \036\264(\010Z$\202VJ\320\326x\245G\253\2344\211"
 206      1EB42808 
 206      5A248256 
 206      4AD0D678 
 206      A547AB9C 
 207 02a5 876DD6A7 		.ascii	"\207m\326\247f,\200\322\301\311\021\015nd\243\025\017"
 207      662C80D2 
 207      C1C9110D 
 207      6E64A315 
 207      0F
 208 02b6 8D67A9E9 		.ascii	"\215g\251\351h\203Sw\333l\205\016&\350\264b\300\323"
 208      68835377 
 208      DB6C850E 
 208      26E8B462 
 208      C0D3
 209 02c8 D28067E8 		.ascii	"\322\200g\350\200\227\263\322\252\020ng\034\265\331"
 209      8097B3D2 
 209      AA106E67 
 209      1CB5D9
 210 02d7 53E99870 		.ascii	"S\351\230p\010\226\342\221\351\345\273\343Rs\205A\253"
 210      0896E291 
 210      E9E5BBE3 
 210      52738541 
 210      AB
 211 02e8 F5D76CB9 		.ascii	"\365\327l\271\234U\260\234\225X\332(\313\235\214\226"
 211      9C55B09C 
 211      9558DA28 
 211      CB9D8C96 
 212 02f8 1D2ACD0E 		.ascii	"\035*\315\016\222rp\333\255CK\015l~\267#\015E\303\233"
 212      927270DB 
 212      AD434B0D 
 212      6C7EB723 
 212      0D45C39B 
 213 030c 4CF25153 		.ascii	"L\362QS2[\\\2023\031\266\242\2718\321\215\256\256\357"
 213      325B5C82 
 213      3319B6A2 
 213      B938D18D 
 213      AEAEEF
 214 031f 887AAA6E 		.ascii	"\210z\252n\373A\025\336\212g,\243\371l\031\015dO\345"
 214      FB4115DE 
 214      8A672CA3 
 214      F96C190D 
 214      644FE5
 215 0332 BA51951C 		.ascii	"\272Q\225\034\001\236\344Ss\323d\233\032'3\370\316\204"
 215      019EE453 
 215      73D3649B 
 215      1A2733F8 
 215      CE84
 216 0344 C14E35DE 		.ascii	"\301N5\336O\025\276\343\276\220\243\225\227X\316\360"
 216      4F15BEE3 
 216      BE90A395 
ARM GAS  /var/folders/nz/mg232qzd5vg5_0nfk_8jw8mc0000gn/T//ccbTNSrD.s 			page 16


 216      9758CEF0 
 217 0354 9771C272 		.ascii	"\227q\302r\324\013\001\275`\253\327\371\312re\276s\262"
 217      D40B01BD 
 217      60ABD7F9 
 217      CA7265BE 
 217      73B2
 218 0366 E3A807CA 		.ascii	"\343\250\007\312u\276X\256\347\341c\027[\010g\3376\305"
 218      75BE58AE 
 218      E7E16317 
 218      5B0867DF 
 218      36C5
 219 0378 3B21B59F 		.ascii	";!\265\237c\243K\016\214\330b\334\226F\027\343Ep\241"
 219      63A34B0E 
 219      8CD862DC 
 219      964617E3 
 219      4570A1
 220 038b DBE642AF 		.ascii	"\333\346B\257\264d\300\377'\247r\377\241N \353\346\243"
 220      B464C0FF 
 220      27A772FF 
 220      A14E20EB 
 220      E6A3
 221 039d 68C1223E 		.ascii	"h\301\">\323\372\022\343\243l\372YS\345\307\334q\276"
 221      D3FA12E3 
 221      A36CFA59 
 221      53E5C7DC 
 221      71BE
 222 03af A864B6DF 		.ascii	"\250d\266\337R\341\"\246\344\356\335W\342Dc\354J\343"
 222      52E122A6 
 222      E4EEDD57 
 222      E24463EC 
 222      4AE3
 223 03c1 D4D397E2 		.ascii	"\324\323\227\342\206\313Y_~\372D\242'\256b\212\264\363"
 223      86CB595F 
 223      7EFA44A2 
 223      27AE628A 
 223      B4F3
 224 03d3 69D8CE37 		.ascii	"i\330\3167\365\246\357\006\217kY\337\271\253CG\235p"
 224      F5A6EF06 
 224      8F6B59DF 
 224      B9AB4347 
 224      9D70
 225 03e5 03533227 		.ascii	"\003S2'\272\332<)p\036Q'\262\343\342<q+\3533\027\274"
 225      BADA3C29 
 225      701E5127 
 225      B2E3E23C 
 225      712BEB33 
 226 03fb B36A713B 		.ascii	"\263jq;S\244\035_\303v\374\003\255\217/z\340.\326\367"
 226      53A41D5F 
 226      C376FC03 
 226      AD8F2F7A 
 226      E02ED6F7 
 227 040f 7C78EB34 		.ascii	"|x\3534\302\275L)\034\276\220\346A\201\013\211z8}*\010"
 227      C2BD4C29 
 227      1CBE90E6 
 227      41810B89 
 227      7A387D2A 
 228 0424 F7B1AEFA 		.ascii	"\367\261\256\372\361\244\027\256\370:S\006&\006N\271"
ARM GAS  /var/folders/nz/mg232qzd5vg5_0nfk_8jw8mc0000gn/T//ccbTNSrD.s 			page 17


 228      F1A417AE 
 228      F83A5306 
 228      26064EB9 
 229 0434 50DC12BA 		.ascii	"P\334\022\272\0037\036Hsc\345D\273\223\313r\2373\307"
 229      03371E48 
 229      7363E544 
 229      BB93CB72 
 229      9F33C7
 230 0447 30653D72 		.ascii	"0e=r\273\013\223\230\012Rmj\224K\352\021\211>Z\350\215"
 230      BB0B9398 
 230      0A526D6A 
 230      944BEA11 
 230      893E5AE8 
 231 045c 1EB2781E 		.ascii	"\036\262x\036\034\351-\362\364J\245pA\3601\321l=\000"
 231      1CE92DF2 
 231      F44AA570 
 231      41F031D1 
 231      6C3D00
 232 046f F84D0A7F 		.ascii	"\370M\012\177\214\274$#\272\255_)\264\270(\321\227?"
 232      8CBC2423 
 232      BAAD5F29 
 232      B4B828D1 
 232      973F
 233 0481 84DEB12F 		.ascii	"\204\336\261/\275\015\341\333l\026Wb\357_\345\361 S"
 233      BD0DE1DB 
 233      6C165762 
 233      EF5FE5F1 
 233      2053
 234 0493 8EE7E4D5 		.ascii	"\216\347\344\325\260%\260\234N\341\332\305+.\370\236"
 234      B025B09C 
 234      4EE1DAC5 
 234      2B2EF89E 
 235 04a3 18BFCAD4 		.ascii	"\030\277\312\324)-\355\373\222\250\235\325\273Z\324"
 235      292DEDFB 
 235      92A89DD5 
 235      BB5AD4
 236 04b2 F811EB7B 		.ascii	"\370\021\353{W\374\313$\217\307\230\362\240iT\340)p"
 236      57FCCB24 
 236      8FC798F2 
 236      A06954E0 
 236      2970
 237 04c4 1D51EF3C 		.ascii	"\035Q\357<\3315\340\212\307g\016\240e\003\354H\252\264"
 237      D935E08A 
 237      C7670EA0 
 237      6503EC48 
 237      AAB4
 238 04d6 BABC3F28 		.ascii	"\272\274?(\257\244\240|Fc\022{0o\020\213\2634K1y\011"
 238      AFA4A07C 
 238      4663127B 
 238      306F108B 
 238      B3344B31 
 239 04ec E86B143D 		.ascii	"\350k\024=Ag\371J\232\345\370\365\370\036w%\372\362"
 239      4167F94A 
 239      9AE5F8F5 
 239      F81E7725 
 239      FAF2
 240 04fe 87D0DDAF 		.ascii	"\207\320\335\257\012\017:\343\011\346eBcz>\013\303\267"
ARM GAS  /var/folders/nz/mg232qzd5vg5_0nfk_8jw8mc0000gn/T//ccbTNSrD.s 			page 18


 240      0A0F3AE3 
 240      09E66542 
 240      637A3E0B 
 240      C3B7
 241 0510 A0CEBDD5 		.ascii	"\240\316\275\325\263\275\334\003\371\262g\216\257\342"
 241      B3BDDC03 
 241      F9B2678E 
 241      AFE2
 242 051e F1F3350B 		.ascii	"\361\3635\013\361q\226\267O\353\377\262'N\310\235G\307"
 242      F17196B7 
 242      4FEBFFB2 
 242      274EC89D 
 242      47C7
 243 0530 78066B6A 		.ascii	"x\006kj+?\307\266d\236\323\001\177\013\3778\0027?.u"
 243      2B3FC7B6 
 243      649ED301 
 243      7F0BFF38 
 243      02373F2E 
 244 0545 EE5842A1 		.ascii	"\356XB\241\343\366P\013\205\026 \031{S\306\016\330c"
 244      E3F6500B 
 244      85162019 
 244      7B53C60E 
 244      D863
 245 0557 07ED682F 		.ascii	"\007\355h/\310\320\033\366\320\233v\320~\031\372\213"
 245      C8D01BF6 
 245      D09B76D0 
 245      7E19FA8B 
 246 0567 3DF4AEBD 		.ascii	"=\364\256\275\0077d\354\035{l\277=\366\272\214\275\355"
 246      073764EC 
 246      1D7B6CBF 
 246      3DF6BA8C 
 246      BDED
 247 0579 184B5DD8 		.ascii	"\030K]\330-\326\351r\023\207:\240\277\223v\0214\354"
 247      2DD6E972 
 247      13873AA0 
 247      BF937611 
 247      34EC
 248 058b 2A2885F7 		.ascii	"*(\205\367C\361\274/\212\003\331\001\262\015d\032\371"
 248      43F1BC2F 
 248      8A03D901 
 248      B20D641A 
 248      F9
 249 059c A22478C7 		.ascii	"\242$x\307\202\010 \357@\337\016\357d\020+\264\023\340"
 249      820820EF 
 249      40DF0EEF 
 249      64102BB4 
 249      13E0
 250 05ae BD136417 		.ascii	"\275\023d\027\310\317 o\341\333\033\220Th'\362\276t"
 250      C8CF206F 
 250      E1DB1B90 
 250      546827F2 
 250      BE74
 251 05c0 5BA30E9E 		.ascii	"[\243\016\236\227\035\274b\357\340B\273\271\234\223"
 251      971DBC62 
 251      EFE042BB 
 251      B99C93
 252 05cf A17D0EA1 		.ascii	"\241}\016\241\266hv\313\310\353\366\310k\366\021z$c"
ARM GAS  /var/folders/nz/mg232qzd5vg5_0nfk_8jw8mc0000gn/T//ccbTNSrD.s 			page 19


 252      B66876CB 
 252      C8EBF6C8 
 252      6BF6117A 
 252      2463
 253 05e1 9F3ACEBD 		.ascii	"\237:\316\275\215\366\226\014\035r\234z\005\355\035"
 253      8DF6960C 
 253      1D729C7A 
 253      05ED1D
 254 05f0 197BCF1E 		.ascii	"\031{\317\036{\177\006m\254\371\211? '\221\027\232\022"
 254      7B7F066D 
 254      ACF9893F 
 254      20279117 
 254      9A12
 255 0602 91D29A40 		.ascii	"\221\322\232@\257\355\034\350\222I\257:\236\227\015"
 255      AFED1CE8 
 255      9249AF3A 
 255      9E970D
 256 0611 DA23436F 		.ascii	"\332#Co9\256=\331\327X\363\000q`\004\034\030\025\241"
 256      39AE3DD9 
 256      D758F300 
 256      7160041C 
 256      1815A1
 257 0624 D24625BA 		.ascii	"\322F%\272\252\230\326C\231\366\211=\355\230=\366\266"
 257      AA98D643 
 257      99F6893D 
 257      ED983DF6 
 257      B6
 258 0635 8C1D765C 		.ascii	"\214\035v\\\323\324[r\002\016v\226:\013\210@8\351&\301"
 258      D3D45B72 
 258      020E7696 
 258      3A0B8840 
 258      38E926C1 
 259 0649 C9253238 		.ascii	"\311%28Zz\001\256-\214\351\205\343\245\314F\205\023"
 259      5A7A01AE 
 259      2D8CE985 
 259      E3A5CC46 
 259      8513
 260 065b B8DD5237 		.ascii	"\270\335R7\215\321\034?G\025\215\322\240\220\377\337"
 260      8DD11C3F 
 260      47158DD2 
 260      A090FFDF 
 261 066b 454DA733 		.ascii	"EM\2473\266\311\025\355\206\201\316\331\016s27\3510"
 261      B6C915ED 
 261      8681CED9 
 261      0E733237 
 261      E930
 262 067d 3F79B86D 		.ascii	"?y\270m\334e\306\255h\267bJ\034\332\303\263[\021\274"
 262      DC65C6AD 
 262      68B7624A 
 262      1CDAC3B3 
 262      5B11BC
 263 0690 01BDAFFA 		.ascii	"\001\275\257\372A0.S\321}0\376\351\304C-\\\304Z*,\305"
 263      41302E53 
 263      D17D30FE 
 263      E9C4432D 
 263      5CC45A2A 
 264 06a6 C5652169 		.ascii	"\305e!i\260\305\321\213\230\331\225^ \323y\333M\014"
ARM GAS  /var/folders/nz/mg232qzd5vg5_0nfk_8jw8mc0000gn/T//ccbTNSrD.s 			page 20


 264      B0C5D18B 
 264      98D9955E 
 264      20D379DB 
 264      4D0C
 265 06b8 DAEC26B6 		.ascii	"\332\354&\266\227'7\261\216\342\203\337\341V\312\242"
 265      972737B1 
 265      8EE283DF 
 265      E156CAA2 
 266 06c8 BA7BA0A2 		.ascii	"\272{\240\242\306\023\371y{\323\033P\002\\~\262x5\332"
 266      C613F979 
 266      7BD31B50 
 266      025C7EB2 
 266      7835DA
 267 06db 271AB027 		.ascii	"'\032\260'\003\276O~A:\240\351J\337\364VcI\023\360<"
 267      03BE4F7E 
 267      413AA0E9 
 267      4ADFF456 
 267      634913F0 
 268 06f0 0E2DA247 		.ascii	"\016-\242G\000\332\017Q$]\034\312\344\275Q\006OO\205"
 268      00DA0F51 
 268      245D1CCA 
 268      E4BD5106 
 268      4F4F85
 269 0703 E13DE389 		.ascii	"\341=\343\211Nj\021\235\360\237\320\331\251\2272\331"
 269      4E6A119D 
 269      F09FD0D9 
 269      A99732D9 
 270 0713 A52F9CA8 		.ascii	"\245/\234\250\243\307\315m\256t\247\367\240\267\207"
 270      A3C7CD6D 
 270      AE74A7F7 
 270      A0B787
 271 0722 6D964435 		.ascii	"m\226D5U5T}V\374F\365\376\343\3510/\036O\207\030wW\312"
 271      5535547D 
 271      56FC46F5 
 271      FEE3E930 
 271      2F1E4F87 
 272 073a D9EB1ADB 		.ascii	"\331\353\032\333)\214\350<\017\300\330\007y\0027\363"
 272      298CE83C 
 272      0FC0D807 
 272      790237F3 
 273 074a 5E9211BD 		.ascii	"^\222\021\275)?\254.\347\225\350\354\017\241\357\245"
 273      293FAC2E 
 273      E795E8EC 
 273      0FA1EFA5 
 274 075a EDB560DC 		.ascii	"\355\265`\334\306\362R\335=\336\251\305=L\271\030\237"
 274      C6F252DD 
 274      3DDEA9C5 
 274      3D4CB918 
 274      9F
 275 076b AB5F7044 		.ascii	"\253_pD\3505[\012\233\332Pl\352 \320\221+>:\302{\241"
 275      E8355B0A 
 275      9BDA506C 
 275      EA20D091 
 275      2B3E3AC2 
 276 0781 A39022F8 		.ascii	"\243\220\"\370Q\241\340\315!qG\371\210\347P.\277\200"
 276      51A1E0CD 
 276      217147F9 
ARM GAS  /var/folders/nz/mg232qzd5vg5_0nfk_8jw8mc0000gn/T//ccbTNSrD.s 			page 21


 276      88E7502E 
 276      BF80
 277 0793 FCC07959 		.ascii	"\374\300yY[\353\204\373\031Y]\326\341\355\236R\306O"
 277      5BEB84FB 
 277      19595DD6 
 277      E1ED9E52 
 277      C64F
 278 07a5 CCC838B9 		.ascii	"\314\3108\271J\347)2\236'e<\237f\274\377bQ\221\026?"
 278      4AE72932 
 278      9E27653C 
 278      9F66BCFF 
 278      62519116 
 279 07ba 65346309 		.ascii	"e4c\011y\015<\2451?\312c\2779\232\205\371\264h\012\024"
 279      790D3CA5 
 279      313FCA63 
 279      BF399A85 
 279      F9B4680A 
 280 07cf 14       		.ascii	"\024"
 281 07d0 05124521 		.ascii	"\005\022E!\245\220\216]-=v\321\203\324\302rv\005t'\352"
 281      A5908E5D 
 281      2D3D76D1 
 281      83D4C272 
 281      76057427 
 282 07e5 AED7E3DD 		.ascii	"\256\327\343\335\354\376\241&\352\353\251\366X\347\367"
 282      ECFEA126 
 282      EAEBA9F6 
 282      58E7F7
 283 07f4 E7A644CA 		.ascii	"\347\246D\312M1\313MG|Q\217\207}n\216AT\212hTJi\264"
 283      4D31CB4D 
 283      477C518F 
 283      877D6E8E 
 283      41548A68 
 284 080c 4BA4684F 		.ascii	"K\244hO\217Z;=\355s\363^tub\\\215\006\013Nt\352\267"
 284      8F5A3B3D 
 284      ED73F35E 
 284      7475625C 
 284      8D060B4E 
 285 0823 2F8D25B9 		.ascii	"/\215%\271\213\371\250iW\346\243L\314\007\374\304Rp"
 285      8BF9A869 
 285      57E6A34C 
 285      CC07FCC4 
 285      5270
 286 0835 95DBF251 		.ascii	"\225\333\362QA\363\321a\236\350\367\304\311\214-o(\241"
 286      41F3D161 
 286      9EE8F7C4 
 286      C98C2D6F 
 286      28A1
 287 0847 C049CA47 		.ascii	"\300I\312G\363\232=\212|\220_T\225\212`VJ\301<N\203"
 287      F39A3D8A 
 287      7C905F54 
 287      958A6056 
 287      4AC13C4E 
 288 085c 39B2FB7E 		.ascii	"9\262\373~\265\032\037f4\307\037\364\324\250D\247^9"
 288      B51A1F66 
 288      34C71FF4 
 288      D4A844A7 
 288      5E39
ARM GAS  /var/folders/nz/mg232qzd5vg5_0nfk_8jw8mc0000gn/T//ccbTNSrD.s 			page 22


 289 086e 74EACC0C 		.ascii	"t\352\314\014\247N\330\234\252\342\027p\316F\323\232"
 289      A74ED89C 
 289      AAE21770 
 289      CE46D39A 
 290 087e A80893F3 		.ascii	"\250\010\223\363\352\257\377\352\023\304\315\013\012"
 290      EAAFFFEA 
 290      13C4CD0B 
 290      0A
 291 088b 8FF83EE2 		.ascii	"\217\370>\342\233`]\264Q\027\036\022\2513\306\204\352"
 291      9B605DB4 
 291      51171E12 
 291      A933C684 
 291      EA
 292 089c 8CA6C5A1 		.ascii	"\214\246\305\241\234\233\361'\243)bS\230\301\344\272"
 292      9C9BF127 
 292      A3296253 
 292      98C1E4BA 
 293 08ac 2522CA14 		.ascii	"%\"\312\024\360\271\301\2446\030\244\346\006\335\026"
 293      F0B9C1A4 
 293      3618A4E6 
 293      06DD16
 294 08bb 638C2E32 		.ascii	"c\214.2:\024L\2427\233t?\206\206\372\207\304l\362\217"
 294      3A144CA2 
 294      379B743F 
 294      8686FA87 
 294      C46CF28F 
 295 08cf 8A8E0AF3 		.ascii	"\212\216\012\363\017\013\371>\302\177\231\341\217\376"
 295      0F0BF93E 
 295      C27F99E1 
 295      8FFE
 296 08dd 814B027E 		.ascii	"\201K\002~\367\267\245\272\031\035\272\210\250\320\310"
 296      F7B7A5BA 
 296      191DBA88 
 296      A8D0C8
 297 08ec 2D1BC374 		.ascii	"-\033\303t\233BB\303#\242\302t\206\215a?\204l\2114\031"
 297      9B4242C3 
 297      23A2C274 
 297      868D613F 
 297      846C8934 
 298 0901 4C3F6D0E 		.ascii	"L?m\0163.\016\347\326\375\357\334\340\273\316`4m\004"
 298      332E0EE7 
 298      D6FDEFDC 
 298      E0BBCE60 
 298      346D04
 299 0914 6F817081 		.ascii	"o\201p\201b\2161&\031\024\032N\246(\016\2521\232\202"
 299      628E3126 
 299      19141A4E 
 299      A6280EAA 
 299      319A82
 300 0927 4D2131A6 		.ascii	"M!1\246\025\221\300\350N\224\350\315\264\255\206v\230"
 300      1591C0E8 
 300      4E94E8CD 
 300      B4AD8676 
 300      98
 301 0938 496AAE0E 		.ascii	"Ij\256\016\223\021\206\310\310\215\206\010\210\344b"
 301      931186C8 
 301      C88D8608 
ARM GAS  /var/folders/nz/mg232qzd5vg5_0nfk_8jw8mc0000gn/T//ccbTNSrD.s 			page 23


 301      88E462
 302 0947 BB106E8E 		.ascii	"\273\020n\216\2161\031u\301\353\327.\015\324}\365\325"
 302      8E311975 
 302      C1EBD72E 
 302      0DD47DF5 
 302      D5
 303 0958 4ADDFA35 		.ascii	"J\335\3725k\377\036\240c\0060\022\230nZ\032h\200\330"
 303      6BFF1EA0 
 303      63063012 
 303      986E5A1A 
 303      6880D8
 304 096b 8AA1258A 		.ascii	"\212\241%\212\030Z\322\304A\372\000\220@U\360\332 \275"
 304      185AD2C4 
 304      41FA0090 
 304      4055F0DA 
 304      20BD
 305 097d 6AE59A55 		.ascii	"j\345\232Uz>X\217W\255\326;\005\005\255\325\007\320"
 305      7A3E588F 
 305      57ADD63B 
 305      0505ADD5 
 305      07D0
 306 098f FF81AAA0 		.ascii	"\377\201\252\240\240Uz\034\364\365z\274.8\010\257\320"
 306      A0557A1C 
 306      F4F57ABC 
 306      2E3808AF 
 306      D0
 307 09a0 EBB13E08 		.ascii	"\353\261>\010t0\370\363\312\365z\274\222X\256]\241\347"
 307      7430F8F3 
 307      CAF57ABC 
 307      9258AE5D 
 307      A1E7
 308 09b2 BF61564B 		.ascii	"\277aVK\001\377\255>\340#\035\025\335\003_\275\304i"
 308      01FFAD3E 
 308      E0231D15 
 308      DD035FBD 
 308      C469
 309 09c4 1A49680C 		.ascii	"\032Ih\014!d\346\252\320\360\220\030W\203\341\207-Q"
 309      2164E6AA 
 309      D0F09018 
 309      5783E187 
 309      2D51
 310 09d6 A1068387 		.ascii	"\241\006\203\207\324X\374\371\262%\277\237-\303\243"
 310      D458FCF9 
 310      B225BF9F 
 310      2DC3A3
 311 09e5 3733F42C 		.ascii	"73\364,\351K\230h\2564\010X&u\377\350\260\373\017\377"
 311      E94B9868 
 311      AE340858 
 311      2675FFE8 
 311      B0FB0FFF 
 312 09f9 02535006 		.ascii	"\002SP\006\347"
 312      E7
 313              		.text
 314              		.section	.gnu.lto_.symtab.bca08e573bafcdac,"",%progbits
 315 0000 7374496E 		.ascii	"stInit\000\000\000\000\000\000\000\000\000\000\000\000"
 315      69740000 
 315      00000000 
ARM GAS  /var/folders/nz/mg232qzd5vg5_0nfk_8jw8mc0000gn/T//ccbTNSrD.s 			page 24


 315      00000000 
 315      0000
 316 0012 AC000000 		.ascii	"\254\000\000\000stStartAlarm\000\000\000\000\000\000"
 316      73745374 
 316      61727441 
 316      6C61726D 
 316      00000000 
 317 0028 00000000 		.ascii	"\000\000\000\000\000\000\275\000\000\000stStopAlarm"
 317      0000BD00 
 317      00007374 
 317      53746F70 
 317      416C6172 
 318 003d 00000000 		.ascii	"\000\000\000\000\000\000\000\000\000\000\000\000\277"
 318      00000000 
 318      00000000 
 318      BF
 319 004a 00000073 		.ascii	"\000\000\000stSetAlarm\000\000\000\000\000\000\000\000"
 319      74536574 
 319      416C6172 
 319      6D000000 
 319      00000000 
 320 005f 00000000 		.ascii	"\000\000\000\000\301\000\000\000stGetAlarm\000\000\000"
 320      C1000000 
 320      73744765 
 320      74416C61 
 320      726D0000 
 321 0074 00000000 		.ascii	"\000\000\000\000\000\000\000\000\000\304\000\000\000"
 321      00000000 
 321      00C40000 
 321      00
 322 0081 73745F6C 		.ascii	"st_lld_init\000\000\002\000\000\000\000\000\000\000"
 322      6C645F69 
 322      6E697400 
 322      00020000 
 322      00000000 
 323 0096 0000C600 		.ascii	"\000\000\306\000\000\000"
 323      0000
 324              		.text
 325              		.section	.gnu.lto_.opts,"",%progbits
 326 0000 272D666E 		.ascii	"'-fno-trapv' '-mcpu=cortex-m3' '-mno-thumb-interwor"
 326      6F2D7472 
 326      61707627 
 326      20272D6D 
 326      6370753D 
 327 0033 6B272027 		.ascii	"k' '-mthumb' '-ggdb' '-O2' '-fomit-frame-pointer' '"
 327      2D6D7468 
 327      756D6227 
 327      20272D67 
 327      67646227 
 328 0066 2D66616C 		.ascii	"-falign-functions=16' '-ffunction-sections' '-fdata"
 328      69676E2D 
 328      66756E63 
 328      74696F6E 
 328      733D3136 
 329 0099 2D736563 		.ascii	"-sections' '-fno-common' '-flto'\000"
 329      74696F6E 
 329      73272027 
ARM GAS  /var/folders/nz/mg232qzd5vg5_0nfk_8jw8mc0000gn/T//ccbTNSrD.s 			page 25


 329      2D666E6F 
 329      2D636F6D 
 330              		.text
 331              		.comm	__gnu_lto_v1,1,1
 332              		.comm	__gnu_lto_slim,1,1
 333              		.ident	"GCC: (GNU Tools for ARM Embedded Processors) 4.9.3 20150529 (release) [ARM/embedded-4_9-br
ARM GAS  /var/folders/nz/mg232qzd5vg5_0nfk_8jw8mc0000gn/T//ccbTNSrD.s 			page 26


DEFINED SYMBOLS
                            *ABS*:0000000000000000 st.c
                            *COM*:0000000000000001 __gnu_lto_v1
                            *COM*:0000000000000001 __gnu_lto_slim

NO UNDEFINED SYMBOLS
