ARM GAS  /var/folders/nz/mg232qzd5vg5_0nfk_8jw8mc0000gn/T//ccOtgrYV.s 			page 1


   1              		.syntax unified
   2              		.cpu cortex-m3
   3              		.fpu softvfp
   4              		.eabi_attribute 20, 1
   5              		.eabi_attribute 21, 1
   6              		.eabi_attribute 23, 3
   7              		.eabi_attribute 24, 1
   8              		.eabi_attribute 25, 1
   9              		.eabi_attribute 26, 1
  10              		.eabi_attribute 30, 2
  11              		.eabi_attribute 34, 1
  12              		.eabi_attribute 18, 4
  13              		.thumb
  14              		.file	"st_lld.c"
  15              		.text
  16              	.Ltext0:
  17              		.section	.gnu.lto_.profile.a88bdefe84a022f4,"",%progbits
  18 0000 789C6366 		.ascii	"x\234cf```a\200\000F\006K\031\000\001\002\000^"
  18      60606061 
  18      80004606 
  18      4B190001 
  18      02005E
  19              		.text
  20              		.section	.gnu.lto_.jmpfuncs.a88bdefe84a022f4,"",%progbits
  21 0000 789C6366 		.ascii	"x\234cf\300\016L\2414\023\230d\0042\230>21.X=\371\002"
  21      C00E4CA1 
  21      34139864 
  21      0432983E 
  21      32312E58 
  22 0017 C70BA69F 		.ascii	"\307\013\246\237L\014\262\014\214\313\031\245\030@\202"
  22      4C0CB20C 
  22      8CCB19A5 
  22      184082
  23 0026 3716BE99 		.ascii	"7\026\276\231\306\013\026\344``\\\001\024d\000\000R"
  23      C60B16E4 
  23      60605C01 
  23      14640000 
  23      52
  24 0037 CF0D5E   		.ascii	"\317\015^"
  25              		.text
  26              		.section	.gnu.lto_.inline.a88bdefe84a022f4,"",%progbits
  27 0000 789C6366 		.ascii	"x\234cf\300\016\254\2404\023\003\003\217(#\003\023\337"
  27      C00EACA0 
  27      34130303 
  27      8F282303 
  27      13DF
  28 0012 BD0006B6 		.ascii	"\275\000\006\266\005\362L 1F.8\301 \"\003\224\224yp"
  28      05F24C20 
  28      31462E38 
  28      C1202203 
  28      94947970 
  29 0026 8B112ECB 		.ascii	"\213\021.\313\314\003\326\305\000\000\257\256\005`"
  29      CC03D6C5 
  29      0000AFAE 
  29      0560
  30              		.text
  31              		.section	.gnu.lto_.pureconst.a88bdefe84a022f4,"",%progbits
ARM GAS  /var/folders/nz/mg232qzd5vg5_0nfk_8jw8mc0000gn/T//ccOtgrYV.s 			page 2


  32 0000 789C6366 		.ascii	"x\234cf```e\200\000&\006+F)\000\001Y\000`"
  32      60606065 
  32      80002606 
  32      2B462900 
  32      01590060 
  33              		.text
  34              		.section	.gnu.lto_VectorB4.a88bdefe84a022f4,"",%progbits
  35 0000 789C8D94 		.ascii	"x\234\215\224\177lSU\024\307\317\271\367\365\265k\027"
  35      7F6C5355 
  35      14C7CFB9 
  35      F7F5B56B 
  35      17
  36 0011 B3F817D9 		.ascii	"\263\370\027\331\037[\023b\010\011\333\023\370\203?"
  36      1F5B1362 
  36      0809DB13 
  36      F8833F
  37 0020 89993121 		.ascii	"\211\2311!\241!\241\374\217\243\224tI\273\222v[\340"
  37      A121A1FC 
  37      8FA39474 
  37      49BB9276 
  37      5BE0
  38 0032 0FC2ED36 		.ascii	"\017\302\3556\204(\02225n\230)D\346\257\351\020p(E\245"
  38      84281232 
  38      356E9829 
  38      44E6AFE9 
  38      10702845 
  39 0047 029B3860 		.ascii	"\002\2338`\303\010[\0042\206\262\305E\214\335/\267f"
  39      C3085B04 
  39      3286B2C5 
  39      458CDD2F 
  39      B766
  40 0059 6A3DE7B6 		.ascii	"j=\347\266\326\356\015\215M\372\356{\367{\316\271\337"
  40      D6EE0D8D 
  40      4DFAEE7B 
  40      F77BCEB9 
  40      DF
  41 006a 7B3EF73D 		.ascii	"{>\367=\011\313\177\353\351?e\000\244iD\007\2408:\010"
  41      09CB7FEB 
  41      E93F6500 
  41      A4694407 
  41      A0383A08 
  42 007e 90700921 		.ascii	"\220p\011!\223\025\240\334\306\260\005\252T\242\221"
  42      9315A0DC 
  42      C6B005AA 
  42      54A291
  43 008d 9B3610F9 		.ascii	"\2336\020\371\006\020\366\013i\340~\234\024S\002\217"
  43      0610F60B 
  43      69E07E9C 
  43      1453028F 
  44 009d A6BADB3D 		.ascii	"\246\272\333=\253\272\224R\351\351E\343\300\212\214"
  44      ABBA9452 
  44      E9E945E3 
  44      C08A8C
  45 00ac 009811B9 		.ascii	"\000\230\021\271\372\370.\256\002\212\231j\375c\304"
  45      FAF82EAE 
  45      028A996A 
  45      FD63C4
ARM GAS  /var/folders/nz/mg232qzd5vg5_0nfk_8jw8mc0000gn/T//ccOtgrYV.s 			page 3


  46 00bb 63B6524C 		.ascii	"c\266RLYN\303\367\320D\032O=\231R\331\354\333o\375\236"
  46      594EC3F7 
  46      D0441A4F 
  46      3D9952D9 
  46      ECDB6FFD 
  47 00d0 35DC1232 		.ascii	"5\334\0222\002\015\276\000<\244 ^k\\\010\036\345\035"
  47      020DBE00 
  47      3CA4205E 
  47      6B5C081E 
  47      E51D
  48 00e2 BC74EEF4 		.ascii	"\274t\356\364\374e\007\347\315\013I%\017'\347\216<\361"
  48      FC6507E7 
  48      CD0B4925 
  48      0F27E78E 
  48      3CF1
  49 00f4 93C808A1 		.ascii	"\223\310\010\241\016)e\360*\367\037\016}\353\322S\300"
  49      0E2965F0 
  49      2AF71F0E 
  49      7DEBD253 
  49      C0
  50 0105 8FB786B3 		.ascii	"\217\267\206\263\267=\235\370\006f\204\304\367\261\034"
  50      B73D9DF8 
  50      066684C4 
  50      F7B11C
  51 0114 3FC0722D 		.ascii	"?\300r-\364\216t\314\272\253\272U+)\006vc'Nk\277\370"
  51      F48E74CC 
  51      BAABBA55 
  51      2B290676 
  51      63274E6B 
  52 012a 2156C11D 		.ascii	"!V\301\035lYx\341\272\314-d\344\326:62>+\2710\012\300"
  52      6C5978E1 
  52      BACC2D64 
  52      E4D63A36 
  52      323E2BB9 
  53 0141 8FA8CA6D 		.ascii	"\217\250\312ml\375\276\245<\037C\001\211w.\034v\352"
  53      6CFDBEA5 
  53      3C1F4301 
  53      89772E1C 
  53      76EA
  54 0153 00AAD2C3 		.ascii	"\000\252\322\303\313\000{\227\220\254`\353\351\364\374"
  54      CB007B97 
  54      90AC60EB 
  54      E9F4FC
  55 0162 8FDA7A91 		.ascii	"\217\332z\221\253\204R\251\325\377\355\354\324?\316"
  55      AB8452A9 
  55      D5FFEDEC 
  55      D43FCE
  56 0171 3EC6AAE2 		.ascii	">\306\252\342\015\0222<M9\303\330\\\306y3\335\352U)"
  56      0D12323C 
  56      4D39C3D8 
  56      5CC67933 
  56      DDEA5529 
  57 0185 D722DF9F 		.ascii	"\327\"\337\237\357\231\275\341\341 \207\227\037\223"
  57      EF99BDE1 
  57      E1208797 
  57      1F93
  58 0193 6D57DB4D 		.ascii	"mW\333M~4u\217~\276u\242\313\275\362\204R\315\351_\333"
ARM GAS  /var/folders/nz/mg232qzd5vg5_0nfk_8jw8mc0000gn/T//ccOtgrYV.s 			page 4


  58      7E34758F 
  58      7EBE75A2 
  58      CBBDF284 
  58      52CDE95F 
  59 01a8 269E6F6B 		.ascii	"&\236okQ'\3516\273\2612#\234x\006%\321\301\263\344\350"
  59      5127E936 
  59      BBB13223 
  59      9C780625 
  59      D1C1B3E4 
  60 01bd 93FC2668 		.ascii	"\223\374&h\241^\\I\211\017^\236;\213\\\307\351\005<"
  60      A15E5C49 
  60      890F5E9E 
  60      3B8B5CC7 
  60      E9053C
  61 01d0 47EA5D6C 		.ascii	"G\352]l\376\241\343\340D\273\271\204\357X\327\237\253"
  61      FEA1E3E0 
  61      44BBB984 
  61      EF58D79F 
  61      AB
  62 01e1 35DD1981 		.ascii	"5\335\031\201K\311\217\335\037\350[!\001?eM\330\264"
  62      4BC98FDD 
  62      1FE85B21 
  62      013F654D 
  62      D8B4
  63 01f3 7B2F8D9A 		.ascii	"{/\215\232\200\237\261$m\322\350\344 \002\236g\311X"
  63      809FB124 
  63      6DD2E8E4 
  63      20029E67 
  63      C958
  64 0205 2AA5CEEC 		.ascii	"*\245\316\354bs\200I\026\035\366\203\206\027\320$\373"
  64      62738049 
  64      161DF683 
  64      8617D024 
  64      FB
  65 0216 9FF34943 		.ascii	"\237\363ICB\306\015|\264\360\212\254\234\300N\325\356"
  65      42C60D7C 
  65      B4F08AAC 
  65      9CC04ED5 
  65      EE
  66 0227 CD081767 		.ascii	"\315\010\027g\274vw1\3416\250\313\370\005Vj\010\307"
  66      BC767731 
  66      E136A8CB 
  66      F805566A 
  66      08C7
  67 0239 0EBCDE51 		.ascii	"\016\274\336QJ3\370%\032z\247\200\027\221)\017\034<"
  67      4A33F825 
  67      1A7AA780 
  67      1791290F 
  67      1C3C
  68 024b FE9B5139 		.ascii	"\376\233Q9\231\317.\341\330\233\217\372\223%:;\305\331"
  68      99CF2EE1 
  68      D89B8FFA 
  68      93253A3B 
  68      C5D9
  69 025d F8151DE0 		.ascii	"\370\025\035\340{\330r|\324\275t\023}\205\256\230\313"
  69      7BD8727C 
  69      D4BD7413 
ARM GAS  /var/folders/nz/mg232qzd5vg5_0nfk_8jw8mc0000gn/T//ccOtgrYV.s 			page 5


  69      7D85AE98 
  69      CB
  70 026e 6C5ED236 		.ascii	"l^\3226/\243V\336\374\356H\217\330\267Hg\332\225\021"
  70      2FA356DE 
  70      FCEE488F 
  70      D8B74867 
  70      DA9511
  71 0281 EE1982C2 		.ascii	"\356\031\202\3022^\301}\364bx\012\300\2131N\377?\214"
  71      325EC17D 
  71      F462780A 
  71      C08B314E 
  71      FF3F8C
  72 0294 7D1A63E1 		.ascii	"}\032c\341\0109i\252\377\3371\216\027\014\273\354\030"
  72      083969AA 
  72      FFDF318E 
  72      170CBBEC 
  72      18
  73 02a5 5F1C628C 		.ascii	"_\034b\214_\263V\262\014\343\034\231\275\312\222\333"
  73      5FB356B2 
  73      0CE31C99 
  73      BDCA92DB 
  74 02b5 8EB17788 		.ascii	"\216\261w\2100|\303\222\307\206qa\027\233\003\034x<"
  74      307CC392 
  74      C7867161 
  74      179B031C 
  74      783C
  75 02c7 C66BBA3F 		.ascii	"\306k\272?\327\2130\236\374e,i\376M\250_\023\272\241"
  75      D78B309E 
  75      FC652C69 
  75      FE4DA85F 
  75      13BAA1
  76 02da 09D9710C 		.ascii	"\011\331q\014\022\016~\021\015\375\021!0cW\262\310\333"
  76      120E7E11 
  76      0DFD1121 
  76      306357B2 
  76      C8DB
  77 02ec 7A5CAB4B 		.ascii	"z\\\253K)a(\337\347QL\244\262[t$\360\327\010\271\000"
  77      296128DF 
  77      E7514CA4 
  77      B25B7424 
  77      F0D708B9 
  78 0301 D5ADAE09 		.ascii	"\325\255\256\011\325\355\250\333\342\267\242q+T\033"
  78      D5EDA8DB 
  78      E2B7A271 
  78      2B541B
  79 0310 B6764763 		.ascii	"\266vGc\015q\313\277\315\267~\235\265y\363\263\326\266"
  79      0D71CBBF 
  79      CDB77E9D 
  79      B579F3B3 
  79      D6B6
  80 0322 4DBEA6B5 		.ascii	"M\276\246\265V\274a{8\274\263:\000\216\246\332pcpMQ"
  80      56BC617B 
  80      38BCB33A 
  80      008EA6DA 
  80      7063704D 
  81 0337 52201A89 		.ascii	"R \032\211D\353\363y\317l\365\325\370\366X\201P \032"
  81      44EBF379 
ARM GAS  /var/folders/nz/mg232qzd5vg5_0nfk_8jw8mc0000gn/T//ccOtgrYV.s 			page 6


  81      CF6CF5D5 
  81      F8F65881 
  81      50201A
  82 034a 0B6E6FDA 		.ascii	"\013no\332\020\251\016\301\272\345\301\301=\015V\215"
  82      10A90EC1 
  82      BAE5C1C1 
  82      3D0D568D 
  83 035a CFBFC96F 		.ascii	"\317\277\311o\325\325\007\302\215;\203\226\216\017D"
  83      D5D507C2 
  83      8D3B8396 
  83      8E0F44
  84 0369 9E6BAC0F 		.ascii	"\236k\254\017PJ\205\315T4N\227X\203\036m2\315\026j\204"
  84      504A85CD 
  84      54344E97 
  84      58831E6D 
  84      32CD166A 
  85 037e E27BE324 		.ascii	"\342{\343$\227\371\374[\275;j\343\301\335\261\2725\336"
  85      97F9FC5B 
  85      BD3B6AE3 
  85      C1DDB1BA 
  85      35DE
  86 0390 A79E0611 		.ascii	"\247\236\006\021\003g$\030\211\306\366\302_W7\034\256"
  86      03672418 
  86      89C6F6C2 
  86      5F57371C 
  86      AE
  87              		.text
  88              		.section	.gnu.lto_st_lld_init.a88bdefe84a022f4,"",%progbits
  89 0000 789C9D94 		.ascii	"x\234\235\224\313O\023A\030\300\347\233n\267\013\025"
  89      CB4F1341 
  89      18C0E79B 
  89      6EB70B15 
  90 0010 7C9CB489 		.ascii	"|\234\264\211\301\304\003\027\313\372\372\017\364b\002"
  90      C1C40317 
  90      CBFAFA0F 
  90      F46202
  91 001f F10077E3 		.ascii	"\361\000w\343\343\000\011\011F\2107\302TJ\302\201\020"
  91      E3000909 
  91      468837C2 
  91      544AC281 
  91      10
  92 0030 B4C6205A 		.ascii	"\264\306 Z\205\030\024\255<\004A\301\007+>@\224W@J\010"
  92      851814AD 
  92      3C0441C1 
  92      072B3E40 
  92      9457404A 
  93 0045 C2413060 		.ascii	"\302A0`4Y\244HVc\352|\337\226\"x\2216\351L;\337\354"
  93      3459A448 
  93      5663EA7C 
  93      DF962278 
  93      9136E94C 
  94 005c EFF7CDCC 		.ascii	"\357\367\315\3147\353`\377~<\362\233\347dl\277\354\301"
  94      37EB60FF 
  94      7E3CF29B 
  94      E7646CBF 
  94      ECC1
  95 006e C180570D 		.ascii	"\301\200W\0152\346\3238\000\376`\300J8\224\300\002_"
ARM GAS  /var/folders/nz/mg232qzd5vg5_0nfk_8jw8mc0000gn/T//ccOtgrYV.s 			page 7


  95      32E6D338 
  95      00FE60C0 
  95      4A3894C0 
  95      025F
  96 0080 E4506584 		.ascii	"\344Pe\204\252\335\351\365B\010\2635\260\253l\247\305"
  96      AADDE9F5 
  96      4208B335 
  96      B0AB6CA7 
  96      C5
  97 0091 195BE236 		.ascii	"\031[\3426\006\356@:\223s\026\375\277\303n\325/\347"
  97      06EE403A 
  97      937316FD 
  97      BFC36ED5 
  97      2FE7
  98 00a3 6CB363D0 		.ascii	"l\263c\320\000*\310\276y\207!\242\321[\327+\202\316"
  98      002AC8BE 
  98      798721A2 
  98      D15BD72B 
  98      82CE
  99 00b5 ED9C595C 		.ascii	"\355\234Y\\\272d\343\304F\305\206\261Y9\035\235s\234"
  99      BA64E3C4 
  99      46C586B1 
  99      59391D9D 
  99      739C
 100 00c7 63EF9884 		.ascii	"c\357\230\204\236\216\305\261\303\010X\341\350\357\357"
 100      9E8EC5B1 
 100      C30858E1 
 100      E8EFEF
 101 00d6 ABEF4C9A 		.ascii	"\253\357L\232\347\026\347\242\266\\(\250\233\231\035"
 101      E716E7A2 
 101      B65C28A8 
 101      9B991D
 102 00e5 1AD16888 		.ascii	"\032\321h\210\341\337\013\267\353\272\264 \\\003\213"
 102      E1DF0BB7 
 102      EBBAB420 
 102      5C038B
 103 00f4 3BE02E78 		.ascii	";\340.x\340\036x(\360\351g\315\234\333\033\022~\237"
 103      E01E7828 
 103      F0E967CD 
 103      9CDB1B12 
 103      7E9F
 104 0106 66710542 		.ascii	"fq\005B\020\204\357\2249\334\007/\233\204\322\210j{"
 104      1084EF94 
 104      39DC072F 
 104      9B84D288 
 104      6A7B
 105 0118 1CB6AA26 		.ascii	"\034\266\252&<\027q \0278\203F\011\221\311\\\002\234"
 105      3C177120 
 105      17388346 
 105      0991C95C 
 105      029C
 106 012a B2094BD3 		.ascii	"\262\011K\323\232\245\031\274\222\215\224\216\213\343"
 106      9AA519BC 
 106      928D948E 
 106      8BE3
 107 0138 8AAD72CA 		.ascii	"\212\255r\312'V\032\026&(\177\2470\252D\352\272%9\211"
 107      27561A16 
ARM GAS  /var/folders/nz/mg232qzd5vg5_0nfk_8jw8mc0000gn/T//ccOtgrYV.s 			page 8


 107      26287FA7 
 107      30AA44EA 
 107      BA253989 
 108 014c 3910180A 		.ascii	"9\020\030\012\202-S\241E\312\036\304d\345}?\276ik\262"
 108      822D53A1 
 108      45CA1EC4 
 108      64E57D3F 
 108      BE696BB2 
 109 0160 5692E14E 		.ascii	"V\222\341NC\333\372%\305T\343\003_>\023\027\304\036"
 109      43DBFA25 
 109      C554E303 
 109      5F3E1317 
 109      C41E
 110 0172 060F37AC 		.ascii	"\006\0177\254\351\1775\355k\232\016\\\223\212\024\323"
 110      E97F35ED 
 110      6B9A0E5C 
 110      938A14D3 
 111 0182 0CFB5D31 		.ascii	"\014\373]1PE\327re*j\\\242\\l8$\027\021\307\306\243"
 111      5045D772 
 111      652A6A5C 
 111      A25C6C38 
 111      241711C7 
 112 0198 1FDC52E5 		.ascii	"\037\334R\345\023\302H\263\270\006\217\244\356qL\327"
 112      13C248B3 
 112      B8068FA4 
 112      EE714CD7 
 113 01a8 1EBE1A49 		.ascii	"\036\276\032IF\035\240\255\223lTF]\340\225\341\346\220"
 113      461DA0AD 
 113      936C5446 
 113      5DE095E1 
 113      E690
 114 01ba D946E7A2 		.ascii	"\331F\347\242\334Lc\360\304^\204\3312\025\327o\002\376"
 114      DC4C63F0 
 114      C45E84D9 
 114      3215D76F 
 114      02FE
 115 01cc 94E00E84 		.ascii	"\224\340\016\204?#\370\345\366\356\352\255\004\217F"
 115      3F23F8E5 
 115      F6EEEAAD 
 115      048F46
 116 01db E54D781E 		.ascii	"\345Mx\036\243\233\011\321\273\211\256 \335 z|\027\344"
 116      A39B09D1 
 116      BB89AE20 
 116      DD207A7C 
 116      17E4
 117 01ed 18BC58CD 		.ascii	"\030\274X\315\374\343\346\331I\320ClY\037\030\252\216"
 117      FCE3E6D9 
 117      49D0436C 
 117      591F18AA 
 117      8E
 118 01fe 2C97A5E8 		.ascii	",\227\245\350\215\362\200\214}(~\011^\330\353\241\252"
 118      8DF2808C 
 118      7D287E09 
 118      5ED8EBA1 
 118      AA
 119 020f 7B057ADC 		.ascii	"{\005z\334d&`R\3405\231T\204\275\221\334x\332\323\211"
 119      64266052 
ARM GAS  /var/folders/nz/mg232qzd5vg5_0nfk_8jw8mc0000gn/T//ccOtgrYV.s 			page 9


 119      E0359954 
 119      84BD91DC 
 119      78DAD389 
 120 0223 C07A09E6 		.ascii	"\300z\011\346BX\337_03!\330[\202i\010\353\247\375\355"
 120      4258DF5F 
 120      303321D8 
 120      5B826908 
 120      EBA7FDED 
 121 0237 0DCEB72A 		.ascii	"\015\316\267*T\337\300\340\335j\2423\211\260\337\023"
 121      54DFC0E0 
 121      DD6AA233 
 121      89B0DF13 
 122 0247 3B09D903 		.ascii	";\011\331\0032Q\204MA\231\021\030\245\333\202\363o\214"
 122      3251844D 
 122      41991118 
 122      A5DB82F3 
 122      6F8C
 123 0259 5636F1E2 		.ascii	"V6\361\342_\262\304\345\255H^\302\013\001\203P\214\241"
 123      5FB2C4E5 
 123      AD485EC2 
 123      0B018350 
 123      8CA1
 124 026b DA506098 		.ascii	"\332P`\230\316\331\275\233\301\020x\344\320D\335\327"
 124      CED9BD9B 
 124      C11078E4 
 124      D044DDD7 
 125 027b 2B2934A4 		.ascii	"+)4\2441\030\006\217\305\267\260i\360\031#\331\304c"
 125      3118068F 
 125      C5B7B069 
 125      F01923D9 
 125      C463
 126 028d F8EE037C 		.ascii	"\370\356\003|\347\311J\3178\222\233w*\357x\266^P\250"
 126      E7C94ACF 
 126      38929B77 
 126      2AEF78B6 
 126      5E50A8
 127 02a0 E79ECCD7 		.ascii	"\347\236\314\327\317\026\234+*\324\263s\262\016\035"
 127      CF169C2B 
 127      2AD4B373 
 127      B20E1D
 128 02af D433338F 		.ascii	"\32433\217\3529\307\262\316\037\320\013\213N\344\347"
 128      EA39C7B2 
 128      CE1FD00B 
 128      8B4EE4E7 
 129 02bf 9FC938CD 		.ascii	"\237\3118\315\376\000\231\352\3714"
 129      FE0099EA 
 129      F934
 130              		.text
 131              		.section	.gnu.lto_.symbol_nodes.a88bdefe84a022f4,"",%progbits
 132 0000 789C6366 		.ascii	"x\234cf``\310f\200\002\246[\214\365\014\014\023\316"
 132      6060C866 
 132      8002A65B 
 132      8CF50C0C 
 132      13CE
 133 0012 3130D4D7 		.ascii	"10\324\3273\314[\300\301\300t\233\261\236\021Y\200\361"
 133      33CC5BC0 
 133      C1C0749B 
ARM GAS  /var/folders/nz/mg232qzd5vg5_0nfk_8jw8mc0000gn/T//ccOtgrYV.s 			page 10


 133      B19E1159 
 133      80F1
 134 0024 0E633D13 		.ascii	"\016c=\023D\200\241\241\001\310\277\313X\317\214\314"
 134      4480A1A1 
 134      01C8BFCB 
 134      58CF8CCC 
 135 0034 BFC758CF 		.ascii	"\277\307X\317\202\304g\006\302'[M\230\031\230\030\216"
 135      82C46706 
 135      C2275B4D 
 135      98199818 
 135      8E
 136 0045 B4BD9167 		.ascii	"\264\275\221gfdax\322\376F\236\001\000qO\035\352"
 136      66646178 
 136      D2FE469E 
 136      0100714F 
 136      1DEA
 137              		.text
 138              		.section	.gnu.lto_.refs.a88bdefe84a022f4,"",%progbits
 139 0000 789C6366 		.ascii	"x\234cf```d\200\002\000\000=\000\005"
 139      60606064 
 139      80020000 
 139      3D0005
 140              		.text
 141              		.section	.gnu.lto_.decls.a88bdefe84a022f4,"",%progbits
 142 0000 789CB557 		.ascii	"x\234\265WkPTG\026\236\276=\3000\274\\\310&Yk+Q\267"
 142      6B505447 
 142      169EBE3D 
 142      C030BC5C 
 142      C826596B 
 143 0017 964D529A 		.ascii	"\226MR\232\021\315\226\273\277\022\031P\251\210Z\003"
 143      11CD96BB 
 143      BF121950 
 143      A9885A03 
 144 0027 D94A557E 		.ascii	"\331JU~Lp\034\303Tx\030\030\262\372\357\362\010\202"
 144      4C701CC3 
 144      54781818 
 144      B2FAEFF2 
 144      0882
 145 0039 2F101114 		.ascii	"/\020\021\024AQQ\021D@|\241\274|\361\006I\204\3403\240"
 145      41515111 
 145      44407CA1 
 145      BC7CF106 
 145      4984E033 
 146 004e 89022208 		.ascii	"\211\002\"\010\021\037\370`\366t\367\275w.\327!\225"
 146      111FF860 
 146      F674F7BD 
 146      772ED721 
 146      95
 147 005f DAADBDE5 		.ascii	"\332\255\275\345\341\316\351\376\372\353\257O\237\333"
 147      E1CEE9FE 
 147      FAEBAF4F 
 147      9FDB
 148 006d 7DC42A95 		.ascii	"}\304*\225j\011R\251l\360\264\276\241R\275\304*\025"
 148      6A0952A9 
 148      6CF0B4BE 
 148      A152BDC4 
 148      2A15
ARM GAS  /var/folders/nz/mg232qzd5vg5_0nfk_8jw8mc0000gn/T//ccOtgrYV.s 			page 11


 149 007f FC53AD00 		.ascii	"\374S\255\000\203fU\231\212=N`\307\301N\202\235\006"
 149      83665599 
 149      8A3D4E60 
 149      C7C14E82 
 149      9D06
 150 0091 3B0356AB 		.ascii	";\003V\253z\375!\030wa\374L0\014$\010\354\002\374\366"
 150      7AFD2118 
 150      7761FC4C 
 150      300C2408 
 150      EC02FCF6 
 151 00a5 14FA08A7 		.ascii	"\024\372\010\247\033\264M\003\373\003\3301a\256a0\017"
 151      1BB44D03 
 151      FB03D831 
 151      61AE6130 
 151      0F
 152 00b6 81C3071A 		.ascii	"\201\303\007\032\376\010\366\026\330\237\300\336\005"
 152      FE08F616 
 152      D89FC0DE 
 152      05
 153 00c3 9B89D8BC 		.ascii	"\233\211\330\274\177\201\367_\301\376\006\366>bz\224"
 153      7F81F75F 
 153      C1FE06F6 
 153      3E627A94 
 154 00d3 CF49814B 		.ascii	"\317I\201K\324\021\0008\275\240#\030\336\237\"\273\266"
 154      D4110038 
 154      BDA02318 
 154      DE9F22BB 
 154      B6
 155 00e4 1BD0B60C 		.ascii	"\033\320\266\0141]\325`Z\260\217\021\213\313\004\374"
 155      315DD560 
 155      5AB08F11 
 155      8BCB04FC 
 156 00f4 7E08360A 		.ascii	"~\0106\012\366\022\3541\330#\260\027`c`\2340\227\243"
 156      F612EC31 
 156      D823B017 
 156      6063609C 
 156      3097A3
 157 0107 588C72A8 		.ascii	"X\214r\250\362\350X\233[?\207<\2653\210{&\243q\2073"
 157      F2E8589B 
 157      5B3F873C 
 157      B533887B 
 157      26A37187 
 158 011c B8EE5A35 		.ascii	"\270\356Z5qkk\236\325k1\207\310\357\375;nwjg\027\361"
 158      716B6B9E 
 158      D56B3187 
 158      C8EFFD3B 
 158      6E776A67 
 159 0132 3C9FC2D7 		.ascii	"<\237\302\327]Ev\212M)\275MZ\354MA\361\007\317nr\201"
 159      5D45768A 
 159      4D29BD4D 
 159      5AEC4D41 
 159      F107CF6E 
 160 0148 F133B5B4 		.ascii	"\3613\265\264\253g\327x\201+u\311\366yA\023\327x\217"
 160      AB67D778 
 160      812B75C9 
 160      F6794113 
 160      D7788F
ARM GAS  /var/folders/nz/mg232qzd5vg5_0nfk_8jw8mc0000gn/T//ccOtgrYV.s 			page 12


 161 015b DFEF897C 		.ascii	"\337\357\211|\265\005@4R\235Q\377g\236W\243R\244E\305"
 161      B5054034 
 161      529D51FF 
 161      679E57A3 
 161      52A445C5 
 162 016f 08A32234 		.ascii	"\010\243\"4\233\204\232\214&O\012\317'\360\351\211\274"
 162      9B849A8C 
 162      264F0ACF 
 162      27F0E989 
 162      BC
 163 0180 6BA3A70A 		.ascii	"k\243\247\012\035B\323Q!\232\256BG\221/ (\026\035\201"
 163      1D42D351 
 163      219AAE42 
 163      47912F20 
 163      28161D81 
 164 0194 C6126804 		.ascii	"\306\022h\004\342K/k\222\234\220\326\327\361\240r\007"
 164      E24B2F6B 
 164      929C90D6 
 164      D7F1A072 
 164      07
 165 01a5 83A884F1 		.ascii	"\203\250\204\361\304\2147\211\2042\220p\330.\001\024"
 165      C48C3789 
 165      84329070 
 165      D82E0114 
 166 01b5 310DA403 		.ascii	"1\015\244\003Vr\366\305\235N\365[\333a\004\341\236\246"
 166      5672F6C5 
 166      9D4EF55B 
 166      DB6104E1 
 166      9EA6
 167 01c7 462BDE94 		.ascii	"F+\336\224\310U\350\030z\013\376~\241f\001\031\033\316"
 167      C855E818 
 167      7A0BFE7E 
 167      A1660119 
 167      1BCE
 168 01d9 6BE17033 		.ascii	"k\341p3\242\021I\256\314~\3402c7\237_6R\334\367\324"
 168      A21149AE 
 168      CC7EE032 
 168      63379F5F 
 168      3652DCF7 
 169 01ee 75279F9F 		.ascii	"u'\237\237\300O\330l\210\016B\025\322\214*\362\233\315"
 169      C04FD86C 
 169      880E4215 
 169      D28C2AF2 
 169      9BCD
 170 0200 781CCD80 		.ascii	"x\034\315\200\201Wr2\216#\234\300\202\1776}\333mw\312"
 170      81577232 
 170      8E239CC0 
 170      827F367D 
 170      DB6D77CA 
 171 0214 D2BBABC9 		.ascii	"\322\273\253\311\\\227\304\277\264\3310\2438!\2438!"
 171      5C97C4BF 
 171      B4D930A3 
 171      3821A338 
 171      21
 172 0225 529CA414 		.ascii	"R\234\244\024\207\006\317\024\271\342-\214\342bW\241"
 172      8706CF14 
 172      B9E22D8C 
ARM GAS  /var/folders/nz/mg232qzd5vg5_0nfk_8jw8mc0000gn/T//ccOtgrYV.s 			page 13


 172      E26257A1 
 173 0235 0E187AF9 		.ascii	"\016\030z\371\221\246\246A\375\326\304\364\002\276\327"
 173      91A6A641 
 173      FDD6C4F4 
 173      02BED7
 174 0244 667B9791 		.ascii	"f{\227\221\234\222\221\234\022INS\222T\333\360i-ng$"
 174      9C92919C 
 174      12494E53 
 174      9254DBF0 
 174      692D6E67 
 175 0259 05E7BAEF 		.ascii	"\005\347\272\357;Q\226\262\246\215g\270\235\374^\371"
 175      3B5196B2 
 175      A68D67B8 
 175      9DFC5EF9 
 176 0269 6A2A652C 		.ascii	"j*e,\225\"\313\031\312\222RRV\345\252\346X<I\244\240"
 176      9522CB19 
 176      CA925252 
 176      56E5AAE6 
 176      583C49A4 
 177 027e 2DA7E3C8 		.ascii	"-\247\343\310.w\251\355,\242\215%i\217/\272O\031\350"
 177      2E77A9ED 
 177      2CA28D25 
 177      698F2FBA 
 177      4F19E8
 178 0291 6A1AE82A 		.ascii	"j\032\350*$D\372Xg\361n-\3461\325\326Y\033_\350\314"
 178      2444FA58 
 178      67F16E2D 
 178      E631D5D6 
 178      591B5FE8 
 179 02a6 B41D6EFB 		.ascii	"\264\035n\373J&\015\006\241\032\231\264\032QZ-\225V"
 179      4A260D06 
 179      A11A99B4 
 179      1A515A2D 
 179      9556
 180 02b8 3F50B3C5 		.ascii	"?P\263\305\235~\002\2743\341)\253-Nu\245\337\300\227"
 180      9D7E02BC 
 180      33E129AB 
 180      2D4E75A5 
 180      DFC097
 181 02cb C43D5FB9 		.ascii	"\304=_\271>O\215\253\330\034C\347\013\326j!\303\022"
 181      3E4F8DAB 
 181      D81C43E7 
 181      0BD66A21 
 181      C312
 182 02dd 7F5F86C1 		.ascii	"\177_\206\301\210\244\235\266\307\0307\262\3419\343"
 182      88A49DB6 
 182      C71837B2 
 182      E139E3
 183 02ec A587DD70 		.ascii	"\245\207\335p\253\340\354l\270\241\306\035\314)\330"
 183      ABE0EC6C 
 183      B8A1C61D 
 183      CC29D8
 184 02fb 9E75C489 		.ascii	"\236u\304\211N\252\241\337\324\345\3164W\334\305\372"
 184      4EAAA1DF 
 184      D4E5CE34 
 184      57DCC5FA 
 185 030b 0E663E4D 		.ascii	"\016f>M\365\302\327\231\323r\347\331#w\012\234F\334"
ARM GAS  /var/folders/nz/mg232qzd5vg5_0nfk_8jw8mc0000gn/T//ccOtgrYV.s 			page 14


 185      F5C2D799 
 185      D372E7D9 
 185      23770A9C 
 185      46DC
 186 031d F1179DD7 		.ascii	"\361\027\235\3278|\213\3655\377x{\237\023\276\315\234"
 186      387C8BF5 
 186      35FF787B 
 186      9F13BECD 
 186      9C
 187 032e 9D4F5BEB 		.ascii	"\235O[\353\275(\360m\342>\335\225\230\350\205\373X_"
 187      BD28F06D 
 187      E23EDD95 
 187      98E885FB 
 187      585F
 188 0340 FEA15736 		.ascii	"\376\241W6O<\304\034\361\010pgG@\356\271\373\337{\340"
 188      4F3CC41C 
 188      F1087067 
 188      4740EEB9 
 188      FBDF7BE0 
 189 0354 5F59DFA3 		.ascii	"_Y\337\243;\011\023\010?aN\341\235\366\014\017\012|"
 189      3B091308 
 189      3F614EE1 
 189      9DF60C0F 
 189      0A7C
 190 0366 8FB87B32 		.ascii	"\217\270{2\307\365\3709\353:3\272qL\203'\230\323\363"
 190      C7F5F839 
 190      EB3A33BA 
 190      714C8327 
 190      98D3F3
 191 0379 B4E7BC0B 		.ascii	"\264\347\274\013\305\315%\356\366\252\334\014W\026_"
 191      C5CD25EE 
 191      F6AADC0C 
 191      57165F
 192 0388 DABDE568 		.ascii	"\332\275\345h\301#&\014S\326\2757[1\211)/\304\024:d"
 192      C123260C 
 192      53D6BD37 
 192      5B318929 
 192      2FC4143A 
 193 039d 3B7E8D7C 		.ascii	";~\215|\210\350\275\351\350*\213g\336`G\221\227w:\205"
 193      88E8BDE9 
 193      E82A8B67 
 193      DE604791 
 193      97773A85 
 194 03b1 F3FC0C2B 		.ascii	"\363\374\014+\315\235n\2007S\370u\344-\016\"\350\354"
 194      CD9D6E80 
 194      3753F875 
 194      E42D0E22 
 194      E8EC
 195 03c3 AEC21117 		.ascii	"\256\302\021\0279\372\302o\2417de\326\303'\247\2462"
 195      39FAC26F 
 195      A1376465 
 195      D6C327A7 
 195      A632
 196 03d5 BBE2EFFD 		.ascii	"\273\342\357\375\310\341d\346\034\333\177\340$\313\211"
 196      C8E164E6 
 196      1CDB7FE0 
 196      24CB89
ARM GAS  /var/folders/nz/mg232qzd5vg5_0nfk_8jw8mc0000gn/T//ccOtgrYV.s 			page 15


 197 03e4 4FE812BA 		.ascii	"O\350\022\272\277\357r\301\033Y_ey\372\270'\355[B\334"
 197      BFEF72C1 
 197      1B595F65 
 197      79FAB827 
 197      ED5B42DC 
 198 03f8 A6139BEB 		.ascii	"\246\023\233\353\2648\215\365\275*\376\345\031\2073"
 198      B4388DF5 
 198      BD2AFEE5 
 198      198733
 199 0407 99D357F3 		.ascii	"\231\323W\363\200\347(p\005q\177\032\332\334\243\301"
 199      80E72870 
 199      05717F1A 
 199      DADCA3C1 
 200 0417 D99327F0 		.ascii	"\331\223'\360d\023l\330Xns\231:(\367\304\240\274Oc\022"
 200      64136CD8 
 200      586E7399 
 200      3A28F7C4 
 200      A0BC4F63 
 201 042c 9F77A017 		.ascii	"\237w\240\027\013\253\314\027cr\027\320\015\024\335"
 201      0BABCC17 
 201      637217D0 
 201      0D14DD
 202 043b 4757794F 		.ascii	"GWyO\\\345\350\325\244\313nr\364\205\337B\267=)\314"
 202      5CE5E8D5 
 202      A4CB6E72 
 202      F485DF42 
 202      B73D29CC 
 203 044f 73C6794C 		.ascii	"s\306yLeJU\346A\026\206\317\301}\363\306\345\365\245"
 203      654A55E6 
 203      411686CF 
 203      C17DF3C6 
 203      E5F5A5
 204 0462 1E68167B 		.ascii	"\036h\026{|f\311\036\337Y\371|R\342Hs\371\221\005\225"
 204      7C66C91E 
 204      DF59F97C 
 204      52E24873 
 204      F9910595 
 205 0476 C7F8BA24 		.ascii	"\307\370\272$L'\271\003\037\341\257\310\307\376\315"
 205      4C27B903 
 205      1FE1AFC8 
 205      C7FECD
 206 0485 FC4C67FC 		.ascii	"\374Lg\374\000\376\250\010>\377~\211s\343\\\012\275"
 206      00FEA808 
 206      3EFF7E89 
 206      73E35C0A 
 206      BD
 207 0496 AD84F652 		.ascii	"\255\204\366R\350!$a\257K\330\313Jl\207\202\266]\202"
 207      E8212461 
 207      AF4BD8CB 
 207      4A6C8782 
 207      B65D82
 208 04a9 3629A1CD 		.ascii	"6)\241\315\012\350-\011\332\251\204^Q*\270&a\333\225"
 208      0AE82D09 
 208      DAA9845E 
 208      512AB826 
 208      61DB95
 209 04bc D83625F6 		.ascii	"\3306%\366\252\204mu\214\245\022\266\012\211\372\211"
ARM GAS  /var/folders/nz/mg232qzd5vg5_0nfk_8jw8mc0000gn/T//ccOtgrYV.s 			page 16


 209      AA846D75 
 209      8CA512B6 
 209      0A89FA89 
 210 04cc 5585EAA0 		.ascii	"U\205\352\240\377\034\355\"h8V\220\015N\23014\013=\002"
 210      FF1CED22 
 210      68385690 
 210      0D4E9831 
 210      340B3D02 
 211 04e0 7B0EF618 		.ascii	"{\016\366\030l\030\354\005\330(\330\010\330\020\330"
 211      6C18EC05 
 211      D828D808 
 211      D810D8
 212 04ef 53B009B0 		.ascii	"S\260\011\260\207`\317\300^\202\275\002{\002\366\000"
 212      8760CFC0 
 212      5E82BD02 
 212      7B02F600 
 213 04ff 6C108CE7 		.ascii	"l\020\214\347f\241q4\213\236\203T`\213$\360\222R\340"
 213      66A17134 
 213      8B9E8354 
 213      608B24F0 
 213      9252E0
 214 0512 7B8AB534 		.ascii	"{\212\2654K\320\213\016\241\366h\266I\310F%\262A\031"
 214      4BD08B0E 
 214      A1F668B6 
 214      49C84625 
 214      B24119
 215 0525 A10109DB 		.ascii	"\241\001\011\333\343x\357\355\2647$\350\367\216\267"
 215      E378EFED 
 215      B43724E8 
 215      F78EB7
 216 0534 5E46FB93 		.ascii	"^F\373\223\204\355Rb\177\234D\033\237?4\007\220\375"
 216      84ED5262 
 216      7F9C441B 
 216      9F3F3407 
 216      90FD
 217 0546 C81B0D08 		.ascii	"\310\033\015\010H\361\243@\367\025\002Z%\322z\307\353"
 217      48F1A340 
 217      F715025A 
 217      25D27AC7 
 217      EB
 218 0557 B2432F4B 		.ascii	"\262C/K\320\026\307\271'i\215\317\357!\002n\200\200"
 218      D016C7B9 
 218      27698DCF 
 218      EF21026E 
 218      8080
 219 0569 9B02543C 		.ascii	"\233\002T<\251\004\251\262e\365K\264\267\224\264?)\261"
 219      A904A9B2 
 219      65F54BB4 
 219      B794B43F 
 219      29B1
 220 057b 3725EC0F 		.ascii	"7%\354\017\216s\232\252%\325PoS\2113\217\010D%\336\226"
 220      8E739AAA 
 220      25D5506F 
 220      5389338F 
 220      084425DE 
 221 0590 2A29457A 		.ascii	"*)Ez\037\224\264\273\363\002\323/\216?e6+Tc\015#\225"
 221      1F94B4BB 
ARM GAS  /var/folders/nz/mg232qzd5vg5_0nfk_8jw8mc0000gn/T//ccOtgrYV.s 			page 17


 221      F302D32F 
 221      8E3F6536 
 221      2B54630D 
 222 05a6 701BF8F8 		.ascii	"p\033\370\370:\312h\224\300\371\376\337\223\232.g8R"
 222      3ACA6894 
 222      C0F9FEDF 
 222      939A2E67 
 222      3852
 223 05b8 83E2391F 		.ascii	"\203\3429\037t\336^\330\221\265\211\225k\365\236\372"
 223      74DE5ED8 
 223      91B58995 
 223      6BF59EFA 
 224 05c8 5117F70D 		.ascii	"Q\027\367\015\366\202\221\202\355\307l\"\347N\353\004"
 224      F6829182 
 224      EDC76C22 
 224      E74EEB04 
 225 05d8 7803BAB1 		.ascii	"x\003\272\2618\357K\334I\017B\365\317\271e'\275\220"
 225      38EF4BDC 
 225      490F42F5 
 225      CFB96527 
 225      BD90
 226 05ea EFF4E9B4 		.ascii	"\357\364\351\264\216M\341?A)\234\026%qXV]\357\200\366"
 226      8E4DE13F 
 226      41299C16 
 226      25715856 
 226      5DEF80F6 
 227 05fe 671F930E 		.ascii	"g\037\223\016\370\251\241oZ\233\216d\360\370m\025\232"
 227      F8A9A16F 
 227      5A9B8E64 
 227      F0F86D15 
 227      9A
 228 060f 4D4F6FF4 		.ascii	"MOo\364\035\304\202t\251\320zn:J\346\246\313/yOv\311"
 228      1DC48274 
 228      A9D07A6E 
 228      3A4AE6A6 
 228      CB2F794F 
 229 0625 E774DF1D 		.ascii	"\347t\337\035\303\364\330\345\210\273\273?+\307\325"
 229      C3F4D8E5 
 229      88BBBB3F 
 229      2BC7D5
 230 0634 7E80233A 		.ascii	"~\200#:w*\214\336\300\021\325\0339\373\001N\034rA\324"
 230      772A8CDE 
 230      C011D51B 
 230      39FB014E 
 230      1C7241D4 
 231 0648 955C71A1 		.ascii	"\225\\q\241|\377\240\265\300\376\336AD\371\\\210\233"
 231      7CFFA0B5 
 231      C0FEDE41 
 231      44F95C88 
 231      9B
 232 0659 F1DDE9D3 		.ascii	"\361\335\351\323\354\002\243\365OA\301H\226\307\324"
 232      EC02A3F5 
 232      4F41C148 
 232      96C7D4
 233 0668 774F1A27 		.ascii	"wO\032'\334=[\230\326\241\304\301\022g\373\025\313\324"
 233      DC3D5B98 
 233      D6A1C4C1 
ARM GAS  /var/folders/nz/mg232qzd5vg5_0nfk_8jw8mc0000gn/T//ccOtgrYV.s 			page 18


 233      1267FB15 
 233      CBD4
 234 067a 6C02359B 		.ascii	"l\0025\233\251\232t\252\206\016\242\016\271\370v\324"
 234      A99A74AA 
 234      860EA20E 
 234      B9F876D4 
 235 068a 6D504F0A 		.ascii	"mPO\012;)\036\3553l\025\302\276\225\206\275fw\343\204"
 235      3B291EED 
 235      336C15C2 
 235      BE9586BD 
 235      6677E384 
 236 069e 165F6317 		.ascii	"\026_c\027\320\351\301\376\004W\250\361\352\312FnV\024"
 236      D0E9C1FE 
 236      0457A8F1 
 236      EACA466E 
 236      5614
 237 06b0 049C3B90 		.ascii	"\004\234;\220\3147\362uP\345\355\251\233FY28{\235\227"
 237      CC37F275 
 237      50E5EDA9 
 237      9B465932 
 237      387B9D97 
 238 06c4 216C07DA 		.ascii	"!l\007\332\306\221:\357@\177\361C\2147:Q\242_\257\\"
 238      C6913AEF 
 238      407FF143 
 238      8C373A51 
 238      A25FAF5C 
 239 06d8 7DA6A144 		.ascii	"}\246\241DeM-G\261T\226\373S\226L\031K\246\310\262\235"
 239      654D2D47 
 239      B15496FB 
 239      53964C19 
 239      4BA6C8B2 
 240 06ed B2DCEEEC 		.ascii	"\262\334\356\354\352\320\342\\\306RPTtK+\260\244>qW"
 240      EAD0E25C 
 240      C6525054 
 240      744B2BB0 
 240      A43E7157 
 241 0701 B064C958 		.ascii	"\260d\311X\262D\226l\312\362K\347(\257\305\245\214\345"
 241      B244966C 
 241      CAF24BE7 
 241      28AFC5A5 
 241      8CE5
 242 0713 E050553F 		.ascii	"\340PU?[T~j\305*V\334'\246p\254\246\336!#\331!\222\354"
 242      5B547E6A 
 242      C52A56DC 
 242      27A670AC 
 242      A6DE2123 
 243 072b E4A6AAA9 		.ascii	"\344\246\252\251oTL\014{MY>\357\342H\371\234\303\011"
 243      6F544C0C 
 243      7B4D593E 
 243      EFE248F9 
 243      9CC309
 244 073e E5F3446F 		.ascii	"\345\363Do\032\357\212+\231\212\275\003\327\322\264"
 244      1AEF8A2B 
 244      998ABD03 
 244      D7D2B4
 245 074d B8813943 		.ascii	"\270\2019C\015\023\025N@\215\362\350\224\320\222\270"
 245      0D13154E 
ARM GAS  /var/folders/nz/mg232qzd5vg5_0nfk_8jw8mc0000gn/T//ccOtgrYV.s 			page 19


 245      408DF2E8 
 245      94D092B8 
 246 075d AD6E0CB1 		.ascii	"\255n\014\261\310\227\234*\\\264\265\324\036\371t5!"
 246      C8979C2A 
 246      5CB4B5D4 
 246      1EF97435 
 246      21
 247 076e 46B9A252 		.ascii	"F\271\242R\264\033& .\023\273\207\212\265\355\2737\206"
 247      B41B2620 
 247      2E13BB87 
 247      8AB5EDBB 
 247      3786
 248 0780 708A33A5 		.ascii	"p\2123\245\257-n\334\354,nc\325\322\327\2671_\266\352"
 248      AF2D6EDC 
 248      EC2C6E63 
 248      D5D2D7B7 
 248      315FB6EA 
 249 0794 7C91682F 		.ascii	"|\221h/%z\336pn#\207s\031\321\350\276]\245j\026\272"
 249      257ADE70 
 249      6E238773 
 249      19D1E8BE 
 249      5DA56A16 
 250 07a9 DC7265E8 		.ascii	"\334re\350\366\311H\366\211$\373)\311\371\375\335\331"
 250      F6C948F6 
 250      8924FB29 
 250      C9F9FDDD 
 250      D9
 251 07ba 2EB85C20 		.ascii	".\270\\ \271[\332\341!\346\302)e.\024\310X\012D\226"
 251      B95BDAE1 
 251      21E6C229 
 251      652E14C8 
 251      580A4496 
 252 07ce 0394     		.ascii	"\003\224"
 253 07d0 25FB7293 		.ascii	"%\373r\2237\276\310H\362o\376\360\251\3001\360\\\231"
 253      37BEC848 
 253      F26FFEF0 
 253      A9C031F0 
 253      5C99
 254 07e2 0907651C 		.ascii	"\011\007e\034\007E\216C\224cw\307\255\0015\276\306H"
 254      07458E43 
 254      946377C7 
 254      AD0135BE 
 254      C648
 255 07f4 26123B7A 		.ascii	"&\022;z\234\330r*_\313\204B\031I\241Hr\230\305\344\273"
 255      9CD8722A 
 255      5FCB8442 
 255      1949A148 
 255      7298C5E4 
 256 0809 2BC91CFD 		.ascii	"+\311\034\375\276\353\350\011\221\323\336\235\352\204"
 256      BEEBE809 
 256      91D3DE9D 
 256      EA84
 257 0817 EF32D284 		.ascii	"\3572\322\204\216\007?{\341Q\346\360i}I\030\2171'5#"
 257      8E073F7B 
 257      E151E6F0 
 257      697D4918 
 257      8F312735 
ARM GAS  /var/folders/nz/mg232qzd5vg5_0nfk_8jw8mc0000gn/T//ccOtgrYV.s 			page 20


 258 082c B14F83C7 		.ascii	"\261O\203\307\231s\2450=E\203_1g\274\275\357\004\306"
 258      9973A530 
 258      3D45835F 
 258      3167BCBD 
 258      EF04C6
 259 083f C92ED439 		.ascii	"\311.\3249\221\326\267G\215\323\230s\251;y\300\031g"
 259      91D6B747 
 259      8DD39873 
 259      A93B79C0 
 259      1967
 260 0851 31E7DAA1 		.ascii	"1\347\332\241\365\3334x7s\266\036\310L\346\360A\346"
 260      F5DB3478 
 260      3773B61E 
 260      C84CE6F0 
 260      41E6
 261 0863 D4D6B7EF 		.ascii	"\324\326\267\357s\305\305\324qO\333:\226\217\220\217"
 261      73C5C5D4 
 261      714FDB3A 
 261      968F908F 
 262 0873 AC3A945F 		.ascii	"\254:\224_\013EpV\260{\350$\307\356\204:8\023O\301Y"
 262      0B457056 
 262      B07BE824 
 262      C7EE843A 
 262      38134FC1 
 263 0888 7E1AAC06 		.ascii	"~\032\254\006\354,X\025X%\3309\260Z\260j\2603\234\275"
 263      EC2C5815 
 263      5825D839 
 263      B05AB06A 
 263      B0339CBD 
 264 089c 8019E9A9 		.ascii	"\200\031\351\251>\262\340\260\275\326<\002\321:\311"
 264      3EB2E0B0 
 264      BDD63C02 
 264      D13AC9
 265 08ab 4D5D9A3C 		.ascii	"M]\232<\220.\305\022\207H\331\375\371L\202\226+\241"
 265      902EC512 
 265      8748D9FD 
 265      F94C8296 
 265      2BA1
 266 08bd CDCABBF6 		.ascii	"\315\312\273\366\245\204=\241\304\276V\232\014K\330"
 266      A5843DA1 
 266      C4BE569A 
 266      0C4BD8
 267 08cc 5225F6B5 		.ascii	"R%\366\265\352\350\241\204-s\254\301\276\262\027\022"
 267      EAE8A184 
 267      2D73ACC1 
 267      BEB21712 
 268 08dc F4B86309 		.ascii	"\364\270c\011v\350\220\004=\352X\201\035\372\\\202V"
 268      76E89004 
 268      3DEA5881 
 268      1DFA5C82 
 268      56
 269 08ed 28A1F262 		.ascii	"(\241\362b\227^\273\003\264\212\000\214\243*b\274\244"
 269      975EBB03 
 269      B48A008C 
 269      A32A62BC 
 269      A4
 270 08fe 59AA228E 		.ascii	"Y\252\"\2169\246\372@(\"\356\264\237\262y\"_\037Jj\203"
ARM GAS  /var/folders/nz/mg232qzd5vg5_0nfk_8jw8mc0000gn/T//ccOtgrYV.s 			page 21


 270      39A6FA40 
 270      2822EEB4 
 270      9FB27922 
 270      5F1F4A6A 
 271 0913 BBFC0260 		.ascii	"\273\374\002`\213\245\317\200\316@\037G\351\204\316"
 271      8BA5CF80 
 271      CE401F47 
 271      E984CE
 272 0922 4316FDB7 		.ascii	"C\026\375\267\031E\376\353\273\367\336s\315\244[\352"
 272      1945FEEB 
 272      BBF7DE73 
 272      CDA45BEA 
 273 0932 C2A4E2E0 		.ascii	"\302\244\342\340\242pK]\244\267Tv\321\363\001'\334\307"
 273      A2704B5D 
 273      A4B75476 
 273      D1F30127 
 273      DCC7
 274 0944 92BFA1E4 		.ascii	"\222\277\241\344\322u\017\374\204:\352\342\352M\347"
 274      D2750FFC 
 274      843AEAE2 
 274      EA4DE7
 275 0953 5D21F9C5 		.ascii	"]!\371\305\244\317\247*\355\377\337j\020$6\201\304f"
 275      A4CFA72A 
 275      EDFFDF6A 
 275      10243681 
 275      C466
 276 0965 90D0284B 		.ascii	"\220\320(K\352\336\266\303\366`\221\214n\230\"Oi\204"
 276      EADEB6C3 
 276      F660918C 
 276      6E98224F 
 276      6984
 277 0977 9A0F93B0 		.ascii	"\232\017\223\26078\016{\253\214\251\336!\223\030\365"
 277      37380E7B 
 277      AB8CA9DE 
 277      219318F5 
 278 0987 CE2DF71B 		.ascii	"\316-\367\033\334\244\322m\262\\\324\012*\247RLE\264"
 278      DCA4D26D 
 278      B25CD40A 
 278      2AA7524C 
 278      45B4
 279 0999 0769500B 		.ascii	"\007iP\013\000.\331\267\251\201\263\227\\\247j7W\270"
 279      002ED9B7 
 279      A981B397 
 279      5CA76A37 
 279      57B8
 280 09ab 4D8A6ACB 		.ascii	"M\212j\313\244\250\266\011Qm\243Q\335\224\333\235\347"
 280      A4A8B609 
 280      516DA351 
 280      DD94DB9D 
 280      E7
 281 09bc 3E095D3D 		.ascii	">\011]=\251Rh\027\320\344\255\211\263DY\347\3173Z\235"
 281      A9526817 
 281      D0E4AD89 
 281      B34459E7 
 281      CF335A9D 
 282 09d0 172FFB6C 		.ascii	"\027/\373l\206^\2455\032\305\226/tq\2611\272\210hSX"
 282      865EA535 
ARM GAS  /var/folders/nz/mg232qzd5vg5_0nfk_8jw8mc0000gn/T//ccOtgrYV.s 			page 22


 282      1AC5962F 
 282      7471B131 
 282      BA886853 
 283 09e5 842E7A8D 		.ascii	"\204.z\215U\367\225\3114',&rNTt\224y\2169l\245e\316"
 283      55F795C9 
 283      34272C26 
 283      724E5474 
 283      94798E39 
 284 09fd 47C67FCE 		.ascii	"G\306\177\316\2317\327\357\357\337\314\327M\352\320"
 284      9937D7EF 
 284      EFDFCCD7 
 284      4DEAD0
 285 0a0c 59A24C11 		.ascii	"Y\242L\021q\253\314\272\3100S\270%\312\2543\2562\257"
 285      71ABCCBA 
 285      C83053B8 
 285      25CAAC33 
 285      AE32AF
 286 0a1f 0E8B8BB0 		.ascii	"\016\213\213\260\032\255\353\326\230c?\014W\255\370"
 286      1AADEBD6 
 286      98633F0C 
 286      57ADF8
 287 0a2e DFB963D7 		.ascii	"\337\271c\327\305\352\214\261\326U\240\026\0105\377"
 287      C5EA8CB1 
 287      D655A016 
 287      0835FF
 288 0a3d 329BACD1 		.ascii	"2\233\254\3211\376\037}\250\017\267\254\264,\017\321"
 288      31FE1F7D 
 288      A80FB7AC 
 288      B42C0FD1 
 289 0a4d 45C7EAC2 		.ascii	"E\307\352\302\201}Mt\2145V\027\022\032<\177\236n\351"
 289      817D4D74 
 289      8C355617 
 289      121A3C7F 
 289      9E6EE9
 290 0a60 D2005D68 		.ascii	"\322\000]hP\360\267~\272X\2531\"b\325\207&\225\033\373"
 290      50F0B77E 
 290      BA58AB31 
 290      2262D587 
 290      26951BFB 
 291 0a74 65B44459 		.ascii	"e\264DY\254\336F\0026Zb\2761\232\327X\"\242\277\212"
 291      ACDE4602 
 291      365A62BE 
 291      319AD758 
 291      22A2BF8A 
 292 0a88 33CF96B1 		.ascii	"3\317\226\261\231\242##\243\243\004\302\205\206`}\360"
 292      99A22323 
 292      A3A304C2 
 292      8586607D 
 292      F0
 293 0a99 5A9D29DC 		.ascii	"Z\235)\334\024\035c6~\273 \0224x\233\302C\326\305\206"
 293      141D6336 
 293      7EBB2012 
 293      34789BC2 
 293      43D6C586 
 294 0aad 5A22CD31 		.ascii	"Z\"\3151K\302\242VE\230c\202\336\221\215\217\261J\332"
 294      4BC2A256 
 294      45986382 
ARM GAS  /var/folders/nz/mg232qzd5vg5_0nfk_8jw8mc0000gn/T//ccOtgrYV.s 			page 23


 294      DE918D8F 
 294      B14ADA
 295 0ac0 4DE1A01E 		.ascii	"M\341\240\036FL\213\372\326b\012\214\012[\031af\372"
 295      464C8BFA 
 295      D6620A8C 
 295      0A5B1961 
 295      66FA
 296 0ad2 3F70A85E 		.ascii	"?p\250^\230Y\230\223\214\201\261\240<\222l\223%\322"
 296      98599893 
 296      8C81B1A0 
 296      3C926C93 
 296      25D2
 297 0ae4 68C57A83 		.ascii	"h\305z\203\037\330<uH\260\336\240\016\010\0124p!\006"
 297      1FD83C75 
 297      48B0DEA0 
 297      0E080A34 
 297      702106
 298 0af7 1CB8D8E0 		.ascii	"\034\270\330\340\244\327\007\033\374\350\337yj\275>"
 298      A4D7071B 
 298      FCE8DF79 
 298      6ABD3E
 299 0b06 D080F5CB 		.ascii	"\320\200\365\313B\361\212\020=^h0`\203\036|\030\340"
 299      42F18A10 
 299      3D5E6830 
 299      60831E7C 
 299      18E0
 300 0b18 1F106AC0 		.ascii	"\037\020j\300\001dd\360B\003\267\234\215\232\017\370"
 300      016464F0 
 300      4203B79C 
 300      8D9A0FF8 
 301 0b28 CF0D7EBF 		.ascii	"\317\015~\2773\234\202\024\320\2456\205\207\305xG\307"
 301      339C8214 
 301      D0A53685 
 301      87C57847 
 301      C7
 302 0b39 86454030 		.ascii	"\206E@0\226F\233\276^\024\023\035\031\024bxG\301D\020"
 302      96469BBE 
 302      5E14131D 
 302      19146278 
 302      47C14410 
 303 0b4d 2426E44D 		.ascii	"$&\344MBA\203'\303{\323\315\200\024\371\332\270\032"
 303      42418327 
 303      C37BD3CD 
 303      8014F9DA 
 303      B81A
 304 0b5f 5A8C96D8 		.ascii	"Z\214\226\330\030W\251\311\303h\2145[\215\376\013C\002"
 304      1857A9C9 
 304      C3688C35 
 304      5B8DFE0B 
 304      4302
 305 0b71 5718823C 		.ascii	"W\030\202<\302\"\376\035\266.\02661\002\262m\336\353"
 305      C222FE1D 
 305      B62E1636 
 305      3102B26D 
 305      DEEB
 306 0b83 7B665E6B 		.ascii	"{f^k\325\351\203C\202B\354;@\266\315\024\271(.\212\304"
 306      D5E98343 
ARM GAS  /var/folders/nz/mg232qzd5vg5_0nfk_8jw8mc0000gn/T//ccOtgrYV.s 			page 24


 306      8242EC3B 
 306      40B6CD14 
 306      B9282E8A 
 307 0b98 D2878858 		.ascii	"\322\207\210X>y\353\336\020\226\360YT\204L\024U9\251"
 307      3E79EBDE 
 307      1096F059 
 307      54844C14 
 307      5539A9
 308 0bab E90D2A2A 		.ascii	"\351\015**.j\222R7Y\243\233A\2577\206B\342\007\230W"
 308      2E6A9252 
 308      3759A39B 
 308      41AF3786 
 308      42E20798 
 309 0bc0 731064FD 		.ascii	"s\020d\375\242\305\020\366 \203f\341\012\377y\206\220"
 309      A2C510F6 
 309      208366E1 
 309      0AFF7986 
 309      90
 310 0bd1 50FAC38F 		.ascii	"P\372\303\217\374p^\270\304?p\231\301\205t\010o?x\303"
 310      FC705EB8 
 310      C43F7099 
 310      C1857408 
 310      6F3F78C3 
 311 0be5 FE908D0A 		.ascii	"\376\220\215\0121,\370\255\225\205\204\262mY\344\267"
 311      312CF8AD 
 311      958584B2 
 311      6D59E4B7 
 312 0bf5 762DDB90 		.ascii	"v-\333\220\325~s\347\257]\011\313\363\014\360_\034\254"
 312      D57E73E7 
 312      AF5D09CB 
 312      F30CF05F 
 312      1CAC
 313 0c07 FF4C14E1 		.ascii	"\377L\024\341\034\024\240_\036\020\370\037\313\262\202"
 313      1C14A05F 
 313      1E10F81F 
 313      CBB282
 314 0c16 81       		.ascii	"\201"
 315              		.text
 316              		.section	.gnu.lto_.symtab.a88bdefe84a022f4,"",%progbits
 317 0000 56656374 		.ascii	"VectorB4\000\000\000\000\000\000\000\000\000\000\000"
 317      6F724234 
 317      00000000 
 317      00000000 
 317      000000
 318 0013 00B40000 		.ascii	"\000\264\000\000\000st_lld_init\000\000\000\000\000"
 318      0073745F 
 318      6C6C645F 
 318      696E6974 
 318      00000000 
 319 0028 00000000 		.ascii	"\000\000\000\000\000\000\000\266\000\000\000_port_i"
 319      000000B6 
 319      0000005F 
 319      706F7274 
 319      5F69
 320 003a 72715F65 		.ascii	"rq_epilogue\000\000\002\000\000\000\000\000\000\000"
 320      70696C6F 
 320      67756500 
ARM GAS  /var/folders/nz/mg232qzd5vg5_0nfk_8jw8mc0000gn/T//ccOtgrYV.s 			page 25


 320      00020000 
 320      00000000 
 321 004f 0000B800 		.ascii	"\000\000\270\000\000\000chSysTimerHandlerI\000\000\002"
 321      00006368 
 321      53797354 
 321      696D6572 
 321      48616E64 
 322 006a 00000000 		.ascii	"\000\000\000\000\000\000\000\000\000\272\000\000\000"
 322      00000000 
 322      00BA0000 
 322      00
 323 0077 6E766963 		.ascii	"nvicEnableVector\000\000\002\000\000\000\000\000\000"
 323      456E6162 
 323      6C655665 
 323      63746F72 
 323      00000200 
 324 0090 000000BF 		.ascii	"\000\000\000\277\000\000\000"
 324      000000
 325              		.text
 326              		.section	.gnu.lto_.opts,"",%progbits
 327 0000 272D666E 		.ascii	"'-fno-trapv' '-mcpu=cortex-m3' '-mno-thumb-interwor"
 327      6F2D7472 
 327      61707627 
 327      20272D6D 
 327      6370753D 
 328 0033 6B272027 		.ascii	"k' '-mthumb' '-ggdb' '-O2' '-fomit-frame-pointer' '"
 328      2D6D7468 
 328      756D6227 
 328      20272D67 
 328      67646227 
 329 0066 2D66616C 		.ascii	"-falign-functions=16' '-ffunction-sections' '-fdata"
 329      69676E2D 
 329      66756E63 
 329      74696F6E 
 329      733D3136 
 330 0099 2D736563 		.ascii	"-sections' '-fno-common' '-flto'\000"
 330      74696F6E 
 330      73272027 
 330      2D666E6F 
 330      2D636F6D 
 331              		.text
 332              		.comm	__gnu_lto_v1,1,1
 333              		.comm	__gnu_lto_slim,1,1
 334              		.ident	"GCC: (GNU Tools for ARM Embedded Processors) 4.9.3 20150529 (release) [ARM/embedded-4_9-br
ARM GAS  /var/folders/nz/mg232qzd5vg5_0nfk_8jw8mc0000gn/T//ccOtgrYV.s 			page 26


DEFINED SYMBOLS
                            *ABS*:0000000000000000 st_lld.c
                            *COM*:0000000000000001 __gnu_lto_v1
                            *COM*:0000000000000001 __gnu_lto_slim

NO UNDEFINED SYMBOLS
